Wed Jan 05 14:28:03 2022 UTC - Module file name: C:\Program Files (x86)\Steam\gameoverlayrenderer.dll
Wed Jan 05 14:28:03 2022 UTC - GameID = 1819570, OverlayGameID = 1819570
Wed Jan 05 14:28:03 2022 UTC - System page size: 4096
Wed Jan 05 14:28:03 2022 UTC - Hooking SetCursorPos, GetCursorPos, ShowCursor, SetCursor, and GetCursor
Wed Jan 05 14:28:03 2022 UTC - Modules at GameOverlayRenderer.dll attach
Wed Jan 05 14:28:03 2022 UTC - 01: UnityCrashHandler32.exe - (000E0000 to 001EB000)
Wed Jan 05 14:28:03 2022 UTC - 02: ntdll.dll - (77540000 to 776E3000)
Wed Jan 05 14:28:03 2022 UTC - 03: KERNEL32.DLL - (75B00000 to 75BF0000)
Wed Jan 05 14:28:03 2022 UTC - 04: KERNELBASE.dll - (75C20000 to 75E34000)
Wed Jan 05 14:28:03 2022 UTC - 05: apphelp.dll - (724C0000 to 7255F000)
Wed Jan 05 14:28:03 2022 UTC - 06: USER32.dll - (75520000 to 756C0000)
Wed Jan 05 14:28:03 2022 UTC - 07: win32u.dll - (77080000 to 77098000)
Wed Jan 05 14:28:03 2022 UTC - 08: GDI32.dll - (77340000 to 77364000)
Wed Jan 05 14:28:03 2022 UTC - 09: gdi32full.dll - (77450000 to 7752E000)
Wed Jan 05 14:28:03 2022 UTC - 10: msvcp_win.dll - (770A0000 to 7711B000)
Wed Jan 05 14:28:03 2022 UTC - 11: ucrtbase.dll - (75400000 to 75520000)
Wed Jan 05 14:28:03 2022 UTC - 12: SHELL32.dll - (760B0000 to 76666000)
Wed Jan 05 14:28:03 2022 UTC - 13: ole32.dll - (77250000 to 77333000)
Wed Jan 05 14:28:03 2022 UTC - 14: RPCRT4.dll - (76D40000 to 76DFF000)
Wed Jan 05 14:28:03 2022 UTC - 15: combase.dll - (766D0000 to 76951000)
Wed Jan 05 14:28:03 2022 UTC - 16: PSAPI.DLL - (77070000 to 77076000)
Wed Jan 05 14:28:03 2022 UTC - 17: ADVAPI32.dll - (77180000 to 771FA000)
Wed Jan 05 14:28:03 2022 UTC - 18: msvcrt.dll - (76A10000 to 76ACF000)
Wed Jan 05 14:28:03 2022 UTC - 19: sechost.dll - (76E00000 to 76E75000)
Wed Jan 05 14:28:03 2022 UTC - 20: VERSION.dll - (74F00000 to 74F08000)
Wed Jan 05 14:28:03 2022 UTC - 21: WININET.dll - (6FB50000 to 6FFA6000)
Wed Jan 05 14:28:03 2022 UTC - 22: IMM32.DLL - (75BF0000 to 75C15000)
Wed Jan 05 14:28:03 2022 UTC - 23: gameoverlayrenderer.dll - (5C0B0000 to 5C239000)
Wed Jan 05 14:28:03 2022 UTC - 24: OLEAUT32.dll - (76CA0000 to 76D36000)
Wed Jan 05 14:28:03 2022 UTC - 25: WINMM.dll - (6FFB0000 to 6FFD8000)
Wed Jan 05 14:28:03 2022 UTC - ----------------------------
Wed Jan 05 14:28:03 2022 UTC - GameOverlayRenderer.dll detaching
