L 01/09/2022 - 22:26:31: Start of error session.
L 01/09/2022 - 22:26:31: Info (map "zm_toan") (file "addons/amxmodx/logs/error_20220109.log")
L 01/09/2022 - 22:26:31: [FAKEMETA] Invalid entity
L 01/09/2022 - 22:26:31: [AMXX] Run time error 10 (plugin "zp_extra_gungnir.amxx") (native "pev") - debug not enabled!
L 01/09/2022 - 22:26:31: [AMXX] To enable debug mode, add "debug" after the plugin name in plugins.ini (without quotes).
L 01/09/2022 - 22:26:31: [FAKEMETA] Invalid entity
L 01/09/2022 - 22:26:31: [AMXX] Run time error 10 (plugin "zp_extra_gungnir.amxx") (native "pev") - debug not enabled!
L 01/09/2022 - 22:26:31: [AMXX] To enable debug mode, add "debug" after the plugin name in plugins.ini (without quotes).
L 01/09/2022 - 22:26:31: [FAKEMETA] Invalid entity
L 01/09/2022 - 22:26:31: [AMXX] Run time error 10 (plugin "zp_extra_gungnir.amxx") (native "pev") - debug not enabled!
L 01/09/2022 - 22:26:31: [AMXX] To enable debug mode, add "debug" after the plugin name in plugins.ini (without quotes).
L 01/09/2022 - 23:03:28: Start of error session.
L 01/09/2022 - 23:03:28: Info (map "zm_toan") (file "addons/amxmodx/logs/error_20220109.log")
L 01/09/2022 - 23:03:28: [FAKEMETA] Invalid entity
L 01/09/2022 - 23:03:28: [AMXX] Displaying debug trace (plugin "zp_extra_speargun.amxx")
L 01/09/2022 - 23:03:28: [AMXX] Run time error 10: native error (native "set_pdata_int")
L 01/09/2022 - 23:03:28: [AMXX]    [0] zp_extra_speargun.sma::DoneReload (line 275)
L 01/09/2022 - 23:22:43: Start of error session.
L 01/09/2022 - 23:22:43: Info (map "zm_toan") (file "addons/amxmodx/logs/error_20220109.log")
L 01/09/2022 - 23:22:43: [FAKEMETA] Invalid entity
L 01/09/2022 - 23:22:43: [AMXX] Displaying debug trace (plugin "zp_extra_petrolboomer.amxx")
L 01/09/2022 - 23:22:43: [AMXX] Run time error 10: native error (native "set_pdata_int")
L 01/09/2022 - 23:22:43: [AMXX]    [0] zp_extra_petrolboomer.sma::DoneReload (line 230)
L 01/09/2022 - 23:22:43: [FAKEMETA] Invalid entity
L 01/09/2022 - 23:22:43: [AMXX] Displaying debug trace (plugin "zp_extra_speargun.amxx")
L 01/09/2022 - 23:22:43: [AMXX] Run time error 10: native error (native "set_pdata_int")
L 01/09/2022 - 23:22:43: [AMXX]    [0] zp_extra_speargun.sma::DoneReload (line 275)
L 01/09/2022 - 23:22:44: [FAKEMETA] Invalid entity
L 01/09/2022 - 23:22:44: [AMXX] Displaying debug trace (plugin "zp_extra_petrolboomer.amxx")
L 01/09/2022 - 23:22:44: [AMXX] Run time error 10: native error (native "set_pdata_int")
L 01/09/2022 - 23:22:44: [AMXX]    [0] zp_extra_petrolboomer.sma::DoneReload (line 230)
L 01/09/2022 - 23:25:43: Start of error session.
L 01/09/2022 - 23:25:43: Info (map "zm_toan") (file "addons/amxmodx/logs/error_20220109.log")
L 01/09/2022 - 23:25:43: [HAMSANDWICH] Invalid entity 133
L 01/09/2022 - 23:25:43: [AMXX] Run time error 10 (plugin "zp_extra_buffawp.amxx") (native "get_pdata_cbase") - debug not enabled!
L 01/09/2022 - 23:25:43: [AMXX] To enable debug mode, add "debug" after the plugin name in plugins.ini (without quotes).
L 01/09/2022 - 23:41:36: Start of error session.
L 01/09/2022 - 23:41:36: Info (map "zm_toan") (file "addons/amxmodx/logs/error_20220109.log")
L 01/09/2022 - 23:41:36: [FAKEMETA] Invalid entity
L 01/09/2022 - 23:41:36: [AMXX] Displaying debug trace (plugin "zp_extra_speargun.amxx")
L 01/09/2022 - 23:41:36: [AMXX] Run time error 10: native error (native "set_pdata_int")
L 01/09/2022 - 23:41:36: [AMXX]    [0] zp_extra_speargun.sma::DoneReload (line 275)
L 01/09/2022 - 23:41:38: [FAKEMETA] Invalid entity
L 01/09/2022 - 23:41:38: [AMXX] Displaying debug trace (plugin "zp_extra_petrolboomer.amxx")
L 01/09/2022 - 23:41:38: [AMXX] Run time error 10: native error (native "set_pdata_int")
L 01/09/2022 - 23:41:38: [AMXX]    [0] zp_extra_petrolboomer.sma::DoneReload (line 230)
L 01/09/2022 - 23:51:27: Start of error session.
L 01/09/2022 - 23:51:27: Info (map "zm_toan") (file "addons/amxmodx/logs/error_20220109.log")
L 01/09/2022 - 23:51:27: [FAKEMETA] Invalid entity
L 01/09/2022 - 23:51:27: [AMXX] Displaying debug trace (plugin "zp_extra_speargun.amxx")
L 01/09/2022 - 23:51:27: [AMXX] Run time error 10: native error (native "set_pdata_int")
L 01/09/2022 - 23:51:27: [AMXX]    [0] zp_extra_speargun.sma::DoneReload (line 275)
