L 08/30/2021 - 21:03:34: Start of error session.
L 08/30/2021 - 21:03:34: Info (map "zm_toan") (file "addons/amxmodx/logs/error_20210830.log")
L 08/30/2021 - 21:03:34: [FAKEMETA] Invalid entity
L 08/30/2021 - 21:03:34: [AMXX] Displaying debug trace (plugin "zp_addon_npc_round.amxx")
L 08/30/2021 - 21:03:34: [AMXX] Run time error 10: native error (native "pev")
L 08/30/2021 - 21:03:34: [AMXX]    [0] zp_addon_npc_round.sma::fw_TraceAttack (line 133)
L 08/30/2021 - 21:03:34: [FAKEMETA] Invalid entity
L 08/30/2021 - 21:03:34: [AMXX] Displaying debug trace (plugin "zp_addon_npc_round.amxx")
L 08/30/2021 - 21:03:34: [AMXX] Run time error 10: native error (native "pev")
L 08/30/2021 - 21:03:34: [AMXX]    [0] zp_addon_npc_round.sma::fw_TraceAttack (line 133)
L 08/30/2021 - 21:03:34: [FAKEMETA] Invalid entity
L 08/30/2021 - 21:03:34: [AMXX] Displaying debug trace (plugin "zp_addon_npc_round.amxx")
L 08/30/2021 - 21:03:34: [AMXX] Run time error 10: native error (native "pev")
L 08/30/2021 - 21:03:34: [AMXX]    [0] zp_addon_npc_round.sma::fw_TraceAttack (line 133)
L 08/30/2021 - 21:03:34: [FAKEMETA] Invalid entity
L 08/30/2021 - 21:03:34: [AMXX] Displaying debug trace (plugin "zp_addon_npc_round.amxx")
L 08/30/2021 - 21:03:34: [AMXX] Run time error 10: native error (native "pev")
L 08/30/2021 - 21:03:34: [AMXX]    [0] zp_addon_npc_round.sma::fw_TraceAttack (line 133)
L 08/30/2021 - 21:03:34: [FAKEMETA] Invalid entity
L 08/30/2021 - 21:03:34: [AMXX] Displaying debug trace (plugin "zp_addon_npc_round.amxx")
L 08/30/2021 - 21:03:34: [AMXX] Run time error 10: native error (native "pev")
L 08/30/2021 - 21:03:34: [AMXX]    [0] zp_addon_npc_round.sma::fw_TraceAttack (line 133)
L 08/30/2021 - 21:03:34: [FAKEMETA] Invalid entity
L 08/30/2021 - 21:03:34: [AMXX] Displaying debug trace (plugin "zp_addon_npc_round.amxx")
L 08/30/2021 - 21:03:34: [AMXX] Run time error 10: native error (native "pev")
L 08/30/2021 - 21:03:34: [AMXX]    [0] zp_addon_npc_round.sma::fw_TraceAttack (line 133)
L 08/30/2021 - 21:03:34: [FAKEMETA] Invalid entity
L 08/30/2021 - 21:03:34: [AMXX] Displaying debug trace (plugin "zp_addon_npc_round.amxx")
L 08/30/2021 - 21:03:34: [AMXX] Run time error 10: native error (native "pev")
L 08/30/2021 - 21:03:34: [AMXX]    [0] zp_addon_npc_round.sma::fw_TraceAttack (line 133)
L 08/30/2021 - 21:03:34: [FAKEMETA] Invalid entity
L 08/30/2021 - 21:03:34: [AMXX] Displaying debug trace (plugin "zp_addon_npc_round.amxx")
L 08/30/2021 - 21:03:34: [AMXX] Run time error 10: native error (native "pev")
L 08/30/2021 - 21:03:34: [AMXX]    [0] zp_addon_npc_round.sma::fw_TraceAttack (line 133)
L 08/30/2021 - 21:03:35: [FAKEMETA] Invalid entity
L 08/30/2021 - 21:03:35: [AMXX] Displaying debug trace (plugin "zp_addon_npc_round.amxx")
L 08/30/2021 - 21:03:35: [AMXX] Run time error 10: native error (native "pev")
L 08/30/2021 - 21:03:35: [AMXX]    [0] zp_addon_npc_round.sma::fw_TraceAttack (line 133)
L 08/30/2021 - 21:03:35: [FAKEMETA] Invalid entity
L 08/30/2021 - 21:03:35: [AMXX] Displaying debug trace (plugin "zp_addon_npc_round.amxx")
L 08/30/2021 - 21:03:35: [AMXX] Run time error 10: native error (native "pev")
L 08/30/2021 - 21:03:35: [AMXX]    [0] zp_addon_npc_round.sma::fw_TraceAttack (line 133)
