L 09/01/2021 - 16:00:21: Start of error session.
L 09/01/2021 - 16:00:21: Info (map "zm_toan") (file "addons/amxmodx/logs/error_20210901.log")
L 09/01/2021 - 16:00:21: [FAKEMETA] Invalid entity
L 09/01/2021 - 16:00:21: [AMXX] Run time error 10 (plugin "zp_zclass_stamper.amxx") (native "pev") - debug not enabled!
L 09/01/2021 - 16:00:21: [AMXX] To enable debug mode, add "debug" after the plugin name in plugins.ini (without quotes).
L 09/01/2021 - 16:42:35: [FAKEMETA] Invalid entity
L 09/01/2021 - 16:42:35: [AMXX] Displaying debug trace (plugin "zp_extra_speargun.amxx")
L 09/01/2021 - 16:42:35: [AMXX] Run time error 10: native error (native "set_pdata_int")
L 09/01/2021 - 16:42:35: [AMXX]    [0] zp_extra_speargun.sma::DoneReload (line 275)
L 09/01/2021 - 19:31:36: Start of error session.
L 09/01/2021 - 19:31:36: Info (map "zm_toan") (file "addons/amxmodx/logs/error_20210901.log")
L 09/01/2021 - 19:31:36: [FAKEMETA] Invalid entity
L 09/01/2021 - 19:31:36: [AMXX] Displaying debug trace (plugin "zp_extra_speargun.amxx")
L 09/01/2021 - 19:31:36: [AMXX] Run time error 10: native error (native "set_pdata_int")
L 09/01/2021 - 19:31:36: [AMXX]    [0] zp_extra_speargun.sma::DoneReload (line 275)
L 09/01/2021 - 19:58:31: [FAKEMETA] Invalid entity
L 09/01/2021 - 19:58:31: [AMXX] Displaying debug trace (plugin "zp_extra_speargun.amxx")
L 09/01/2021 - 19:58:31: [AMXX] Run time error 10: native error (native "set_pdata_int")
L 09/01/2021 - 19:58:31: [AMXX]    [0] zp_extra_speargun.sma::DoneReload (line 275)
L 09/01/2021 - 20:05:08: [FAKEMETA] Invalid entity
L 09/01/2021 - 20:05:08: [AMXX] Displaying debug trace (plugin "zp_extra_petrolboomer.amxx")
L 09/01/2021 - 20:05:08: [AMXX] Run time error 10: native error (native "set_pdata_int")
L 09/01/2021 - 20:05:08: [AMXX]    [0] zp_extra_petrolboomer.sma::DoneReload (line 231)
L 09/01/2021 - 20:13:17: [FAKEMETA] Invalid entity
L 09/01/2021 - 20:13:17: [AMXX] Displaying debug trace (plugin "zp_extra_speargun.amxx")
L 09/01/2021 - 20:13:17: [AMXX] Run time error 10: native error (native "set_pdata_int")
L 09/01/2021 - 20:13:17: [AMXX]    [0] zp_extra_speargun.sma::DoneReload (line 275)
L 09/01/2021 - 20:18:45: [FAKEMETA] Invalid entity
L 09/01/2021 - 20:18:45: [AMXX] Displaying debug trace (plugin "zp_extra_petrolboomer.amxx")
L 09/01/2021 - 20:18:45: [AMXX] Run time error 10: native error (native "set_pdata_int")
L 09/01/2021 - 20:18:45: [AMXX]    [0] zp_extra_petrolboomer.sma::DoneReload (line 231)
L 09/01/2021 - 21:08:03: Start of error session.
L 09/01/2021 - 21:08:03: Info (map "zm_toan") (file "addons/amxmodx/logs/error_20210901.log")
L 09/01/2021 - 21:08:03: Function is not present (function "SmokeExplode") (plugin "zp_zclass_spitter.amxx")
L 09/01/2021 - 21:08:03: [AMXX] Run time error 10 (plugin "zp_zclass_spitter.amxx") (native "set_task") - debug not enabled!
L 09/01/2021 - 21:08:03: [AMXX] To enable debug mode, add "debug" after the plugin name in plugins.ini (without quotes).
L 09/01/2021 - 22:40:52: Start of error session.
L 09/01/2021 - 22:40:52: Info (map "zm_toan") (file "addons/amxmodx/logs/error_20210901.log")
L 09/01/2021 - 22:40:52: Function is not present (function "Remove_Entity") (plugin "zp_zclass_spitter.amxx")
L 09/01/2021 - 22:40:52: [AMXX] Run time error 10 (plugin "zp_zclass_spitter.amxx") (native "set_task") - debug not enabled!
L 09/01/2021 - 22:40:52: [AMXX] To enable debug mode, add "debug" after the plugin name in plugins.ini (without quotes).
L 09/01/2021 - 22:40:55: Function is not present (function "Remove_Entity") (plugin "zp_zclass_spitter.amxx")
L 09/01/2021 - 22:40:55: [AMXX] Run time error 10 (plugin "zp_zclass_spitter.amxx") (native "set_task") - debug not enabled!
L 09/01/2021 - 22:40:55: [AMXX] To enable debug mode, add "debug" after the plugin name in plugins.ini (without quotes).
L 09/01/2021 - 22:40:58: Function is not present (function "Remove_Entity") (plugin "zp_zclass_spitter.amxx")
L 09/01/2021 - 22:40:58: [AMXX] Run time error 10 (plugin "zp_zclass_spitter.amxx") (native "set_task") - debug not enabled!
L 09/01/2021 - 22:40:58: [AMXX] To enable debug mode, add "debug" after the plugin name in plugins.ini (without quotes).
L 09/01/2021 - 22:40:59: Function is not present (function "Remove_Entity") (plugin "zp_zclass_spitter.amxx")
L 09/01/2021 - 22:40:59: [AMXX] Run time error 10 (plugin "zp_zclass_spitter.amxx") (native "set_task") - debug not enabled!
L 09/01/2021 - 22:40:59: [AMXX] To enable debug mode, add "debug" after the plugin name in plugins.ini (without quotes).
L 09/01/2021 - 22:41:01: Function is not present (function "Remove_Entity") (plugin "zp_zclass_spitter.amxx")
L 09/01/2021 - 22:41:01: [AMXX] Run time error 10 (plugin "zp_zclass_spitter.amxx") (native "set_task") - debug not enabled!
L 09/01/2021 - 22:41:01: [AMXX] To enable debug mode, add "debug" after the plugin name in plugins.ini (without quotes).
L 09/01/2021 - 22:41:02: Function is not present (function "Remove_Entity") (plugin "zp_zclass_spitter.amxx")
L 09/01/2021 - 22:41:02: [AMXX] Run time error 10 (plugin "zp_zclass_spitter.amxx") (native "set_task") - debug not enabled!
L 09/01/2021 - 22:41:02: [AMXX] To enable debug mode, add "debug" after the plugin name in plugins.ini (without quotes).
