L 04/16/2020 - 12:23:35: Start of error session.
L 04/16/2020 - 12:23:35: Info (map "zm_toan") (file "addons/amxmodx/logs/error_20200416.log")
L 04/16/2020 - 12:23:35: Function "Start_Boss" was not found
L 04/16/2020 - 12:23:35: [AMXX] Displaying debug trace (plugin "zp_addon_npc_Angra.amxx")
L 04/16/2020 - 12:23:35: [AMXX] Run time error 19: function not found 
L 04/16/2020 - 12:23:35: [AMXX]    [0] zp_addon_npc_Angra.sma::plugin_init (line 181)
L 04/16/2020 - 12:24:54: Start of error session.
L 04/16/2020 - 12:24:54: Info (map "zm_toan") (file "addons/amxmodx/logs/error_20200416.log")
L 04/16/2020 - 12:24:54: Function "Start_Boss" was not found
L 04/16/2020 - 12:24:54: [AMXX] Displaying debug trace (plugin "zp_addon_npc_Angra.amxx")
L 04/16/2020 - 12:24:54: [AMXX] Run time error 19: function not found 
L 04/16/2020 - 12:24:54: [AMXX]    [0] zp_addon_npc_Angra.sma::plugin_init (line 181)
L 04/16/2020 - 16:10:05: Start of error session.
L 04/16/2020 - 16:10:05: Info (map "zm_toan") (file "addons/amxmodx/logs/error_20200416.log")
L 04/16/2020 - 16:10:05: [FAKEMETA] Invalid return type
L 04/16/2020 - 16:10:05: [AMXX] Displaying debug trace (plugin "zp_addon_npc_Angra.amxx")
L 04/16/2020 - 16:10:05: [AMXX] Run time error 10: native error (native "pev")
L 04/16/2020 - 16:10:05: [AMXX]    [0] zp_addon_npc_Angra.sma::Create_Poison1 (line 865)
L 04/16/2020 - 16:10:06: [FAKEMETA] Invalid return type
L 04/16/2020 - 16:10:06: [AMXX] Displaying debug trace (plugin "zp_addon_npc_Angra.amxx")
L 04/16/2020 - 16:10:06: [AMXX] Run time error 10: native error (native "pev")
L 04/16/2020 - 16:10:06: [AMXX]    [0] zp_addon_npc_Angra.sma::Create_Poison1 (line 865)
L 04/16/2020 - 16:10:06: [FAKEMETA] Invalid return type
L 04/16/2020 - 16:10:06: [AMXX] Displaying debug trace (plugin "zp_addon_npc_Angra.amxx")
L 04/16/2020 - 16:10:06: [AMXX] Run time error 10: native error (native "pev")
L 04/16/2020 - 16:10:06: [AMXX]    [0] zp_addon_npc_Angra.sma::Create_Poison1 (line 865)
L 04/16/2020 - 16:10:06: [FAKEMETA] Invalid return type
L 04/16/2020 - 16:10:06: [AMXX] Displaying debug trace (plugin "zp_addon_npc_Angra.amxx")
L 04/16/2020 - 16:10:06: [AMXX] Run time error 10: native error (native "pev")
L 04/16/2020 - 16:10:06: [AMXX]    [0] zp_addon_npc_Angra.sma::Create_Poison1 (line 865)
L 04/16/2020 - 16:10:06: [FAKEMETA] Invalid return type
L 04/16/2020 - 16:10:06: [AMXX] Displaying debug trace (plugin "zp_addon_npc_Angra.amxx")
L 04/16/2020 - 16:10:06: [AMXX] Run time error 10: native error (native "pev")
L 04/16/2020 - 16:10:06: [AMXX]    [0] zp_addon_npc_Angra.sma::Create_Poison1 (line 865)
L 04/16/2020 - 16:10:06: [FAKEMETA] Invalid return type
L 04/16/2020 - 16:10:06: [AMXX] Displaying debug trace (plugin "zp_addon_npc_Angra.amxx")
L 04/16/2020 - 16:10:06: [AMXX] Run time error 10: native error (native "pev")
L 04/16/2020 - 16:10:06: [AMXX]    [0] zp_addon_npc_Angra.sma::Create_Poison1 (line 865)
L 04/16/2020 - 16:10:06: [FAKEMETA] Invalid return type
L 04/16/2020 - 16:10:06: [AMXX] Displaying debug trace (plugin "zp_addon_npc_Angra.amxx")
L 04/16/2020 - 16:10:06: [AMXX] Run time error 10: native error (native "pev")
L 04/16/2020 - 16:10:06: [AMXX]    [0] zp_addon_npc_Angra.sma::Create_Poison1 (line 865)
L 04/16/2020 - 16:10:06: [FAKEMETA] Invalid return type
L 04/16/2020 - 16:10:06: [AMXX] Displaying debug trace (plugin "zp_addon_npc_Angra.amxx")
L 04/16/2020 - 16:10:06: [AMXX] Run time error 10: native error (native "pev")
L 04/16/2020 - 16:10:06: [AMXX]    [0] zp_addon_npc_Angra.sma::Create_Poison1 (line 865)
L 04/16/2020 - 16:10:06: [FAKEMETA] Invalid return type
L 04/16/2020 - 16:10:06: [AMXX] Displaying debug trace (plugin "zp_addon_npc_Angra.amxx")
L 04/16/2020 - 16:10:06: [AMXX] Run time error 10: native error (native "pev")
L 04/16/2020 - 16:10:06: [AMXX]    [0] zp_addon_npc_Angra.sma::Create_Poison1 (line 865)
L 04/16/2020 - 16:10:07: [FAKEMETA] Invalid return type
L 04/16/2020 - 16:10:07: [AMXX] Displaying debug trace (plugin "zp_addon_npc_Angra.amxx")
L 04/16/2020 - 16:10:07: [AMXX] Run time error 10: native error (native "pev")
L 04/16/2020 - 16:10:07: [AMXX]    [0] zp_addon_npc_Angra.sma::Create_Poison1 (line 865)
L 04/16/2020 - 16:10:07: [FAKEMETA] Invalid return type
L 04/16/2020 - 16:10:07: [AMXX] Displaying debug trace (plugin "zp_addon_npc_Angra.amxx")
L 04/16/2020 - 16:10:07: [AMXX] Run time error 10: native error (native "pev")
L 04/16/2020 - 16:10:07: [AMXX]    [0] zp_addon_npc_Angra.sma::Create_Poison1 (line 865)
L 04/16/2020 - 16:10:07: [FAKEMETA] Invalid return type
L 04/16/2020 - 16:10:07: [AMXX] Displaying debug trace (plugin "zp_addon_npc_Angra.amxx")
L 04/16/2020 - 16:10:07: [AMXX] Run time error 10: native error (native "pev")
L 04/16/2020 - 16:10:07: [AMXX]    [0] zp_addon_npc_Angra.sma::Create_Poison1 (line 865)
L 04/16/2020 - 16:10:07: [FAKEMETA] Invalid return type
L 04/16/2020 - 16:10:07: [AMXX] Displaying debug trace (plugin "zp_addon_npc_Angra.amxx")
L 04/16/2020 - 16:10:07: [AMXX] Run time error 10: native error (native "pev")
L 04/16/2020 - 16:10:07: [AMXX]    [0] zp_addon_npc_Angra.sma::Create_Poison1 (line 865)
L 04/16/2020 - 16:10:07: [FAKEMETA] Invalid return type
L 04/16/2020 - 16:10:07: [AMXX] Displaying debug trace (plugin "zp_addon_npc_Angra.amxx")
L 04/16/2020 - 16:10:07: [AMXX] Run time error 10: native error (native "pev")
L 04/16/2020 - 16:10:07: [AMXX]    [0] zp_addon_npc_Angra.sma::Create_Poison1 (line 865)
L 04/16/2020 - 16:10:07: [FAKEMETA] Invalid return type
L 04/16/2020 - 16:10:07: [AMXX] Displaying debug trace (plugin "zp_addon_npc_Angra.amxx")
L 04/16/2020 - 16:10:07: [AMXX] Run time error 10: native error (native "pev")
L 04/16/2020 - 16:10:07: [AMXX]    [0] zp_addon_npc_Angra.sma::Create_Poison1 (line 865)
L 04/16/2020 - 16:10:07: [FAKEMETA] Invalid return type
L 04/16/2020 - 16:10:07: [AMXX] Displaying debug trace (plugin "zp_addon_npc_Angra.amxx")
L 04/16/2020 - 16:10:07: [AMXX] Run time error 10: native error (native "pev")
L 04/16/2020 - 16:10:07: [AMXX]    [0] zp_addon_npc_Angra.sma::Create_Poison1 (line 865)
L 04/16/2020 - 19:42:23: Start of error session.
L 04/16/2020 - 19:42:23: Info (map "zm_toan") (file "addons/amxmodx/logs/error_20200416.log")
L 04/16/2020 - 19:42:23: Function "Event_NewRound" was not found
L 04/16/2020 - 19:42:23: [AMXX] Displaying debug trace (plugin "zp_addon_npc_Angra.amxx")
L 04/16/2020 - 19:42:23: [AMXX] Run time error 19: function not found 
L 04/16/2020 - 19:42:23: [AMXX]    [0] zp_addon_npc_Angra.sma::plugin_init (line 175)
L 04/16/2020 - 20:49:35: Start of error session.
L 04/16/2020 - 20:49:35: Info (map "zm_toan") (file "addons/amxmodx/logs/error_20200416.log")
L 04/16/2020 - 20:49:35: Function is not present (function "Create_Tentacle1") (plugin "zp_addon_npc_Angra.amxx")
L 04/16/2020 - 20:49:35: [AMXX] Displaying debug trace (plugin "zp_addon_npc_Angra.amxx")
L 04/16/2020 - 20:49:35: [AMXX] Run time error 10: native error (native "set_task")
L 04/16/2020 - 20:49:35: [AMXX]    [0] zp_addon_npc_Angra.sma::Do_Tentacle_Now (line 764)
L 04/16/2020 - 21:32:24: Start of error session.
L 04/16/2020 - 21:32:24: Info (map "zm_toan") (file "addons/amxmodx/logs/error_20200416.log")
L 04/16/2020 - 21:32:24: Function is not present (function "Angra_Create_Poison2") (plugin "zp_addon_npc_Angra.amxx")
L 04/16/2020 - 21:32:24: [AMXX] Displaying debug trace (plugin "zp_addon_npc_Angra.amxx")
L 04/16/2020 - 21:32:24: [AMXX] Run time error 10: native error (native "set_task")
L 04/16/2020 - 21:32:24: [AMXX]    [0] zp_addon_npc_Angra.sma::Checking_Poison (line 978)
L 04/16/2020 - 21:37:22: Function is not present (function "Angra_Stop_Poison") (plugin "zp_addon_npc_Angra.amxx")
L 04/16/2020 - 21:37:22: [AMXX] Displaying debug trace (plugin "zp_addon_npc_Angra.amxx")
L 04/16/2020 - 21:37:22: [AMXX] Run time error 10: native error (native "set_task")
L 04/16/2020 - 21:37:22: [AMXX]    [0] zp_addon_npc_Angra.sma::Checking_Poison (line 970)
L 04/16/2020 - 21:42:18: Function is not present (function "Angra_Stop_Poison") (plugin "zp_addon_npc_Angra.amxx")
L 04/16/2020 - 21:42:18: [AMXX] Displaying debug trace (plugin "zp_addon_npc_Angra.amxx")
L 04/16/2020 - 21:42:18: [AMXX] Run time error 10: native error (native "set_task")
L 04/16/2020 - 21:42:18: [AMXX]    [0] zp_addon_npc_Angra.sma::Checking_Poison (line 970)
L 04/16/2020 - 23:20:47: Start of error session.
L 04/16/2020 - 23:20:47: Info (map "zm_toan") (file "addons/amxmodx/logs/error_20200416.log")
L 04/16/2020 - 23:20:47: Function is not present (function "Angra_Create_Poison1_2") (plugin "zp_addon_npc_Angra.amxx")
L 04/16/2020 - 23:20:47: [AMXX] Displaying debug trace (plugin "zp_addon_npc_Angra.amxx")
L 04/16/2020 - 23:20:47: [AMXX] Run time error 10: native error (native "set_task")
L 04/16/2020 - 23:20:47: [AMXX]    [0] zp_addon_npc_Angra.sma::Checking_Poison2 (line 1166)
L 04/16/2020 - 23:21:08: Function is not present (function "Angra_Create_Poison1_2") (plugin "zp_addon_npc_Angra.amxx")
L 04/16/2020 - 23:21:08: [AMXX] Displaying debug trace (plugin "zp_addon_npc_Angra.amxx")
L 04/16/2020 - 23:21:08: [AMXX] Run time error 10: native error (native "set_task")
L 04/16/2020 - 23:21:08: [AMXX]    [0] zp_addon_npc_Angra.sma::Checking_Poison2 (line 1166)
