L 04/20/2020 - 13:22:20: Start of error session.
L 04/20/2020 - 13:22:20: Info (map "zm_toan") (file "addons/amxmodx/logs/error_20200420.log")
L 04/20/2020 - 13:22:20: [FAKEMETA] Invalid entity
L 04/20/2020 - 13:22:20: [AMXX] Displaying debug trace (plugin "zp_addon_npc_FallenTitan.amxx")
L 04/20/2020 - 13:22:20: [AMXX] Run time error 10: native error (native "pev")
L 04/20/2020 - 13:22:20: [AMXX]    [0] zp_addon_npc_FallenTitan.sma::FT_Death2 (line 1336)
L 04/20/2020 - 15:31:42: Start of error session.
L 04/20/2020 - 15:31:42: Info (map "zm_toan") (file "addons/amxmodx/logs/error_20200420.log")
L 04/20/2020 - 15:31:42: [AMXX] Plugin file open error (plugin "zp_add_at15hw.amxx")
L 04/20/2020 - 15:31:42: Called dynanative into a paused plugin.
L 04/20/2020 - 15:31:42: [AMXX] Run time error 10 (plugin "zp_zclass_regular.amxx") (native "zp_register_zombie_class") - debug not enabled!
L 04/20/2020 - 15:31:42: [AMXX] To enable debug mode, add "debug" after the plugin name in plugins.ini (without quotes).
L 04/20/2020 - 15:31:42: Called dynanative into a paused plugin.
L 04/20/2020 - 15:31:42: [AMXX] Run time error 10 (plugin "zp_zclass_Deimos.amxx") (native "zp_register_zombie_class") - debug not enabled!
L 04/20/2020 - 15:31:42: [AMXX] To enable debug mode, add "debug" after the plugin name in plugins.ini (without quotes).
L 04/20/2020 - 15:31:42: Called dynanative into a paused plugin.
L 04/20/2020 - 15:31:42: [AMXX] Run time error 10 (plugin "zp_zclass_stingfinger.amxx") (native "zp_register_zombie_class") - debug not enabled!
L 04/20/2020 - 15:31:42: [AMXX] To enable debug mode, add "debug" after the plugin name in plugins.ini (without quotes).
L 04/20/2020 - 15:31:42: Called dynanative into a paused plugin.
L 04/20/2020 - 15:31:42: [AMXX] Run time error 10 (plugin "zp_zclass_banshee.amxx") (native "zp_register_zombie_class") - debug not enabled!
L 04/20/2020 - 15:31:42: [AMXX] To enable debug mode, add "debug" after the plugin name in plugins.ini (without quotes).
L 04/20/2020 - 15:31:42: Called dynanative into a paused plugin.
L 04/20/2020 - 15:31:42: [AMXX] Run time error 10 (plugin "zp_zclass_stamper.amxx") (native "zp_register_zombie_class") - debug not enabled!
L 04/20/2020 - 15:31:42: [AMXX] To enable debug mode, add "debug" after the plugin name in plugins.ini (without quotes).
L 04/20/2020 - 15:31:43: Called dynanative into a paused plugin.
L 04/20/2020 - 15:31:43: [AMXX] Run time error 10 (plugin "zp_zclass_venom.amxx") (native "zp_register_zombie_class") - debug not enabled!
L 04/20/2020 - 15:31:43: [AMXX] To enable debug mode, add "debug" after the plugin name in plugins.ini (without quotes).
L 04/20/2020 - 15:31:43: Called dynanative into a paused plugin.
L 04/20/2020 - 15:31:43: [AMXX] Run time error 10 (plugin "zp_zclass_Heavy.amxx") (native "zp_register_zombie_class") - debug not enabled!
L 04/20/2020 - 15:31:43: [AMXX] To enable debug mode, add "debug" after the plugin name in plugins.ini (without quotes).
L 04/20/2020 - 15:31:57: Called dynanative into a paused plugin.
L 04/20/2020 - 15:31:57: [AMXX] Run time error 10 (plugin "zp_zclass_voodoo.amxx") (native "zp_register_zombie_class") - debug not enabled!
L 04/20/2020 - 15:31:57: [AMXX] To enable debug mode, add "debug" after the plugin name in plugins.ini (without quotes).
L 04/20/2020 - 15:31:57: Called dynanative into a paused plugin.
L 04/20/2020 - 15:31:57: [AMXX] Run time error 10 (plugin "zp_extra_no_hs.amxx") (native "zp_register_extra_item") - debug not enabled!
L 04/20/2020 - 15:31:57: [AMXX] To enable debug mode, add "debug" after the plugin name in plugins.ini (without quotes).
L 04/20/2020 - 15:31:57: Called dynanative into a paused plugin.
L 04/20/2020 - 15:31:57: [AMXX] Run time error 10 (plugin "zp_extra_knockback_bomb.amxx") (native "zp_register_extra_item") - debug not enabled!
L 04/20/2020 - 15:31:57: [AMXX] To enable debug mode, add "debug" after the plugin name in plugins.ini (without quotes).
L 04/20/2020 - 15:31:57: Called dynanative into a paused plugin.
L 04/20/2020 - 15:31:57: [AMXX] Run time error 10 (plugin "zp_extra_leap.amxx") (native "zp_register_extra_item") - debug not enabled!
L 04/20/2020 - 15:31:57: [AMXX] To enable debug mode, add "debug" after the plugin name in plugins.ini (without quotes).
L 04/20/2020 - 15:31:57: Called dynanative into a paused plugin.
L 04/20/2020 - 15:31:57: [AMXX] Run time error 10 (plugin "zp_extra_cannon.amxx") (native "zp_register_extra_item") - debug not enabled!
L 04/20/2020 - 15:31:57: [AMXX] To enable debug mode, add "debug" after the plugin name in plugins.ini (without quotes).
L 04/20/2020 - 15:31:57: Called dynanative into a paused plugin.
L 04/20/2020 - 15:31:57: [AMXX] Run time error 10 (plugin "zp_extra_wondercannon.amxx") (native "zp_register_extra_item") - debug not enabled!
L 04/20/2020 - 15:31:57: [AMXX] To enable debug mode, add "debug" after the plugin name in plugins.ini (without quotes).
L 04/20/2020 - 15:31:57: Called dynanative into a paused plugin.
L 04/20/2020 - 15:31:57: [AMXX] Run time error 10 (plugin "zp_extra_m32.amxx") (native "zp_register_extra_item") - debug not enabled!
L 04/20/2020 - 15:31:57: [AMXX] To enable debug mode, add "debug" after the plugin name in plugins.ini (without quotes).
L 04/20/2020 - 15:31:57: Called dynanative into a paused plugin.
L 04/20/2020 - 15:31:57: [AMXX] Run time error 10 (plugin "zp_extra_magicmg.amxx") (native "zp_register_extra_item") - debug not enabled!
L 04/20/2020 - 15:31:57: [AMXX] To enable debug mode, add "debug" after the plugin name in plugins.ini (without quotes).
L 04/20/2020 - 15:31:57: Called dynanative into a paused plugin.
L 04/20/2020 - 15:31:57: [AMXX] Run time error 10 (plugin "zp_extra_buffawp.amxx") (native "zp_register_extra_item") - debug not enabled!
L 04/20/2020 - 15:31:57: [AMXX] To enable debug mode, add "debug" after the plugin name in plugins.ini (without quotes).
L 04/20/2020 - 15:31:57: Called dynanative into a paused plugin.
L 04/20/2020 - 15:31:57: [AMXX] Run time error 10 (plugin "zp_extra_buffsg552.amxx") (native "zp_register_extra_item") - debug not enabled!
L 04/20/2020 - 15:31:57: [AMXX] To enable debug mode, add "debug" after the plugin name in plugins.ini (without quotes).
L 04/20/2020 - 15:31:57: Called dynanative into a paused plugin.
L 04/20/2020 - 15:31:57: [AMXX] Run time error 10 (plugin "zp_extra_PlasmaGun.amxx") (native "zp_register_extra_item") - debug not enabled!
L 04/20/2020 - 15:31:57: [AMXX] To enable debug mode, add "debug" after the plugin name in plugins.ini (without quotes).
L 04/20/2020 - 15:31:57: Called dynanative into a paused plugin.
L 04/20/2020 - 15:31:57: [AMXX] Run time error 10 (plugin "zp_extra_bouncer.amxx") (native "zp_register_extra_item") - debug not enabled!
L 04/20/2020 - 15:31:57: [AMXX] To enable debug mode, add "debug" after the plugin name in plugins.ini (without quotes).
L 04/20/2020 - 15:31:57: Called dynanative into a paused plugin.
L 04/20/2020 - 15:31:57: [AMXX] Run time error 10 (plugin "zp_extra_sgdrill.amxx") (native "zp_register_extra_item") - debug not enabled!
L 04/20/2020 - 15:31:57: [AMXX] To enable debug mode, add "debug" after the plugin name in plugins.ini (without quotes).
L 04/20/2020 - 15:31:57: Called dynanative into a paused plugin.
L 04/20/2020 - 15:31:57: [AMXX] Run time error 10 (plugin "zp_extra_bendita.amxx") (native "zp_register_extra_item") - debug not enabled!
L 04/20/2020 - 15:31:57: [AMXX] To enable debug mode, add "debug" after the plugin name in plugins.ini (without quotes).
L 04/20/2020 - 15:31:57: Called dynanative into a paused plugin.
L 04/20/2020 - 15:31:57: [AMXX] Run time error 10 (plugin "zp_extra_advanced_crossbow.amxx") (native "zp_register_extra_item") - debug not enabled!
L 04/20/2020 - 15:31:57: [AMXX] To enable debug mode, add "debug" after the plugin name in plugins.ini (without quotes).
L 04/20/2020 - 15:31:57: Called dynanative into a paused plugin.
L 04/20/2020 - 15:31:57: [AMXX] Run time error 10 (plugin "zp_extra_m134.amxx") (native "zp_register_extra_item") - debug not enabled!
L 04/20/2020 - 15:31:57: [AMXX] To enable debug mode, add "debug" after the plugin name in plugins.ini (without quotes).
L 04/20/2020 - 15:31:57: Called dynanative into a paused plugin.
L 04/20/2020 - 15:31:57: [AMXX] Run time error 10 (plugin "zp_extra_balrog7.amxx") (native "zp_register_extra_item") - debug not enabled!
L 04/20/2020 - 15:31:57: [AMXX] To enable debug mode, add "debug" after the plugin name in plugins.ini (without quotes).
L 04/20/2020 - 15:31:57: Called dynanative into a paused plugin.
L 04/20/2020 - 15:31:57: [AMXX] Run time error 10 (plugin "zp_extra_balrog11.amxx") (native "zp_register_extra_item") - debug not enabled!
L 04/20/2020 - 15:31:57: [AMXX] To enable debug mode, add "debug" after the plugin name in plugins.ini (without quotes).
L 04/20/2020 - 15:31:57: Called dynanative into a paused plugin.
L 04/20/2020 - 15:31:57: [AMXX] Run time error 10 (plugin "zp_extra_janus5.amxx") (native "zp_register_extra_item") - debug not enabled!
L 04/20/2020 - 15:31:57: [AMXX] To enable debug mode, add "debug" after the plugin name in plugins.ini (without quotes).
L 04/20/2020 - 15:31:57: Called dynanative into a paused plugin.
L 04/20/2020 - 15:31:57: [AMXX] Run time error 10 (plugin "zp_extra_janus7.amxx") (native "zp_register_extra_item") - debug not enabled!
L 04/20/2020 - 15:31:57: [AMXX] To enable debug mode, add "debug" after the plugin name in plugins.ini (without quotes).
L 04/20/2020 - 15:31:57: Called dynanative into a paused plugin.
L 04/20/2020 - 15:31:57: [AMXX] Run time error 10 (plugin "zp_extra_janus11.amxx") (native "zp_register_extra_item") - debug not enabled!
L 04/20/2020 - 15:31:57: [AMXX] To enable debug mode, add "debug" after the plugin name in plugins.ini (without quotes).
L 04/20/2020 - 15:31:57: Called dynanative into a paused plugin.
L 04/20/2020 - 15:31:57: [AMXX] Run time error 10 (plugin "zp_extra_thanatos3.amxx") (native "zp_register_extra_item") - debug not enabled!
L 04/20/2020 - 15:31:57: [AMXX] To enable debug mode, add "debug" after the plugin name in plugins.ini (without quotes).
L 04/20/2020 - 15:31:57: Called dynanative into a paused plugin.
L 04/20/2020 - 15:31:57: [AMXX] Run time error 10 (plugin "zp_extra_thanatos5.amxx") (native "zp_register_extra_item") - debug not enabled!
L 04/20/2020 - 15:31:57: [AMXX] To enable debug mode, add "debug" after the plugin name in plugins.ini (without quotes).
L 04/20/2020 - 15:32:05: Called dynanative into a paused plugin.
L 04/20/2020 - 15:32:05: [AMXX] Run time error 10 (plugin "zp_addon_evolution_z.amxx") (native "zp_get_user_zombie") - debug not enabled!
L 04/20/2020 - 15:32:05: [AMXX] To enable debug mode, add "debug" after the plugin name in plugins.ini (without quotes).
L 04/20/2020 - 15:32:05: Called dynanative into a paused plugin.
L 04/20/2020 - 15:32:05: [AMXX] Run time error 10 (plugin "zp_addon_deadlyshot.amxx") (native "zp_get_user_zombie") - debug not enabled!
L 04/20/2020 - 15:32:05: [AMXX] To enable debug mode, add "debug" after the plugin name in plugins.ini (without quotes).
L 04/20/2020 - 15:32:05: Called dynanative into a paused plugin.
L 04/20/2020 - 15:32:05: [AMXX] Run time error 10 (plugin "zp_addon_healing_skill.amxx") (native "zp_get_user_nemesis") - debug not enabled!
L 04/20/2020 - 15:32:05: [AMXX] To enable debug mode, add "debug" after the plugin name in plugins.ini (without quotes).
L 04/20/2020 - 15:32:05: Called dynanative into a paused plugin.
L 04/20/2020 - 15:32:05: [AMXX] Run time error 10 (plugin "zp_bot_teleport.amxx") (native "zp_get_user_nemesis") - debug not enabled!
L 04/20/2020 - 15:32:05: [AMXX] To enable debug mode, add "debug" after the plugin name in plugins.ini (without quotes).
L 04/20/2020 - 15:32:06: Called dynanative into a paused plugin.
L 04/20/2020 - 15:32:06: [AMXX] Run time error 10 (plugin "zp_bot_no_attack.amxx") (native "zp_has_round_started") - debug not enabled!
L 04/20/2020 - 15:32:06: [AMXX] To enable debug mode, add "debug" after the plugin name in plugins.ini (without quotes).
L 04/20/2020 - 15:32:06: Called dynanative into a paused plugin.
L 04/20/2020 - 15:32:06: [AMXX] Run time error 10 (plugin "zp_addon_team_semiclip.amxx") (native "zp_get_user_zombie") - debug not enabled!
L 04/20/2020 - 15:32:06: [AMXX] To enable debug mode, add "debug" after the plugin name in plugins.ini (without quotes).
L 04/20/2020 - 15:32:06: Called dynanative into a paused plugin.
L 04/20/2020 - 15:32:06: [AMXX] Run time error 10 (plugin "md_nemesis_health_bar.amxx") (native "zp_get_user_nemesis") - debug not enabled!
L 04/20/2020 - 15:32:06: [AMXX] To enable debug mode, add "debug" after the plugin name in plugins.ini (without quotes).
L 04/20/2020 - 15:32:06: Called dynanative into a paused plugin.
L 04/20/2020 - 15:32:06: [AMXX] Run time error 10 (plugin "zp_bot_zombie_protect.amxx") (native "zp_get_user_zombie") - debug not enabled!
L 04/20/2020 - 15:32:06: [AMXX] To enable debug mode, add "debug" after the plugin name in plugins.ini (without quotes).
L 04/20/2020 - 15:32:06: Called dynanative into a paused plugin.
L 04/20/2020 - 15:32:06: [AMXX] Run time error 10 (plugin "md_drawHud.amxx") (native "zp_get_user_zombie") - debug not enabled!
L 04/20/2020 - 15:32:06: [AMXX] To enable debug mode, add "debug" after the plugin name in plugins.ini (without quotes).
L 04/20/2020 - 15:32:06: Called dynanative into a paused plugin.
L 04/20/2020 - 15:32:06: [AMXX] Run time error 10 (plugin "md_scoreboard.amxx") (native "zp_get_human_count") - debug not enabled!
L 04/20/2020 - 15:32:06: [AMXX] To enable debug mode, add "debug" after the plugin name in plugins.ini (without quotes).
L 04/20/2020 - 15:32:07: Called dynanative into a paused plugin.
L 04/20/2020 - 15:32:07: [AMXX] Run time error 10 (plugin "zp_addon_evolution.amxx") (native "zp_get_user_zombie") - debug not enabled!
L 04/20/2020 - 15:32:07: [AMXX] To enable debug mode, add "debug" after the plugin name in plugins.ini (without quotes).
L 04/20/2020 - 15:32:08: Called dynanative into a paused plugin.
L 04/20/2020 - 15:32:08: [AMXX] Run time error 10 (plugin "zp_addon_aim_info.amxx") (native "zp_get_user_zombie") - debug not enabled!
L 04/20/2020 - 15:32:08: [AMXX] To enable debug mode, add "debug" after the plugin name in plugins.ini (without quotes).
L 04/20/2020 - 15:32:08: Called dynanative into a paused plugin.
L 04/20/2020 - 15:32:08: [AMXX] Run time error 10 (plugin "zp_addon_cf_damage.amxx") (native "zp_get_user_zombie") - debug not enabled!
L 04/20/2020 - 15:32:08: [AMXX] To enable debug mode, add "debug" after the plugin name in plugins.ini (without quotes).
