L 04/12/2020 - 14:07:05: Start of error session.
L 04/12/2020 - 14:07:05: Info (map "zm_toan") (file "addons/amxmodx/logs/error_20200412.log")
L 04/12/2020 - 14:07:05: [AMXX] Plugin file open error (plugin "amx_bhop.amxx")
L 04/12/2020 - 14:07:05: [AMXX] Plugin file open error (plugin "no_see_vars.amxx")
L 04/12/2020 - 14:07:05: [AMXX] Plugin file open error (plugin "abd.amxx")
L 04/12/2020 - 14:07:05: [AMXX] Plugin file open error (plugin "amx_maptime.amxx")
L 04/12/2020 - 14:07:05: [AMXX] Plugin file open error (plugin "3rd_view.amxx")
L 04/12/2020 - 14:07:05: [AMXX] Plugin file open error (plugin "efGundrop.amxx")
L 04/12/2020 - 14:07:05: [AMXX] Plugin file open error (plugin "remove_df_weapon.amxx")
L 04/12/2020 - 14:07:05: [AMXX] Plugin file open error (plugin "zombie_plague40.amxx")
L 04/12/2020 - 14:07:05: [AMXX] Plugin file open error (plugin "zp_zclass_regular.amxx")
L 04/12/2020 - 14:07:05: [AMXX] Plugin file open error (plugin "zp_zclass_Deimos.amxx")
L 04/12/2020 - 14:07:05: [AMXX] Plugin file open error (plugin "zp_zclass_stingfinger.amxx")
L 04/12/2020 - 14:07:05: [AMXX] Plugin file open error (plugin "zp_zclass_banshee.amxx")
L 04/12/2020 - 14:07:05: [AMXX] Plugin file open error (plugin "zp_zclass_stamper.amxx")
L 04/12/2020 - 14:07:05: [AMXX] Plugin file open error (plugin "zp_zclass_voodoo.amxx")
L 04/12/2020 - 14:07:05: [AMXX] Plugin file open error (plugin "zp_zclass_venom.amxx")
L 04/12/2020 - 14:07:05: [AMXX] Plugin file open error (plugin "zp_zclass_Heavy.amxx")
L 04/12/2020 - 14:07:05: [AMXX] Plugin file open error (plugin "md_drawHud.amxx")
L 04/12/2020 - 14:07:05: [AMXX] Plugin file open error (plugin "md_infection_effect.amxx")
L 04/12/2020 - 14:07:05: [AMXX] Plugin file open error (plugin "md_nemesis_health_bar.amxx")
L 04/12/2020 - 14:07:05: [AMXX] Plugin file open error (plugin "gib_death.amxx")
L 04/12/2020 - 14:07:05: [AMXX] Plugin file open error (plugin "zp_addon_team_semiclip.amxx")
L 04/12/2020 - 14:07:05: [AMXX] Plugin file open error (plugin "zp_addon_healing_skill.amxx")
L 04/12/2020 - 14:07:05: [AMXX] Plugin file open error (plugin "zp_addon_coundown.amxx")
L 04/12/2020 - 14:07:05: [AMXX] Plugin file open error (plugin "zp_addon_cf_damage.amxx")
L 04/12/2020 - 14:07:05: [AMXX] Plugin file open error (plugin "zp_addon_evolution.amxx")
L 04/12/2020 - 14:07:05: [AMXX] Plugin file open error (plugin "zp_addon_evolution_z.amxx")
L 04/12/2020 - 14:07:05: [AMXX] Plugin file open error (plugin "zp_addon_deadlyshot.amxx")
L 04/12/2020 - 14:07:05: [AMXX] Plugin file open error (plugin "zp_addon_moreinf.amxx")
L 04/12/2020 - 14:07:05: [AMXX] Plugin file open error (plugin "zp_addon_aim_info.amxx")
L 04/12/2020 - 14:07:05: [AMXX] Plugin file open error (plugin "zp_addon_givenade.amxx")
L 04/12/2020 - 14:07:05: [AMXX] Plugin file open error (plugin "zp_addon_hedamage.amxx")
L 04/12/2020 - 14:07:05: [AMXX] Plugin file open error (plugin "zp_addon_shot_effect.amxx")
L 04/12/2020 - 14:07:05: [AMXX] Plugin file open error (plugin "zp_addon_autoconnect.amxx")
L 04/12/2020 - 14:07:05: [AMXX] Plugin file open error (plugin "zp_addon_npc_round.amxx")
L 04/12/2020 - 14:07:05: [AMXX] Plugin file open error (plugin "zp_addon_npc_FallenTitan.amxx")
L 04/12/2020 - 14:07:05: [AMXX] Plugin file open error (plugin "zp_addon_npc_Oberon.amxx")
L 04/12/2020 - 14:07:05: [AMXX] Plugin file open error (plugin "zp_bot_shotgun.amxx")
L 04/12/2020 - 14:07:05: [AMXX] Plugin file open error (plugin "zp_bot_drag.amxx")
L 04/12/2020 - 14:07:05: [AMXX] Plugin file open error (plugin "zp_bot_teleport.amxx")
L 04/12/2020 - 14:07:05: [AMXX] Plugin file open error (plugin "zp_bot_fs.amxx")
L 04/12/2020 - 14:07:05: [AMXX] Plugin file open error (plugin "zp_bot_to_zombie.amxx")
L 04/12/2020 - 14:07:05: [AMXX] Plugin file open error (plugin "zp_bot_chat.amxx")
L 04/12/2020 - 14:07:05: [AMXX] Plugin file open error (plugin "zp_bot_no_attack.amxx")
L 04/12/2020 - 14:07:05: [AMXX] Plugin file open error (plugin "zp_bot_check_info.amxx")
L 04/12/2020 - 14:07:05: [AMXX] Plugin file open error (plugin "zp_bot_zombie_protect.amxx")
L 04/12/2020 - 14:07:05: [AMXX] Plugin file open error (plugin "zp_bot_pickup.amxx")
L 04/12/2020 - 14:07:05: [AMXX] Plugin file open error (plugin "zp_add_dualinfinity.amxx")
L 04/12/2020 - 14:07:05: [AMXX] Plugin file open error (plugin "zp_add_crow3.amxx")
L 04/12/2020 - 14:07:05: [AMXX] Plugin file open error (plugin "zp_add_crow5.amxx")
L 04/12/2020 - 14:07:05: [AMXX] Plugin file open error (plugin "zp_add_crow7.amxx")
L 04/12/2020 - 14:07:05: [AMXX] Plugin file open error (plugin "zp_add_crow11.amxx")
L 04/12/2020 - 14:07:05: [AMXX] Plugin file open error (plugin "zp_add_JaysDagger.amxx")
L 04/12/2020 - 14:07:05: [AMXX] Plugin file open error (plugin "zp_extra_no_hs.amxx")
L 04/12/2020 - 14:07:05: [AMXX] Plugin file open error (plugin "zp_extra_knockback_bomb.amxx")
L 04/12/2020 - 14:07:05: [AMXX] Plugin file open error (plugin "zp_extra_leap.amxx")
L 04/12/2020 - 14:07:05: [AMXX] Plugin file open error (plugin "zp_extra_buffsg552.amxx")
L 04/12/2020 - 14:08:05: Start of error session.
L 04/12/2020 - 14:08:05: Info (map "zm_toan") (file "addons/amxmodx/logs/error_20200412.log")
L 04/12/2020 - 14:08:05: [AMXX] Load error 17 (invalid file format or version) (plugin "zp_addon_npc_FallenTitan.amxx")
L 04/12/2020 - 14:50:35: Start of error session.
L 04/12/2020 - 14:50:35: Info (map "zm_toan") (file "addons/amxmodx/logs/error_20200412.log")
L 04/12/2020 - 14:50:35: [FAKEMETA] Invalid entity
L 04/12/2020 - 14:50:35: [AMXX] Displaying debug trace (plugin "zp_addon_npc_FallenTitan.amxx")
L 04/12/2020 - 14:50:35: [AMXX] Run time error 10: native error (native "pev")
L 04/12/2020 - 14:50:35: [AMXX]    [0] zp_addon_npc_FallenTitan.sma::FT_Death2 (line 1293)
L 04/12/2020 - 15:07:00: Start of error session.
L 04/12/2020 - 15:07:00: Info (map "zm_toan") (file "addons/amxmodx/logs/error_20200412.log")
L 04/12/2020 - 15:07:00: [FAKEMETA] Undefined pev index: 0
L 04/12/2020 - 15:07:00: [AMXX] Displaying debug trace (plugin "zp_addon_npc_FallenTitan.amxx")
L 04/12/2020 - 15:07:00: [AMXX] Run time error 10: native error (native "pev")
L 04/12/2020 - 15:07:00: [AMXX]    [0] zp_addon_npc_FallenTitan.sma::FT_Attack_Mine_2 (line 1119)
L 04/12/2020 - 15:07:00: [AMXX]    [1] zp_addon_npc_FallenTitan.sma::fw_FT_Think (line 400)
L 04/12/2020 - 15:07:42: [FAKEMETA] Undefined pev index: 0
L 04/12/2020 - 15:07:42: [AMXX] Displaying debug trace (plugin "zp_addon_npc_FallenTitan.amxx")
L 04/12/2020 - 15:07:42: [AMXX] Run time error 10: native error (native "pev")
L 04/12/2020 - 15:07:42: [AMXX]    [0] zp_addon_npc_FallenTitan.sma::FT_Attack_Mine_2 (line 1119)
L 04/12/2020 - 15:07:42: [AMXX]    [1] zp_addon_npc_FallenTitan.sma::do_mine (line 147)
L 04/12/2020 - 15:08:56: Start of error session.
L 04/12/2020 - 15:08:56: Info (map "zm_toan") (file "addons/amxmodx/logs/error_20200412.log")
L 04/12/2020 - 15:08:56: [FAKEMETA] Undefined pev index: 0
L 04/12/2020 - 15:08:56: [AMXX] Displaying debug trace (plugin "zp_addon_npc_FallenTitan.amxx")
L 04/12/2020 - 15:08:56: [AMXX] Run time error 10: native error (native "pev")
L 04/12/2020 - 15:08:56: [AMXX]    [0] zp_addon_npc_FallenTitan.sma::FT_Attack_Cannon (line 719)
L 04/12/2020 - 15:08:56: [AMXX]    [1] zp_addon_npc_FallenTitan.sma::fw_FT_Think (line 398)
L 04/12/2020 - 21:55:50: Start of error session.
L 04/12/2020 - 21:55:50: Info (map "zm_toan") (file "addons/amxmodx/logs/error_20200412.log")
L 04/12/2020 - 21:55:50: Function is not present (function "DIONE_StartAttack1") (plugin "zp_addon_npc_Dione.amxx")
L 04/12/2020 - 21:55:50: [AMXX] Displaying debug trace (plugin "zp_addon_npc_Dione.amxx")
L 04/12/2020 - 21:55:50: [AMXX] Run time error 10: native error (native "set_task")
L 04/12/2020 - 21:55:50: [AMXX]    [0] zp_addon_npc_Dione.sma::fw_DIONE_Think (line 300)
