L 07/24/2021 - 17:05:58: Start of error session.
L 07/24/2021 - 17:05:58: Info (map "zm_toan") (file "addons/amxmodx/logs/error_20210724.log")
L 07/24/2021 - 17:05:58: [FUN] Invalid player 4
L 07/24/2021 - 17:05:58: [AMXX] Run time error 10 (plugin "zp_addon_evolution_z.amxx") (native "set_user_health") - debug not enabled!
L 07/24/2021 - 17:05:58: [AMXX] To enable debug mode, add "debug" after the plugin name in plugins.ini (without quotes).
L 07/24/2021 - 17:07:11: [FAKEMETA] Invalid entity
L 07/24/2021 - 17:07:11: [AMXX] Displaying debug trace (plugin "zp_extra_speargun.amxx")
L 07/24/2021 - 17:07:11: [AMXX] Run time error 10: native error (native "set_pdata_int")
L 07/24/2021 - 17:07:11: [AMXX]    [0] zp_extra_speargun.sma::DoneReload (line 275)
L 07/24/2021 - 17:07:14: [CSTRIKE] Invalid player 4
L 07/24/2021 - 17:07:14: [AMXX] Run time error 10 (plugin "zp_add_crow7.amxx") (native "cs_set_user_zoom") - debug not enabled!
L 07/24/2021 - 17:07:14: [AMXX] To enable debug mode, add "debug" after the plugin name in plugins.ini (without quotes).
L 07/24/2021 - 17:26:12: [CSTRIKE] Invalid player 4
L 07/24/2021 - 17:26:12: [AMXX] Run time error 10 (plugin "zp_add_crow7.amxx") (native "cs_set_user_zoom") - debug not enabled!
L 07/24/2021 - 17:26:12: [AMXX] To enable debug mode, add "debug" after the plugin name in plugins.ini (without quotes).
L 07/24/2021 - 17:49:12: [FAKEMETA] Invalid entity
L 07/24/2021 - 17:49:12: [AMXX] Displaying debug trace (plugin "zp_extra_petrolboomer.amxx")
L 07/24/2021 - 17:49:12: [AMXX] Run time error 10: native error (native "set_pdata_int")
L 07/24/2021 - 17:49:12: [AMXX]    [0] zp_extra_petrolboomer.sma::DoneReload (line 231)
L 07/24/2021 - 17:49:12: [FAKEMETA] Invalid entity
L 07/24/2021 - 17:49:12: [AMXX] Displaying debug trace (plugin "zp_extra_petrolboomer.amxx")
L 07/24/2021 - 17:49:12: [AMXX] Run time error 10: native error (native "set_pdata_int")
L 07/24/2021 - 17:49:12: [AMXX]    [0] zp_extra_petrolboomer.sma::DoneReload (line 231)
L 07/24/2021 - 17:49:15: [FAKEMETA] Invalid entity
L 07/24/2021 - 17:49:15: [AMXX] Displaying debug trace (plugin "zp_extra_petrolboomer.amxx")
L 07/24/2021 - 17:49:15: [AMXX] Run time error 10: native error (native "set_pdata_int")
L 07/24/2021 - 17:49:15: [AMXX]    [0] zp_extra_petrolboomer.sma::DoneReload (line 231)
L 07/24/2021 - 17:54:21: [FUN] Invalid player 4
L 07/24/2021 - 17:54:21: [AMXX] Run time error 10 (plugin "zp_addon_evolution_z.amxx") (native "set_user_health") - debug not enabled!
L 07/24/2021 - 17:54:21: [AMXX] To enable debug mode, add "debug" after the plugin name in plugins.ini (without quotes).
L 07/24/2021 - 18:05:29: Start of error session.
L 07/24/2021 - 18:05:29: Info (map "zm_toan") (file "addons/amxmodx/logs/error_20210724.log")
L 07/24/2021 - 18:05:29: [FUN] Invalid player 2
L 07/24/2021 - 18:05:29: [AMXX] Displaying debug trace (plugin "zp_addon_npc_round.amxx")
L 07/24/2021 - 18:05:29: [AMXX] Run time error 10: native error (native "set_user_origin")
L 07/24/2021 - 18:05:29: [AMXX]    [0] zp_addon_npc_round.sma::Player_Spawn (line 72)
L 07/24/2021 - 18:22:42: Start of error session.
L 07/24/2021 - 18:22:42: Info (map "zm_toan") (file "addons/amxmodx/logs/error_20210724.log")
L 07/24/2021 - 18:22:42: [CSTRIKE] Invalid player 2
L 07/24/2021 - 18:22:42: [AMXX] Run time error 10 (plugin "zp_add_crow7.amxx") (native "cs_set_user_zoom") - debug not enabled!
L 07/24/2021 - 18:22:42: [AMXX] To enable debug mode, add "debug" after the plugin name in plugins.ini (without quotes).
L 07/24/2021 - 18:22:42: [CSTRIKE] Invalid player 3
L 07/24/2021 - 18:22:42: [AMXX] Run time error 10 (plugin "zp_add_crow7.amxx") (native "cs_set_user_zoom") - debug not enabled!
L 07/24/2021 - 18:22:42: [AMXX] To enable debug mode, add "debug" after the plugin name in plugins.ini (without quotes).
L 07/24/2021 - 18:22:43: [CSTRIKE] Invalid player 5
L 07/24/2021 - 18:22:43: [AMXX] Run time error 10 (plugin "zp_add_crow7.amxx") (native "cs_set_user_zoom") - debug not enabled!
L 07/24/2021 - 18:22:43: [AMXX] To enable debug mode, add "debug" after the plugin name in plugins.ini (without quotes).
L 07/24/2021 - 18:26:30: [FAKEMETA] Invalid entity
L 07/24/2021 - 18:26:30: [AMXX] Run time error 10 (plugin "zp_zclass_stamper.amxx") (native "pev") - debug not enabled!
L 07/24/2021 - 18:26:30: [AMXX] To enable debug mode, add "debug" after the plugin name in plugins.ini (without quotes).
L 07/24/2021 - 18:30:07: Start of error session.
L 07/24/2021 - 18:30:07: Info (map "zm_toan") (file "addons/amxmodx/logs/error_20210724.log")
L 07/24/2021 - 18:30:07: [FUN] Invalid player 8
L 07/24/2021 - 18:30:07: [AMXX] Run time error 10 (plugin "zp_addon_evolution_z.amxx") (native "set_user_health") - debug not enabled!
L 07/24/2021 - 18:30:07: [AMXX] To enable debug mode, add "debug" after the plugin name in plugins.ini (without quotes).
