L 04/19/2020 - 17:05:00: Start of error session.
L 04/19/2020 - 17:05:00: Info (map "zm_toan") (file "addons/amxmodx/logs/error_20200419.log")
L 04/19/2020 - 17:05:00: [AMXX] Run time error 4 (plugin "zp_extra_PlasmaGun.amxx") - debug not enabled!
L 04/19/2020 - 17:05:00: [AMXX] To enable debug mode, add "debug" after the plugin name in plugins.ini (without quotes).
L 04/19/2020 - 17:25:08: [FAKEMETA] Invalid entity
L 04/19/2020 - 17:25:08: [AMXX] Displaying debug trace (plugin "zp_addon_npc_round.amxx")
L 04/19/2020 - 17:25:08: [AMXX] Run time error 10: native error (native "pev")
L 04/19/2020 - 17:25:08: [AMXX]    [0] zp_addon_npc_round.sma::fw_TraceAttack (line 106)
L 04/19/2020 - 17:25:08: [FAKEMETA] Invalid entity
L 04/19/2020 - 17:25:08: [AMXX] Displaying debug trace (plugin "zp_addon_npc_round.amxx")
L 04/19/2020 - 17:25:08: [AMXX] Run time error 10: native error (native "pev")
L 04/19/2020 - 17:25:08: [AMXX]    [0] zp_addon_npc_round.sma::fw_TraceAttack (line 106)
L 04/19/2020 - 17:25:08: [FAKEMETA] Invalid entity
L 04/19/2020 - 17:25:08: [AMXX] Displaying debug trace (plugin "zp_addon_npc_round.amxx")
L 04/19/2020 - 17:25:08: [AMXX] Run time error 10: native error (native "pev")
L 04/19/2020 - 17:25:08: [AMXX]    [0] zp_addon_npc_round.sma::fw_TraceAttack (line 106)
L 04/19/2020 - 17:25:08: [FAKEMETA] Invalid entity
L 04/19/2020 - 17:25:08: [AMXX] Displaying debug trace (plugin "zp_addon_npc_round.amxx")
L 04/19/2020 - 17:25:08: [AMXX] Run time error 10: native error (native "pev")
L 04/19/2020 - 17:25:08: [AMXX]    [0] zp_addon_npc_round.sma::fw_TraceAttack (line 106)
L 04/19/2020 - 17:25:08: [FAKEMETA] Invalid entity
L 04/19/2020 - 17:25:08: [AMXX] Displaying debug trace (plugin "zp_addon_npc_round.amxx")
L 04/19/2020 - 17:25:08: [AMXX] Run time error 10: native error (native "pev")
L 04/19/2020 - 17:25:08: [AMXX]    [0] zp_addon_npc_round.sma::fw_TraceAttack (line 106)
L 04/19/2020 - 17:25:08: [FAKEMETA] Invalid entity
L 04/19/2020 - 17:25:08: [AMXX] Displaying debug trace (plugin "zp_addon_npc_round.amxx")
L 04/19/2020 - 17:25:08: [AMXX] Run time error 10: native error (native "pev")
L 04/19/2020 - 17:25:08: [AMXX]    [0] zp_addon_npc_round.sma::fw_TraceAttack (line 106)
L 04/19/2020 - 17:25:08: [FAKEMETA] Invalid entity
L 04/19/2020 - 17:25:08: [AMXX] Displaying debug trace (plugin "zp_addon_npc_round.amxx")
L 04/19/2020 - 17:25:08: [AMXX] Run time error 10: native error (native "pev")
L 04/19/2020 - 17:25:08: [AMXX]    [0] zp_addon_npc_round.sma::fw_TraceAttack (line 106)
L 04/19/2020 - 17:25:08: [FAKEMETA] Invalid entity
L 04/19/2020 - 17:25:08: [AMXX] Displaying debug trace (plugin "zp_addon_npc_round.amxx")
L 04/19/2020 - 17:25:08: [AMXX] Run time error 10: native error (native "pev")
L 04/19/2020 - 17:25:08: [AMXX]    [0] zp_addon_npc_round.sma::fw_TraceAttack (line 106)
L 04/19/2020 - 17:25:08: [FAKEMETA] Invalid entity
L 04/19/2020 - 17:25:08: [AMXX] Displaying debug trace (plugin "zp_addon_npc_round.amxx")
L 04/19/2020 - 17:25:08: [AMXX] Run time error 10: native error (native "pev")
L 04/19/2020 - 17:25:08: [AMXX]    [0] zp_addon_npc_round.sma::fw_TraceAttack (line 106)
L 04/19/2020 - 17:25:11: [FAKEMETA] Invalid entity
L 04/19/2020 - 17:25:11: [AMXX] Displaying debug trace (plugin "zp_addon_npc_round.amxx")
L 04/19/2020 - 17:25:11: [AMXX] Run time error 10: native error (native "pev")
L 04/19/2020 - 17:25:11: [AMXX]    [0] zp_addon_npc_round.sma::fw_TraceAttack (line 106)
L 04/19/2020 - 17:25:11: [FAKEMETA] Invalid entity
L 04/19/2020 - 17:25:11: [AMXX] Displaying debug trace (plugin "zp_addon_npc_round.amxx")
L 04/19/2020 - 17:25:11: [AMXX] Run time error 10: native error (native "pev")
L 04/19/2020 - 17:25:11: [AMXX]    [0] zp_addon_npc_round.sma::fw_TraceAttack (line 106)
L 04/19/2020 - 17:25:11: [FAKEMETA] Invalid entity
L 04/19/2020 - 17:25:11: [AMXX] Displaying debug trace (plugin "zp_addon_npc_round.amxx")
L 04/19/2020 - 17:25:11: [AMXX] Run time error 10: native error (native "pev")
L 04/19/2020 - 17:25:11: [AMXX]    [0] zp_addon_npc_round.sma::fw_TraceAttack (line 106)
L 04/19/2020 - 17:25:12: [FAKEMETA] Invalid entity
L 04/19/2020 - 17:25:12: [AMXX] Displaying debug trace (plugin "zp_addon_npc_round.amxx")
L 04/19/2020 - 17:25:12: [AMXX] Run time error 10: native error (native "pev")
L 04/19/2020 - 17:25:12: [AMXX]    [0] zp_addon_npc_round.sma::fw_TraceAttack (line 106)
L 04/19/2020 - 17:25:12: [FAKEMETA] Invalid entity
L 04/19/2020 - 17:25:12: [AMXX] Displaying debug trace (plugin "zp_addon_npc_round.amxx")
L 04/19/2020 - 17:25:12: [AMXX] Run time error 10: native error (native "pev")
L 04/19/2020 - 17:25:12: [AMXX]    [0] zp_addon_npc_round.sma::fw_TraceAttack (line 106)
L 04/19/2020 - 17:25:12: [FAKEMETA] Invalid entity
L 04/19/2020 - 17:25:12: [AMXX] Displaying debug trace (plugin "zp_addon_npc_round.amxx")
L 04/19/2020 - 17:25:12: [AMXX] Run time error 10: native error (native "pev")
L 04/19/2020 - 17:25:12: [AMXX]    [0] zp_addon_npc_round.sma::fw_TraceAttack (line 106)
L 04/19/2020 - 17:25:12: [FAKEMETA] Invalid entity
L 04/19/2020 - 17:25:12: [AMXX] Displaying debug trace (plugin "zp_addon_npc_round.amxx")
L 04/19/2020 - 17:25:12: [AMXX] Run time error 10: native error (native "pev")
L 04/19/2020 - 17:25:12: [AMXX]    [0] zp_addon_npc_round.sma::fw_TraceAttack (line 106)
L 04/19/2020 - 17:25:12: [FAKEMETA] Invalid entity
L 04/19/2020 - 17:25:12: [AMXX] Displaying debug trace (plugin "zp_addon_npc_round.amxx")
L 04/19/2020 - 17:25:12: [AMXX] Run time error 10: native error (native "pev")
L 04/19/2020 - 17:25:12: [AMXX]    [0] zp_addon_npc_round.sma::fw_TraceAttack (line 106)
L 04/19/2020 - 17:25:12: [FAKEMETA] Invalid entity
L 04/19/2020 - 17:25:12: [AMXX] Displaying debug trace (plugin "zp_addon_npc_round.amxx")
L 04/19/2020 - 17:25:12: [AMXX] Run time error 10: native error (native "pev")
L 04/19/2020 - 17:25:12: [AMXX]    [0] zp_addon_npc_round.sma::fw_TraceAttack (line 106)
L 04/19/2020 - 17:25:12: [FAKEMETA] Invalid entity
L 04/19/2020 - 17:25:12: [AMXX] Displaying debug trace (plugin "zp_addon_npc_round.amxx")
L 04/19/2020 - 17:25:12: [AMXX] Run time error 10: native error (native "pev")
L 04/19/2020 - 17:25:12: [AMXX]    [0] zp_addon_npc_round.sma::fw_TraceAttack (line 106)
L 04/19/2020 - 17:25:12: [FAKEMETA] Invalid entity
L 04/19/2020 - 17:25:12: [AMXX] Displaying debug trace (plugin "zp_addon_npc_round.amxx")
L 04/19/2020 - 17:25:12: [AMXX] Run time error 10: native error (native "pev")
L 04/19/2020 - 17:25:12: [AMXX]    [0] zp_addon_npc_round.sma::fw_TraceAttack (line 106)
L 04/19/2020 - 17:25:12: [FAKEMETA] Invalid entity
L 04/19/2020 - 17:25:12: [AMXX] Displaying debug trace (plugin "zp_addon_npc_round.amxx")
L 04/19/2020 - 17:25:12: [AMXX] Run time error 10: native error (native "pev")
L 04/19/2020 - 17:25:12: [AMXX]    [0] zp_addon_npc_round.sma::fw_TraceAttack (line 106)
L 04/19/2020 - 17:25:12: [FAKEMETA] Invalid entity
L 04/19/2020 - 17:25:12: [AMXX] Displaying debug trace (plugin "zp_addon_npc_round.amxx")
L 04/19/2020 - 17:25:12: [AMXX] Run time error 10: native error (native "pev")
L 04/19/2020 - 17:25:12: [AMXX]    [0] zp_addon_npc_round.sma::fw_TraceAttack (line 106)
L 04/19/2020 - 17:25:12: [FAKEMETA] Invalid entity
L 04/19/2020 - 17:25:12: [AMXX] Displaying debug trace (plugin "zp_addon_npc_round.amxx")
L 04/19/2020 - 17:25:12: [AMXX] Run time error 10: native error (native "pev")
L 04/19/2020 - 17:25:12: [AMXX]    [0] zp_addon_npc_round.sma::fw_TraceAttack (line 106)
L 04/19/2020 - 17:25:12: [FAKEMETA] Invalid entity
L 04/19/2020 - 17:25:12: [AMXX] Displaying debug trace (plugin "zp_addon_npc_round.amxx")
L 04/19/2020 - 17:25:12: [AMXX] Run time error 10: native error (native "pev")
L 04/19/2020 - 17:25:12: [AMXX]    [0] zp_addon_npc_round.sma::fw_TraceAttack (line 106)
L 04/19/2020 - 17:25:12: [FAKEMETA] Invalid entity
L 04/19/2020 - 17:25:12: [AMXX] Displaying debug trace (plugin "zp_addon_npc_round.amxx")
L 04/19/2020 - 17:25:12: [AMXX] Run time error 10: native error (native "pev")
L 04/19/2020 - 17:25:12: [AMXX]    [0] zp_addon_npc_round.sma::fw_TraceAttack (line 106)
L 04/19/2020 - 17:25:12: [FAKEMETA] Invalid entity
L 04/19/2020 - 17:25:12: [AMXX] Displaying debug trace (plugin "zp_addon_npc_round.amxx")
L 04/19/2020 - 17:25:12: [AMXX] Run time error 10: native error (native "pev")
L 04/19/2020 - 17:25:12: [AMXX]    [0] zp_addon_npc_round.sma::fw_TraceAttack (line 106)
L 04/19/2020 - 17:25:12: [FAKEMETA] Invalid entity
L 04/19/2020 - 17:25:12: [AMXX] Displaying debug trace (plugin "zp_addon_npc_round.amxx")
L 04/19/2020 - 17:25:12: [AMXX] Run time error 10: native error (native "pev")
L 04/19/2020 - 17:25:12: [AMXX]    [0] zp_addon_npc_round.sma::fw_TraceAttack (line 106)
L 04/19/2020 - 17:25:12: [FAKEMETA] Invalid entity
L 04/19/2020 - 17:25:12: [AMXX] Displaying debug trace (plugin "zp_addon_npc_round.amxx")
L 04/19/2020 - 17:25:12: [AMXX] Run time error 10: native error (native "pev")
L 04/19/2020 - 17:25:12: [AMXX]    [0] zp_addon_npc_round.sma::fw_TraceAttack (line 106)
L 04/19/2020 - 17:25:12: [FAKEMETA] Invalid entity
L 04/19/2020 - 17:25:12: [AMXX] Displaying debug trace (plugin "zp_addon_npc_round.amxx")
L 04/19/2020 - 17:25:12: [AMXX] Run time error 10: native error (native "pev")
L 04/19/2020 - 17:25:12: [AMXX]    [0] zp_addon_npc_round.sma::fw_TraceAttack (line 106)
L 04/19/2020 - 17:25:12: [FAKEMETA] Invalid entity
L 04/19/2020 - 17:25:12: [AMXX] Displaying debug trace (plugin "zp_addon_npc_round.amxx")
L 04/19/2020 - 17:25:12: [AMXX] Run time error 10: native error (native "pev")
L 04/19/2020 - 17:25:12: [AMXX]    [0] zp_addon_npc_round.sma::fw_TraceAttack (line 106)
L 04/19/2020 - 17:25:13: [FAKEMETA] Invalid entity
L 04/19/2020 - 17:25:13: [AMXX] Displaying debug trace (plugin "zp_addon_npc_round.amxx")
L 04/19/2020 - 17:25:13: [AMXX] Run time error 10: native error (native "pev")
L 04/19/2020 - 17:25:13: [AMXX]    [0] zp_addon_npc_round.sma::fw_TraceAttack (line 106)
L 04/19/2020 - 17:25:13: [FAKEMETA] Invalid entity
L 04/19/2020 - 17:25:13: [AMXX] Displaying debug trace (plugin "zp_addon_npc_round.amxx")
L 04/19/2020 - 17:25:13: [AMXX] Run time error 10: native error (native "pev")
L 04/19/2020 - 17:25:13: [AMXX]    [0] zp_addon_npc_round.sma::fw_TraceAttack (line 106)
L 04/19/2020 - 17:25:13: [FAKEMETA] Invalid entity
L 04/19/2020 - 17:25:13: [AMXX] Displaying debug trace (plugin "zp_addon_npc_round.amxx")
L 04/19/2020 - 17:25:13: [AMXX] Run time error 10: native error (native "pev")
L 04/19/2020 - 17:25:13: [AMXX]    [0] zp_addon_npc_round.sma::fw_TraceAttack (line 106)
