L 01/06/2022 - 00:25:20: Start of error session.
L 01/06/2022 - 00:25:20: Info (map "zm_toan") (file "addons/amxmodx/logs/error_20220106.log")
L 01/06/2022 - 00:25:20: [HAMSANDWICH] Function fw_TraceAttack not found.
L 01/06/2022 - 00:25:20: [AMXX] Run time error 10 (plugin "zp_extra_m3dragon.amxx") (native "RegisterHam") - debug not enabled!
L 01/06/2022 - 00:25:20: [AMXX] To enable debug mode, add "debug" after the plugin name in plugins.ini (without quotes).
L 01/06/2022 - 00:25:22: [HAMSANDWICH] Function fw_TraceAttack not found.
L 01/06/2022 - 00:25:22: [AMXX] Run time error 10 (plugin "zp_extra_m3dragon.amxx") (native "RegisterHamFromEntity") - debug not enabled!
L 01/06/2022 - 00:25:22: [AMXX] To enable debug mode, add "debug" after the plugin name in plugins.ini (without quotes).
L 01/06/2022 - 00:25:27: Plugin called message_begin with an invalid message id (0).
L 01/06/2022 - 00:25:27: [AMXX] Run time error 10 (plugin "zp_extra_m3dragon.amxx") (native "message_begin") - debug not enabled!
L 01/06/2022 - 00:25:27: [AMXX] To enable debug mode, add "debug" after the plugin name in plugins.ini (without quotes).
L 01/06/2022 - 00:25:27: Plugin called message_begin with an invalid message id (0).
L 01/06/2022 - 00:25:27: [AMXX] Run time error 10 (plugin "zp_extra_m3dragon.amxx") (native "message_begin") - debug not enabled!
L 01/06/2022 - 00:25:27: [AMXX] To enable debug mode, add "debug" after the plugin name in plugins.ini (without quotes).
L 01/06/2022 - 00:25:27: Plugin called message_begin with an invalid message id (0).
L 01/06/2022 - 00:25:27: [AMXX] Run time error 10 (plugin "zp_extra_m3dragon.amxx") (native "message_begin") - debug not enabled!
L 01/06/2022 - 00:25:27: [AMXX] To enable debug mode, add "debug" after the plugin name in plugins.ini (without quotes).
L 01/06/2022 - 00:25:27: Plugin called message_begin with an invalid message id (0).
L 01/06/2022 - 00:25:27: [AMXX] Run time error 10 (plugin "zp_extra_m3dragon.amxx") (native "message_begin") - debug not enabled!
L 01/06/2022 - 00:25:27: [AMXX] To enable debug mode, add "debug" after the plugin name in plugins.ini (without quotes).
L 01/06/2022 - 00:25:27: Plugin called message_begin with an invalid message id (0).
L 01/06/2022 - 00:25:27: [AMXX] Run time error 10 (plugin "zp_extra_m3dragon.amxx") (native "message_begin") - debug not enabled!
L 01/06/2022 - 00:25:27: [AMXX] To enable debug mode, add "debug" after the plugin name in plugins.ini (without quotes).
L 01/06/2022 - 00:25:27: Plugin called message_begin with an invalid message id (0).
L 01/06/2022 - 00:25:27: [AMXX] Run time error 10 (plugin "zp_extra_m3dragon.amxx") (native "message_begin") - debug not enabled!
L 01/06/2022 - 00:25:27: [AMXX] To enable debug mode, add "debug" after the plugin name in plugins.ini (without quotes).
L 01/06/2022 - 00:25:27: Plugin called message_begin with an invalid message id (0).
L 01/06/2022 - 00:25:27: [AMXX] Run time error 10 (plugin "zp_extra_m3dragon.amxx") (native "message_begin") - debug not enabled!
L 01/06/2022 - 00:25:27: [AMXX] To enable debug mode, add "debug" after the plugin name in plugins.ini (without quotes).
L 01/06/2022 - 00:25:27: Plugin called message_begin with an invalid message id (0).
L 01/06/2022 - 00:25:27: [AMXX] Run time error 10 (plugin "zp_extra_m3dragon.amxx") (native "message_begin") - debug not enabled!
L 01/06/2022 - 00:25:27: [AMXX] To enable debug mode, add "debug" after the plugin name in plugins.ini (without quotes).
L 01/06/2022 - 00:25:27: Plugin called message_begin with an invalid message id (0).
L 01/06/2022 - 00:25:27: [AMXX] Run time error 10 (plugin "zp_extra_m3dragon.amxx") (native "message_begin") - debug not enabled!
L 01/06/2022 - 00:25:27: [AMXX] To enable debug mode, add "debug" after the plugin name in plugins.ini (without quotes).
L 01/06/2022 - 00:25:27: Plugin called message_begin with an invalid message id (0).
L 01/06/2022 - 00:25:27: [AMXX] Run time error 10 (plugin "zp_extra_m3dragon.amxx") (native "message_begin") - debug not enabled!
L 01/06/2022 - 00:25:27: [AMXX] To enable debug mode, add "debug" after the plugin name in plugins.ini (without quotes).
L 01/06/2022 - 00:25:27: Plugin called message_begin with an invalid message id (0).
L 01/06/2022 - 00:25:27: [AMXX] Run time error 10 (plugin "zp_extra_m3dragon.amxx") (native "message_begin") - debug not enabled!
L 01/06/2022 - 00:25:27: [AMXX] To enable debug mode, add "debug" after the plugin name in plugins.ini (without quotes).
L 01/06/2022 - 00:25:27: Plugin called message_begin with an invalid message id (0).
L 01/06/2022 - 00:25:27: [AMXX] Run time error 10 (plugin "zp_extra_m3dragon.amxx") (native "message_begin") - debug not enabled!
L 01/06/2022 - 00:25:27: [AMXX] To enable debug mode, add "debug" after the plugin name in plugins.ini (without quotes).
L 01/06/2022 - 00:25:27: Plugin called message_begin with an invalid message id (0).
L 01/06/2022 - 00:25:27: [AMXX] Run time error 10 (plugin "zp_extra_m3dragon.amxx") (native "message_begin") - debug not enabled!
L 01/06/2022 - 00:25:27: [AMXX] To enable debug mode, add "debug" after the plugin name in plugins.ini (without quotes).
L 01/06/2022 - 18:25:32: Start of error session.
L 01/06/2022 - 18:25:32: Info (map "zm_toan") (file "addons/amxmodx/logs/error_20220106.log")
L 01/06/2022 - 18:25:32: Function is not present (function "playSound") (plugin "zp_extra_m3dragon.amxx")
L 01/06/2022 - 18:25:32: [AMXX] Run time error 10 (plugin "zp_extra_m3dragon.amxx") (native "set_task") - debug not enabled!
L 01/06/2022 - 18:25:32: [AMXX] To enable debug mode, add "debug" after the plugin name in plugins.ini (without quotes).
L 01/06/2022 - 20:58:04: Start of error session.
L 01/06/2022 - 20:58:04: Info (map "zm_toan") (file "addons/amxmodx/logs/error_20220106.log")
L 01/06/2022 - 20:58:04: [AMXX] Run time error 4 (plugin "zombie_plague40.amxx") - debug not enabled!
L 01/06/2022 - 20:58:04: [AMXX] To enable debug mode, add "debug" after the plugin name in plugins.ini (without quotes).
L 01/06/2022 - 20:58:04: Unhandled dynamic native error
L 01/06/2022 - 20:58:04: [AMXX] Run time error 10 (plugin "zp_extra_kronos12.amxx") (native "zp_get_user_zombie") - debug not enabled!
L 01/06/2022 - 20:58:04: [AMXX] To enable debug mode, add "debug" after the plugin name in plugins.ini (without quotes).
L 01/06/2022 - 20:58:04: [AMXX] Run time error 4 (plugin "zombie_plague40.amxx") - debug not enabled!
L 01/06/2022 - 20:58:04: [AMXX] To enable debug mode, add "debug" after the plugin name in plugins.ini (without quotes).
L 01/06/2022 - 20:58:04: Unhandled dynamic native error
L 01/06/2022 - 20:58:04: [AMXX] Run time error 10 (plugin "zp_extra_kronos12.amxx") (native "zp_get_user_zombie") - debug not enabled!
L 01/06/2022 - 20:58:04: [AMXX] To enable debug mode, add "debug" after the plugin name in plugins.ini (without quotes).
L 01/06/2022 - 20:58:04: [AMXX] Run time error 4 (plugin "zombie_plague40.amxx") - debug not enabled!
L 01/06/2022 - 20:58:04: [AMXX] To enable debug mode, add "debug" after the plugin name in plugins.ini (without quotes).
L 01/06/2022 - 20:58:04: Unhandled dynamic native error
L 01/06/2022 - 20:58:04: [AMXX] Run time error 10 (plugin "zp_extra_kronos12.amxx") (native "zp_get_user_zombie") - debug not enabled!
L 01/06/2022 - 20:58:04: [AMXX] To enable debug mode, add "debug" after the plugin name in plugins.ini (without quotes).
L 01/06/2022 - 20:58:05: [AMXX] Run time error 4 (plugin "zombie_plague40.amxx") - debug not enabled!
L 01/06/2022 - 20:58:05: [AMXX] To enable debug mode, add "debug" after the plugin name in plugins.ini (without quotes).
L 01/06/2022 - 20:58:05: Unhandled dynamic native error
L 01/06/2022 - 20:58:05: [AMXX] Run time error 10 (plugin "zp_extra_kronos12.amxx") (native "zp_get_user_zombie") - debug not enabled!
L 01/06/2022 - 20:58:05: [AMXX] To enable debug mode, add "debug" after the plugin name in plugins.ini (without quotes).
L 01/06/2022 - 20:58:05: [AMXX] Run time error 4 (plugin "zombie_plague40.amxx") - debug not enabled!
L 01/06/2022 - 20:58:05: [AMXX] To enable debug mode, add "debug" after the plugin name in plugins.ini (without quotes).
L 01/06/2022 - 20:58:05: Unhandled dynamic native error
L 01/06/2022 - 20:58:05: [AMXX] Run time error 10 (plugin "zp_extra_kronos12.amxx") (native "zp_get_user_zombie") - debug not enabled!
L 01/06/2022 - 20:58:05: [AMXX] To enable debug mode, add "debug" after the plugin name in plugins.ini (without quotes).
L 01/06/2022 - 20:58:05: [AMXX] Run time error 4 (plugin "zombie_plague40.amxx") - debug not enabled!
L 01/06/2022 - 20:58:05: [AMXX] To enable debug mode, add "debug" after the plugin name in plugins.ini (without quotes).
L 01/06/2022 - 20:58:05: Unhandled dynamic native error
L 01/06/2022 - 20:58:05: [AMXX] Run time error 10 (plugin "zp_extra_kronos12.amxx") (native "zp_get_user_zombie") - debug not enabled!
L 01/06/2022 - 20:58:05: [AMXX] To enable debug mode, add "debug" after the plugin name in plugins.ini (without quotes).
L 01/06/2022 - 20:58:06: [AMXX] Run time error 4 (plugin "zombie_plague40.amxx") - debug not enabled!
L 01/06/2022 - 20:58:06: [AMXX] To enable debug mode, add "debug" after the plugin name in plugins.ini (without quotes).
L 01/06/2022 - 20:58:06: Unhandled dynamic native error
L 01/06/2022 - 20:58:06: [AMXX] Run time error 10 (plugin "zp_extra_kronos12.amxx") (native "zp_get_user_zombie") - debug not enabled!
L 01/06/2022 - 20:58:06: [AMXX] To enable debug mode, add "debug" after the plugin name in plugins.ini (without quotes).
L 01/06/2022 - 20:58:06: [AMXX] Run time error 4 (plugin "zombie_plague40.amxx") - debug not enabled!
L 01/06/2022 - 20:58:06: [AMXX] To enable debug mode, add "debug" after the plugin name in plugins.ini (without quotes).
L 01/06/2022 - 20:58:06: Unhandled dynamic native error
L 01/06/2022 - 20:58:06: [AMXX] Run time error 10 (plugin "zp_extra_kronos12.amxx") (native "zp_get_user_zombie") - debug not enabled!
L 01/06/2022 - 20:58:06: [AMXX] To enable debug mode, add "debug" after the plugin name in plugins.ini (without quotes).
L 01/06/2022 - 20:58:06: [AMXX] Run time error 4 (plugin "zombie_plague40.amxx") - debug not enabled!
L 01/06/2022 - 20:58:06: [AMXX] To enable debug mode, add "debug" after the plugin name in plugins.ini (without quotes).
L 01/06/2022 - 20:58:06: Unhandled dynamic native error
L 01/06/2022 - 20:58:06: [AMXX] Run time error 10 (plugin "zp_extra_kronos12.amxx") (native "zp_get_user_zombie") - debug not enabled!
L 01/06/2022 - 20:58:06: [AMXX] To enable debug mode, add "debug" after the plugin name in plugins.ini (without quotes).
L 01/06/2022 - 20:58:06: [AMXX] Run time error 4 (plugin "zombie_plague40.amxx") - debug not enabled!
L 01/06/2022 - 20:58:06: [AMXX] To enable debug mode, add "debug" after the plugin name in plugins.ini (without quotes).
L 01/06/2022 - 20:58:06: Unhandled dynamic native error
L 01/06/2022 - 20:58:06: [AMXX] Run time error 10 (plugin "zp_extra_kronos12.amxx") (native "zp_get_user_zombie") - debug not enabled!
L 01/06/2022 - 20:58:07: [AMXX] To enable debug mode, add "debug" after the plugin name in plugins.ini (without quotes).
L 01/06/2022 - 20:58:07: [AMXX] Run time error 4 (plugin "zombie_plague40.amxx") - debug not enabled!
L 01/06/2022 - 20:58:07: [AMXX] To enable debug mode, add "debug" after the plugin name in plugins.ini (without quotes).
L 01/06/2022 - 20:58:07: Unhandled dynamic native error
L 01/06/2022 - 20:58:07: [AMXX] Run time error 10 (plugin "zp_extra_kronos12.amxx") (native "zp_get_user_zombie") - debug not enabled!
L 01/06/2022 - 20:58:07: [AMXX] To enable debug mode, add "debug" after the plugin name in plugins.ini (without quotes).
L 01/06/2022 - 20:58:07: [AMXX] Run time error 4 (plugin "zombie_plague40.amxx") - debug not enabled!
L 01/06/2022 - 20:58:07: [AMXX] To enable debug mode, add "debug" after the plugin name in plugins.ini (without quotes).
L 01/06/2022 - 20:58:07: Unhandled dynamic native error
L 01/06/2022 - 20:58:07: [AMXX] Run time error 10 (plugin "zp_extra_kronos12.amxx") (native "zp_get_user_zombie") - debug not enabled!
L 01/06/2022 - 20:58:07: [AMXX] To enable debug mode, add "debug" after the plugin name in plugins.ini (without quotes).
L 01/06/2022 - 20:58:07: [AMXX] Run time error 4 (plugin "zombie_plague40.amxx") - debug not enabled!
L 01/06/2022 - 20:58:07: [AMXX] To enable debug mode, add "debug" after the plugin name in plugins.ini (without quotes).
L 01/06/2022 - 20:58:07: Unhandled dynamic native error
L 01/06/2022 - 20:58:07: [AMXX] Run time error 10 (plugin "zp_extra_kronos12.amxx") (native "zp_get_user_zombie") - debug not enabled!
L 01/06/2022 - 20:58:07: [AMXX] To enable debug mode, add "debug" after the plugin name in plugins.ini (without quotes).
L 01/06/2022 - 20:58:08: [AMXX] Run time error 4 (plugin "zombie_plague40.amxx") - debug not enabled!
L 01/06/2022 - 20:58:08: [AMXX] To enable debug mode, add "debug" after the plugin name in plugins.ini (without quotes).
L 01/06/2022 - 20:58:08: Unhandled dynamic native error
L 01/06/2022 - 20:58:08: [AMXX] Run time error 10 (plugin "zp_extra_kronos12.amxx") (native "zp_get_user_zombie") - debug not enabled!
L 01/06/2022 - 20:58:08: [AMXX] To enable debug mode, add "debug" after the plugin name in plugins.ini (without quotes).
L 01/06/2022 - 20:58:34: [AMXX] Run time error 4 (plugin "zombie_plague40.amxx") - debug not enabled!
L 01/06/2022 - 20:58:34: [AMXX] To enable debug mode, add "debug" after the plugin name in plugins.ini (without quotes).
L 01/06/2022 - 20:58:34: Unhandled dynamic native error
L 01/06/2022 - 20:58:34: [AMXX] Run time error 10 (plugin "zp_extra_kronos12.amxx") (native "zp_get_user_zombie") - debug not enabled!
L 01/06/2022 - 20:58:34: [AMXX] To enable debug mode, add "debug" after the plugin name in plugins.ini (without quotes).
L 01/06/2022 - 20:58:35: [AMXX] Run time error 4 (plugin "zombie_plague40.amxx") - debug not enabled!
L 01/06/2022 - 20:58:35: [AMXX] To enable debug mode, add "debug" after the plugin name in plugins.ini (without quotes).
L 01/06/2022 - 20:58:35: Unhandled dynamic native error
L 01/06/2022 - 20:58:35: [AMXX] Run time error 10 (plugin "zp_extra_kronos12.amxx") (native "zp_get_user_zombie") - debug not enabled!
L 01/06/2022 - 20:58:35: [AMXX] To enable debug mode, add "debug" after the plugin name in plugins.ini (without quotes).
L 01/06/2022 - 20:58:35: [AMXX] Run time error 4 (plugin "zombie_plague40.amxx") - debug not enabled!
L 01/06/2022 - 20:58:35: [AMXX] To enable debug mode, add "debug" after the plugin name in plugins.ini (without quotes).
L 01/06/2022 - 20:58:35: Unhandled dynamic native error
L 01/06/2022 - 20:58:35: [AMXX] Run time error 10 (plugin "zp_extra_kronos12.amxx") (native "zp_get_user_zombie") - debug not enabled!
L 01/06/2022 - 20:58:35: [AMXX] To enable debug mode, add "debug" after the plugin name in plugins.ini (without quotes).
L 01/06/2022 - 20:58:35: [AMXX] Run time error 4 (plugin "zombie_plague40.amxx") - debug not enabled!
L 01/06/2022 - 20:58:35: [AMXX] To enable debug mode, add "debug" after the plugin name in plugins.ini (without quotes).
L 01/06/2022 - 20:58:35: Unhandled dynamic native error
L 01/06/2022 - 20:58:35: [AMXX] Run time error 10 (plugin "zp_extra_kronos12.amxx") (native "zp_get_user_zombie") - debug not enabled!
L 01/06/2022 - 20:58:35: [AMXX] To enable debug mode, add "debug" after the plugin name in plugins.ini (without quotes).
L 01/06/2022 - 20:58:36: [AMXX] Run time error 4 (plugin "zombie_plague40.amxx") - debug not enabled!
L 01/06/2022 - 20:58:36: [AMXX] To enable debug mode, add "debug" after the plugin name in plugins.ini (without quotes).
L 01/06/2022 - 20:58:36: Unhandled dynamic native error
L 01/06/2022 - 20:58:36: [AMXX] Run time error 10 (plugin "zp_extra_kronos12.amxx") (native "zp_get_user_zombie") - debug not enabled!
L 01/06/2022 - 20:58:36: [AMXX] To enable debug mode, add "debug" after the plugin name in plugins.ini (without quotes).
L 01/06/2022 - 20:58:36: [AMXX] Run time error 4 (plugin "zombie_plague40.amxx") - debug not enabled!
L 01/06/2022 - 20:58:36: [AMXX] To enable debug mode, add "debug" after the plugin name in plugins.ini (without quotes).
L 01/06/2022 - 20:58:36: Unhandled dynamic native error
L 01/06/2022 - 20:58:36: [AMXX] Run time error 10 (plugin "zp_extra_kronos12.amxx") (native "zp_get_user_zombie") - debug not enabled!
L 01/06/2022 - 20:58:36: [AMXX] To enable debug mode, add "debug" after the plugin name in plugins.ini (without quotes).
L 01/06/2022 - 20:58:36: [AMXX] Run time error 4 (plugin "zombie_plague40.amxx") - debug not enabled!
L 01/06/2022 - 20:58:36: [AMXX] To enable debug mode, add "debug" after the plugin name in plugins.ini (without quotes).
L 01/06/2022 - 20:58:36: Unhandled dynamic native error
L 01/06/2022 - 20:58:36: [AMXX] Run time error 10 (plugin "zp_extra_kronos12.amxx") (native "zp_get_user_zombie") - debug not enabled!
L 01/06/2022 - 20:58:36: [AMXX] To enable debug mode, add "debug" after the plugin name in plugins.ini (without quotes).
L 01/06/2022 - 20:58:37: [AMXX] Run time error 4 (plugin "zombie_plague40.amxx") - debug not enabled!
L 01/06/2022 - 20:58:37: [AMXX] To enable debug mode, add "debug" after the plugin name in plugins.ini (without quotes).
L 01/06/2022 - 20:58:37: Unhandled dynamic native error
L 01/06/2022 - 20:58:37: [AMXX] Run time error 10 (plugin "zp_extra_kronos12.amxx") (native "zp_get_user_zombie") - debug not enabled!
L 01/06/2022 - 20:58:37: [AMXX] To enable debug mode, add "debug" after the plugin name in plugins.ini (without quotes).
L 01/06/2022 - 20:58:37: [AMXX] Run time error 4 (plugin "zombie_plague40.amxx") - debug not enabled!
L 01/06/2022 - 20:58:37: [AMXX] To enable debug mode, add "debug" after the plugin name in plugins.ini (without quotes).
L 01/06/2022 - 20:58:37: Unhandled dynamic native error
L 01/06/2022 - 20:58:37: [AMXX] Run time error 10 (plugin "zp_extra_kronos12.amxx") (native "zp_get_user_zombie") - debug not enabled!
L 01/06/2022 - 20:58:37: [AMXX] To enable debug mode, add "debug" after the plugin name in plugins.ini (without quotes).
L 01/06/2022 - 20:58:37: [AMXX] Run time error 4 (plugin "zombie_plague40.amxx") - debug not enabled!
L 01/06/2022 - 20:58:37: [AMXX] To enable debug mode, add "debug" after the plugin name in plugins.ini (without quotes).
L 01/06/2022 - 20:58:37: Unhandled dynamic native error
L 01/06/2022 - 20:58:37: [AMXX] Run time error 10 (plugin "zp_extra_kronos12.amxx") (native "zp_get_user_zombie") - debug not enabled!
L 01/06/2022 - 20:58:37: [AMXX] To enable debug mode, add "debug" after the plugin name in plugins.ini (without quotes).
L 01/06/2022 - 20:58:38: [AMXX] Run time error 4 (plugin "zombie_plague40.amxx") - debug not enabled!
L 01/06/2022 - 20:58:38: [AMXX] To enable debug mode, add "debug" after the plugin name in plugins.ini (without quotes).
L 01/06/2022 - 20:58:38: Unhandled dynamic native error
L 01/06/2022 - 20:58:38: [AMXX] Run time error 10 (plugin "zp_extra_kronos12.amxx") (native "zp_get_user_zombie") - debug not enabled!
L 01/06/2022 - 20:58:38: [AMXX] To enable debug mode, add "debug" after the plugin name in plugins.ini (without quotes).
L 01/06/2022 - 20:58:38: [AMXX] Run time error 4 (plugin "zombie_plague40.amxx") - debug not enabled!
L 01/06/2022 - 20:58:38: [AMXX] To enable debug mode, add "debug" after the plugin name in plugins.ini (without quotes).
L 01/06/2022 - 20:58:38: Unhandled dynamic native error
L 01/06/2022 - 20:58:38: [AMXX] Run time error 10 (plugin "zp_extra_kronos12.amxx") (native "zp_get_user_zombie") - debug not enabled!
L 01/06/2022 - 20:58:38: [AMXX] To enable debug mode, add "debug" after the plugin name in plugins.ini (without quotes).
L 01/06/2022 - 20:58:38: [AMXX] Run time error 4 (plugin "zombie_plague40.amxx") - debug not enabled!
L 01/06/2022 - 20:58:38: [AMXX] To enable debug mode, add "debug" after the plugin name in plugins.ini (without quotes).
L 01/06/2022 - 20:58:38: Unhandled dynamic native error
L 01/06/2022 - 20:58:38: [AMXX] Run time error 10 (plugin "zp_extra_kronos12.amxx") (native "zp_get_user_zombie") - debug not enabled!
L 01/06/2022 - 20:58:38: [AMXX] To enable debug mode, add "debug" after the plugin name in plugins.ini (without quotes).
L 01/06/2022 - 20:58:38: [AMXX] Run time error 4 (plugin "zombie_plague40.amxx") - debug not enabled!
L 01/06/2022 - 20:58:38: [AMXX] To enable debug mode, add "debug" after the plugin name in plugins.ini (without quotes).
L 01/06/2022 - 20:58:38: Unhandled dynamic native error
L 01/06/2022 - 20:58:39: [AMXX] Run time error 10 (plugin "zp_extra_kronos12.amxx") (native "zp_get_user_zombie") - debug not enabled!
L 01/06/2022 - 20:58:39: [AMXX] To enable debug mode, add "debug" after the plugin name in plugins.ini (without quotes).
L 01/06/2022 - 20:58:39: [AMXX] Run time error 4 (plugin "zombie_plague40.amxx") - debug not enabled!
L 01/06/2022 - 20:58:39: [AMXX] To enable debug mode, add "debug" after the plugin name in plugins.ini (without quotes).
L 01/06/2022 - 20:58:39: Unhandled dynamic native error
L 01/06/2022 - 20:58:39: [AMXX] Run time error 10 (plugin "zp_extra_kronos12.amxx") (native "zp_get_user_zombie") - debug not enabled!
L 01/06/2022 - 20:58:39: [AMXX] To enable debug mode, add "debug" after the plugin name in plugins.ini (without quotes).
L 01/06/2022 - 21:02:22: Start of error session.
L 01/06/2022 - 21:02:22: Info (map "zm_toan") (file "addons/amxmodx/logs/error_20220106.log")
L 01/06/2022 - 21:02:22: [AMXX] Run time error 4 (plugin "zombie_plague40.amxx") - debug not enabled!
L 01/06/2022 - 21:02:22: [AMXX] To enable debug mode, add "debug" after the plugin name in plugins.ini (without quotes).
L 01/06/2022 - 21:02:22: Unhandled dynamic native error
L 01/06/2022 - 21:02:22: [AMXX] Displaying debug trace (plugin "zp_extra_kronos12.amxx")
L 01/06/2022 - 21:02:22: [AMXX] Run time error 10: native error (native "zp_get_user_zombie")
L 01/06/2022 - 21:02:22: [AMXX]    [0] zp_extra_kronos12.sma::IsAlive (line 1507)
L 01/06/2022 - 21:02:22: [AMXX]    [1] zp_extra_kronos12.sma::KnifeAttack2 (line 1282)
L 01/06/2022 - 21:02:22: [AMXX]    [2] zp_extra_kronos12.sma::KnifeAttack_Global (line 1186)
L 01/06/2022 - 21:02:22: [AMXX]    [3] zp_extra_kronos12.sma::AutoLockSystem (line 474)
L 01/06/2022 - 21:02:22: [AMXX]    [4] zp_extra_kronos12.sma::fw_Weapon_PrimaryAttack_Post (line 505)
L 01/06/2022 - 21:02:22: [AMXX] Run time error 4 (plugin "zombie_plague40.amxx") - debug not enabled!
L 01/06/2022 - 21:02:22: [AMXX] To enable debug mode, add "debug" after the plugin name in plugins.ini (without quotes).
L 01/06/2022 - 21:02:22: Unhandled dynamic native error
L 01/06/2022 - 21:02:22: [AMXX] Displaying debug trace (plugin "zp_extra_kronos12.amxx")
L 01/06/2022 - 21:02:22: [AMXX] Run time error 10: native error (native "zp_get_user_zombie")
L 01/06/2022 - 21:02:22: [AMXX]    [0] zp_extra_kronos12.sma::IsAlive (line 1507)
L 01/06/2022 - 21:02:22: [AMXX]    [1] zp_extra_kronos12.sma::KnifeAttack2 (line 1282)
L 01/06/2022 - 21:02:22: [AMXX]    [2] zp_extra_kronos12.sma::KnifeAttack_Global (line 1186)
L 01/06/2022 - 21:02:22: [AMXX]    [3] zp_extra_kronos12.sma::AutoLockSystem (line 474)
L 01/06/2022 - 21:02:22: [AMXX]    [4] zp_extra_kronos12.sma::fw_Weapon_PrimaryAttack_Post (line 505)
L 01/06/2022 - 21:02:22: [AMXX] Run time error 4 (plugin "zombie_plague40.amxx") - debug not enabled!
L 01/06/2022 - 21:02:22: [AMXX] To enable debug mode, add "debug" after the plugin name in plugins.ini (without quotes).
L 01/06/2022 - 21:02:22: Unhandled dynamic native error
L 01/06/2022 - 21:02:22: [AMXX] Displaying debug trace (plugin "zp_extra_kronos12.amxx")
L 01/06/2022 - 21:02:22: [AMXX] Run time error 10: native error (native "zp_get_user_zombie")
L 01/06/2022 - 21:02:22: [AMXX]    [0] zp_extra_kronos12.sma::IsAlive (line 1507)
L 01/06/2022 - 21:02:22: [AMXX]    [1] zp_extra_kronos12.sma::KnifeAttack2 (line 1282)
L 01/06/2022 - 21:02:22: [AMXX]    [2] zp_extra_kronos12.sma::KnifeAttack_Global (line 1186)
L 01/06/2022 - 21:02:22: [AMXX]    [3] zp_extra_kronos12.sma::AutoLockSystem (line 474)
L 01/06/2022 - 21:02:22: [AMXX]    [4] zp_extra_kronos12.sma::fw_Weapon_PrimaryAttack_Post (line 505)
L 01/06/2022 - 21:02:23: [AMXX] Run time error 4 (plugin "zombie_plague40.amxx") - debug not enabled!
L 01/06/2022 - 21:02:23: [AMXX] To enable debug mode, add "debug" after the plugin name in plugins.ini (without quotes).
L 01/06/2022 - 21:02:23: Unhandled dynamic native error
L 01/06/2022 - 21:02:23: [AMXX] Displaying debug trace (plugin "zp_extra_kronos12.amxx")
L 01/06/2022 - 21:02:23: [AMXX] Run time error 10: native error (native "zp_get_user_zombie")
L 01/06/2022 - 21:02:23: [AMXX]    [0] zp_extra_kronos12.sma::IsAlive (line 1507)
L 01/06/2022 - 21:02:23: [AMXX]    [1] zp_extra_kronos12.sma::KnifeAttack2 (line 1282)
L 01/06/2022 - 21:02:23: [AMXX]    [2] zp_extra_kronos12.sma::KnifeAttack_Global (line 1186)
L 01/06/2022 - 21:02:23: [AMXX]    [3] zp_extra_kronos12.sma::AutoLockSystem (line 474)
L 01/06/2022 - 21:02:23: [AMXX]    [4] zp_extra_kronos12.sma::fw_Weapon_PrimaryAttack_Post (line 505)
L 01/06/2022 - 21:02:23: [AMXX] Run time error 4 (plugin "zombie_plague40.amxx") - debug not enabled!
L 01/06/2022 - 21:02:23: [AMXX] To enable debug mode, add "debug" after the plugin name in plugins.ini (without quotes).
L 01/06/2022 - 21:02:23: Unhandled dynamic native error
L 01/06/2022 - 21:02:23: [AMXX] Displaying debug trace (plugin "zp_extra_kronos12.amxx")
L 01/06/2022 - 21:02:23: [AMXX] Run time error 10: native error (native "zp_get_user_zombie")
L 01/06/2022 - 21:02:23: [AMXX]    [0] zp_extra_kronos12.sma::IsAlive (line 1507)
L 01/06/2022 - 21:02:23: [AMXX]    [1] zp_extra_kronos12.sma::KnifeAttack2 (line 1282)
L 01/06/2022 - 21:02:23: [AMXX]    [2] zp_extra_kronos12.sma::KnifeAttack_Global (line 1186)
L 01/06/2022 - 21:02:23: [AMXX]    [3] zp_extra_kronos12.sma::AutoLockSystem (line 474)
L 01/06/2022 - 21:02:23: [AMXX]    [4] zp_extra_kronos12.sma::fw_Weapon_PrimaryAttack_Post (line 505)
L 01/06/2022 - 21:02:23: [AMXX] Run time error 4 (plugin "zombie_plague40.amxx") - debug not enabled!
L 01/06/2022 - 21:02:23: [AMXX] To enable debug mode, add "debug" after the plugin name in plugins.ini (without quotes).
L 01/06/2022 - 21:02:23: Unhandled dynamic native error
L 01/06/2022 - 21:02:23: [AMXX] Displaying debug trace (plugin "zp_extra_kronos12.amxx")
L 01/06/2022 - 21:02:23: [AMXX] Run time error 10: native error (native "zp_get_user_zombie")
L 01/06/2022 - 21:02:23: [AMXX]    [0] zp_extra_kronos12.sma::IsAlive (line 1507)
L 01/06/2022 - 21:02:23: [AMXX]    [1] zp_extra_kronos12.sma::KnifeAttack2 (line 1282)
L 01/06/2022 - 21:02:23: [AMXX]    [2] zp_extra_kronos12.sma::KnifeAttack_Global (line 1186)
L 01/06/2022 - 21:02:23: [AMXX]    [3] zp_extra_kronos12.sma::AutoLockSystem (line 474)
L 01/06/2022 - 21:02:23: [AMXX]    [4] zp_extra_kronos12.sma::fw_Weapon_PrimaryAttack_Post (line 505)
L 01/06/2022 - 21:02:24: [AMXX] Run time error 4 (plugin "zombie_plague40.amxx") - debug not enabled!
L 01/06/2022 - 21:02:24: [AMXX] To enable debug mode, add "debug" after the plugin name in plugins.ini (without quotes).
L 01/06/2022 - 21:02:24: Unhandled dynamic native error
L 01/06/2022 - 21:02:24: [AMXX] Displaying debug trace (plugin "zp_extra_kronos12.amxx")
L 01/06/2022 - 21:02:24: [AMXX] Run time error 10: native error (native "zp_get_user_zombie")
L 01/06/2022 - 21:02:24: [AMXX]    [0] zp_extra_kronos12.sma::IsAlive (line 1507)
L 01/06/2022 - 21:02:24: [AMXX]    [1] zp_extra_kronos12.sma::KnifeAttack2 (line 1282)
L 01/06/2022 - 21:02:24: [AMXX]    [2] zp_extra_kronos12.sma::KnifeAttack_Global (line 1186)
L 01/06/2022 - 21:02:24: [AMXX]    [3] zp_extra_kronos12.sma::AutoLockSystem (line 474)
L 01/06/2022 - 21:02:24: [AMXX]    [4] zp_extra_kronos12.sma::fw_Weapon_PrimaryAttack_Post (line 505)
L 01/06/2022 - 21:02:24: [AMXX] Run time error 4 (plugin "zombie_plague40.amxx") - debug not enabled!
L 01/06/2022 - 21:02:24: [AMXX] To enable debug mode, add "debug" after the plugin name in plugins.ini (without quotes).
L 01/06/2022 - 21:02:24: Unhandled dynamic native error
L 01/06/2022 - 21:02:24: [AMXX] Displaying debug trace (plugin "zp_extra_kronos12.amxx")
L 01/06/2022 - 21:02:24: [AMXX] Run time error 10: native error (native "zp_get_user_zombie")
L 01/06/2022 - 21:02:24: [AMXX]    [0] zp_extra_kronos12.sma::IsAlive (line 1507)
L 01/06/2022 - 21:02:24: [AMXX]    [1] zp_extra_kronos12.sma::KnifeAttack2 (line 1282)
L 01/06/2022 - 21:02:24: [AMXX]    [2] zp_extra_kronos12.sma::KnifeAttack_Global (line 1186)
L 01/06/2022 - 21:02:24: [AMXX]    [3] zp_extra_kronos12.sma::AutoLockSystem (line 474)
L 01/06/2022 - 21:02:24: [AMXX]    [4] zp_extra_kronos12.sma::fw_Weapon_PrimaryAttack_Post (line 505)
L 01/06/2022 - 21:02:24: [AMXX] Run time error 4 (plugin "zombie_plague40.amxx") - debug not enabled!
L 01/06/2022 - 21:02:24: [AMXX] To enable debug mode, add "debug" after the plugin name in plugins.ini (without quotes).
L 01/06/2022 - 21:02:24: Unhandled dynamic native error
L 01/06/2022 - 21:02:24: [AMXX] Displaying debug trace (plugin "zp_extra_kronos12.amxx")
L 01/06/2022 - 21:02:24: [AMXX] Run time error 10: native error (native "zp_get_user_zombie")
L 01/06/2022 - 21:02:24: [AMXX]    [0] zp_extra_kronos12.sma::IsAlive (line 1507)
L 01/06/2022 - 21:02:24: [AMXX]    [1] zp_extra_kronos12.sma::KnifeAttack2 (line 1282)
L 01/06/2022 - 21:02:24: [AMXX]    [2] zp_extra_kronos12.sma::KnifeAttack_Global (line 1186)
L 01/06/2022 - 21:02:24: [AMXX]    [3] zp_extra_kronos12.sma::AutoLockSystem (line 474)
L 01/06/2022 - 21:02:24: [AMXX]    [4] zp_extra_kronos12.sma::fw_Weapon_PrimaryAttack_Post (line 505)
L 01/06/2022 - 21:02:25: [AMXX] Run time error 4 (plugin "zombie_plague40.amxx") - debug not enabled!
L 01/06/2022 - 21:02:25: [AMXX] To enable debug mode, add "debug" after the plugin name in plugins.ini (without quotes).
L 01/06/2022 - 21:02:25: Unhandled dynamic native error
L 01/06/2022 - 21:02:25: [AMXX] Displaying debug trace (plugin "zp_extra_kronos12.amxx")
L 01/06/2022 - 21:02:25: [AMXX] Run time error 10: native error (native "zp_get_user_zombie")
L 01/06/2022 - 21:02:25: [AMXX]    [0] zp_extra_kronos12.sma::IsAlive (line 1507)
L 01/06/2022 - 21:02:25: [AMXX]    [1] zp_extra_kronos12.sma::KnifeAttack2 (line 1282)
L 01/06/2022 - 21:02:25: [AMXX]    [2] zp_extra_kronos12.sma::KnifeAttack_Global (line 1186)
L 01/06/2022 - 21:02:25: [AMXX]    [3] zp_extra_kronos12.sma::AutoLockSystem (line 474)
L 01/06/2022 - 21:02:25: [AMXX]    [4] zp_extra_kronos12.sma::fw_Weapon_PrimaryAttack_Post (line 505)
L 01/06/2022 - 21:02:25: [AMXX] Run time error 4 (plugin "zombie_plague40.amxx") - debug not enabled!
L 01/06/2022 - 21:02:25: [AMXX] To enable debug mode, add "debug" after the plugin name in plugins.ini (without quotes).
L 01/06/2022 - 21:02:25: Unhandled dynamic native error
L 01/06/2022 - 21:02:25: [AMXX] Displaying debug trace (plugin "zp_extra_kronos12.amxx")
L 01/06/2022 - 21:02:25: [AMXX] Run time error 10: native error (native "zp_get_user_zombie")
L 01/06/2022 - 21:02:25: [AMXX]    [0] zp_extra_kronos12.sma::IsAlive (line 1507)
L 01/06/2022 - 21:02:25: [AMXX]    [1] zp_extra_kronos12.sma::KnifeAttack2 (line 1282)
L 01/06/2022 - 21:02:25: [AMXX]    [2] zp_extra_kronos12.sma::KnifeAttack_Global (line 1186)
L 01/06/2022 - 21:02:25: [AMXX]    [3] zp_extra_kronos12.sma::AutoLockSystem (line 474)
L 01/06/2022 - 21:02:25: [AMXX]    [4] zp_extra_kronos12.sma::fw_Weapon_PrimaryAttack_Post (line 505)
L 01/06/2022 - 21:02:25: [AMXX] Run time error 4 (plugin "zombie_plague40.amxx") - debug not enabled!
L 01/06/2022 - 21:02:25: [AMXX] To enable debug mode, add "debug" after the plugin name in plugins.ini (without quotes).
L 01/06/2022 - 21:02:25: Unhandled dynamic native error
L 01/06/2022 - 21:02:25: [AMXX] Displaying debug trace (plugin "zp_extra_kronos12.amxx")
L 01/06/2022 - 21:02:25: [AMXX] Run time error 10: native error (native "zp_get_user_zombie")
L 01/06/2022 - 21:02:25: [AMXX]    [0] zp_extra_kronos12.sma::IsAlive (line 1507)
L 01/06/2022 - 21:02:25: [AMXX]    [1] zp_extra_kronos12.sma::KnifeAttack2 (line 1282)
L 01/06/2022 - 21:02:25: [AMXX]    [2] zp_extra_kronos12.sma::KnifeAttack_Global (line 1186)
L 01/06/2022 - 21:02:25: [AMXX]    [3] zp_extra_kronos12.sma::AutoLockSystem (line 474)
L 01/06/2022 - 21:02:25: [AMXX]    [4] zp_extra_kronos12.sma::fw_Weapon_PrimaryAttack_Post (line 505)
L 01/06/2022 - 21:02:25: [AMXX] Run time error 4 (plugin "zombie_plague40.amxx") - debug not enabled!
L 01/06/2022 - 21:02:25: [AMXX] To enable debug mode, add "debug" after the plugin name in plugins.ini (without quotes).
L 01/06/2022 - 21:02:25: Unhandled dynamic native error
L 01/06/2022 - 21:02:25: [AMXX] Displaying debug trace (plugin "zp_extra_kronos12.amxx")
L 01/06/2022 - 21:02:25: [AMXX] Run time error 10: native error (native "zp_get_user_zombie")
L 01/06/2022 - 21:02:25: [AMXX]    [0] zp_extra_kronos12.sma::IsAlive (line 1507)
L 01/06/2022 - 21:02:26: [AMXX]    [1] zp_extra_kronos12.sma::KnifeAttack2 (line 1282)
L 01/06/2022 - 21:02:26: [AMXX]    [2] zp_extra_kronos12.sma::KnifeAttack_Global (line 1186)
L 01/06/2022 - 21:02:26: [AMXX]    [3] zp_extra_kronos12.sma::AutoLockSystem (line 474)
L 01/06/2022 - 21:02:26: [AMXX]    [4] zp_extra_kronos12.sma::fw_Weapon_PrimaryAttack_Post (line 505)
L 01/06/2022 - 21:02:26: [AMXX] Run time error 4 (plugin "zombie_plague40.amxx") - debug not enabled!
L 01/06/2022 - 21:02:26: [AMXX] To enable debug mode, add "debug" after the plugin name in plugins.ini (without quotes).
L 01/06/2022 - 21:02:26: Unhandled dynamic native error
L 01/06/2022 - 21:02:26: [AMXX] Displaying debug trace (plugin "zp_extra_kronos12.amxx")
L 01/06/2022 - 21:02:26: [AMXX] Run time error 10: native error (native "zp_get_user_zombie")
L 01/06/2022 - 21:02:26: [AMXX]    [0] zp_extra_kronos12.sma::IsAlive (line 1507)
L 01/06/2022 - 21:02:26: [AMXX]    [1] zp_extra_kronos12.sma::KnifeAttack2 (line 1282)
L 01/06/2022 - 21:02:26: [AMXX]    [2] zp_extra_kronos12.sma::KnifeAttack_Global (line 1186)
L 01/06/2022 - 21:02:26: [AMXX]    [3] zp_extra_kronos12.sma::AutoLockSystem (line 474)
L 01/06/2022 - 21:02:26: [AMXX]    [4] zp_extra_kronos12.sma::fw_Weapon_PrimaryAttack_Post (line 505)
L 01/06/2022 - 21:09:03: Start of error session.
L 01/06/2022 - 21:09:03: Info (map "zm_toan") (file "addons/amxmodx/logs/error_20220106.log")
L 01/06/2022 - 21:09:03: [ENGINE] Invalid player 15 (not in-game)
L 01/06/2022 - 21:09:03: [AMXX] Displaying debug trace (plugin "zp_extra_kronos12.amxx")
L 01/06/2022 - 21:09:03: [AMXX] Run time error 10: native error (native "entity_range")
L 01/06/2022 - 21:09:03: [AMXX]    [0] zp_extra_kronos12.sma::AutoLockSystem (line 472)
L 01/06/2022 - 21:09:03: [AMXX]    [1] zp_extra_kronos12.sma::fw_Weapon_PrimaryAttack_Post (line 505)
L 01/06/2022 - 21:09:04: [ENGINE] Invalid player 15 (not in-game)
L 01/06/2022 - 21:09:04: [AMXX] Displaying debug trace (plugin "zp_extra_kronos12.amxx")
L 01/06/2022 - 21:09:04: [AMXX] Run time error 10: native error (native "entity_range")
L 01/06/2022 - 21:09:04: [AMXX]    [0] zp_extra_kronos12.sma::AutoLockSystem (line 472)
L 01/06/2022 - 21:09:04: [AMXX]    [1] zp_extra_kronos12.sma::fw_Weapon_PrimaryAttack_Post (line 505)
L 01/06/2022 - 21:09:04: [ENGINE] Invalid player 15 (not in-game)
L 01/06/2022 - 21:09:04: [AMXX] Displaying debug trace (plugin "zp_extra_kronos12.amxx")
L 01/06/2022 - 21:09:04: [AMXX] Run time error 10: native error (native "entity_range")
L 01/06/2022 - 21:09:04: [AMXX]    [0] zp_extra_kronos12.sma::AutoLockSystem (line 472)
L 01/06/2022 - 21:09:04: [AMXX]    [1] zp_extra_kronos12.sma::fw_Weapon_PrimaryAttack_Post (line 505)
L 01/06/2022 - 21:09:04: [ENGINE] Invalid player 15 (not in-game)
L 01/06/2022 - 21:09:04: [AMXX] Displaying debug trace (plugin "zp_extra_kronos12.amxx")
L 01/06/2022 - 21:09:04: [AMXX] Run time error 10: native error (native "entity_range")
L 01/06/2022 - 21:09:04: [AMXX]    [0] zp_extra_kronos12.sma::AutoLockSystem (line 472)
L 01/06/2022 - 21:09:04: [AMXX]    [1] zp_extra_kronos12.sma::fw_Weapon_PrimaryAttack_Post (line 505)
L 01/06/2022 - 21:09:05: [ENGINE] Invalid player 15 (not in-game)
L 01/06/2022 - 21:09:05: [AMXX] Displaying debug trace (plugin "zp_extra_kronos12.amxx")
L 01/06/2022 - 21:09:05: [AMXX] Run time error 10: native error (native "entity_range")
L 01/06/2022 - 21:09:05: [AMXX]    [0] zp_extra_kronos12.sma::AutoLockSystem (line 472)
L 01/06/2022 - 21:09:05: [AMXX]    [1] zp_extra_kronos12.sma::fw_Weapon_PrimaryAttack_Post (line 505)
L 01/06/2022 - 21:09:05: [ENGINE] Invalid player 15 (not in-game)
L 01/06/2022 - 21:09:05: [AMXX] Displaying debug trace (plugin "zp_extra_kronos12.amxx")
L 01/06/2022 - 21:09:05: [AMXX] Run time error 10: native error (native "entity_range")
L 01/06/2022 - 21:09:05: [AMXX]    [0] zp_extra_kronos12.sma::AutoLockSystem (line 472)
L 01/06/2022 - 21:09:05: [AMXX]    [1] zp_extra_kronos12.sma::fw_Weapon_PrimaryAttack_Post (line 505)
L 01/06/2022 - 21:09:05: [ENGINE] Invalid player 15 (not in-game)
L 01/06/2022 - 21:09:05: [AMXX] Displaying debug trace (plugin "zp_extra_kronos12.amxx")
L 01/06/2022 - 21:09:05: [AMXX] Run time error 10: native error (native "entity_range")
L 01/06/2022 - 21:09:05: [AMXX]    [0] zp_extra_kronos12.sma::AutoLockSystem (line 472)
L 01/06/2022 - 21:09:05: [AMXX]    [1] zp_extra_kronos12.sma::fw_Weapon_PrimaryAttack_Post (line 505)
L 01/06/2022 - 21:09:05: [ENGINE] Invalid player 15 (not in-game)
L 01/06/2022 - 21:09:05: [AMXX] Displaying debug trace (plugin "zp_extra_kronos12.amxx")
L 01/06/2022 - 21:09:06: [AMXX] Run time error 10: native error (native "entity_range")
L 01/06/2022 - 21:09:06: [AMXX]    [0] zp_extra_kronos12.sma::AutoLockSystem (line 472)
L 01/06/2022 - 21:09:06: [AMXX]    [1] zp_extra_kronos12.sma::fw_Weapon_PrimaryAttack_Post (line 505)
L 01/06/2022 - 21:09:06: [ENGINE] Invalid player 15 (not in-game)
L 01/06/2022 - 21:09:06: [AMXX] Displaying debug trace (plugin "zp_extra_kronos12.amxx")
L 01/06/2022 - 21:09:06: [AMXX] Run time error 10: native error (native "entity_range")
L 01/06/2022 - 21:09:06: [AMXX]    [0] zp_extra_kronos12.sma::AutoLockSystem (line 472)
L 01/06/2022 - 21:09:06: [AMXX]    [1] zp_extra_kronos12.sma::fw_Weapon_PrimaryAttack_Post (line 505)
L 01/06/2022 - 21:09:06: [ENGINE] Invalid player 15 (not in-game)
L 01/06/2022 - 21:09:06: [AMXX] Displaying debug trace (plugin "zp_extra_kronos12.amxx")
L 01/06/2022 - 21:09:06: [AMXX] Run time error 10: native error (native "entity_range")
L 01/06/2022 - 21:09:06: [AMXX]    [0] zp_extra_kronos12.sma::AutoLockSystem (line 472)
L 01/06/2022 - 21:09:06: [AMXX]    [1] zp_extra_kronos12.sma::fw_Weapon_PrimaryAttack_Post (line 505)
L 01/06/2022 - 22:37:20: Start of error session.
L 01/06/2022 - 22:37:20: Info (map "zm_toan") (file "addons/amxmodx/logs/error_20220106.log")
L 01/06/2022 - 22:37:20: [FAKEMETA] Invalid entity
L 01/06/2022 - 22:37:20: [AMXX] Displaying debug trace (plugin "zp_extra_speargun.amxx")
L 01/06/2022 - 22:37:20: [AMXX] Run time error 10: native error (native "set_pdata_int")
L 01/06/2022 - 22:37:20: [AMXX]    [0] zp_extra_speargun.sma::DoneReload (line 275)
L 01/06/2022 - 22:39:14: [FAKEMETA] Invalid entity
L 01/06/2022 - 22:39:14: [AMXX] Displaying debug trace (plugin "zp_extra_speargun.amxx")
L 01/06/2022 - 22:39:14: [AMXX] Run time error 10: native error (native "set_pdata_int")
L 01/06/2022 - 22:39:14: [AMXX]    [0] zp_extra_speargun.sma::DoneReload (line 275)
L 01/06/2022 - 22:39:15: [FAKEMETA] Invalid entity
L 01/06/2022 - 22:39:15: [AMXX] Displaying debug trace (plugin "zp_extra_speargun.amxx")
L 01/06/2022 - 22:39:15: [AMXX] Run time error 10: native error (native "set_pdata_int")
L 01/06/2022 - 22:39:15: [AMXX]    [0] zp_extra_speargun.sma::DoneReload (line 275)
