L 04/30/2020 - 12:01:23: Start of error session.
L 04/30/2020 - 12:01:23: Info (map "zm_toan") (file "addons/amxmodx/logs/error_20200430.log")
L 04/30/2020 - 12:01:23: [AMXX] Invalid Plugin (plugin "zp_extra_speargun.amxx")
L 04/30/2020 - 12:07:25: [FAKEMETA] Invalid entity
L 04/30/2020 - 12:07:25: [AMXX] Run time error 10 (plugin "zp_zclass_stamper.amxx") (native "pev") - debug not enabled!
L 04/30/2020 - 12:07:25: [AMXX] To enable debug mode, add "debug" after the plugin name in plugins.ini (without quotes).
L 04/30/2020 - 12:08:45: [FAKEMETA] Invalid entity
L 04/30/2020 - 12:08:45: [AMXX] Displaying debug trace (plugin "zp_extra_petrolboomer.amxx")
L 04/30/2020 - 12:08:45: [AMXX] Run time error 10: native error (native "set_pdata_int")
L 04/30/2020 - 12:08:45: [AMXX]    [0] zp_extra_petrolboomer.sma::DoneReload (line 229)
L 04/30/2020 - 13:17:18: Start of error session.
L 04/30/2020 - 13:17:18: Info (map "zm_toan") (file "addons/amxmodx/logs/error_20200430.log")
L 04/30/2020 - 13:17:18: [AMXX] Invalid Plugin (plugin "zp_extra_speargun.amxx")
L 04/30/2020 - 17:30:46: Start of error session.
L 04/30/2020 - 17:30:46: Info (map "zm_toan") (file "addons/amxmodx/logs/error_20200430.log")
L 04/30/2020 - 17:30:46: [AMXX] Invalid Plugin (plugin "zp_extra_speargun.amxx")
L 04/30/2020 - 17:50:49: [FAKEMETA] Invalid entity
L 04/30/2020 - 17:50:49: [AMXX] Displaying debug trace (plugin "zp_extra_petrolboomer.amxx")
L 04/30/2020 - 17:50:49: [AMXX] Run time error 10: native error (native "set_pdata_int")
L 04/30/2020 - 17:50:49: [AMXX]    [0] zp_extra_petrolboomer.sma::DoneReload (line 229)
L 04/30/2020 - 18:04:04: [FAKEMETA] Invalid entity
L 04/30/2020 - 18:04:04: [AMXX] Displaying debug trace (plugin "zp_extra_petrolboomer.amxx")
L 04/30/2020 - 18:04:04: [AMXX] Run time error 10: native error (native "set_pdata_int")
L 04/30/2020 - 18:04:04: [AMXX]    [0] zp_extra_petrolboomer.sma::DoneReload (line 229)
L 04/30/2020 - 18:45:39: Start of error session.
L 04/30/2020 - 18:45:39: Info (map "zm_toan") (file "addons/amxmodx/logs/error_20200430.log")
L 04/30/2020 - 18:45:39: [AMXX] Invalid Plugin (plugin "zp_extra_speargun.amxx")
L 04/30/2020 - 18:54:32: Start of error session.
L 04/30/2020 - 18:54:32: Info (map "zm_toan") (file "addons/amxmodx/logs/error_20200430.log")
L 04/30/2020 - 18:54:32: [AMXX] Invalid Plugin (plugin "zp_extra_speargun.amxx")
L 04/30/2020 - 18:56:22: Start of error session.
L 04/30/2020 - 18:56:22: Info (map "zm_toan") (file "addons/amxmodx/logs/error_20200430.log")
L 04/30/2020 - 18:56:22: [AMXX] Invalid Plugin (plugin "zp_extra_speargun.amxx")
L 04/30/2020 - 20:01:39: Start of error session.
L 04/30/2020 - 20:01:39: Info (map "zm_toan") (file "addons/amxmodx/logs/error_20200430.log")
L 04/30/2020 - 20:01:39: [FAKEMETA] Invalid entity
L 04/30/2020 - 20:01:39: [AMXX] Run time error 10 (plugin "zp_add_Yasuo.amxx") (native "pev") - debug not enabled!
L 04/30/2020 - 20:01:39: [AMXX] To enable debug mode, add "debug" after the plugin name in plugins.ini (without quotes).
L 04/30/2020 - 20:50:10: Start of error session.
L 04/30/2020 - 20:50:10: Info (map "zm_toan") (file "addons/amxmodx/logs/error_20200430.log")
L 04/30/2020 - 20:50:10: [FAKEMETA] Invalid entity
L 04/30/2020 - 20:50:10: [AMXX] Displaying debug trace (plugin "zp_extra_speargun.amxx")
L 04/30/2020 - 20:50:10: [AMXX] Run time error 10: native error (native "set_pdata_int")
L 04/30/2020 - 20:50:10: [AMXX]    [0] zp_extra_speargun.sma::DoneReload (line 275)
L 04/30/2020 - 21:05:09: [FAKEMETA] Invalid entity
L 04/30/2020 - 21:05:09: [AMXX] Displaying debug trace (plugin "zp_extra_speargun.amxx")
L 04/30/2020 - 21:05:09: [AMXX] Run time error 10: native error (native "set_pdata_int")
L 04/30/2020 - 21:05:09: [AMXX]    [0] zp_extra_speargun.sma::DoneReload (line 275)
L 04/30/2020 - 21:21:49: [AMXX] Run time error 4 (plugin "zp_extra_PlasmaGun.amxx") - debug not enabled!
L 04/30/2020 - 21:21:49: [AMXX] To enable debug mode, add "debug" after the plugin name in plugins.ini (without quotes).
L 04/30/2020 - 21:38:22: [FAKEMETA] Invalid entity
L 04/30/2020 - 21:38:22: [AMXX] Displaying debug trace (plugin "zp_extra_speargun.amxx")
L 04/30/2020 - 21:38:22: [AMXX] Run time error 10: native error (native "set_pdata_int")
L 04/30/2020 - 21:38:22: [AMXX]    [0] zp_extra_speargun.sma::DoneReload (line 275)
