L 08/20/2021 - 23:40:47: Start of error session.
L 08/20/2021 - 23:40:47: Info (map "zm_toan") (file "addons/amxmodx/logs/error_20210820.log")
L 08/20/2021 - 23:40:47: [AMXX] Run time error 4 (plugin "zp_extra_gungnir.amxx") - debug not enabled!
L 08/20/2021 - 23:40:47: [AMXX] To enable debug mode, add "debug" after the plugin name in plugins.ini (without quotes).
L 08/20/2021 - 23:40:47: [AMXX] Run time error 4 (plugin "zp_extra_gungnir.amxx") - debug not enabled!
L 08/20/2021 - 23:40:47: [AMXX] To enable debug mode, add "debug" after the plugin name in plugins.ini (without quotes).
L 08/20/2021 - 23:40:47: [AMXX] Run time error 4 (plugin "zp_extra_gungnir.amxx") - debug not enabled!
L 08/20/2021 - 23:40:47: [AMXX] To enable debug mode, add "debug" after the plugin name in plugins.ini (without quotes).
L 08/20/2021 - 23:40:48: [AMXX] Run time error 4 (plugin "zp_extra_gungnir.amxx") - debug not enabled!
L 08/20/2021 - 23:40:48: [AMXX] To enable debug mode, add "debug" after the plugin name in plugins.ini (without quotes).
L 08/20/2021 - 23:40:48: [AMXX] Run time error 4 (plugin "zp_extra_gungnir.amxx") - debug not enabled!
L 08/20/2021 - 23:40:48: [AMXX] To enable debug mode, add "debug" after the plugin name in plugins.ini (without quotes).
L 08/20/2021 - 23:40:48: [AMXX] Run time error 4 (plugin "zp_extra_gungnir.amxx") - debug not enabled!
L 08/20/2021 - 23:40:48: [AMXX] To enable debug mode, add "debug" after the plugin name in plugins.ini (without quotes).
L 08/20/2021 - 23:40:48: [AMXX] Run time error 4 (plugin "zp_extra_gungnir.amxx") - debug not enabled!
L 08/20/2021 - 23:40:48: [AMXX] To enable debug mode, add "debug" after the plugin name in plugins.ini (without quotes).
L 08/20/2021 - 23:40:48: [AMXX] Run time error 4 (plugin "zp_extra_gungnir.amxx") - debug not enabled!
L 08/20/2021 - 23:40:48: [AMXX] To enable debug mode, add "debug" after the plugin name in plugins.ini (without quotes).
L 08/20/2021 - 23:40:48: [AMXX] Run time error 4 (plugin "zp_extra_gungnir.amxx") - debug not enabled!
L 08/20/2021 - 23:40:48: [AMXX] To enable debug mode, add "debug" after the plugin name in plugins.ini (without quotes).
L 08/20/2021 - 23:40:48: [AMXX] Run time error 4 (plugin "zp_extra_gungnir.amxx") - debug not enabled!
L 08/20/2021 - 23:40:48: [AMXX] To enable debug mode, add "debug" after the plugin name in plugins.ini (without quotes).
L 08/20/2021 - 23:40:48: [AMXX] Run time error 4 (plugin "zp_extra_gungnir.amxx") - debug not enabled!
L 08/20/2021 - 23:40:48: [AMXX] To enable debug mode, add "debug" after the plugin name in plugins.ini (without quotes).
L 08/20/2021 - 23:40:49: [AMXX] Run time error 4 (plugin "zp_extra_gungnir.amxx") - debug not enabled!
L 08/20/2021 - 23:40:49: [AMXX] To enable debug mode, add "debug" after the plugin name in plugins.ini (without quotes).
L 08/20/2021 - 23:40:49: [AMXX] Run time error 4 (plugin "zp_extra_gungnir.amxx") - debug not enabled!
L 08/20/2021 - 23:40:49: [AMXX] To enable debug mode, add "debug" after the plugin name in plugins.ini (without quotes).
L 08/20/2021 - 23:40:49: [AMXX] Run time error 4 (plugin "zp_extra_gungnir.amxx") - debug not enabled!
L 08/20/2021 - 23:40:49: [AMXX] To enable debug mode, add "debug" after the plugin name in plugins.ini (without quotes).
L 08/20/2021 - 23:40:49: [AMXX] Run time error 4 (plugin "zp_extra_gungnir.amxx") - debug not enabled!
L 08/20/2021 - 23:40:49: [AMXX] To enable debug mode, add "debug" after the plugin name in plugins.ini (without quotes).
L 08/20/2021 - 23:40:49: [AMXX] Run time error 4 (plugin "zp_extra_gungnir.amxx") - debug not enabled!
L 08/20/2021 - 23:40:49: [AMXX] To enable debug mode, add "debug" after the plugin name in plugins.ini (without quotes).
L 08/20/2021 - 23:40:49: [AMXX] Run time error 4 (plugin "zp_extra_gungnir.amxx") - debug not enabled!
L 08/20/2021 - 23:40:49: [AMXX] To enable debug mode, add "debug" after the plugin name in plugins.ini (without quotes).
L 08/20/2021 - 23:40:49: [AMXX] Run time error 4 (plugin "zp_extra_gungnir.amxx") - debug not enabled!
L 08/20/2021 - 23:40:49: [AMXX] To enable debug mode, add "debug" after the plugin name in plugins.ini (without quotes).
L 08/20/2021 - 23:40:50: [AMXX] Run time error 4 (plugin "zp_extra_gungnir.amxx") - debug not enabled!
L 08/20/2021 - 23:40:50: [AMXX] To enable debug mode, add "debug" after the plugin name in plugins.ini (without quotes).
L 08/20/2021 - 23:40:50: [AMXX] Run time error 4 (plugin "zp_extra_gungnir.amxx") - debug not enabled!
L 08/20/2021 - 23:40:50: [AMXX] To enable debug mode, add "debug" after the plugin name in plugins.ini (without quotes).
L 08/20/2021 - 23:40:50: [AMXX] Run time error 4 (plugin "zp_extra_gungnir.amxx") - debug not enabled!
L 08/20/2021 - 23:40:50: [AMXX] To enable debug mode, add "debug" after the plugin name in plugins.ini (without quotes).
L 08/20/2021 - 23:40:50: [AMXX] Run time error 4 (plugin "zp_extra_gungnir.amxx") - debug not enabled!
L 08/20/2021 - 23:40:50: [AMXX] To enable debug mode, add "debug" after the plugin name in plugins.ini (without quotes).
L 08/20/2021 - 23:40:50: [AMXX] Run time error 4 (plugin "zp_extra_gungnir.amxx") - debug not enabled!
L 08/20/2021 - 23:40:50: [AMXX] To enable debug mode, add "debug" after the plugin name in plugins.ini (without quotes).
L 08/20/2021 - 23:40:50: [AMXX] Run time error 4 (plugin "zp_extra_gungnir.amxx") - debug not enabled!
L 08/20/2021 - 23:40:50: [AMXX] To enable debug mode, add "debug" after the plugin name in plugins.ini (without quotes).
L 08/20/2021 - 23:40:50: [AMXX] Run time error 4 (plugin "zp_extra_gungnir.amxx") - debug not enabled!
L 08/20/2021 - 23:40:50: [AMXX] To enable debug mode, add "debug" after the plugin name in plugins.ini (without quotes).
L 08/20/2021 - 23:40:50: [AMXX] Run time error 4 (plugin "zp_extra_gungnir.amxx") - debug not enabled!
L 08/20/2021 - 23:40:50: [AMXX] To enable debug mode, add "debug" after the plugin name in plugins.ini (without quotes).
L 08/20/2021 - 23:40:51: [AMXX] Run time error 4 (plugin "zp_extra_gungnir.amxx") - debug not enabled!
L 08/20/2021 - 23:40:51: [AMXX] To enable debug mode, add "debug" after the plugin name in plugins.ini (without quotes).
L 08/20/2021 - 23:40:51: [AMXX] Run time error 4 (plugin "zp_extra_gungnir.amxx") - debug not enabled!
L 08/20/2021 - 23:40:51: [AMXX] To enable debug mode, add "debug" after the plugin name in plugins.ini (without quotes).
L 08/20/2021 - 23:40:51: [AMXX] Run time error 4 (plugin "zp_extra_gungnir.amxx") - debug not enabled!
L 08/20/2021 - 23:40:51: [AMXX] To enable debug mode, add "debug" after the plugin name in plugins.ini (without quotes).
L 08/20/2021 - 23:40:51: [AMXX] Run time error 4 (plugin "zp_extra_gungnir.amxx") - debug not enabled!
L 08/20/2021 - 23:40:51: [AMXX] To enable debug mode, add "debug" after the plugin name in plugins.ini (without quotes).
L 08/20/2021 - 23:40:51: [AMXX] Run time error 4 (plugin "zp_extra_gungnir.amxx") - debug not enabled!
L 08/20/2021 - 23:40:51: [AMXX] To enable debug mode, add "debug" after the plugin name in plugins.ini (without quotes).
L 08/20/2021 - 23:40:51: [AMXX] Run time error 4 (plugin "zp_extra_gungnir.amxx") - debug not enabled!
L 08/20/2021 - 23:40:51: [AMXX] To enable debug mode, add "debug" after the plugin name in plugins.ini (without quotes).
L 08/20/2021 - 23:40:51: [AMXX] Run time error 4 (plugin "zp_extra_gungnir.amxx") - debug not enabled!
L 08/20/2021 - 23:40:51: [AMXX] To enable debug mode, add "debug" after the plugin name in plugins.ini (without quotes).
L 08/20/2021 - 23:40:51: [AMXX] Run time error 4 (plugin "zp_extra_gungnir.amxx") - debug not enabled!
L 08/20/2021 - 23:40:51: [AMXX] To enable debug mode, add "debug" after the plugin name in plugins.ini (without quotes).
L 08/20/2021 - 23:40:52: [AMXX] Run time error 4 (plugin "zp_extra_gungnir.amxx") - debug not enabled!
L 08/20/2021 - 23:40:52: [AMXX] To enable debug mode, add "debug" after the plugin name in plugins.ini (without quotes).
L 08/20/2021 - 23:40:52: [AMXX] Run time error 4 (plugin "zp_extra_gungnir.amxx") - debug not enabled!
L 08/20/2021 - 23:40:52: [AMXX] To enable debug mode, add "debug" after the plugin name in plugins.ini (without quotes).
L 08/20/2021 - 23:40:52: [AMXX] Run time error 4 (plugin "zp_extra_gungnir.amxx") - debug not enabled!
L 08/20/2021 - 23:40:52: [AMXX] To enable debug mode, add "debug" after the plugin name in plugins.ini (without quotes).
L 08/20/2021 - 23:40:52: [AMXX] Run time error 4 (plugin "zp_extra_gungnir.amxx") - debug not enabled!
L 08/20/2021 - 23:40:52: [AMXX] To enable debug mode, add "debug" after the plugin name in plugins.ini (without quotes).
L 08/20/2021 - 23:40:52: [AMXX] Run time error 4 (plugin "zp_extra_gungnir.amxx") - debug not enabled!
L 08/20/2021 - 23:40:52: [AMXX] To enable debug mode, add "debug" after the plugin name in plugins.ini (without quotes).
L 08/20/2021 - 23:40:52: [AMXX] Run time error 4 (plugin "zp_extra_gungnir.amxx") - debug not enabled!
L 08/20/2021 - 23:40:52: [AMXX] To enable debug mode, add "debug" after the plugin name in plugins.ini (without quotes).
L 08/20/2021 - 23:40:52: [AMXX] Run time error 4 (plugin "zp_extra_gungnir.amxx") - debug not enabled!
L 08/20/2021 - 23:40:52: [AMXX] To enable debug mode, add "debug" after the plugin name in plugins.ini (without quotes).
L 08/20/2021 - 23:40:53: [AMXX] Run time error 4 (plugin "zp_extra_gungnir.amxx") - debug not enabled!
L 08/20/2021 - 23:40:53: [AMXX] To enable debug mode, add "debug" after the plugin name in plugins.ini (without quotes).
L 08/20/2021 - 23:40:53: [AMXX] Run time error 4 (plugin "zp_extra_gungnir.amxx") - debug not enabled!
L 08/20/2021 - 23:40:53: [AMXX] To enable debug mode, add "debug" after the plugin name in plugins.ini (without quotes).
L 08/20/2021 - 23:40:53: [AMXX] Run time error 4 (plugin "zp_extra_gungnir.amxx") - debug not enabled!
L 08/20/2021 - 23:40:53: [AMXX] To enable debug mode, add "debug" after the plugin name in plugins.ini (without quotes).
L 08/20/2021 - 23:40:53: [AMXX] Run time error 4 (plugin "zp_extra_gungnir.amxx") - debug not enabled!
L 08/20/2021 - 23:40:53: [AMXX] To enable debug mode, add "debug" after the plugin name in plugins.ini (without quotes).
L 08/20/2021 - 23:40:53: [AMXX] Run time error 4 (plugin "zp_extra_gungnir.amxx") - debug not enabled!
L 08/20/2021 - 23:40:53: [AMXX] To enable debug mode, add "debug" after the plugin name in plugins.ini (without quotes).
L 08/20/2021 - 23:40:53: [AMXX] Run time error 4 (plugin "zp_extra_gungnir.amxx") - debug not enabled!
L 08/20/2021 - 23:40:53: [AMXX] To enable debug mode, add "debug" after the plugin name in plugins.ini (without quotes).
L 08/20/2021 - 23:40:53: [AMXX] Run time error 4 (plugin "zp_extra_gungnir.amxx") - debug not enabled!
L 08/20/2021 - 23:40:53: [AMXX] To enable debug mode, add "debug" after the plugin name in plugins.ini (without quotes).
L 08/20/2021 - 23:40:53: [AMXX] Run time error 4 (plugin "zp_extra_gungnir.amxx") - debug not enabled!
L 08/20/2021 - 23:40:53: [AMXX] To enable debug mode, add "debug" after the plugin name in plugins.ini (without quotes).
L 08/20/2021 - 23:40:54: [AMXX] Run time error 4 (plugin "zp_extra_gungnir.amxx") - debug not enabled!
L 08/20/2021 - 23:40:54: [AMXX] To enable debug mode, add "debug" after the plugin name in plugins.ini (without quotes).
L 08/20/2021 - 23:40:57: [AMXX] Run time error 4 (plugin "zp_extra_gungnir.amxx") - debug not enabled!
L 08/20/2021 - 23:40:57: [AMXX] To enable debug mode, add "debug" after the plugin name in plugins.ini (without quotes).
L 08/20/2021 - 23:40:57: [AMXX] Run time error 4 (plugin "zp_extra_gungnir.amxx") - debug not enabled!
L 08/20/2021 - 23:40:57: [AMXX] To enable debug mode, add "debug" after the plugin name in plugins.ini (without quotes).
L 08/20/2021 - 23:40:57: [AMXX] Run time error 4 (plugin "zp_extra_gungnir.amxx") - debug not enabled!
L 08/20/2021 - 23:40:57: [AMXX] To enable debug mode, add "debug" after the plugin name in plugins.ini (without quotes).
L 08/20/2021 - 23:40:57: [AMXX] Run time error 4 (plugin "zp_extra_gungnir.amxx") - debug not enabled!
L 08/20/2021 - 23:40:57: [AMXX] To enable debug mode, add "debug" after the plugin name in plugins.ini (without quotes).
L 08/20/2021 - 23:40:57: [AMXX] Run time error 4 (plugin "zp_extra_gungnir.amxx") - debug not enabled!
L 08/20/2021 - 23:40:57: [AMXX] To enable debug mode, add "debug" after the plugin name in plugins.ini (without quotes).
L 08/20/2021 - 23:40:57: [AMXX] Run time error 4 (plugin "zp_extra_gungnir.amxx") - debug not enabled!
L 08/20/2021 - 23:40:57: [AMXX] To enable debug mode, add "debug" after the plugin name in plugins.ini (without quotes).
L 08/20/2021 - 23:40:58: [AMXX] Run time error 4 (plugin "zp_extra_gungnir.amxx") - debug not enabled!
L 08/20/2021 - 23:40:58: [AMXX] To enable debug mode, add "debug" after the plugin name in plugins.ini (without quotes).
L 08/20/2021 - 23:40:58: [AMXX] Run time error 4 (plugin "zp_extra_gungnir.amxx") - debug not enabled!
L 08/20/2021 - 23:40:58: [AMXX] To enable debug mode, add "debug" after the plugin name in plugins.ini (without quotes).
L 08/20/2021 - 23:40:58: [AMXX] Run time error 4 (plugin "zp_extra_gungnir.amxx") - debug not enabled!
L 08/20/2021 - 23:40:58: [AMXX] To enable debug mode, add "debug" after the plugin name in plugins.ini (without quotes).
L 08/20/2021 - 23:40:58: [AMXX] Run time error 4 (plugin "zp_extra_gungnir.amxx") - debug not enabled!
L 08/20/2021 - 23:40:58: [AMXX] To enable debug mode, add "debug" after the plugin name in plugins.ini (without quotes).
L 08/20/2021 - 23:40:58: [AMXX] Run time error 4 (plugin "zp_extra_gungnir.amxx") - debug not enabled!
L 08/20/2021 - 23:40:58: [AMXX] To enable debug mode, add "debug" after the plugin name in plugins.ini (without quotes).
L 08/20/2021 - 23:40:58: [AMXX] Run time error 4 (plugin "zp_extra_gungnir.amxx") - debug not enabled!
L 08/20/2021 - 23:40:58: [AMXX] To enable debug mode, add "debug" after the plugin name in plugins.ini (without quotes).
L 08/20/2021 - 23:40:58: [AMXX] Run time error 4 (plugin "zp_extra_gungnir.amxx") - debug not enabled!
L 08/20/2021 - 23:40:58: [AMXX] To enable debug mode, add "debug" after the plugin name in plugins.ini (without quotes).
L 08/20/2021 - 23:40:58: [AMXX] Run time error 4 (plugin "zp_extra_gungnir.amxx") - debug not enabled!
L 08/20/2021 - 23:40:58: [AMXX] To enable debug mode, add "debug" after the plugin name in plugins.ini (without quotes).
L 08/20/2021 - 23:40:59: [AMXX] Run time error 4 (plugin "zp_extra_gungnir.amxx") - debug not enabled!
L 08/20/2021 - 23:40:59: [AMXX] To enable debug mode, add "debug" after the plugin name in plugins.ini (without quotes).
L 08/20/2021 - 23:40:59: [AMXX] Run time error 4 (plugin "zp_extra_gungnir.amxx") - debug not enabled!
L 08/20/2021 - 23:40:59: [AMXX] To enable debug mode, add "debug" after the plugin name in plugins.ini (without quotes).
L 08/20/2021 - 23:40:59: [AMXX] Run time error 4 (plugin "zp_extra_gungnir.amxx") - debug not enabled!
L 08/20/2021 - 23:40:59: [AMXX] To enable debug mode, add "debug" after the plugin name in plugins.ini (without quotes).
L 08/20/2021 - 23:40:59: [AMXX] Run time error 4 (plugin "zp_extra_gungnir.amxx") - debug not enabled!
L 08/20/2021 - 23:40:59: [AMXX] To enable debug mode, add "debug" after the plugin name in plugins.ini (without quotes).
L 08/20/2021 - 23:40:59: [AMXX] Run time error 4 (plugin "zp_extra_gungnir.amxx") - debug not enabled!
L 08/20/2021 - 23:40:59: [AMXX] To enable debug mode, add "debug" after the plugin name in plugins.ini (without quotes).
L 08/20/2021 - 23:40:59: [AMXX] Run time error 4 (plugin "zp_extra_gungnir.amxx") - debug not enabled!
L 08/20/2021 - 23:40:59: [AMXX] To enable debug mode, add "debug" after the plugin name in plugins.ini (without quotes).
L 08/20/2021 - 23:40:59: [AMXX] Run time error 4 (plugin "zp_extra_gungnir.amxx") - debug not enabled!
L 08/20/2021 - 23:40:59: [AMXX] To enable debug mode, add "debug" after the plugin name in plugins.ini (without quotes).
L 08/20/2021 - 23:40:59: [AMXX] Run time error 4 (plugin "zp_extra_gungnir.amxx") - debug not enabled!
L 08/20/2021 - 23:40:59: [AMXX] To enable debug mode, add "debug" after the plugin name in plugins.ini (without quotes).
L 08/20/2021 - 23:41:00: [AMXX] Run time error 4 (plugin "zp_extra_gungnir.amxx") - debug not enabled!
L 08/20/2021 - 23:41:00: [AMXX] To enable debug mode, add "debug" after the plugin name in plugins.ini (without quotes).
L 08/20/2021 - 23:41:00: [AMXX] Run time error 4 (plugin "zp_extra_gungnir.amxx") - debug not enabled!
L 08/20/2021 - 23:41:00: [AMXX] To enable debug mode, add "debug" after the plugin name in plugins.ini (without quotes).
L 08/20/2021 - 23:41:00: [AMXX] Run time error 4 (plugin "zp_extra_gungnir.amxx") - debug not enabled!
L 08/20/2021 - 23:41:00: [AMXX] To enable debug mode, add "debug" after the plugin name in plugins.ini (without quotes).
L 08/20/2021 - 23:41:00: [AMXX] Run time error 4 (plugin "zp_extra_gungnir.amxx") - debug not enabled!
L 08/20/2021 - 23:41:00: [AMXX] To enable debug mode, add "debug" after the plugin name in plugins.ini (without quotes).
L 08/20/2021 - 23:41:00: [AMXX] Run time error 4 (plugin "zp_extra_gungnir.amxx") - debug not enabled!
L 08/20/2021 - 23:41:00: [AMXX] To enable debug mode, add "debug" after the plugin name in plugins.ini (without quotes).
L 08/20/2021 - 23:41:00: [AMXX] Run time error 4 (plugin "zp_extra_gungnir.amxx") - debug not enabled!
L 08/20/2021 - 23:41:00: [AMXX] To enable debug mode, add "debug" after the plugin name in plugins.ini (without quotes).
L 08/20/2021 - 23:41:00: [AMXX] Run time error 4 (plugin "zp_extra_gungnir.amxx") - debug not enabled!
L 08/20/2021 - 23:41:00: [AMXX] To enable debug mode, add "debug" after the plugin name in plugins.ini (without quotes).
L 08/20/2021 - 23:41:00: [AMXX] Run time error 4 (plugin "zp_extra_gungnir.amxx") - debug not enabled!
L 08/20/2021 - 23:41:00: [AMXX] To enable debug mode, add "debug" after the plugin name in plugins.ini (without quotes).
L 08/20/2021 - 23:41:01: [AMXX] Run time error 4 (plugin "zp_extra_gungnir.amxx") - debug not enabled!
L 08/20/2021 - 23:41:01: [AMXX] To enable debug mode, add "debug" after the plugin name in plugins.ini (without quotes).
L 08/20/2021 - 23:41:01: [AMXX] Run time error 4 (plugin "zp_extra_gungnir.amxx") - debug not enabled!
L 08/20/2021 - 23:41:01: [AMXX] To enable debug mode, add "debug" after the plugin name in plugins.ini (without quotes).
L 08/20/2021 - 23:41:01: [AMXX] Run time error 4 (plugin "zp_extra_gungnir.amxx") - debug not enabled!
L 08/20/2021 - 23:41:01: [AMXX] To enable debug mode, add "debug" after the plugin name in plugins.ini (without quotes).
L 08/20/2021 - 23:41:01: [AMXX] Run time error 4 (plugin "zp_extra_gungnir.amxx") - debug not enabled!
L 08/20/2021 - 23:41:01: [AMXX] To enable debug mode, add "debug" after the plugin name in plugins.ini (without quotes).
L 08/20/2021 - 23:41:01: [AMXX] Run time error 4 (plugin "zp_extra_gungnir.amxx") - debug not enabled!
L 08/20/2021 - 23:41:01: [AMXX] To enable debug mode, add "debug" after the plugin name in plugins.ini (without quotes).
L 08/20/2021 - 23:41:01: [AMXX] Run time error 4 (plugin "zp_extra_gungnir.amxx") - debug not enabled!
L 08/20/2021 - 23:41:01: [AMXX] To enable debug mode, add "debug" after the plugin name in plugins.ini (without quotes).
L 08/20/2021 - 23:41:01: [AMXX] Run time error 4 (plugin "zp_extra_gungnir.amxx") - debug not enabled!
L 08/20/2021 - 23:41:01: [AMXX] To enable debug mode, add "debug" after the plugin name in plugins.ini (without quotes).
L 08/20/2021 - 23:41:02: [AMXX] Run time error 4 (plugin "zp_extra_gungnir.amxx") - debug not enabled!
L 08/20/2021 - 23:41:02: [AMXX] To enable debug mode, add "debug" after the plugin name in plugins.ini (without quotes).
L 08/20/2021 - 23:41:02: [AMXX] Run time error 4 (plugin "zp_extra_gungnir.amxx") - debug not enabled!
L 08/20/2021 - 23:41:02: [AMXX] To enable debug mode, add "debug" after the plugin name in plugins.ini (without quotes).
L 08/20/2021 - 23:41:02: [AMXX] Run time error 4 (plugin "zp_extra_gungnir.amxx") - debug not enabled!
L 08/20/2021 - 23:41:02: [AMXX] To enable debug mode, add "debug" after the plugin name in plugins.ini (without quotes).
L 08/20/2021 - 23:41:02: [AMXX] Run time error 4 (plugin "zp_extra_gungnir.amxx") - debug not enabled!
L 08/20/2021 - 23:41:02: [AMXX] To enable debug mode, add "debug" after the plugin name in plugins.ini (without quotes).
L 08/20/2021 - 23:41:02: [AMXX] Run time error 4 (plugin "zp_extra_gungnir.amxx") - debug not enabled!
L 08/20/2021 - 23:41:02: [AMXX] To enable debug mode, add "debug" after the plugin name in plugins.ini (without quotes).
L 08/20/2021 - 23:41:02: [AMXX] Run time error 4 (plugin "zp_extra_gungnir.amxx") - debug not enabled!
L 08/20/2021 - 23:41:02: [AMXX] To enable debug mode, add "debug" after the plugin name in plugins.ini (without quotes).
L 08/20/2021 - 23:41:02: [AMXX] Run time error 4 (plugin "zp_extra_gungnir.amxx") - debug not enabled!
L 08/20/2021 - 23:41:02: [AMXX] To enable debug mode, add "debug" after the plugin name in plugins.ini (without quotes).
L 08/20/2021 - 23:41:02: [AMXX] Run time error 4 (plugin "zp_extra_gungnir.amxx") - debug not enabled!
L 08/20/2021 - 23:41:02: [AMXX] To enable debug mode, add "debug" after the plugin name in plugins.ini (without quotes).
L 08/20/2021 - 23:41:03: [AMXX] Run time error 4 (plugin "zp_extra_gungnir.amxx") - debug not enabled!
L 08/20/2021 - 23:41:03: [AMXX] To enable debug mode, add "debug" after the plugin name in plugins.ini (without quotes).
L 08/20/2021 - 23:41:03: [AMXX] Run time error 4 (plugin "zp_extra_gungnir.amxx") - debug not enabled!
L 08/20/2021 - 23:41:03: [AMXX] To enable debug mode, add "debug" after the plugin name in plugins.ini (without quotes).
L 08/20/2021 - 23:41:03: [AMXX] Run time error 4 (plugin "zp_extra_gungnir.amxx") - debug not enabled!
L 08/20/2021 - 23:41:03: [AMXX] To enable debug mode, add "debug" after the plugin name in plugins.ini (without quotes).
L 08/20/2021 - 23:41:03: [AMXX] Run time error 4 (plugin "zp_extra_gungnir.amxx") - debug not enabled!
L 08/20/2021 - 23:41:03: [AMXX] To enable debug mode, add "debug" after the plugin name in plugins.ini (without quotes).
L 08/20/2021 - 23:41:03: [AMXX] Run time error 4 (plugin "zp_extra_gungnir.amxx") - debug not enabled!
L 08/20/2021 - 23:41:03: [AMXX] To enable debug mode, add "debug" after the plugin name in plugins.ini (without quotes).
L 08/20/2021 - 23:41:40: Start of error session.
L 08/20/2021 - 23:41:40: Info (map "zm_toan") (file "addons/amxmodx/logs/error_20210820.log")
L 08/20/2021 - 23:41:40: [AMXX] Run time error 4 (plugin "zp_extra_gungnir.amxx") - debug not enabled!
L 08/20/2021 - 23:41:40: [AMXX] To enable debug mode, add "debug" after the plugin name in plugins.ini (without quotes).
L 08/20/2021 - 23:41:41: [AMXX] Run time error 4 (plugin "zp_extra_gungnir.amxx") - debug not enabled!
L 08/20/2021 - 23:41:41: [AMXX] To enable debug mode, add "debug" after the plugin name in plugins.ini (without quotes).
L 08/20/2021 - 23:41:41: [AMXX] Run time error 4 (plugin "zp_extra_gungnir.amxx") - debug not enabled!
L 08/20/2021 - 23:41:41: [AMXX] To enable debug mode, add "debug" after the plugin name in plugins.ini (without quotes).
L 08/20/2021 - 23:41:41: [AMXX] Run time error 4 (plugin "zp_extra_gungnir.amxx") - debug not enabled!
L 08/20/2021 - 23:41:41: [AMXX] To enable debug mode, add "debug" after the plugin name in plugins.ini (without quotes).
L 08/20/2021 - 23:41:41: [AMXX] Run time error 4 (plugin "zp_extra_gungnir.amxx") - debug not enabled!
L 08/20/2021 - 23:41:41: [AMXX] To enable debug mode, add "debug" after the plugin name in plugins.ini (without quotes).
L 08/20/2021 - 23:41:41: [AMXX] Run time error 4 (plugin "zp_extra_gungnir.amxx") - debug not enabled!
L 08/20/2021 - 23:41:41: [AMXX] To enable debug mode, add "debug" after the plugin name in plugins.ini (without quotes).
L 08/20/2021 - 23:41:45: [AMXX] Run time error 4 (plugin "zp_extra_gungnir.amxx") - debug not enabled!
L 08/20/2021 - 23:41:45: [AMXX] To enable debug mode, add "debug" after the plugin name in plugins.ini (without quotes).
L 08/20/2021 - 23:41:45: [AMXX] Run time error 4 (plugin "zp_extra_gungnir.amxx") - debug not enabled!
L 08/20/2021 - 23:41:45: [AMXX] To enable debug mode, add "debug" after the plugin name in plugins.ini (without quotes).
L 08/20/2021 - 23:41:45: [AMXX] Run time error 4 (plugin "zp_extra_gungnir.amxx") - debug not enabled!
L 08/20/2021 - 23:41:45: [AMXX] To enable debug mode, add "debug" after the plugin name in plugins.ini (without quotes).
L 08/20/2021 - 23:41:45: [AMXX] Run time error 4 (plugin "zp_extra_gungnir.amxx") - debug not enabled!
L 08/20/2021 - 23:41:45: [AMXX] To enable debug mode, add "debug" after the plugin name in plugins.ini (without quotes).
L 08/20/2021 - 23:41:46: [AMXX] Run time error 4 (plugin "zp_extra_gungnir.amxx") - debug not enabled!
L 08/20/2021 - 23:41:46: [AMXX] To enable debug mode, add "debug" after the plugin name in plugins.ini (without quotes).
L 08/20/2021 - 23:41:46: [AMXX] Run time error 4 (plugin "zp_extra_gungnir.amxx") - debug not enabled!
L 08/20/2021 - 23:41:46: [AMXX] To enable debug mode, add "debug" after the plugin name in plugins.ini (without quotes).
L 08/20/2021 - 23:41:46: [AMXX] Run time error 4 (plugin "zp_extra_gungnir.amxx") - debug not enabled!
L 08/20/2021 - 23:41:46: [AMXX] To enable debug mode, add "debug" after the plugin name in plugins.ini (without quotes).
L 08/20/2021 - 23:41:46: [AMXX] Run time error 4 (plugin "zp_extra_gungnir.amxx") - debug not enabled!
L 08/20/2021 - 23:41:46: [AMXX] To enable debug mode, add "debug" after the plugin name in plugins.ini (without quotes).
L 08/20/2021 - 23:41:46: [AMXX] Run time error 4 (plugin "zp_extra_gungnir.amxx") - debug not enabled!
L 08/20/2021 - 23:41:46: [AMXX] To enable debug mode, add "debug" after the plugin name in plugins.ini (without quotes).
L 08/20/2021 - 23:41:46: [AMXX] Run time error 4 (plugin "zp_extra_gungnir.amxx") - debug not enabled!
L 08/20/2021 - 23:41:46: [AMXX] To enable debug mode, add "debug" after the plugin name in plugins.ini (without quotes).
L 08/20/2021 - 23:41:46: [AMXX] Run time error 4 (plugin "zp_extra_gungnir.amxx") - debug not enabled!
L 08/20/2021 - 23:41:46: [AMXX] To enable debug mode, add "debug" after the plugin name in plugins.ini (without quotes).
L 08/20/2021 - 23:41:47: [AMXX] Run time error 4 (plugin "zp_extra_gungnir.amxx") - debug not enabled!
L 08/20/2021 - 23:41:47: [AMXX] To enable debug mode, add "debug" after the plugin name in plugins.ini (without quotes).
L 08/20/2021 - 23:41:47: [AMXX] Run time error 4 (plugin "zp_extra_gungnir.amxx") - debug not enabled!
L 08/20/2021 - 23:41:47: [AMXX] To enable debug mode, add "debug" after the plugin name in plugins.ini (without quotes).
L 08/20/2021 - 23:41:47: [AMXX] Run time error 4 (plugin "zp_extra_gungnir.amxx") - debug not enabled!
L 08/20/2021 - 23:41:47: [AMXX] To enable debug mode, add "debug" after the plugin name in plugins.ini (without quotes).
L 08/20/2021 - 23:41:47: [AMXX] Run time error 4 (plugin "zp_extra_gungnir.amxx") - debug not enabled!
L 08/20/2021 - 23:41:47: [AMXX] To enable debug mode, add "debug" after the plugin name in plugins.ini (without quotes).
L 08/20/2021 - 23:41:47: [AMXX] Run time error 4 (plugin "zp_extra_gungnir.amxx") - debug not enabled!
L 08/20/2021 - 23:41:47: [AMXX] To enable debug mode, add "debug" after the plugin name in plugins.ini (without quotes).
L 08/20/2021 - 23:41:47: [AMXX] Run time error 4 (plugin "zp_extra_gungnir.amxx") - debug not enabled!
L 08/20/2021 - 23:41:47: [AMXX] To enable debug mode, add "debug" after the plugin name in plugins.ini (without quotes).
L 08/20/2021 - 23:41:47: [AMXX] Run time error 4 (plugin "zp_extra_gungnir.amxx") - debug not enabled!
L 08/20/2021 - 23:41:47: [AMXX] To enable debug mode, add "debug" after the plugin name in plugins.ini (without quotes).
L 08/20/2021 - 23:41:47: [AMXX] Run time error 4 (plugin "zp_extra_gungnir.amxx") - debug not enabled!
L 08/20/2021 - 23:41:47: [AMXX] To enable debug mode, add "debug" after the plugin name in plugins.ini (without quotes).
L 08/20/2021 - 23:41:47: [AMXX] Run time error 4 (plugin "zp_extra_gungnir.amxx") - debug not enabled!
L 08/20/2021 - 23:41:47: [AMXX] To enable debug mode, add "debug" after the plugin name in plugins.ini (without quotes).
L 08/20/2021 - 23:41:48: [AMXX] Run time error 4 (plugin "zp_extra_gungnir.amxx") - debug not enabled!
L 08/20/2021 - 23:41:48: [AMXX] To enable debug mode, add "debug" after the plugin name in plugins.ini (without quotes).
L 08/20/2021 - 23:41:48: [AMXX] Run time error 4 (plugin "zp_extra_gungnir.amxx") - debug not enabled!
L 08/20/2021 - 23:41:48: [AMXX] To enable debug mode, add "debug" after the plugin name in plugins.ini (without quotes).
L 08/20/2021 - 23:41:48: [AMXX] Run time error 4 (plugin "zp_extra_gungnir.amxx") - debug not enabled!
L 08/20/2021 - 23:41:48: [AMXX] To enable debug mode, add "debug" after the plugin name in plugins.ini (without quotes).
L 08/20/2021 - 23:41:48: [AMXX] Run time error 4 (plugin "zp_extra_gungnir.amxx") - debug not enabled!
L 08/20/2021 - 23:41:48: [AMXX] To enable debug mode, add "debug" after the plugin name in plugins.ini (without quotes).
L 08/20/2021 - 23:41:48: [AMXX] Run time error 4 (plugin "zp_extra_gungnir.amxx") - debug not enabled!
L 08/20/2021 - 23:41:48: [AMXX] To enable debug mode, add "debug" after the plugin name in plugins.ini (without quotes).
L 08/20/2021 - 23:41:48: [AMXX] Run time error 4 (plugin "zp_extra_gungnir.amxx") - debug not enabled!
L 08/20/2021 - 23:41:48: [AMXX] To enable debug mode, add "debug" after the plugin name in plugins.ini (without quotes).
L 08/20/2021 - 23:41:48: [AMXX] Run time error 4 (plugin "zp_extra_gungnir.amxx") - debug not enabled!
L 08/20/2021 - 23:41:48: [AMXX] To enable debug mode, add "debug" after the plugin name in plugins.ini (without quotes).
L 08/20/2021 - 23:41:48: [AMXX] Run time error 4 (plugin "zp_extra_gungnir.amxx") - debug not enabled!
L 08/20/2021 - 23:41:48: [AMXX] To enable debug mode, add "debug" after the plugin name in plugins.ini (without quotes).
L 08/20/2021 - 23:41:49: [AMXX] Run time error 4 (plugin "zp_extra_gungnir.amxx") - debug not enabled!
L 08/20/2021 - 23:41:49: [AMXX] To enable debug mode, add "debug" after the plugin name in plugins.ini (without quotes).
L 08/20/2021 - 23:41:49: [AMXX] Run time error 4 (plugin "zp_extra_gungnir.amxx") - debug not enabled!
L 08/20/2021 - 23:41:49: [AMXX] To enable debug mode, add "debug" after the plugin name in plugins.ini (without quotes).
L 08/20/2021 - 23:41:49: [AMXX] Run time error 4 (plugin "zp_extra_gungnir.amxx") - debug not enabled!
L 08/20/2021 - 23:41:49: [AMXX] To enable debug mode, add "debug" after the plugin name in plugins.ini (without quotes).
L 08/20/2021 - 23:41:49: [AMXX] Run time error 4 (plugin "zp_extra_gungnir.amxx") - debug not enabled!
L 08/20/2021 - 23:41:49: [AMXX] To enable debug mode, add "debug" after the plugin name in plugins.ini (without quotes).
L 08/20/2021 - 23:41:49: [AMXX] Run time error 4 (plugin "zp_extra_gungnir.amxx") - debug not enabled!
L 08/20/2021 - 23:41:49: [AMXX] To enable debug mode, add "debug" after the plugin name in plugins.ini (without quotes).
L 08/20/2021 - 23:41:49: [AMXX] Run time error 4 (plugin "zp_extra_gungnir.amxx") - debug not enabled!
L 08/20/2021 - 23:41:49: [AMXX] To enable debug mode, add "debug" after the plugin name in plugins.ini (without quotes).
L 08/20/2021 - 23:41:49: [AMXX] Run time error 4 (plugin "zp_extra_gungnir.amxx") - debug not enabled!
L 08/20/2021 - 23:41:49: [AMXX] To enable debug mode, add "debug" after the plugin name in plugins.ini (without quotes).
L 08/20/2021 - 23:41:49: [AMXX] Run time error 4 (plugin "zp_extra_gungnir.amxx") - debug not enabled!
L 08/20/2021 - 23:41:49: [AMXX] To enable debug mode, add "debug" after the plugin name in plugins.ini (without quotes).
L 08/20/2021 - 23:41:50: [AMXX] Run time error 4 (plugin "zp_extra_gungnir.amxx") - debug not enabled!
L 08/20/2021 - 23:41:50: [AMXX] To enable debug mode, add "debug" after the plugin name in plugins.ini (without quotes).
L 08/20/2021 - 23:41:50: [AMXX] Run time error 4 (plugin "zp_extra_gungnir.amxx") - debug not enabled!
L 08/20/2021 - 23:41:50: [AMXX] To enable debug mode, add "debug" after the plugin name in plugins.ini (without quotes).
L 08/20/2021 - 23:41:50: [AMXX] Run time error 4 (plugin "zp_extra_gungnir.amxx") - debug not enabled!
L 08/20/2021 - 23:41:50: [AMXX] To enable debug mode, add "debug" after the plugin name in plugins.ini (without quotes).
L 08/20/2021 - 23:41:50: [AMXX] Run time error 4 (plugin "zp_extra_gungnir.amxx") - debug not enabled!
L 08/20/2021 - 23:41:50: [AMXX] To enable debug mode, add "debug" after the plugin name in plugins.ini (without quotes).
L 08/20/2021 - 23:41:50: [AMXX] Run time error 4 (plugin "zp_extra_gungnir.amxx") - debug not enabled!
L 08/20/2021 - 23:41:50: [AMXX] To enable debug mode, add "debug" after the plugin name in plugins.ini (without quotes).
L 08/20/2021 - 23:41:50: [AMXX] Run time error 4 (plugin "zp_extra_gungnir.amxx") - debug not enabled!
L 08/20/2021 - 23:41:50: [AMXX] To enable debug mode, add "debug" after the plugin name in plugins.ini (without quotes).
L 08/20/2021 - 23:41:50: [AMXX] Run time error 4 (plugin "zp_extra_gungnir.amxx") - debug not enabled!
L 08/20/2021 - 23:41:50: [AMXX] To enable debug mode, add "debug" after the plugin name in plugins.ini (without quotes).
L 08/20/2021 - 23:41:50: [AMXX] Run time error 4 (plugin "zp_extra_gungnir.amxx") - debug not enabled!
L 08/20/2021 - 23:41:50: [AMXX] To enable debug mode, add "debug" after the plugin name in plugins.ini (without quotes).
L 08/20/2021 - 23:41:54: [AMXX] Run time error 4 (plugin "zp_extra_gungnir.amxx") - debug not enabled!
L 08/20/2021 - 23:41:54: [AMXX] To enable debug mode, add "debug" after the plugin name in plugins.ini (without quotes).
L 08/20/2021 - 23:41:54: [AMXX] Run time error 4 (plugin "zp_extra_gungnir.amxx") - debug not enabled!
L 08/20/2021 - 23:41:54: [AMXX] To enable debug mode, add "debug" after the plugin name in plugins.ini (without quotes).
L 08/20/2021 - 23:41:54: [AMXX] Run time error 4 (plugin "zp_extra_gungnir.amxx") - debug not enabled!
L 08/20/2021 - 23:41:54: [AMXX] To enable debug mode, add "debug" after the plugin name in plugins.ini (without quotes).
L 08/20/2021 - 23:41:54: [AMXX] Run time error 4 (plugin "zp_extra_gungnir.amxx") - debug not enabled!
L 08/20/2021 - 23:41:54: [AMXX] To enable debug mode, add "debug" after the plugin name in plugins.ini (without quotes).
L 08/20/2021 - 23:41:54: [AMXX] Run time error 4 (plugin "zp_extra_gungnir.amxx") - debug not enabled!
L 08/20/2021 - 23:41:54: [AMXX] To enable debug mode, add "debug" after the plugin name in plugins.ini (without quotes).
L 08/20/2021 - 23:41:54: [AMXX] Run time error 4 (plugin "zp_extra_gungnir.amxx") - debug not enabled!
L 08/20/2021 - 23:41:54: [AMXX] To enable debug mode, add "debug" after the plugin name in plugins.ini (without quotes).
L 08/20/2021 - 23:41:55: [AMXX] Run time error 4 (plugin "zp_extra_gungnir.amxx") - debug not enabled!
L 08/20/2021 - 23:41:55: [AMXX] To enable debug mode, add "debug" after the plugin name in plugins.ini (without quotes).
L 08/20/2021 - 23:41:55: [AMXX] Run time error 4 (plugin "zp_extra_gungnir.amxx") - debug not enabled!
L 08/20/2021 - 23:41:55: [AMXX] To enable debug mode, add "debug" after the plugin name in plugins.ini (without quotes).
L 08/20/2021 - 23:41:55: [AMXX] Run time error 4 (plugin "zp_extra_gungnir.amxx") - debug not enabled!
L 08/20/2021 - 23:41:55: [AMXX] To enable debug mode, add "debug" after the plugin name in plugins.ini (without quotes).
L 08/20/2021 - 23:41:55: [AMXX] Run time error 4 (plugin "zp_extra_gungnir.amxx") - debug not enabled!
L 08/20/2021 - 23:41:55: [AMXX] To enable debug mode, add "debug" after the plugin name in plugins.ini (without quotes).
L 08/20/2021 - 23:41:55: [AMXX] Run time error 4 (plugin "zp_extra_gungnir.amxx") - debug not enabled!
L 08/20/2021 - 23:41:55: [AMXX] To enable debug mode, add "debug" after the plugin name in plugins.ini (without quotes).
L 08/20/2021 - 23:41:55: [AMXX] Run time error 4 (plugin "zp_extra_gungnir.amxx") - debug not enabled!
L 08/20/2021 - 23:41:55: [AMXX] To enable debug mode, add "debug" after the plugin name in plugins.ini (without quotes).
L 08/20/2021 - 23:41:55: [AMXX] Run time error 4 (plugin "zp_extra_gungnir.amxx") - debug not enabled!
L 08/20/2021 - 23:41:55: [AMXX] To enable debug mode, add "debug" after the plugin name in plugins.ini (without quotes).
L 08/20/2021 - 23:41:56: [AMXX] Run time error 4 (plugin "zp_extra_gungnir.amxx") - debug not enabled!
L 08/20/2021 - 23:41:56: [AMXX] To enable debug mode, add "debug" after the plugin name in plugins.ini (without quotes).
L 08/20/2021 - 23:41:56: [AMXX] Run time error 4 (plugin "zp_extra_gungnir.amxx") - debug not enabled!
L 08/20/2021 - 23:41:56: [AMXX] To enable debug mode, add "debug" after the plugin name in plugins.ini (without quotes).
L 08/20/2021 - 23:41:56: [AMXX] Run time error 4 (plugin "zp_extra_gungnir.amxx") - debug not enabled!
L 08/20/2021 - 23:41:56: [AMXX] To enable debug mode, add "debug" after the plugin name in plugins.ini (without quotes).
L 08/20/2021 - 23:41:56: [AMXX] Run time error 4 (plugin "zp_extra_gungnir.amxx") - debug not enabled!
L 08/20/2021 - 23:41:56: [AMXX] To enable debug mode, add "debug" after the plugin name in plugins.ini (without quotes).
L 08/20/2021 - 23:41:56: [AMXX] Run time error 4 (plugin "zp_extra_gungnir.amxx") - debug not enabled!
L 08/20/2021 - 23:41:56: [AMXX] To enable debug mode, add "debug" after the plugin name in plugins.ini (without quotes).
L 08/20/2021 - 23:41:56: [AMXX] Run time error 4 (plugin "zp_extra_gungnir.amxx") - debug not enabled!
L 08/20/2021 - 23:41:56: [AMXX] To enable debug mode, add "debug" after the plugin name in plugins.ini (without quotes).
L 08/20/2021 - 23:41:56: [AMXX] Run time error 4 (plugin "zp_extra_gungnir.amxx") - debug not enabled!
L 08/20/2021 - 23:41:56: [AMXX] To enable debug mode, add "debug" after the plugin name in plugins.ini (without quotes).
L 08/20/2021 - 23:41:56: [AMXX] Run time error 4 (plugin "zp_extra_gungnir.amxx") - debug not enabled!
L 08/20/2021 - 23:41:56: [AMXX] To enable debug mode, add "debug" after the plugin name in plugins.ini (without quotes).
L 08/20/2021 - 23:41:57: [AMXX] Run time error 4 (plugin "zp_extra_gungnir.amxx") - debug not enabled!
L 08/20/2021 - 23:41:57: [AMXX] To enable debug mode, add "debug" after the plugin name in plugins.ini (without quotes).
L 08/20/2021 - 23:41:57: [AMXX] Run time error 4 (plugin "zp_extra_gungnir.amxx") - debug not enabled!
L 08/20/2021 - 23:41:57: [AMXX] To enable debug mode, add "debug" after the plugin name in plugins.ini (without quotes).
L 08/20/2021 - 23:41:57: [AMXX] Run time error 4 (plugin "zp_extra_gungnir.amxx") - debug not enabled!
L 08/20/2021 - 23:41:57: [AMXX] To enable debug mode, add "debug" after the plugin name in plugins.ini (without quotes).
L 08/20/2021 - 23:41:57: [AMXX] Run time error 4 (plugin "zp_extra_gungnir.amxx") - debug not enabled!
L 08/20/2021 - 23:41:57: [AMXX] To enable debug mode, add "debug" after the plugin name in plugins.ini (without quotes).
L 08/20/2021 - 23:41:57: [AMXX] Run time error 4 (plugin "zp_extra_gungnir.amxx") - debug not enabled!
L 08/20/2021 - 23:41:57: [AMXX] To enable debug mode, add "debug" after the plugin name in plugins.ini (without quotes).
L 08/20/2021 - 23:41:57: [AMXX] Run time error 4 (plugin "zp_extra_gungnir.amxx") - debug not enabled!
L 08/20/2021 - 23:41:57: [AMXX] To enable debug mode, add "debug" after the plugin name in plugins.ini (without quotes).
L 08/20/2021 - 23:41:57: [AMXX] Run time error 4 (plugin "zp_extra_gungnir.amxx") - debug not enabled!
L 08/20/2021 - 23:41:57: [AMXX] To enable debug mode, add "debug" after the plugin name in plugins.ini (without quotes).
L 08/20/2021 - 23:41:57: [AMXX] Run time error 4 (plugin "zp_extra_gungnir.amxx") - debug not enabled!
L 08/20/2021 - 23:41:57: [AMXX] To enable debug mode, add "debug" after the plugin name in plugins.ini (without quotes).
L 08/20/2021 - 23:41:58: [AMXX] Run time error 4 (plugin "zp_extra_gungnir.amxx") - debug not enabled!
L 08/20/2021 - 23:41:58: [AMXX] To enable debug mode, add "debug" after the plugin name in plugins.ini (without quotes).
L 08/20/2021 - 23:41:58: [AMXX] Run time error 4 (plugin "zp_extra_gungnir.amxx") - debug not enabled!
L 08/20/2021 - 23:41:58: [AMXX] To enable debug mode, add "debug" after the plugin name in plugins.ini (without quotes).
L 08/20/2021 - 23:41:58: [AMXX] Run time error 4 (plugin "zp_extra_gungnir.amxx") - debug not enabled!
L 08/20/2021 - 23:41:58: [AMXX] To enable debug mode, add "debug" after the plugin name in plugins.ini (without quotes).
L 08/20/2021 - 23:41:58: [AMXX] Run time error 4 (plugin "zp_extra_gungnir.amxx") - debug not enabled!
L 08/20/2021 - 23:41:58: [AMXX] To enable debug mode, add "debug" after the plugin name in plugins.ini (without quotes).
L 08/20/2021 - 23:41:58: [AMXX] Run time error 4 (plugin "zp_extra_gungnir.amxx") - debug not enabled!
L 08/20/2021 - 23:41:58: [AMXX] To enable debug mode, add "debug" after the plugin name in plugins.ini (without quotes).
L 08/20/2021 - 23:41:58: [AMXX] Run time error 4 (plugin "zp_extra_gungnir.amxx") - debug not enabled!
L 08/20/2021 - 23:41:58: [AMXX] To enable debug mode, add "debug" after the plugin name in plugins.ini (without quotes).
L 08/20/2021 - 23:41:58: [AMXX] Run time error 4 (plugin "zp_extra_gungnir.amxx") - debug not enabled!
L 08/20/2021 - 23:41:58: [AMXX] To enable debug mode, add "debug" after the plugin name in plugins.ini (without quotes).
L 08/20/2021 - 23:41:58: [AMXX] Run time error 4 (plugin "zp_extra_gungnir.amxx") - debug not enabled!
L 08/20/2021 - 23:41:58: [AMXX] To enable debug mode, add "debug" after the plugin name in plugins.ini (without quotes).
L 08/20/2021 - 23:41:59: [AMXX] Run time error 4 (plugin "zp_extra_gungnir.amxx") - debug not enabled!
L 08/20/2021 - 23:41:59: [AMXX] To enable debug mode, add "debug" after the plugin name in plugins.ini (without quotes).
L 08/20/2021 - 23:41:59: [AMXX] Run time error 4 (plugin "zp_extra_gungnir.amxx") - debug not enabled!
L 08/20/2021 - 23:41:59: [AMXX] To enable debug mode, add "debug" after the plugin name in plugins.ini (without quotes).
L 08/20/2021 - 23:41:59: [AMXX] Run time error 4 (plugin "zp_extra_gungnir.amxx") - debug not enabled!
L 08/20/2021 - 23:41:59: [AMXX] To enable debug mode, add "debug" after the plugin name in plugins.ini (without quotes).
L 08/20/2021 - 23:41:59: [AMXX] Run time error 4 (plugin "zp_extra_gungnir.amxx") - debug not enabled!
L 08/20/2021 - 23:41:59: [AMXX] To enable debug mode, add "debug" after the plugin name in plugins.ini (without quotes).
L 08/20/2021 - 23:41:59: [AMXX] Run time error 4 (plugin "zp_extra_gungnir.amxx") - debug not enabled!
L 08/20/2021 - 23:41:59: [AMXX] To enable debug mode, add "debug" after the plugin name in plugins.ini (without quotes).
L 08/20/2021 - 23:41:59: [AMXX] Run time error 4 (plugin "zp_extra_gungnir.amxx") - debug not enabled!
L 08/20/2021 - 23:41:59: [AMXX] To enable debug mode, add "debug" after the plugin name in plugins.ini (without quotes).
L 08/20/2021 - 23:41:59: [AMXX] Run time error 4 (plugin "zp_extra_gungnir.amxx") - debug not enabled!
L 08/20/2021 - 23:41:59: [AMXX] To enable debug mode, add "debug" after the plugin name in plugins.ini (without quotes).
L 08/20/2021 - 23:41:59: [AMXX] Run time error 4 (plugin "zp_extra_gungnir.amxx") - debug not enabled!
L 08/20/2021 - 23:41:59: [AMXX] To enable debug mode, add "debug" after the plugin name in plugins.ini (without quotes).
L 08/20/2021 - 23:42:00: [AMXX] Run time error 4 (plugin "zp_extra_gungnir.amxx") - debug not enabled!
L 08/20/2021 - 23:42:00: [AMXX] To enable debug mode, add "debug" after the plugin name in plugins.ini (without quotes).
L 08/20/2021 - 23:42:00: [AMXX] Run time error 4 (plugin "zp_extra_gungnir.amxx") - debug not enabled!
L 08/20/2021 - 23:42:00: [AMXX] To enable debug mode, add "debug" after the plugin name in plugins.ini (without quotes).
L 08/20/2021 - 23:42:00: [AMXX] Run time error 4 (plugin "zp_extra_gungnir.amxx") - debug not enabled!
L 08/20/2021 - 23:42:00: [AMXX] To enable debug mode, add "debug" after the plugin name in plugins.ini (without quotes).
L 08/20/2021 - 23:42:00: [AMXX] Run time error 4 (plugin "zp_extra_gungnir.amxx") - debug not enabled!
L 08/20/2021 - 23:42:00: [AMXX] To enable debug mode, add "debug" after the plugin name in plugins.ini (without quotes).
L 08/20/2021 - 23:42:00: [AMXX] Run time error 4 (plugin "zp_extra_gungnir.amxx") - debug not enabled!
L 08/20/2021 - 23:42:00: [AMXX] To enable debug mode, add "debug" after the plugin name in plugins.ini (without quotes).
L 08/20/2021 - 23:42:03: [AMXX] Run time error 4 (plugin "zp_extra_gungnir.amxx") - debug not enabled!
L 08/20/2021 - 23:42:03: [AMXX] To enable debug mode, add "debug" after the plugin name in plugins.ini (without quotes).
L 08/20/2021 - 23:42:03: [AMXX] Run time error 4 (plugin "zp_extra_gungnir.amxx") - debug not enabled!
L 08/20/2021 - 23:42:03: [AMXX] To enable debug mode, add "debug" after the plugin name in plugins.ini (without quotes).
L 08/20/2021 - 23:42:03: [AMXX] Run time error 4 (plugin "zp_extra_gungnir.amxx") - debug not enabled!
L 08/20/2021 - 23:42:03: [AMXX] To enable debug mode, add "debug" after the plugin name in plugins.ini (without quotes).
L 08/20/2021 - 23:42:04: [AMXX] Run time error 4 (plugin "zp_extra_gungnir.amxx") - debug not enabled!
L 08/20/2021 - 23:42:04: [AMXX] To enable debug mode, add "debug" after the plugin name in plugins.ini (without quotes).
L 08/20/2021 - 23:42:04: [AMXX] Run time error 4 (plugin "zp_extra_gungnir.amxx") - debug not enabled!
L 08/20/2021 - 23:42:04: [AMXX] To enable debug mode, add "debug" after the plugin name in plugins.ini (without quotes).
L 08/20/2021 - 23:42:04: [AMXX] Run time error 4 (plugin "zp_extra_gungnir.amxx") - debug not enabled!
L 08/20/2021 - 23:42:04: [AMXX] To enable debug mode, add "debug" after the plugin name in plugins.ini (without quotes).
L 08/20/2021 - 23:42:04: [AMXX] Run time error 4 (plugin "zp_extra_gungnir.amxx") - debug not enabled!
L 08/20/2021 - 23:42:04: [AMXX] To enable debug mode, add "debug" after the plugin name in plugins.ini (without quotes).
L 08/20/2021 - 23:42:04: [AMXX] Run time error 4 (plugin "zp_extra_gungnir.amxx") - debug not enabled!
L 08/20/2021 - 23:42:04: [AMXX] To enable debug mode, add "debug" after the plugin name in plugins.ini (without quotes).
L 08/20/2021 - 23:42:04: [AMXX] Run time error 4 (plugin "zp_extra_gungnir.amxx") - debug not enabled!
L 08/20/2021 - 23:42:04: [AMXX] To enable debug mode, add "debug" after the plugin name in plugins.ini (without quotes).
L 08/20/2021 - 23:42:04: [AMXX] Run time error 4 (plugin "zp_extra_gungnir.amxx") - debug not enabled!
L 08/20/2021 - 23:42:04: [AMXX] To enable debug mode, add "debug" after the plugin name in plugins.ini (without quotes).
L 08/20/2021 - 23:42:04: [AMXX] Run time error 4 (plugin "zp_extra_gungnir.amxx") - debug not enabled!
L 08/20/2021 - 23:42:04: [AMXX] To enable debug mode, add "debug" after the plugin name in plugins.ini (without quotes).
L 08/20/2021 - 23:42:05: [AMXX] Run time error 4 (plugin "zp_extra_gungnir.amxx") - debug not enabled!
L 08/20/2021 - 23:42:05: [AMXX] To enable debug mode, add "debug" after the plugin name in plugins.ini (without quotes).
L 08/20/2021 - 23:42:05: [AMXX] Run time error 4 (plugin "zp_extra_gungnir.amxx") - debug not enabled!
L 08/20/2021 - 23:42:05: [AMXX] To enable debug mode, add "debug" after the plugin name in plugins.ini (without quotes).
L 08/20/2021 - 23:42:05: [AMXX] Run time error 4 (plugin "zp_extra_gungnir.amxx") - debug not enabled!
L 08/20/2021 - 23:42:05: [AMXX] To enable debug mode, add "debug" after the plugin name in plugins.ini (without quotes).
L 08/20/2021 - 23:42:05: [AMXX] Run time error 4 (plugin "zp_extra_gungnir.amxx") - debug not enabled!
L 08/20/2021 - 23:42:05: [AMXX] To enable debug mode, add "debug" after the plugin name in plugins.ini (without quotes).
L 08/20/2021 - 23:42:05: [AMXX] Run time error 4 (plugin "zp_extra_gungnir.amxx") - debug not enabled!
L 08/20/2021 - 23:42:05: [AMXX] To enable debug mode, add "debug" after the plugin name in plugins.ini (without quotes).
L 08/20/2021 - 23:42:05: [AMXX] Run time error 4 (plugin "zp_extra_gungnir.amxx") - debug not enabled!
L 08/20/2021 - 23:42:05: [AMXX] To enable debug mode, add "debug" after the plugin name in plugins.ini (without quotes).
L 08/20/2021 - 23:42:05: [AMXX] Run time error 4 (plugin "zp_extra_gungnir.amxx") - debug not enabled!
L 08/20/2021 - 23:42:05: [AMXX] To enable debug mode, add "debug" after the plugin name in plugins.ini (without quotes).
L 08/20/2021 - 23:42:05: [AMXX] Run time error 4 (plugin "zp_extra_gungnir.amxx") - debug not enabled!
L 08/20/2021 - 23:42:05: [AMXX] To enable debug mode, add "debug" after the plugin name in plugins.ini (without quotes).
L 08/20/2021 - 23:42:06: [AMXX] Run time error 4 (plugin "zp_extra_gungnir.amxx") - debug not enabled!
L 08/20/2021 - 23:42:06: [AMXX] To enable debug mode, add "debug" after the plugin name in plugins.ini (without quotes).
L 08/20/2021 - 23:42:06: [AMXX] Run time error 4 (plugin "zp_extra_gungnir.amxx") - debug not enabled!
L 08/20/2021 - 23:42:06: [AMXX] To enable debug mode, add "debug" after the plugin name in plugins.ini (without quotes).
L 08/20/2021 - 23:42:06: [AMXX] Run time error 4 (plugin "zp_extra_gungnir.amxx") - debug not enabled!
L 08/20/2021 - 23:42:06: [AMXX] To enable debug mode, add "debug" after the plugin name in plugins.ini (without quotes).
L 08/20/2021 - 23:42:06: [AMXX] Run time error 4 (plugin "zp_extra_gungnir.amxx") - debug not enabled!
L 08/20/2021 - 23:42:06: [AMXX] To enable debug mode, add "debug" after the plugin name in plugins.ini (without quotes).
L 08/20/2021 - 23:42:06: [AMXX] Run time error 4 (plugin "zp_extra_gungnir.amxx") - debug not enabled!
L 08/20/2021 - 23:42:06: [AMXX] To enable debug mode, add "debug" after the plugin name in plugins.ini (without quotes).
L 08/20/2021 - 23:42:06: [AMXX] Run time error 4 (plugin "zp_extra_gungnir.amxx") - debug not enabled!
L 08/20/2021 - 23:42:06: [AMXX] To enable debug mode, add "debug" after the plugin name in plugins.ini (without quotes).
L 08/20/2021 - 23:42:06: [AMXX] Run time error 4 (plugin "zp_extra_gungnir.amxx") - debug not enabled!
L 08/20/2021 - 23:42:06: [AMXX] To enable debug mode, add "debug" after the plugin name in plugins.ini (without quotes).
L 08/20/2021 - 23:42:06: [AMXX] Run time error 4 (plugin "zp_extra_gungnir.amxx") - debug not enabled!
L 08/20/2021 - 23:42:06: [AMXX] To enable debug mode, add "debug" after the plugin name in plugins.ini (without quotes).
L 08/20/2021 - 23:42:06: [AMXX] Run time error 4 (plugin "zp_extra_gungnir.amxx") - debug not enabled!
L 08/20/2021 - 23:42:06: [AMXX] To enable debug mode, add "debug" after the plugin name in plugins.ini (without quotes).
L 08/20/2021 - 23:42:07: [AMXX] Run time error 4 (plugin "zp_extra_gungnir.amxx") - debug not enabled!
L 08/20/2021 - 23:42:07: [AMXX] To enable debug mode, add "debug" after the plugin name in plugins.ini (without quotes).
L 08/20/2021 - 23:42:07: [AMXX] Run time error 4 (plugin "zp_extra_gungnir.amxx") - debug not enabled!
L 08/20/2021 - 23:42:07: [AMXX] To enable debug mode, add "debug" after the plugin name in plugins.ini (without quotes).
L 08/20/2021 - 23:42:07: [AMXX] Run time error 4 (plugin "zp_extra_gungnir.amxx") - debug not enabled!
L 08/20/2021 - 23:42:07: [AMXX] To enable debug mode, add "debug" after the plugin name in plugins.ini (without quotes).
L 08/20/2021 - 23:42:07: [AMXX] Run time error 4 (plugin "zp_extra_gungnir.amxx") - debug not enabled!
L 08/20/2021 - 23:42:07: [AMXX] To enable debug mode, add "debug" after the plugin name in plugins.ini (without quotes).
L 08/20/2021 - 23:42:07: [AMXX] Run time error 4 (plugin "zp_extra_gungnir.amxx") - debug not enabled!
L 08/20/2021 - 23:42:07: [AMXX] To enable debug mode, add "debug" after the plugin name in plugins.ini (without quotes).
L 08/20/2021 - 23:42:07: [AMXX] Run time error 4 (plugin "zp_extra_gungnir.amxx") - debug not enabled!
L 08/20/2021 - 23:42:07: [AMXX] To enable debug mode, add "debug" after the plugin name in plugins.ini (without quotes).
L 08/20/2021 - 23:42:07: [AMXX] Run time error 4 (plugin "zp_extra_gungnir.amxx") - debug not enabled!
L 08/20/2021 - 23:42:07: [AMXX] To enable debug mode, add "debug" after the plugin name in plugins.ini (without quotes).
L 08/20/2021 - 23:42:07: [AMXX] Run time error 4 (plugin "zp_extra_gungnir.amxx") - debug not enabled!
L 08/20/2021 - 23:42:07: [AMXX] To enable debug mode, add "debug" after the plugin name in plugins.ini (without quotes).
L 08/20/2021 - 23:42:08: [AMXX] Run time error 4 (plugin "zp_extra_gungnir.amxx") - debug not enabled!
L 08/20/2021 - 23:42:08: [AMXX] To enable debug mode, add "debug" after the plugin name in plugins.ini (without quotes).
L 08/20/2021 - 23:42:08: [AMXX] Run time error 4 (plugin "zp_extra_gungnir.amxx") - debug not enabled!
L 08/20/2021 - 23:42:08: [AMXX] To enable debug mode, add "debug" after the plugin name in plugins.ini (without quotes).
L 08/20/2021 - 23:42:08: [AMXX] Run time error 4 (plugin "zp_extra_gungnir.amxx") - debug not enabled!
L 08/20/2021 - 23:42:08: [AMXX] To enable debug mode, add "debug" after the plugin name in plugins.ini (without quotes).
L 08/20/2021 - 23:42:08: [AMXX] Run time error 4 (plugin "zp_extra_gungnir.amxx") - debug not enabled!
L 08/20/2021 - 23:42:08: [AMXX] To enable debug mode, add "debug" after the plugin name in plugins.ini (without quotes).
L 08/20/2021 - 23:42:08: [AMXX] Run time error 4 (plugin "zp_extra_gungnir.amxx") - debug not enabled!
L 08/20/2021 - 23:42:08: [AMXX] To enable debug mode, add "debug" after the plugin name in plugins.ini (without quotes).
L 08/20/2021 - 23:42:08: [AMXX] Run time error 4 (plugin "zp_extra_gungnir.amxx") - debug not enabled!
L 08/20/2021 - 23:42:08: [AMXX] To enable debug mode, add "debug" after the plugin name in plugins.ini (without quotes).
L 08/20/2021 - 23:42:08: [AMXX] Run time error 4 (plugin "zp_extra_gungnir.amxx") - debug not enabled!
L 08/20/2021 - 23:42:08: [AMXX] To enable debug mode, add "debug" after the plugin name in plugins.ini (without quotes).
L 08/20/2021 - 23:42:08: [AMXX] Run time error 4 (plugin "zp_extra_gungnir.amxx") - debug not enabled!
L 08/20/2021 - 23:42:08: [AMXX] To enable debug mode, add "debug" after the plugin name in plugins.ini (without quotes).
L 08/20/2021 - 23:42:09: [AMXX] Run time error 4 (plugin "zp_extra_gungnir.amxx") - debug not enabled!
L 08/20/2021 - 23:42:09: [AMXX] To enable debug mode, add "debug" after the plugin name in plugins.ini (without quotes).
L 08/20/2021 - 23:42:09: [AMXX] Run time error 4 (plugin "zp_extra_gungnir.amxx") - debug not enabled!
L 08/20/2021 - 23:42:09: [AMXX] To enable debug mode, add "debug" after the plugin name in plugins.ini (without quotes).
L 08/20/2021 - 23:44:23: Start of error session.
L 08/20/2021 - 23:44:23: Info (map "zm_toan") (file "addons/amxmodx/logs/error_20210820.log")
L 08/20/2021 - 23:44:23: [AMXX] Run time error 4 (plugin "zp_extra_gungnir.amxx") - debug not enabled!
L 08/20/2021 - 23:44:23: [AMXX] To enable debug mode, add "debug" after the plugin name in plugins.ini (without quotes).
L 08/20/2021 - 23:44:23: [AMXX] Run time error 4 (plugin "zp_extra_gungnir.amxx") - debug not enabled!
L 08/20/2021 - 23:44:23: [AMXX] To enable debug mode, add "debug" after the plugin name in plugins.ini (without quotes).
L 08/20/2021 - 23:44:23: [AMXX] Run time error 4 (plugin "zp_extra_gungnir.amxx") - debug not enabled!
L 08/20/2021 - 23:44:23: [AMXX] To enable debug mode, add "debug" after the plugin name in plugins.ini (without quotes).
L 08/20/2021 - 23:44:23: [AMXX] Run time error 4 (plugin "zp_extra_gungnir.amxx") - debug not enabled!
L 08/20/2021 - 23:44:23: [AMXX] To enable debug mode, add "debug" after the plugin name in plugins.ini (without quotes).
L 08/20/2021 - 23:44:23: [AMXX] Run time error 4 (plugin "zp_extra_gungnir.amxx") - debug not enabled!
L 08/20/2021 - 23:44:23: [AMXX] To enable debug mode, add "debug" after the plugin name in plugins.ini (without quotes).
L 08/20/2021 - 23:44:23: [AMXX] Run time error 4 (plugin "zp_extra_gungnir.amxx") - debug not enabled!
L 08/20/2021 - 23:44:23: [AMXX] To enable debug mode, add "debug" after the plugin name in plugins.ini (without quotes).
L 08/20/2021 - 23:44:23: [AMXX] Run time error 4 (plugin "zp_extra_gungnir.amxx") - debug not enabled!
L 08/20/2021 - 23:44:23: [AMXX] To enable debug mode, add "debug" after the plugin name in plugins.ini (without quotes).
L 08/20/2021 - 23:44:24: [AMXX] Run time error 4 (plugin "zp_extra_gungnir.amxx") - debug not enabled!
L 08/20/2021 - 23:44:24: [AMXX] To enable debug mode, add "debug" after the plugin name in plugins.ini (without quotes).
L 08/20/2021 - 23:44:24: [AMXX] Run time error 4 (plugin "zp_extra_gungnir.amxx") - debug not enabled!
L 08/20/2021 - 23:44:24: [AMXX] To enable debug mode, add "debug" after the plugin name in plugins.ini (without quotes).
L 08/20/2021 - 23:44:24: [AMXX] Run time error 4 (plugin "zp_extra_gungnir.amxx") - debug not enabled!
L 08/20/2021 - 23:44:24: [AMXX] To enable debug mode, add "debug" after the plugin name in plugins.ini (without quotes).
L 08/20/2021 - 23:44:24: [AMXX] Run time error 4 (plugin "zp_extra_gungnir.amxx") - debug not enabled!
L 08/20/2021 - 23:44:24: [AMXX] To enable debug mode, add "debug" after the plugin name in plugins.ini (without quotes).
L 08/20/2021 - 23:44:24: [AMXX] Run time error 4 (plugin "zp_extra_gungnir.amxx") - debug not enabled!
L 08/20/2021 - 23:44:24: [AMXX] To enable debug mode, add "debug" after the plugin name in plugins.ini (without quotes).
L 08/20/2021 - 23:44:24: [AMXX] Run time error 4 (plugin "zp_extra_gungnir.amxx") - debug not enabled!
L 08/20/2021 - 23:44:24: [AMXX] To enable debug mode, add "debug" after the plugin name in plugins.ini (without quotes).
L 08/20/2021 - 23:44:24: [AMXX] Run time error 4 (plugin "zp_extra_gungnir.amxx") - debug not enabled!
L 08/20/2021 - 23:44:24: [AMXX] To enable debug mode, add "debug" after the plugin name in plugins.ini (without quotes).
L 08/20/2021 - 23:44:24: [AMXX] Run time error 4 (plugin "zp_extra_gungnir.amxx") - debug not enabled!
L 08/20/2021 - 23:44:24: [AMXX] To enable debug mode, add "debug" after the plugin name in plugins.ini (without quotes).
L 08/20/2021 - 23:44:25: [AMXX] Run time error 4 (plugin "zp_extra_gungnir.amxx") - debug not enabled!
L 08/20/2021 - 23:44:25: [AMXX] To enable debug mode, add "debug" after the plugin name in plugins.ini (without quotes).
L 08/20/2021 - 23:44:25: [AMXX] Run time error 4 (plugin "zp_extra_gungnir.amxx") - debug not enabled!
L 08/20/2021 - 23:44:25: [AMXX] To enable debug mode, add "debug" after the plugin name in plugins.ini (without quotes).
L 08/20/2021 - 23:44:25: [AMXX] Run time error 4 (plugin "zp_extra_gungnir.amxx") - debug not enabled!
L 08/20/2021 - 23:44:25: [AMXX] To enable debug mode, add "debug" after the plugin name in plugins.ini (without quotes).
L 08/20/2021 - 23:44:25: [AMXX] Run time error 4 (plugin "zp_extra_gungnir.amxx") - debug not enabled!
L 08/20/2021 - 23:44:25: [AMXX] To enable debug mode, add "debug" after the plugin name in plugins.ini (without quotes).
L 08/20/2021 - 23:44:25: [AMXX] Run time error 4 (plugin "zp_extra_gungnir.amxx") - debug not enabled!
L 08/20/2021 - 23:44:25: [AMXX] To enable debug mode, add "debug" after the plugin name in plugins.ini (without quotes).
L 08/20/2021 - 23:44:25: [AMXX] Run time error 4 (plugin "zp_extra_gungnir.amxx") - debug not enabled!
L 08/20/2021 - 23:44:25: [AMXX] To enable debug mode, add "debug" after the plugin name in plugins.ini (without quotes).
L 08/20/2021 - 23:44:25: [AMXX] Run time error 4 (plugin "zp_extra_gungnir.amxx") - debug not enabled!
L 08/20/2021 - 23:44:25: [AMXX] To enable debug mode, add "debug" after the plugin name in plugins.ini (without quotes).
L 08/20/2021 - 23:44:25: [AMXX] Run time error 4 (plugin "zp_extra_gungnir.amxx") - debug not enabled!
L 08/20/2021 - 23:44:25: [AMXX] To enable debug mode, add "debug" after the plugin name in plugins.ini (without quotes).
L 08/20/2021 - 23:44:26: [AMXX] Run time error 4 (plugin "zp_extra_gungnir.amxx") - debug not enabled!
L 08/20/2021 - 23:44:26: [AMXX] To enable debug mode, add "debug" after the plugin name in plugins.ini (without quotes).
L 08/20/2021 - 23:44:26: [AMXX] Run time error 4 (plugin "zp_extra_gungnir.amxx") - debug not enabled!
L 08/20/2021 - 23:44:26: [AMXX] To enable debug mode, add "debug" after the plugin name in plugins.ini (without quotes).
L 08/20/2021 - 23:44:26: [AMXX] Run time error 4 (plugin "zp_extra_gungnir.amxx") - debug not enabled!
L 08/20/2021 - 23:44:26: [AMXX] To enable debug mode, add "debug" after the plugin name in plugins.ini (without quotes).
L 08/20/2021 - 23:44:26: [AMXX] Run time error 4 (plugin "zp_extra_gungnir.amxx") - debug not enabled!
L 08/20/2021 - 23:44:26: [AMXX] To enable debug mode, add "debug" after the plugin name in plugins.ini (without quotes).
L 08/20/2021 - 23:44:26: [AMXX] Run time error 4 (plugin "zp_extra_gungnir.amxx") - debug not enabled!
L 08/20/2021 - 23:44:26: [AMXX] To enable debug mode, add "debug" after the plugin name in plugins.ini (without quotes).
L 08/20/2021 - 23:44:26: [AMXX] Run time error 4 (plugin "zp_extra_gungnir.amxx") - debug not enabled!
L 08/20/2021 - 23:44:26: [AMXX] To enable debug mode, add "debug" after the plugin name in plugins.ini (without quotes).
L 08/20/2021 - 23:44:26: [AMXX] Run time error 4 (plugin "zp_extra_gungnir.amxx") - debug not enabled!
L 08/20/2021 - 23:44:26: [AMXX] To enable debug mode, add "debug" after the plugin name in plugins.ini (without quotes).
L 08/20/2021 - 23:44:26: [AMXX] Run time error 4 (plugin "zp_extra_gungnir.amxx") - debug not enabled!
L 08/20/2021 - 23:44:26: [AMXX] To enable debug mode, add "debug" after the plugin name in plugins.ini (without quotes).
L 08/20/2021 - 23:44:26: [AMXX] Run time error 4 (plugin "zp_extra_gungnir.amxx") - debug not enabled!
L 08/20/2021 - 23:44:26: [AMXX] To enable debug mode, add "debug" after the plugin name in plugins.ini (without quotes).
L 08/20/2021 - 23:44:27: [AMXX] Run time error 4 (plugin "zp_extra_gungnir.amxx") - debug not enabled!
L 08/20/2021 - 23:44:27: [AMXX] To enable debug mode, add "debug" after the plugin name in plugins.ini (without quotes).
L 08/20/2021 - 23:44:27: [AMXX] Run time error 4 (plugin "zp_extra_gungnir.amxx") - debug not enabled!
L 08/20/2021 - 23:44:27: [AMXX] To enable debug mode, add "debug" after the plugin name in plugins.ini (without quotes).
L 08/20/2021 - 23:44:27: [AMXX] Run time error 4 (plugin "zp_extra_gungnir.amxx") - debug not enabled!
L 08/20/2021 - 23:44:27: [AMXX] To enable debug mode, add "debug" after the plugin name in plugins.ini (without quotes).
L 08/20/2021 - 23:44:28: [AMXX] Run time error 4 (plugin "zp_extra_gungnir.amxx") - debug not enabled!
L 08/20/2021 - 23:44:28: [AMXX] To enable debug mode, add "debug" after the plugin name in plugins.ini (without quotes).
L 08/20/2021 - 23:44:28: [AMXX] Run time error 4 (plugin "zp_extra_gungnir.amxx") - debug not enabled!
L 08/20/2021 - 23:44:28: [AMXX] To enable debug mode, add "debug" after the plugin name in plugins.ini (without quotes).
L 08/20/2021 - 23:44:31: [AMXX] Run time error 4 (plugin "zp_extra_gungnir.amxx") - debug not enabled!
L 08/20/2021 - 23:44:31: [AMXX] To enable debug mode, add "debug" after the plugin name in plugins.ini (without quotes).
L 08/20/2021 - 23:44:32: [AMXX] Run time error 4 (plugin "zp_extra_gungnir.amxx") - debug not enabled!
L 08/20/2021 - 23:44:32: [AMXX] To enable debug mode, add "debug" after the plugin name in plugins.ini (without quotes).
L 08/20/2021 - 23:44:32: [AMXX] Run time error 4 (plugin "zp_extra_gungnir.amxx") - debug not enabled!
L 08/20/2021 - 23:44:32: [AMXX] To enable debug mode, add "debug" after the plugin name in plugins.ini (without quotes).
L 08/20/2021 - 23:44:32: [AMXX] Run time error 4 (plugin "zp_extra_gungnir.amxx") - debug not enabled!
L 08/20/2021 - 23:44:32: [AMXX] To enable debug mode, add "debug" after the plugin name in plugins.ini (without quotes).
L 08/20/2021 - 23:44:32: [AMXX] Run time error 4 (plugin "zp_extra_gungnir.amxx") - debug not enabled!
L 08/20/2021 - 23:44:32: [AMXX] To enable debug mode, add "debug" after the plugin name in plugins.ini (without quotes).
L 08/20/2021 - 23:44:32: [AMXX] Run time error 4 (plugin "zp_extra_gungnir.amxx") - debug not enabled!
L 08/20/2021 - 23:44:32: [AMXX] To enable debug mode, add "debug" after the plugin name in plugins.ini (without quotes).
L 08/20/2021 - 23:44:32: [AMXX] Run time error 4 (plugin "zp_extra_gungnir.amxx") - debug not enabled!
L 08/20/2021 - 23:44:32: [AMXX] To enable debug mode, add "debug" after the plugin name in plugins.ini (without quotes).
L 08/20/2021 - 23:44:32: [AMXX] Run time error 4 (plugin "zp_extra_gungnir.amxx") - debug not enabled!
L 08/20/2021 - 23:44:32: [AMXX] To enable debug mode, add "debug" after the plugin name in plugins.ini (without quotes).
L 08/20/2021 - 23:44:33: [AMXX] Run time error 4 (plugin "zp_extra_gungnir.amxx") - debug not enabled!
L 08/20/2021 - 23:44:33: [AMXX] To enable debug mode, add "debug" after the plugin name in plugins.ini (without quotes).
L 08/20/2021 - 23:44:33: [AMXX] Run time error 4 (plugin "zp_extra_gungnir.amxx") - debug not enabled!
L 08/20/2021 - 23:44:33: [AMXX] To enable debug mode, add "debug" after the plugin name in plugins.ini (without quotes).
L 08/20/2021 - 23:44:33: [AMXX] Run time error 4 (plugin "zp_extra_gungnir.amxx") - debug not enabled!
L 08/20/2021 - 23:44:33: [AMXX] To enable debug mode, add "debug" after the plugin name in plugins.ini (without quotes).
L 08/20/2021 - 23:44:33: [AMXX] Run time error 4 (plugin "zp_extra_gungnir.amxx") - debug not enabled!
L 08/20/2021 - 23:44:33: [AMXX] To enable debug mode, add "debug" after the plugin name in plugins.ini (without quotes).
L 08/20/2021 - 23:44:33: [AMXX] Run time error 4 (plugin "zp_extra_gungnir.amxx") - debug not enabled!
L 08/20/2021 - 23:44:33: [AMXX] To enable debug mode, add "debug" after the plugin name in plugins.ini (without quotes).
L 08/20/2021 - 23:44:42: [AMXX] Run time error 4 (plugin "zp_extra_gungnir.amxx") - debug not enabled!
L 08/20/2021 - 23:44:42: [AMXX] To enable debug mode, add "debug" after the plugin name in plugins.ini (without quotes).
L 08/20/2021 - 23:44:42: [AMXX] Run time error 4 (plugin "zp_extra_gungnir.amxx") - debug not enabled!
L 08/20/2021 - 23:44:42: [AMXX] To enable debug mode, add "debug" after the plugin name in plugins.ini (without quotes).
L 08/20/2021 - 23:44:42: [AMXX] Run time error 4 (plugin "zp_extra_gungnir.amxx") - debug not enabled!
L 08/20/2021 - 23:44:42: [AMXX] To enable debug mode, add "debug" after the plugin name in plugins.ini (without quotes).
L 08/20/2021 - 23:44:42: [AMXX] Run time error 4 (plugin "zp_extra_gungnir.amxx") - debug not enabled!
L 08/20/2021 - 23:44:42: [AMXX] To enable debug mode, add "debug" after the plugin name in plugins.ini (without quotes).
L 08/20/2021 - 23:44:42: [AMXX] Run time error 4 (plugin "zp_extra_gungnir.amxx") - debug not enabled!
L 08/20/2021 - 23:44:42: [AMXX] To enable debug mode, add "debug" after the plugin name in plugins.ini (without quotes).
L 08/20/2021 - 23:44:42: [AMXX] Run time error 4 (plugin "zp_extra_gungnir.amxx") - debug not enabled!
L 08/20/2021 - 23:44:42: [AMXX] To enable debug mode, add "debug" after the plugin name in plugins.ini (without quotes).
L 08/20/2021 - 23:44:42: [AMXX] Run time error 4 (plugin "zp_extra_gungnir.amxx") - debug not enabled!
L 08/20/2021 - 23:44:42: [AMXX] To enable debug mode, add "debug" after the plugin name in plugins.ini (without quotes).
L 08/20/2021 - 23:44:43: [AMXX] Run time error 4 (plugin "zp_extra_gungnir.amxx") - debug not enabled!
L 08/20/2021 - 23:44:43: [AMXX] To enable debug mode, add "debug" after the plugin name in plugins.ini (without quotes).
L 08/20/2021 - 23:44:43: [AMXX] Run time error 4 (plugin "zp_extra_gungnir.amxx") - debug not enabled!
L 08/20/2021 - 23:44:43: [AMXX] To enable debug mode, add "debug" after the plugin name in plugins.ini (without quotes).
L 08/20/2021 - 23:44:43: [AMXX] Run time error 4 (plugin "zp_extra_gungnir.amxx") - debug not enabled!
L 08/20/2021 - 23:44:43: [AMXX] To enable debug mode, add "debug" after the plugin name in plugins.ini (without quotes).
L 08/20/2021 - 23:44:43: [AMXX] Run time error 4 (plugin "zp_extra_gungnir.amxx") - debug not enabled!
L 08/20/2021 - 23:44:43: [AMXX] To enable debug mode, add "debug" after the plugin name in plugins.ini (without quotes).
L 08/20/2021 - 23:44:43: [AMXX] Run time error 4 (plugin "zp_extra_gungnir.amxx") - debug not enabled!
L 08/20/2021 - 23:44:43: [AMXX] To enable debug mode, add "debug" after the plugin name in plugins.ini (without quotes).
L 08/20/2021 - 23:44:43: [AMXX] Run time error 4 (plugin "zp_extra_gungnir.amxx") - debug not enabled!
L 08/20/2021 - 23:44:43: [AMXX] To enable debug mode, add "debug" after the plugin name in plugins.ini (without quotes).
L 08/20/2021 - 23:44:43: [AMXX] Run time error 4 (plugin "zp_extra_gungnir.amxx") - debug not enabled!
L 08/20/2021 - 23:44:43: [AMXX] To enable debug mode, add "debug" after the plugin name in plugins.ini (without quotes).
L 08/20/2021 - 23:44:43: [AMXX] Run time error 4 (plugin "zp_extra_gungnir.amxx") - debug not enabled!
L 08/20/2021 - 23:44:43: [AMXX] To enable debug mode, add "debug" after the plugin name in plugins.ini (without quotes).
L 08/20/2021 - 23:44:44: [AMXX] Run time error 4 (plugin "zp_extra_gungnir.amxx") - debug not enabled!
L 08/20/2021 - 23:44:44: [AMXX] To enable debug mode, add "debug" after the plugin name in plugins.ini (without quotes).
L 08/20/2021 - 23:44:44: [AMXX] Run time error 4 (plugin "zp_extra_gungnir.amxx") - debug not enabled!
L 08/20/2021 - 23:44:44: [AMXX] To enable debug mode, add "debug" after the plugin name in plugins.ini (without quotes).
L 08/20/2021 - 23:44:44: [AMXX] Run time error 4 (plugin "zp_extra_gungnir.amxx") - debug not enabled!
L 08/20/2021 - 23:44:44: [AMXX] To enable debug mode, add "debug" after the plugin name in plugins.ini (without quotes).
L 08/20/2021 - 23:44:44: [AMXX] Run time error 4 (plugin "zp_extra_gungnir.amxx") - debug not enabled!
L 08/20/2021 - 23:44:44: [AMXX] To enable debug mode, add "debug" after the plugin name in plugins.ini (without quotes).
L 08/20/2021 - 23:44:44: [AMXX] Run time error 4 (plugin "zp_extra_gungnir.amxx") - debug not enabled!
L 08/20/2021 - 23:44:44: [AMXX] To enable debug mode, add "debug" after the plugin name in plugins.ini (without quotes).
L 08/20/2021 - 23:44:44: [AMXX] Run time error 4 (plugin "zp_extra_gungnir.amxx") - debug not enabled!
L 08/20/2021 - 23:44:44: [AMXX] To enable debug mode, add "debug" after the plugin name in plugins.ini (without quotes).
L 08/20/2021 - 23:44:44: [AMXX] Run time error 4 (plugin "zp_extra_gungnir.amxx") - debug not enabled!
L 08/20/2021 - 23:44:44: [AMXX] To enable debug mode, add "debug" after the plugin name in plugins.ini (without quotes).
L 08/20/2021 - 23:44:44: [AMXX] Run time error 4 (plugin "zp_extra_gungnir.amxx") - debug not enabled!
L 08/20/2021 - 23:44:44: [AMXX] To enable debug mode, add "debug" after the plugin name in plugins.ini (without quotes).
L 08/20/2021 - 23:44:44: [AMXX] Run time error 4 (plugin "zp_extra_gungnir.amxx") - debug not enabled!
L 08/20/2021 - 23:44:44: [AMXX] To enable debug mode, add "debug" after the plugin name in plugins.ini (without quotes).
L 08/20/2021 - 23:44:45: [AMXX] Run time error 4 (plugin "zp_extra_gungnir.amxx") - debug not enabled!
L 08/20/2021 - 23:44:45: [AMXX] To enable debug mode, add "debug" after the plugin name in plugins.ini (without quotes).
L 08/20/2021 - 23:44:45: [AMXX] Run time error 4 (plugin "zp_extra_gungnir.amxx") - debug not enabled!
L 08/20/2021 - 23:44:45: [AMXX] To enable debug mode, add "debug" after the plugin name in plugins.ini (without quotes).
L 08/20/2021 - 23:44:45: [AMXX] Run time error 4 (plugin "zp_extra_gungnir.amxx") - debug not enabled!
L 08/20/2021 - 23:44:45: [AMXX] To enable debug mode, add "debug" after the plugin name in plugins.ini (without quotes).
L 08/20/2021 - 23:44:45: [AMXX] Run time error 4 (plugin "zp_extra_gungnir.amxx") - debug not enabled!
L 08/20/2021 - 23:44:45: [AMXX] To enable debug mode, add "debug" after the plugin name in plugins.ini (without quotes).
L 08/20/2021 - 23:44:45: [AMXX] Run time error 4 (plugin "zp_extra_gungnir.amxx") - debug not enabled!
L 08/20/2021 - 23:44:45: [AMXX] To enable debug mode, add "debug" after the plugin name in plugins.ini (without quotes).
L 08/20/2021 - 23:44:45: [AMXX] Run time error 4 (plugin "zp_extra_gungnir.amxx") - debug not enabled!
L 08/20/2021 - 23:44:45: [AMXX] To enable debug mode, add "debug" after the plugin name in plugins.ini (without quotes).
L 08/20/2021 - 23:44:45: [AMXX] Run time error 4 (plugin "zp_extra_gungnir.amxx") - debug not enabled!
L 08/20/2021 - 23:44:45: [AMXX] To enable debug mode, add "debug" after the plugin name in plugins.ini (without quotes).
L 08/20/2021 - 23:44:46: [AMXX] Run time error 4 (plugin "zp_extra_gungnir.amxx") - debug not enabled!
L 08/20/2021 - 23:44:46: [AMXX] To enable debug mode, add "debug" after the plugin name in plugins.ini (without quotes).
L 08/20/2021 - 23:44:46: [AMXX] Run time error 4 (plugin "zp_extra_gungnir.amxx") - debug not enabled!
L 08/20/2021 - 23:44:46: [AMXX] To enable debug mode, add "debug" after the plugin name in plugins.ini (without quotes).
L 08/20/2021 - 23:44:46: [AMXX] Run time error 4 (plugin "zp_extra_gungnir.amxx") - debug not enabled!
L 08/20/2021 - 23:44:46: [AMXX] To enable debug mode, add "debug" after the plugin name in plugins.ini (without quotes).
L 08/20/2021 - 23:44:46: [AMXX] Run time error 4 (plugin "zp_extra_gungnir.amxx") - debug not enabled!
L 08/20/2021 - 23:44:46: [AMXX] To enable debug mode, add "debug" after the plugin name in plugins.ini (without quotes).
L 08/20/2021 - 23:44:46: [AMXX] Run time error 4 (plugin "zp_extra_gungnir.amxx") - debug not enabled!
L 08/20/2021 - 23:44:46: [AMXX] To enable debug mode, add "debug" after the plugin name in plugins.ini (without quotes).
L 08/20/2021 - 23:44:46: [AMXX] Run time error 4 (plugin "zp_extra_gungnir.amxx") - debug not enabled!
L 08/20/2021 - 23:44:46: [AMXX] To enable debug mode, add "debug" after the plugin name in plugins.ini (without quotes).
L 08/20/2021 - 23:44:46: [AMXX] Run time error 4 (plugin "zp_extra_gungnir.amxx") - debug not enabled!
L 08/20/2021 - 23:44:46: [AMXX] To enable debug mode, add "debug" after the plugin name in plugins.ini (without quotes).
L 08/20/2021 - 23:44:46: [AMXX] Run time error 4 (plugin "zp_extra_gungnir.amxx") - debug not enabled!
L 08/20/2021 - 23:44:46: [AMXX] To enable debug mode, add "debug" after the plugin name in plugins.ini (without quotes).
L 08/20/2021 - 23:44:47: [AMXX] Run time error 4 (plugin "zp_extra_gungnir.amxx") - debug not enabled!
L 08/20/2021 - 23:44:47: [AMXX] To enable debug mode, add "debug" after the plugin name in plugins.ini (without quotes).
L 08/20/2021 - 23:44:47: [AMXX] Run time error 4 (plugin "zp_extra_gungnir.amxx") - debug not enabled!
L 08/20/2021 - 23:44:47: [AMXX] To enable debug mode, add "debug" after the plugin name in plugins.ini (without quotes).
L 08/20/2021 - 23:44:47: [AMXX] Run time error 4 (plugin "zp_extra_gungnir.amxx") - debug not enabled!
L 08/20/2021 - 23:44:47: [AMXX] To enable debug mode, add "debug" after the plugin name in plugins.ini (without quotes).
L 08/20/2021 - 23:44:47: [AMXX] Run time error 4 (plugin "zp_extra_gungnir.amxx") - debug not enabled!
L 08/20/2021 - 23:44:47: [AMXX] To enable debug mode, add "debug" after the plugin name in plugins.ini (without quotes).
L 08/20/2021 - 23:44:47: [AMXX] Run time error 4 (plugin "zp_extra_gungnir.amxx") - debug not enabled!
L 08/20/2021 - 23:44:47: [AMXX] To enable debug mode, add "debug" after the plugin name in plugins.ini (without quotes).
L 08/20/2021 - 23:44:47: [AMXX] Run time error 4 (plugin "zp_extra_gungnir.amxx") - debug not enabled!
L 08/20/2021 - 23:44:47: [AMXX] To enable debug mode, add "debug" after the plugin name in plugins.ini (without quotes).
L 08/20/2021 - 23:44:47: [AMXX] Run time error 4 (plugin "zp_extra_gungnir.amxx") - debug not enabled!
L 08/20/2021 - 23:44:47: [AMXX] To enable debug mode, add "debug" after the plugin name in plugins.ini (without quotes).
L 08/20/2021 - 23:44:47: [AMXX] Run time error 4 (plugin "zp_extra_gungnir.amxx") - debug not enabled!
L 08/20/2021 - 23:44:47: [AMXX] To enable debug mode, add "debug" after the plugin name in plugins.ini (without quotes).
L 08/20/2021 - 23:44:48: [AMXX] Run time error 4 (plugin "zp_extra_gungnir.amxx") - debug not enabled!
L 08/20/2021 - 23:44:48: [AMXX] To enable debug mode, add "debug" after the plugin name in plugins.ini (without quotes).
L 08/20/2021 - 23:44:48: [AMXX] Run time error 4 (plugin "zp_extra_gungnir.amxx") - debug not enabled!
L 08/20/2021 - 23:44:48: [AMXX] To enable debug mode, add "debug" after the plugin name in plugins.ini (without quotes).
L 08/20/2021 - 23:44:48: [AMXX] Run time error 4 (plugin "zp_extra_gungnir.amxx") - debug not enabled!
L 08/20/2021 - 23:44:48: [AMXX] To enable debug mode, add "debug" after the plugin name in plugins.ini (without quotes).
L 08/20/2021 - 23:46:49: Start of error session.
L 08/20/2021 - 23:46:49: Info (map "zm_toan") (file "addons/amxmodx/logs/error_20210820.log")
L 08/20/2021 - 23:46:49: [AMXX] Run time error 4 (plugin "zp_extra_gungnir.amxx") - debug not enabled!
L 08/20/2021 - 23:46:49: [AMXX] To enable debug mode, add "debug" after the plugin name in plugins.ini (without quotes).
L 08/20/2021 - 23:46:50: [AMXX] Run time error 4 (plugin "zp_extra_gungnir.amxx") - debug not enabled!
L 08/20/2021 - 23:46:50: [AMXX] To enable debug mode, add "debug" after the plugin name in plugins.ini (without quotes).
L 08/20/2021 - 23:46:50: [AMXX] Run time error 4 (plugin "zp_extra_gungnir.amxx") - debug not enabled!
L 08/20/2021 - 23:46:50: [AMXX] To enable debug mode, add "debug" after the plugin name in plugins.ini (without quotes).
L 08/20/2021 - 23:46:50: [AMXX] Run time error 4 (plugin "zp_extra_gungnir.amxx") - debug not enabled!
L 08/20/2021 - 23:46:50: [AMXX] To enable debug mode, add "debug" after the plugin name in plugins.ini (without quotes).
L 08/20/2021 - 23:46:50: [AMXX] Run time error 4 (plugin "zp_extra_gungnir.amxx") - debug not enabled!
L 08/20/2021 - 23:46:50: [AMXX] To enable debug mode, add "debug" after the plugin name in plugins.ini (without quotes).
L 08/20/2021 - 23:46:50: [AMXX] Run time error 4 (plugin "zp_extra_gungnir.amxx") - debug not enabled!
L 08/20/2021 - 23:46:50: [AMXX] To enable debug mode, add "debug" after the plugin name in plugins.ini (without quotes).
L 08/20/2021 - 23:46:50: [AMXX] Run time error 4 (plugin "zp_extra_gungnir.amxx") - debug not enabled!
L 08/20/2021 - 23:46:50: [AMXX] To enable debug mode, add "debug" after the plugin name in plugins.ini (without quotes).
L 08/20/2021 - 23:46:50: [AMXX] Run time error 4 (plugin "zp_extra_gungnir.amxx") - debug not enabled!
L 08/20/2021 - 23:46:50: [AMXX] To enable debug mode, add "debug" after the plugin name in plugins.ini (without quotes).
L 08/20/2021 - 23:46:50: [AMXX] Run time error 4 (plugin "zp_extra_gungnir.amxx") - debug not enabled!
L 08/20/2021 - 23:46:50: [AMXX] To enable debug mode, add "debug" after the plugin name in plugins.ini (without quotes).
L 08/20/2021 - 23:46:51: [AMXX] Run time error 4 (plugin "zp_extra_gungnir.amxx") - debug not enabled!
L 08/20/2021 - 23:46:51: [AMXX] To enable debug mode, add "debug" after the plugin name in plugins.ini (without quotes).
L 08/20/2021 - 23:46:51: [AMXX] Run time error 4 (plugin "zp_extra_gungnir.amxx") - debug not enabled!
L 08/20/2021 - 23:46:51: [AMXX] To enable debug mode, add "debug" after the plugin name in plugins.ini (without quotes).
L 08/20/2021 - 23:46:51: [AMXX] Run time error 4 (plugin "zp_extra_gungnir.amxx") - debug not enabled!
L 08/20/2021 - 23:46:51: [AMXX] To enable debug mode, add "debug" after the plugin name in plugins.ini (without quotes).
L 08/20/2021 - 23:46:51: [AMXX] Run time error 4 (plugin "zp_extra_gungnir.amxx") - debug not enabled!
L 08/20/2021 - 23:46:51: [AMXX] To enable debug mode, add "debug" after the plugin name in plugins.ini (without quotes).
L 08/20/2021 - 23:46:51: [AMXX] Run time error 4 (plugin "zp_extra_gungnir.amxx") - debug not enabled!
L 08/20/2021 - 23:46:51: [AMXX] To enable debug mode, add "debug" after the plugin name in plugins.ini (without quotes).
L 08/20/2021 - 23:46:51: [AMXX] Run time error 4 (plugin "zp_extra_gungnir.amxx") - debug not enabled!
L 08/20/2021 - 23:46:51: [AMXX] To enable debug mode, add "debug" after the plugin name in plugins.ini (without quotes).
L 08/20/2021 - 23:46:51: [AMXX] Run time error 4 (plugin "zp_extra_gungnir.amxx") - debug not enabled!
L 08/20/2021 - 23:46:51: [AMXX] To enable debug mode, add "debug" after the plugin name in plugins.ini (without quotes).
L 08/20/2021 - 23:46:51: [AMXX] Run time error 4 (plugin "zp_extra_gungnir.amxx") - debug not enabled!
L 08/20/2021 - 23:46:51: [AMXX] To enable debug mode, add "debug" after the plugin name in plugins.ini (without quotes).
L 08/20/2021 - 23:46:52: [AMXX] Run time error 4 (plugin "zp_extra_gungnir.amxx") - debug not enabled!
L 08/20/2021 - 23:46:52: [AMXX] To enable debug mode, add "debug" after the plugin name in plugins.ini (without quotes).
L 08/20/2021 - 23:46:52: [AMXX] Run time error 4 (plugin "zp_extra_gungnir.amxx") - debug not enabled!
L 08/20/2021 - 23:46:52: [AMXX] To enable debug mode, add "debug" after the plugin name in plugins.ini (without quotes).
L 08/20/2021 - 23:46:52: [AMXX] Run time error 4 (plugin "zp_extra_gungnir.amxx") - debug not enabled!
L 08/20/2021 - 23:46:52: [AMXX] To enable debug mode, add "debug" after the plugin name in plugins.ini (without quotes).
L 08/20/2021 - 23:46:52: [AMXX] Run time error 4 (plugin "zp_extra_gungnir.amxx") - debug not enabled!
L 08/20/2021 - 23:46:52: [AMXX] To enable debug mode, add "debug" after the plugin name in plugins.ini (without quotes).
L 08/20/2021 - 23:46:52: [AMXX] Run time error 4 (plugin "zp_extra_gungnir.amxx") - debug not enabled!
L 08/20/2021 - 23:46:52: [AMXX] To enable debug mode, add "debug" after the plugin name in plugins.ini (without quotes).
L 08/20/2021 - 23:46:52: [AMXX] Run time error 4 (plugin "zp_extra_gungnir.amxx") - debug not enabled!
L 08/20/2021 - 23:46:52: [AMXX] To enable debug mode, add "debug" after the plugin name in plugins.ini (without quotes).
L 08/20/2021 - 23:46:52: [AMXX] Run time error 4 (plugin "zp_extra_gungnir.amxx") - debug not enabled!
L 08/20/2021 - 23:46:52: [AMXX] To enable debug mode, add "debug" after the plugin name in plugins.ini (without quotes).
L 08/20/2021 - 23:46:52: [AMXX] Run time error 4 (plugin "zp_extra_gungnir.amxx") - debug not enabled!
L 08/20/2021 - 23:46:52: [AMXX] To enable debug mode, add "debug" after the plugin name in plugins.ini (without quotes).
L 08/20/2021 - 23:46:53: [AMXX] Run time error 4 (plugin "zp_extra_gungnir.amxx") - debug not enabled!
L 08/20/2021 - 23:46:53: [AMXX] To enable debug mode, add "debug" after the plugin name in plugins.ini (without quotes).
L 08/20/2021 - 23:46:53: [AMXX] Run time error 4 (plugin "zp_extra_gungnir.amxx") - debug not enabled!
L 08/20/2021 - 23:46:53: [AMXX] To enable debug mode, add "debug" after the plugin name in plugins.ini (without quotes).
L 08/20/2021 - 23:48:23: [AMXX] Run time error 4 (plugin "zp_extra_gungnir.amxx") - debug not enabled!
L 08/20/2021 - 23:48:23: [AMXX] To enable debug mode, add "debug" after the plugin name in plugins.ini (without quotes).
L 08/20/2021 - 23:48:23: [AMXX] Run time error 4 (plugin "zp_extra_gungnir.amxx") - debug not enabled!
L 08/20/2021 - 23:48:23: [AMXX] To enable debug mode, add "debug" after the plugin name in plugins.ini (without quotes).
L 08/20/2021 - 23:48:23: [AMXX] Run time error 4 (plugin "zp_extra_gungnir.amxx") - debug not enabled!
L 08/20/2021 - 23:48:23: [AMXX] To enable debug mode, add "debug" after the plugin name in plugins.ini (without quotes).
L 08/20/2021 - 23:48:24: [AMXX] Run time error 4 (plugin "zp_extra_gungnir.amxx") - debug not enabled!
L 08/20/2021 - 23:48:24: [AMXX] To enable debug mode, add "debug" after the plugin name in plugins.ini (without quotes).
L 08/20/2021 - 23:48:24: [AMXX] Run time error 4 (plugin "zp_extra_gungnir.amxx") - debug not enabled!
L 08/20/2021 - 23:48:24: [AMXX] To enable debug mode, add "debug" after the plugin name in plugins.ini (without quotes).
L 08/20/2021 - 23:48:24: [AMXX] Run time error 4 (plugin "zp_extra_gungnir.amxx") - debug not enabled!
L 08/20/2021 - 23:48:24: [AMXX] To enable debug mode, add "debug" after the plugin name in plugins.ini (without quotes).
L 08/20/2021 - 23:48:24: [AMXX] Run time error 4 (plugin "zp_extra_gungnir.amxx") - debug not enabled!
L 08/20/2021 - 23:48:24: [AMXX] To enable debug mode, add "debug" after the plugin name in plugins.ini (without quotes).
L 08/20/2021 - 23:48:24: [AMXX] Run time error 4 (plugin "zp_extra_gungnir.amxx") - debug not enabled!
L 08/20/2021 - 23:48:24: [AMXX] To enable debug mode, add "debug" after the plugin name in plugins.ini (without quotes).
L 08/20/2021 - 23:48:24: [AMXX] Run time error 4 (plugin "zp_extra_gungnir.amxx") - debug not enabled!
L 08/20/2021 - 23:48:24: [AMXX] To enable debug mode, add "debug" after the plugin name in plugins.ini (without quotes).
L 08/20/2021 - 23:48:24: [AMXX] Run time error 4 (plugin "zp_extra_gungnir.amxx") - debug not enabled!
L 08/20/2021 - 23:48:24: [AMXX] To enable debug mode, add "debug" after the plugin name in plugins.ini (without quotes).
L 08/20/2021 - 23:48:24: [AMXX] Run time error 4 (plugin "zp_extra_gungnir.amxx") - debug not enabled!
L 08/20/2021 - 23:48:24: [AMXX] To enable debug mode, add "debug" after the plugin name in plugins.ini (without quotes).
L 08/20/2021 - 23:48:25: [AMXX] Run time error 4 (plugin "zp_extra_gungnir.amxx") - debug not enabled!
L 08/20/2021 - 23:48:25: [AMXX] To enable debug mode, add "debug" after the plugin name in plugins.ini (without quotes).
L 08/20/2021 - 23:48:25: [AMXX] Run time error 4 (plugin "zp_extra_gungnir.amxx") - debug not enabled!
L 08/20/2021 - 23:48:25: [AMXX] To enable debug mode, add "debug" after the plugin name in plugins.ini (without quotes).
L 08/20/2021 - 23:48:25: [AMXX] Run time error 4 (plugin "zp_extra_gungnir.amxx") - debug not enabled!
L 08/20/2021 - 23:48:25: [AMXX] To enable debug mode, add "debug" after the plugin name in plugins.ini (without quotes).
L 08/20/2021 - 23:48:25: [AMXX] Run time error 4 (plugin "zp_extra_gungnir.amxx") - debug not enabled!
L 08/20/2021 - 23:48:25: [AMXX] To enable debug mode, add "debug" after the plugin name in plugins.ini (without quotes).
L 08/20/2021 - 23:48:25: [AMXX] Run time error 4 (plugin "zp_extra_gungnir.amxx") - debug not enabled!
L 08/20/2021 - 23:48:25: [AMXX] To enable debug mode, add "debug" after the plugin name in plugins.ini (without quotes).
