L 08/17/2021 - 13:01:08: Start of error session.
L 08/17/2021 - 13:01:08: Info (map "zm_toan") (file "addons/amxmodx/logs/error_20210817.log")
L 08/17/2021 - 13:01:08: [AMXX] Plugin file open error (plugin "zp_extra_gunkata")
L 08/17/2021 - 13:17:42: Start of error session.
L 08/17/2021 - 13:17:42: Info (map "zm_toan") (file "addons/amxmodx/logs/error_20210817.log")
L 08/17/2021 - 13:17:42: [CSTRIKE] Non-player entity 0 out of range
L 08/17/2021 - 13:17:42: [AMXX] Displaying debug trace (plugin "zp_extra_gunkata.amxx")
L 08/17/2021 - 13:17:42: [AMXX] Run time error 10: native error (native "cs_get_weapon_ammo")
L 08/17/2021 - 13:17:42: [AMXX]    [0] zp_extra_gunkata.sma::Get_Base (line 224)
L 08/17/2021 - 13:17:42: [AMXX]    [1] zp_extra_gunkata.sma::zp_round_started (line 200)
L 08/17/2021 - 13:26:25: Start of error session.
L 08/17/2021 - 13:26:25: Info (map "zm_toan") (file "addons/amxmodx/logs/error_20210817.log")
L 08/17/2021 - 13:26:25: [CSTRIKE] Non-player entity 0 out of range
L 08/17/2021 - 13:26:25: [AMXX] Displaying debug trace (plugin "zp_extra_gunkata.amxx")
L 08/17/2021 - 13:26:25: [AMXX] Run time error 10: native error (native "cs_get_weapon_ammo")
L 08/17/2021 - 13:26:25: [AMXX]    [0] zp_extra_gunkata.sma::Get_Base (line 224)
L 08/17/2021 - 13:26:25: [AMXX]    [1] zp_extra_gunkata.sma::zp_round_started (line 200)
L 08/17/2021 - 13:27:00: Start of error session.
L 08/17/2021 - 13:27:00: Info (map "zm_toan") (file "addons/amxmodx/logs/error_20210817.log")
L 08/17/2021 - 13:27:00: [CSTRIKE] Non-player entity 0 out of range
L 08/17/2021 - 13:27:00: [AMXX] Displaying debug trace (plugin "zp_extra_gunkata.amxx")
L 08/17/2021 - 13:27:00: [AMXX] Run time error 10: native error (native "cs_get_weapon_ammo")
L 08/17/2021 - 13:27:00: [AMXX]    [0] zp_extra_gunkata.sma::Get_Base (line 224)
L 08/17/2021 - 13:27:00: [AMXX]    [1] zp_extra_gunkata.sma::zp_round_started (line 200)
L 08/17/2021 - 13:29:09: Start of error session.
L 08/17/2021 - 13:29:09: Info (map "zm_toan") (file "addons/amxmodx/logs/error_20210817.log")
L 08/17/2021 - 13:29:09: [CSTRIKE] Non-player entity 0 out of range
L 08/17/2021 - 13:29:09: [AMXX] Displaying debug trace (plugin "zp_extra_gunkata.amxx")
L 08/17/2021 - 13:29:09: [AMXX] Run time error 10: native error (native "cs_get_weapon_ammo")
L 08/17/2021 - 13:29:09: [AMXX]    [0] zp_extra_gunkata.sma::Get_Base (line 223)
L 08/17/2021 - 13:29:10: [AMXX]    [1] zp_extra_gunkata.sma::zp_user_humanized_post (line 200)
L 08/17/2021 - 13:29:51: Start of error session.
L 08/17/2021 - 13:29:51: Info (map "zm_toan") (file "addons/amxmodx/logs/error_20210817.log")
L 08/17/2021 - 13:29:51: [CSTRIKE] Non-player entity 0 out of range
L 08/17/2021 - 13:29:51: [AMXX] Displaying debug trace (plugin "zp_extra_gunkata.amxx")
L 08/17/2021 - 13:29:51: [AMXX] Run time error 10: native error (native "cs_get_weapon_ammo")
L 08/17/2021 - 13:29:51: [AMXX]    [0] zp_extra_gunkata.sma::Get_Base (line 223)
L 08/17/2021 - 13:29:51: [AMXX]    [1] zp_extra_gunkata.sma::zp_user_humanized_post (line 200)
L 08/17/2021 - 13:35:59: Start of error session.
L 08/17/2021 - 13:35:59: Info (map "zm_toan") (file "addons/amxmodx/logs/error_20210817.log")
L 08/17/2021 - 13:35:59: [CSTRIKE] Non-player entity 0 out of range
L 08/17/2021 - 13:35:59: [AMXX] Displaying debug trace (plugin "zp_extra_gunkata.amxx")
L 08/17/2021 - 13:35:59: [AMXX] Run time error 10: native error (native "cs_get_weapon_ammo")
L 08/17/2021 - 13:35:59: [AMXX]    [0] zp_extra_gunkata.sma::Get_Base (line 223)
L 08/17/2021 - 13:35:59: [AMXX]    [1] zp_extra_gunkata.sma::zp_user_humanized_post (line 200)
L 08/17/2021 - 13:40:15: Start of error session.
L 08/17/2021 - 13:40:15: Info (map "zm_toan") (file "addons/amxmodx/logs/error_20210817.log")
L 08/17/2021 - 13:40:15: [CSTRIKE] Non-player entity 0 out of range
L 08/17/2021 - 13:40:15: [AMXX] Displaying debug trace (plugin "zp_extra_gunkata.amxx")
L 08/17/2021 - 13:40:15: [AMXX] Run time error 10: native error (native "cs_get_weapon_ammo")
L 08/17/2021 - 13:40:15: [AMXX]    [0] zp_extra_gunkata.sma::Get_Base (line 223)
L 08/17/2021 - 13:40:15: [AMXX]    [1] zp_extra_gunkata.sma::zp_user_humanized_post (line 200)
L 08/17/2021 - 13:41:05: Start of error session.
L 08/17/2021 - 13:41:05: Info (map "zm_toan") (file "addons/amxmodx/logs/error_20210817.log")
L 08/17/2021 - 13:41:05: [CSTRIKE] Non-player entity 0 out of range
L 08/17/2021 - 13:41:05: [AMXX] Displaying debug trace (plugin "zp_extra_gunkata.amxx")
L 08/17/2021 - 13:41:05: [AMXX] Run time error 10: native error (native "cs_get_weapon_ammo")
L 08/17/2021 - 13:41:05: [AMXX]    [0] zp_extra_gunkata.sma::Get_Base (line 223)
L 08/17/2021 - 13:41:05: [AMXX]    [1] zp_extra_gunkata.sma::zp_user_humanized_post (line 200)
L 08/17/2021 - 13:43:18: Start of error session.
L 08/17/2021 - 13:43:18: Info (map "zm_toan") (file "addons/amxmodx/logs/error_20210817.log")
L 08/17/2021 - 13:43:18: [CSTRIKE] Non-player entity 0 out of range
L 08/17/2021 - 13:43:18: [AMXX] Displaying debug trace (plugin "zp_extra_gunkata.amxx")
L 08/17/2021 - 13:43:18: [AMXX] Run time error 10: native error (native "cs_get_weapon_ammo")
L 08/17/2021 - 13:43:18: [AMXX]    [0] zp_extra_gunkata.sma::Get_Base (line 223)
L 08/17/2021 - 13:43:18: [AMXX]    [1] zp_extra_gunkata.sma::zp_user_humanized_post (line 200)
L 08/17/2021 - 13:46:08: Start of error session.
L 08/17/2021 - 13:46:08: Info (map "zm_toan") (file "addons/amxmodx/logs/error_20210817.log")
L 08/17/2021 - 13:46:08: [CSTRIKE] Non-player entity 0 out of range
L 08/17/2021 - 13:46:08: [AMXX] Displaying debug trace (plugin "zp_extra_gunkata.amxx")
L 08/17/2021 - 13:46:08: [AMXX] Run time error 10: native error (native "cs_get_weapon_ammo")
L 08/17/2021 - 13:46:08: [AMXX]    [0] zp_extra_gunkata.sma::Get_Base (line 223)
L 08/17/2021 - 13:46:08: [AMXX]    [1] zp_extra_gunkata.sma::zp_user_humanized_post (line 200)
L 08/17/2021 - 13:59:22: Start of error session.
L 08/17/2021 - 13:59:22: Info (map "zm_toan") (file "addons/amxmodx/logs/error_20210817.log")
L 08/17/2021 - 13:59:22: [FAKEMETA] Invalid entity
L 08/17/2021 - 13:59:22: [AMXX] Run time error 10 (plugin "zp_zclass_stamper.amxx") (native "pev") - debug not enabled!
L 08/17/2021 - 13:59:22: [AMXX] To enable debug mode, add "debug" after the plugin name in plugins.ini (without quotes).
L 08/17/2021 - 13:59:32: [FAKEMETA] Invalid entity
L 08/17/2021 - 13:59:32: [AMXX] Run time error 10 (plugin "zp_zclass_stamper.amxx") (native "pev") - debug not enabled!
L 08/17/2021 - 13:59:32: [AMXX] To enable debug mode, add "debug" after the plugin name in plugins.ini (without quotes).
L 08/17/2021 - 14:09:30: Start of error session.
L 08/17/2021 - 14:09:30: Info (map "zm_toan") (file "addons/amxmodx/logs/error_20210817.log")
L 08/17/2021 - 14:09:30: [FAKEMETA] Invalid entity
L 08/17/2021 - 14:09:30: [AMXX] Run time error 10 (plugin "zp_zclass_stamper.amxx") (native "pev") - debug not enabled!
L 08/17/2021 - 14:09:30: [AMXX] To enable debug mode, add "debug" after the plugin name in plugins.ini (without quotes).
