L 12/18/2020 - 23:07:40: -------- Mapchange to zm_toan --------
L 12/18/2020 - 23:07:41: [AMXX] Plugin "amx_bhop.amxx" failed to load: Module/Library "fakemeta" required for plugin.  Check modules.ini.
L 12/18/2020 - 23:07:41: [AMXX] Plugin "abd.amxx" failed to load: Module/Library "fakemeta" required for plugin.  Check modules.ini.
L 12/18/2020 - 23:07:41: [AMXX] Plugin "3rd_view.amxx" failed to load: Module/Library "engine" required for plugin.  Check modules.ini.
L 12/18/2020 - 23:07:41: [AMXX] Plugin "efGundrop.amxx" failed to load: Module/Library "fakemeta" required for plugin.  Check modules.ini.
L 12/18/2020 - 23:07:41: [AMXX] Plugin "remove_df_weapon.amxx" failed to load: Module/Library "fakemeta" required for plugin.  Check modules.ini.
L 12/18/2020 - 23:07:41: [AMXX] Plugin "amx_unprecache.amxx" failed to load: Module/Library "fakemeta" required for plugin.  Check modules.ini.
L 12/18/2020 - 23:07:41: [AMXX] Plugin "CSX_Effect_Killer.amxx" failed to load: Module/Library "hamsandwich" required for plugin.  Check modules.ini.
L 12/18/2020 - 23:07:42: [AMXX] Plugin "zombie_plague40.amxx" failed to load: Module/Library "cstrike" required for plugin.  Check modules.ini.
L 12/18/2020 - 23:07:42: [AMXX] Plugin "zp_zclass_regular.amxx" failed to load: Module/Library "engine" required for plugin.  Check modules.ini.
L 12/18/2020 - 23:07:42: [AMXX] Plugin "zp_zclass_Deimos.amxx" failed to load: Module/Library "fakemeta" required for plugin.  Check modules.ini.
L 12/18/2020 - 23:07:42: [AMXX] Plugin "zp_zclass_stingfinger.amxx" failed to load: Module/Library "hamsandwich" required for plugin.  Check modules.ini.
L 12/18/2020 - 23:07:42: [AMXX] Plugin "zp_zclass_banshee.amxx" failed to load: Module/Library "engine" required for plugin.  Check modules.ini.
L 12/18/2020 - 23:07:42: [AMXX] Plugin "zp_zclass_stamper.amxx" failed to load: Module/Library "fakemeta" required for plugin.  Check modules.ini.
L 12/18/2020 - 23:07:42: [AMXX] Plugin "zp_zclass_voodoo.amxx" failed to load: Module/Library "fakemeta" required for plugin.  Check modules.ini.
L 12/18/2020 - 23:07:42: [AMXX] Plugin "zp_zclass_venom.amxx" failed to load: Module/Library "engine" required for plugin.  Check modules.ini.
L 12/18/2020 - 23:07:42: [AMXX] Plugin "zp_zclass_Heavy.amxx" failed to load: Module/Library "fakemeta" required for plugin.  Check modules.ini.
L 12/18/2020 - 23:07:42: [AMXX] Plugin "md_drawHud.amxx" failed to load: Module/Library "hamsandwich" required for plugin.  Check modules.ini.
L 12/18/2020 - 23:07:42: [AMXX] Plugin "md_infection_effect.amxx" failed to load: Module/Library "fakemeta" required for plugin.  Check modules.ini.
L 12/18/2020 - 23:07:42: [AMXX] Plugin "md_nemesis_health_bar.amxx" failed to load: Module/Library "fakemeta" required for plugin.  Check modules.ini.
L 12/18/2020 - 23:07:42: [AMXX] Plugin "md_drawradar.amxx" failed to load: Module/Library "hamsandwich" required for plugin.  Check modules.ini.
L 12/18/2020 - 23:07:42: [AMXX] Plugin "md_scoreboard.amxx" failed to load: Module/Library "hamsandwich" required for plugin.  Check modules.ini.
L 12/18/2020 - 23:07:42: [AMXX] Plugin "md_roundend_msg.amxx" failed to load: Module/Library "hamsandwich" required for plugin.  Check modules.ini.
L 12/18/2020 - 23:07:42: [AMXX] Plugin "md_hitmark.amxx" failed to load: Module/Library "fakemeta" required for plugin.  Check modules.ini.
L 12/18/2020 - 23:07:42: [AMXX] Plugin "gib_death.amxx" failed to load: Module/Library "hamsandwich" required for plugin.  Check modules.ini.
L 12/18/2020 - 23:07:42: [AMXX] Plugin "zp_addon_team_semiclip.amxx" failed to load: Module/Library "engine" required for plugin.  Check modules.ini.
L 12/18/2020 - 23:07:42: [AMXX] Plugin "zp_addon_healing_skill.amxx" failed to load: Module/Library "fakemeta" required for plugin.  Check modules.ini.
L 12/18/2020 - 23:07:42: [AMXX] Plugin "zp_addon_coundown.amxx" failed to load: Module/Library "fakemeta" required for plugin.  Check modules.ini.
L 12/18/2020 - 23:07:42: [AMXX] Plugin "zp_addon_cf_damage.amxx" failed to load: Module/Library "hamsandwich" required for plugin.  Check modules.ini.
L 12/18/2020 - 23:07:42: [AMXX] Plugin "zp_addon_evolution.amxx" failed to load: Module/Library "fakemeta" required for plugin.  Check modules.ini.
L 12/18/2020 - 23:07:42: [AMXX] Plugin "zp_addon_evolution_z.amxx" failed to load: Module/Library "fakemeta" required for plugin.  Check modules.ini.
L 12/18/2020 - 23:07:42: [AMXX] Plugin "zp_addon_deadlyshot.amxx" failed to load: Module/Library "engine" required for plugin.  Check modules.ini.
L 12/18/2020 - 23:07:42: [AMXX] Plugin "zp_addon_givenade.amxx" failed to load: Module/Library "fun" required for plugin.  Check modules.ini.
L 12/18/2020 - 23:07:42: [AMXX] Plugin "zp_addon_hedamage.amxx" failed to load: Module/Library "hamsandwich" required for plugin.  Check modules.ini.
L 12/18/2020 - 23:07:42: [AMXX] Plugin "zp_addon_shot_effect.amxx" failed to load: Module/Library "engine" required for plugin.  Check modules.ini.
L 12/18/2020 - 23:07:42: [AMXX] Plugin "zp_addon_npc_round.amxx" failed to load: Module/Library "engine" required for plugin.  Check modules.ini.
L 12/18/2020 - 23:07:42: [AMXX] Plugin "zp_addon_npc_FallenTitan.amxx" failed to load: Module/Library "engine" required for plugin.  Check modules.ini.
L 12/18/2020 - 23:07:42: [AMXX] Plugin "zp_addon_npc_Oberon.amxx" failed to load: Module/Library "engine" required for plugin.  Check modules.ini.
L 12/18/2020 - 23:07:42: [AMXX] Plugin "zp_addon_npc_Dione.amxx" failed to load: Module/Library "engine" required for plugin.  Check modules.ini.
L 12/18/2020 - 23:07:42: [AMXX] Plugin "zp_addon_npc_Phobos.amxx" failed to load: Module/Library "engine" required for plugin.  Check modules.ini.
L 12/18/2020 - 23:07:42: [AMXX] Plugin "zp_addon_npc_Revenant.amxx" failed to load: Module/Library "engine" required for plugin.  Check modules.ini.
L 12/18/2020 - 23:07:42: [AMXX] Plugin "zp_bot_shotgun.amxx" failed to load: Module/Library "fakemeta" required for plugin.  Check modules.ini.
L 12/18/2020 - 23:07:42: [AMXX] Plugin "zp_bot_drag.amxx" failed to load: Module/Library "fakemeta" required for plugin.  Check modules.ini.
L 12/18/2020 - 23:07:42: [AMXX] Plugin "zp_bot_teleport.amxx" failed to load: Module/Library "fun" required for plugin.  Check modules.ini.
L 12/18/2020 - 23:07:42: [AMXX] Plugin "zp_bot_fs.amxx" failed to load: Module/Library "engine" required for plugin.  Check modules.ini.
L 12/18/2020 - 23:07:42: [AMXX] Plugin "zp_bot_no_attack.amxx" failed to load: Module/Library "fakemeta" required for plugin.  Check modules.ini.
L 12/18/2020 - 23:07:42: [AMXX] Plugin "zp_bot_check_info.amxx" failed to load: Module/Library "fakemeta" required for plugin.  Check modules.ini.
L 12/18/2020 - 23:07:42: [AMXX] Plugin "zp_bot_zombie_protect.amxx" failed to load: Module/Library "engine" required for plugin.  Check modules.ini.
L 12/18/2020 - 23:07:42: [AMXX] Plugin "zp_bot_pickup.amxx" failed to load: Module/Library "engine" required for plugin.  Check modules.ini.
L 12/18/2020 - 23:07:42: [AMXX] Plugin "zp_add_dualinfinity.amxx" failed to load: Module/Library "fakemeta" required for plugin.  Check modules.ini.
L 12/18/2020 - 23:07:42: [AMXX] Plugin "zp_add_at15hw.amxx" failed to load: Module/Library "engine" required for plugin.  Check modules.ini.
L 12/18/2020 - 23:07:42: [AMXX] Plugin "zp_add_crow3.amxx" failed to load: Module/Library "engine" required for plugin.  Check modules.ini.
L 12/18/2020 - 23:07:42: [AMXX] Plugin "zp_add_crow5.amxx" failed to load: Module/Library "engine" required for plugin.  Check modules.ini.
L 12/18/2020 - 23:07:42: [AMXX] Plugin "zp_add_crow7.amxx" failed to load: Module/Library "engine" required for plugin.  Check modules.ini.
L 12/18/2020 - 23:07:42: [AMXX] Plugin "zp_add_crow11.amxx" failed to load: Module/Library "engine" required for plugin.  Check modules.ini.
L 12/18/2020 - 23:07:42: [AMXX] Plugin "zp_add_JaysDagger.amxx" failed to load: Module/Library "engine" required for plugin.  Check modules.ini.
L 12/18/2020 - 23:07:42: [AMXX] Plugin "zp_extra_no_hs.amxx" failed to load: Module/Library "fakemeta" required for plugin.  Check modules.ini.
L 12/18/2020 - 23:07:42: [AMXX] Plugin "zp_extra_knockback_bomb.amxx" failed to load: Module/Library "cstrike" required for plugin.  Check modules.ini.
L 12/18/2020 - 23:07:42: [AMXX] Plugin "zp_extra_leap.amxx" failed to load: Module/Library "fakemeta" required for plugin.  Check modules.ini.
L 12/18/2020 - 23:07:42: [AMXX] Plugin "zp_extra_cannon.amxx" failed to load: Module/Library "fakemeta" required for plugin.  Check modules.ini.
L 12/18/2020 - 23:07:42: [AMXX] Plugin "zp_extra_wondercannon.amxx" failed to load: Module/Library "cstrike" required for plugin.  Check modules.ini.
L 12/18/2020 - 23:07:42: [AMXX] Plugin "zp_extra_m32.amxx" failed to load: Module/Library "fakemeta" required for plugin.  Check modules.ini.
L 12/18/2020 - 23:07:42: [AMXX] Plugin "zp_extra_magicmg.amxx" failed to load: Module/Library "engine" required for plugin.  Check modules.ini.
L 12/18/2020 - 23:07:42: [AMXX] Plugin "zp_extra_speargun.amxx" failed to load: Module/Library "engine" required for plugin.  Check modules.ini.
L 12/18/2020 - 23:07:42: [AMXX] Plugin "zp_extra_petrolboomer.amxx" failed to load: Module/Library "engine" required for plugin.  Check modules.ini.
L 12/18/2020 - 23:07:42: [AMXX] Plugin "zp_extra_BigShark.amxx" failed to load: Module/Library "fakemeta" required for plugin.  Check modules.ini.
L 12/18/2020 - 23:07:42: [AMXX] Plugin "zp_extra_buffawp.amxx" failed to load: Module/Library "engine" required for plugin.  Check modules.ini.
L 12/18/2020 - 23:07:42: [AMXX] Plugin "zp_extra_buffsg552.amxx" failed to load: Module/Library "cstrike" required for plugin.  Check modules.ini.
L 12/18/2020 - 23:07:42: [AMXX] Plugin "zp_extra_PlasmaGun.amxx" failed to load: Module/Library "engine" required for plugin.  Check modules.ini.
L 12/18/2020 - 23:07:42: [AMXX] Plugin "zp_extra_bouncer.amxx" failed to load: Module/Library "cstrike" required for plugin.  Check modules.ini.
L 12/18/2020 - 23:07:42: [AMXX] Plugin "zp_extra_sgdrill.amxx" failed to load: Module/Library "engine" required for plugin.  Check modules.ini.
L 12/18/2020 - 23:07:42: [AMXX] Plugin "zp_extra_bendita.amxx" failed to load: Module/Library "fakemeta" required for plugin.  Check modules.ini.
L 12/18/2020 - 23:07:42: [AMXX] Plugin "zp_extra_advanced_crossbow.amxx" failed to load: Module/Library "engine" required for plugin.  Check modules.ini.
L 12/18/2020 - 23:07:42: [AMXX] Plugin "zp_extra_m134.amxx" failed to load: Module/Library "engine" required for plugin.  Check modules.ini.
L 12/18/2020 - 23:07:42: [AMXX] Plugin "zp_extra_balrog5.amxx" failed to load: Module/Library "engine" required for plugin.  Check modules.ini.
L 12/18/2020 - 23:07:42: [AMXX] Plugin "zp_extra_balrog7.amxx" failed to load: Module/Library "engine" required for plugin.  Check modules.ini.
L 12/18/2020 - 23:07:42: [AMXX] Plugin "zp_extra_balrog11.amxx" failed to load: Module/Library "engine" required for plugin.  Check modules.ini.
L 12/18/2020 - 23:07:42: [AMXX] Plugin "zp_extra_janus5.amxx" failed to load: Module/Library "engine" required for plugin.  Check modules.ini.
L 12/18/2020 - 23:07:42: [AMXX] Plugin "zp_extra_janus7.amxx" failed to load: Module/Library "engine" required for plugin.  Check modules.ini.
L 12/18/2020 - 23:07:42: [AMXX] Plugin "zp_extra_janus11.amxx" failed to load: Module/Library "engine" required for plugin.  Check modules.ini.
L 12/18/2020 - 23:07:43: [AMXX] Plugin "zp_extra_thanatos3.amxx" failed to load: Module/Library "engine" required for plugin.  Check modules.ini.
L 12/18/2020 - 23:07:43: [AMXX] Plugin "zp_extra_thanatos5.amxx" failed to load: Module/Library "engine" required for plugin.  Check modules.ini.
L 12/18/2020 - 23:07:43: [AMXX] Plugin "zp_extra_thanatos7.amxx" failed to load: Module/Library "engine" required for plugin.  Check modules.ini.
L 12/18/2020 - 23:07:44: [admin.amxx] Login: "Toan<1><STEAM_0:0:885463136><>" became an admin (account "loopback") (access "abcdefghijklmnopqrstu") (address "loopback")
L 12/18/2020 - 23:07:45: [admin.amxx] Login: "Toan<1><STEAM_0:0:885463136><>" became an admin (account "loopback") (access "abcdefghijklmnopqrstu") (address "loopback")
L 12/18/2020 - 23:29:57: -------- Mapchange to zm_toan --------
L 12/18/2020 - 23:30:01: [admin.amxx] Login: "Toan<1><STEAM_0:0:885463136><>" became an admin (account "loopback") (access "abcdefghijklmnopqrstu") (address "loopback")
L 12/18/2020 - 23:30:03: [admin.amxx] Login: "Toan<1><STEAM_0:0:885463136><>" became an admin (account "loopback") (access "abcdefghijklmnopqrstu") (address "loopback")
L 12/18/2020 - 23:41:25: -------- Mapchange to zm_toan --------
L 12/18/2020 - 23:41:27: [admin.amxx] Login: "Toan<1><STEAM_0:0:885463136><>" became an admin (account "loopback") (access "abcdefghijklmnopqrstu") (address "loopback")
L 12/18/2020 - 23:41:28: [admin.amxx] Login: "Toan<1><STEAM_0:0:885463136><>" became an admin (account "loopback") (access "abcdefghijklmnopqrstu") (address "loopback")
L 12/18/2020 - 23:56:11: -------- Mapchange to zm_toan --------
L 12/18/2020 - 23:56:12: [admin.amxx] Login: "Toan<17><STEAM_0:0:885463136><>" became an admin (account "loopback") (access "abcdefghijklmnopqrstu") (address "loopback")
L 12/18/2020 - 23:56:13: [admin.amxx] Login: "Toan<17><STEAM_0:0:885463136><>" became an admin (account "loopback") (access "abcdefghijklmnopqrstu") (address "loopback")
