L 01/10/2022 - 00:49:24: -------- Mapchange to zm_toan --------
L 01/10/2022 - 00:49:27: [admin.amxx] Login: "Toan<1><STEAM_0:0:885463136><>" became an admin (account "loopback") (access "abcdefghijklmnopqrstu") (address "loopback")
L 01/10/2022 - 00:49:29: [admin.amxx] Login: "Toan<1><STEAM_0:0:885463136><>" became an admin (account "loopback") (access "abcdefghijklmnopqrstu") (address "loopback")
L 01/10/2022 - 00:54:34: -------- Mapchange to zm_toan --------
L 01/10/2022 - 00:54:35: [admin.amxx] Login: "Toan<15><STEAM_0:0:885463136><>" became an admin (account "loopback") (access "abcdefghijklmnopqrstu") (address "loopback")
L 01/10/2022 - 00:54:37: [admin.amxx] Login: "Toan<15><STEAM_0:0:885463136><>" became an admin (account "loopback") (access "abcdefghijklmnopqrstu") (address "loopback")
L 01/10/2022 - 00:55:44: -------- Mapchange to zm_toan --------
L 01/10/2022 - 00:55:46: [admin.amxx] Login: "Toan<29><STEAM_0:0:885463136><>" became an admin (account "loopback") (access "abcdefghijklmnopqrstu") (address "loopback")
L 01/10/2022 - 00:55:47: [admin.amxx] Login: "Toan<29><STEAM_0:0:885463136><>" became an admin (account "loopback") (access "abcdefghijklmnopqrstu") (address "loopback")
L 01/10/2022 - 01:03:53: -------- Mapchange to zm_toan --------
L 01/10/2022 - 01:03:54: [admin.amxx] Login: "Toan<43><STEAM_0:0:885463136><>" became an admin (account "loopback") (access "abcdefghijklmnopqrstu") (address "loopback")
L 01/10/2022 - 01:03:56: [admin.amxx] Login: "Toan<43><STEAM_0:0:885463136><>" became an admin (account "loopback") (access "abcdefghijklmnopqrstu") (address "loopback")
L 01/10/2022 - 12:17:42: -------- Mapchange to zm_toan --------
L 01/10/2022 - 12:17:48: [admin.amxx] Login: "Toan<1><STEAM_0:0:885463136><>" became an admin (account "loopback") (access "abcdefghijklmnopqrstu") (address "loopback")
L 01/10/2022 - 12:17:50: [admin.amxx] Login: "Toan<1><STEAM_0:0:885463136><>" became an admin (account "loopback") (access "abcdefghijklmnopqrstu") (address "loopback")
L 01/10/2022 - 12:20:33: -------- Mapchange to zm_toan --------
L 01/10/2022 - 12:20:37: [admin.amxx] Login: "Toan<15><STEAM_0:0:885463136><>" became an admin (account "loopback") (access "abcdefghijklmnopqrstu") (address "loopback")
L 01/10/2022 - 12:20:39: [admin.amxx] Login: "Toan<15><STEAM_0:0:885463136><>" became an admin (account "loopback") (access "abcdefghijklmnopqrstu") (address "loopback")
L 01/10/2022 - 12:24:52: -------- Mapchange to zm_toan --------
L 01/10/2022 - 12:24:56: [admin.amxx] Login: "Toan<30><STEAM_0:0:885463136><>" became an admin (account "loopback") (access "abcdefghijklmnopqrstu") (address "loopback")
L 01/10/2022 - 12:24:58: [admin.amxx] Login: "Toan<30><STEAM_0:0:885463136><>" became an admin (account "loopback") (access "abcdefghijklmnopqrstu") (address "loopback")
L 01/10/2022 - 12:25:34: -------- Mapchange to zm_toan --------
L 01/10/2022 - 12:25:36: [admin.amxx] Login: "Toan<44><STEAM_0:0:885463136><>" became an admin (account "loopback") (access "abcdefghijklmnopqrstu") (address "loopback")
L 01/10/2022 - 12:25:37: [admin.amxx] Login: "Toan<44><STEAM_0:0:885463136><>" became an admin (account "loopback") (access "abcdefghijklmnopqrstu") (address "loopback")
L 01/10/2022 - 12:27:06: -------- Mapchange to zm_toan --------
L 01/10/2022 - 12:27:09: [admin.amxx] Login: "Toan<58><STEAM_0:0:885463136><>" became an admin (account "loopback") (access "abcdefghijklmnopqrstu") (address "loopback")
L 01/10/2022 - 12:27:10: [admin.amxx] Login: "Toan<58><STEAM_0:0:885463136><>" became an admin (account "loopback") (access "abcdefghijklmnopqrstu") (address "loopback")
L 01/10/2022 - 12:28:05: -------- Mapchange to zm_toan --------
L 01/10/2022 - 12:28:07: [admin.amxx] Login: "Toan<72><STEAM_0:0:885463136><>" became an admin (account "loopback") (access "abcdefghijklmnopqrstu") (address "loopback")
L 01/10/2022 - 12:28:08: [admin.amxx] Login: "Toan<72><STEAM_0:0:885463136><>" became an admin (account "loopback") (access "abcdefghijklmnopqrstu") (address "loopback")
L 01/10/2022 - 12:31:11: -------- Mapchange to zm_toan --------
L 01/10/2022 - 12:31:13: [admin.amxx] Login: "Toan<86><STEAM_0:0:885463136><>" became an admin (account "loopback") (access "abcdefghijklmnopqrstu") (address "loopback")
L 01/10/2022 - 12:31:15: [admin.amxx] Login: "Toan<86><STEAM_0:0:885463136><>" became an admin (account "loopback") (access "abcdefghijklmnopqrstu") (address "loopback")
L 01/10/2022 - 12:35:06: -------- Mapchange to zm_toan --------
L 01/10/2022 - 12:35:08: [admin.amxx] Login: "Toan<98><STEAM_0:0:885463136><>" became an admin (account "loopback") (access "abcdefghijklmnopqrstu") (address "loopback")
L 01/10/2022 - 12:35:09: [admin.amxx] Login: "Toan<98><STEAM_0:0:885463136><>" became an admin (account "loopback") (access "abcdefghijklmnopqrstu") (address "loopback")
L 01/10/2022 - 12:35:19: -------- Mapchange to zm_toan --------
L 01/10/2022 - 12:35:23: [admin.amxx] Login: "Toan<1><STEAM_0:0:885463136><>" became an admin (account "loopback") (access "abcdefghijklmnopqrstu") (address "loopback")
L 01/10/2022 - 12:35:26: [admin.amxx] Login: "Toan<1><STEAM_0:0:885463136><>" became an admin (account "loopback") (access "abcdefghijklmnopqrstu") (address "loopback")
L 01/10/2022 - 12:38:07: -------- Mapchange to zm_toan --------
L 01/10/2022 - 12:38:10: [admin.amxx] Login: "Toan<15><STEAM_0:0:885463136><>" became an admin (account "loopback") (access "abcdefghijklmnopqrstu") (address "loopback")
L 01/10/2022 - 12:38:13: [admin.amxx] Login: "Toan<15><STEAM_0:0:885463136><>" became an admin (account "loopback") (access "abcdefghijklmnopqrstu") (address "loopback")
L 01/10/2022 - 12:38:58: -------- Mapchange to zm_toan --------
L 01/10/2022 - 12:39:00: [admin.amxx] Login: "Toan<29><STEAM_0:0:885463136><>" became an admin (account "loopback") (access "abcdefghijklmnopqrstu") (address "loopback")
L 01/10/2022 - 12:39:02: [admin.amxx] Login: "Toan<29><STEAM_0:0:885463136><>" became an admin (account "loopback") (access "abcdefghijklmnopqrstu") (address "loopback")
L 01/10/2022 - 12:41:47: -------- Mapchange to zm_toan --------
L 01/10/2022 - 12:41:50: [admin.amxx] Login: "Toan<43><STEAM_0:0:885463136><>" became an admin (account "loopback") (access "abcdefghijklmnopqrstu") (address "loopback")
L 01/10/2022 - 12:41:52: [admin.amxx] Login: "Toan<43><STEAM_0:0:885463136><>" became an admin (account "loopback") (access "abcdefghijklmnopqrstu") (address "loopback")
L 01/10/2022 - 12:42:27: -------- Mapchange to zm_toan --------
L 01/10/2022 - 12:42:35: -------- Mapchange to zm_toan --------
L 01/10/2022 - 12:42:36: [admin.amxx] Login: "Toan<1><STEAM_0:0:885463136><>" became an admin (account "loopback") (access "abcdefghijklmnopqrstu") (address "loopback")
L 01/10/2022 - 12:42:37: [admin.amxx] Login: "Toan<1><STEAM_0:0:885463136><>" became an admin (account "loopback") (access "abcdefghijklmnopqrstu") (address "loopback")
L 01/10/2022 - 12:43:37: -------- Mapchange to zm_toan --------
L 01/10/2022 - 12:43:39: [admin.amxx] Login: "Toan<15><STEAM_0:0:885463136><>" became an admin (account "loopback") (access "abcdefghijklmnopqrstu") (address "loopback")
L 01/10/2022 - 12:43:40: [admin.amxx] Login: "Toan<15><STEAM_0:0:885463136><>" became an admin (account "loopback") (access "abcdefghijklmnopqrstu") (address "loopback")
L 01/10/2022 - 12:45:04: -------- Mapchange to zm_toan --------
L 01/10/2022 - 12:45:07: [admin.amxx] Login: "Toan<29><STEAM_0:0:885463136><>" became an admin (account "loopback") (access "abcdefghijklmnopqrstu") (address "loopback")
L 01/10/2022 - 12:45:09: [admin.amxx] Login: "Toan<29><STEAM_0:0:885463136><>" became an admin (account "loopback") (access "abcdefghijklmnopqrstu") (address "loopback")
L 01/10/2022 - 12:46:36: -------- Mapchange to zm_toan --------
L 01/10/2022 - 12:46:38: [admin.amxx] Login: "Toan<43><STEAM_0:0:885463136><>" became an admin (account "loopback") (access "abcdefghijklmnopqrstu") (address "loopback")
L 01/10/2022 - 12:46:38: [admin.amxx] Login: "Toan<43><STEAM_0:0:885463136><>" became an admin (account "loopback") (access "abcdefghijklmnopqrstu") (address "loopback")
L 01/10/2022 - 13:02:29: -------- Mapchange to zm_toan --------
L 01/10/2022 - 13:02:31: [admin.amxx] Login: "Toan<57><STEAM_0:0:885463136><>" became an admin (account "loopback") (access "abcdefghijklmnopqrstu") (address "loopback")
L 01/10/2022 - 13:02:32: [admin.amxx] Login: "Toan<57><STEAM_0:0:885463136><>" became an admin (account "loopback") (access "abcdefghijklmnopqrstu") (address "loopback")
L 01/10/2022 - 13:03:18: -------- Mapchange to zm_toan --------
L 01/10/2022 - 13:03:19: [admin.amxx] Login: "Toan<71><STEAM_0:0:885463136><>" became an admin (account "loopback") (access "abcdefghijklmnopqrstu") (address "loopback")
L 01/10/2022 - 13:03:20: [admin.amxx] Login: "Toan<71><STEAM_0:0:885463136><>" became an admin (account "loopback") (access "abcdefghijklmnopqrstu") (address "loopback")
L 01/10/2022 - 13:08:50: -------- Mapchange to zm_toan --------
L 01/10/2022 - 13:08:52: [admin.amxx] Login: "Toan<85><STEAM_0:0:885463136><>" became an admin (account "loopback") (access "abcdefghijklmnopqrstu") (address "loopback")
L 01/10/2022 - 13:08:53: [admin.amxx] Login: "Toan<85><STEAM_0:0:885463136><>" became an admin (account "loopback") (access "abcdefghijklmnopqrstu") (address "loopback")
L 01/10/2022 - 13:12:01: -------- Mapchange to zm_toan --------
L 01/10/2022 - 13:12:03: [admin.amxx] Login: "Toan<99><STEAM_0:0:885463136><>" became an admin (account "loopback") (access "abcdefghijklmnopqrstu") (address "loopback")
L 01/10/2022 - 13:12:04: [admin.amxx] Login: "Toan<99><STEAM_0:0:885463136><>" became an admin (account "loopback") (access "abcdefghijklmnopqrstu") (address "loopback")
L 01/10/2022 - 13:12:28: -------- Mapchange to zm_toan --------
L 01/10/2022 - 13:12:33: [admin.amxx] Login: "Toan<1><STEAM_0:0:885463136><>" became an admin (account "loopback") (access "abcdefghijklmnopqrstu") (address "loopback")
L 01/10/2022 - 13:12:35: [admin.amxx] Login: "Toan<1><STEAM_0:0:885463136><>" became an admin (account "loopback") (access "abcdefghijklmnopqrstu") (address "loopback")
L 01/10/2022 - 13:18:59: -------- Mapchange to zm_toan --------
L 01/10/2022 - 13:19:00: [admin.amxx] Login: "Toan<17><STEAM_0:0:885463136><>" became an admin (account "loopback") (access "abcdefghijklmnopqrstu") (address "loopback")
L 01/10/2022 - 13:19:01: [admin.amxx] Login: "Toan<17><STEAM_0:0:885463136><>" became an admin (account "loopback") (access "abcdefghijklmnopqrstu") (address "loopback")
L 01/10/2022 - 13:19:16: -------- Mapchange to zm_toan --------
L 01/10/2022 - 13:19:19: [admin.amxx] Login: "Toan<1><STEAM_0:0:885463136><>" became an admin (account "loopback") (access "abcdefghijklmnopqrstu") (address "loopback")
L 01/10/2022 - 13:19:20: [admin.amxx] Login: "Toan<1><STEAM_0:0:885463136><>" became an admin (account "loopback") (access "abcdefghijklmnopqrstu") (address "loopback")
L 01/10/2022 - 13:19:44: -------- Mapchange to zm_toan --------
L 01/10/2022 - 13:19:46: [admin.amxx] Login: "Toan<1><STEAM_0:0:885463136><>" became an admin (account "loopback") (access "abcdefghijklmnopqrstu") (address "loopback")
L 01/10/2022 - 13:19:47: [admin.amxx] Login: "Toan<1><STEAM_0:0:885463136><>" became an admin (account "loopback") (access "abcdefghijklmnopqrstu") (address "loopback")
L 01/10/2022 - 14:38:40: -------- Mapchange to zm_toan --------
L 01/10/2022 - 14:38:43: [admin.amxx] Login: "Toan<1><STEAM_0:0:885463136><>" became an admin (account "loopback") (access "abcdefghijklmnopqrstu") (address "loopback")
L 01/10/2022 - 14:38:44: [admin.amxx] Login: "Toan<1><STEAM_0:0:885463136><>" became an admin (account "loopback") (access "abcdefghijklmnopqrstu") (address "loopback")
L 01/10/2022 - 14:39:25: -------- Mapchange to zm_toan --------
L 01/10/2022 - 14:39:26: [admin.amxx] Login: "Toan<15><STEAM_0:0:885463136><>" became an admin (account "loopback") (access "abcdefghijklmnopqrstu") (address "loopback")
L 01/10/2022 - 14:39:27: [admin.amxx] Login: "Toan<15><STEAM_0:0:885463136><>" became an admin (account "loopback") (access "abcdefghijklmnopqrstu") (address "loopback")
L 01/10/2022 - 14:40:37: -------- Mapchange to zm_toan --------
L 01/10/2022 - 14:40:38: [admin.amxx] Login: "Toan<29><STEAM_0:0:885463136><>" became an admin (account "loopback") (access "abcdefghijklmnopqrstu") (address "loopback")
L 01/10/2022 - 14:40:39: [admin.amxx] Login: "Toan<29><STEAM_0:0:885463136><>" became an admin (account "loopback") (access "abcdefghijklmnopqrstu") (address "loopback")
L 01/10/2022 - 14:43:05: -------- Mapchange to zm_toan --------
L 01/10/2022 - 14:43:06: [admin.amxx] Login: "Toan<43><STEAM_0:0:885463136><>" became an admin (account "loopback") (access "abcdefghijklmnopqrstu") (address "loopback")
L 01/10/2022 - 14:43:07: [admin.amxx] Login: "Toan<43><STEAM_0:0:885463136><>" became an admin (account "loopback") (access "abcdefghijklmnopqrstu") (address "loopback")
L 01/10/2022 - 14:45:16: -------- Mapchange to zm_toan --------
L 01/10/2022 - 14:45:32: -------- Mapchange to zm_toan --------
L 01/10/2022 - 14:46:08: -------- Mapchange to zm_toan --------
L 01/10/2022 - 14:50:16: -------- Mapchange to zm_toan --------
L 01/10/2022 - 14:50:46: -------- Mapchange to zm_toan --------
L 01/10/2022 - 14:52:28: -------- Mapchange to zm_toan --------
L 01/10/2022 - 14:52:31: [admin.amxx] Login: "Toan<1><STEAM_0:0:885463136><>" became an admin (account "loopback") (access "abcdefghijklmnopqrstu") (address "loopback")
L 01/10/2022 - 14:52:32: [admin.amxx] Login: "Toan<1><STEAM_0:0:885463136><>" became an admin (account "loopback") (access "abcdefghijklmnopqrstu") (address "loopback")
L 01/10/2022 - 15:07:24: -------- Mapchange to zm_toan --------
L 01/10/2022 - 15:07:25: [admin.amxx] Login: "Toan<15><STEAM_0:0:885463136><>" became an admin (account "loopback") (access "abcdefghijklmnopqrstu") (address "loopback")
L 01/10/2022 - 15:07:26: [admin.amxx] Login: "Toan<15><STEAM_0:0:885463136><>" became an admin (account "loopback") (access "abcdefghijklmnopqrstu") (address "loopback")
L 01/10/2022 - 15:16:48: -------- Mapchange to zm_toan --------
L 01/10/2022 - 15:16:50: [admin.amxx] Login: "Toan<29><STEAM_0:0:885463136><>" became an admin (account "loopback") (access "abcdefghijklmnopqrstu") (address "loopback")
L 01/10/2022 - 15:16:51: [admin.amxx] Login: "Toan<29><STEAM_0:0:885463136><>" became an admin (account "loopback") (access "abcdefghijklmnopqrstu") (address "loopback")
L 01/10/2022 - 15:24:55: -------- Mapchange to zm_toan --------
L 01/10/2022 - 15:24:57: [admin.amxx] Login: "Toan<1><STEAM_0:0:885463136><>" became an admin (account "loopback") (access "abcdefghijklmnopqrstu") (address "loopback")
L 01/10/2022 - 15:24:58: [admin.amxx] Login: "Toan<1><STEAM_0:0:885463136><>" became an admin (account "loopback") (access "abcdefghijklmnopqrstu") (address "loopback")
L 01/10/2022 - 15:37:44: -------- Mapchange to zm_toan --------
L 01/10/2022 - 15:37:45: [admin.amxx] Login: "Toan<15><STEAM_0:0:885463136><>" became an admin (account "loopback") (access "abcdefghijklmnopqrstu") (address "loopback")
L 01/10/2022 - 15:37:46: [admin.amxx] Login: "Toan<15><STEAM_0:0:885463136><>" became an admin (account "loopback") (access "abcdefghijklmnopqrstu") (address "loopback")
L 01/10/2022 - 15:38:18: -------- Mapchange to zm_toan --------
L 01/10/2022 - 15:38:21: [admin.amxx] Login: "Toan<1><STEAM_0:0:885463136><>" became an admin (account "loopback") (access "abcdefghijklmnopqrstu") (address "loopback")
L 01/10/2022 - 15:38:22: [admin.amxx] Login: "Toan<1><STEAM_0:0:885463136><>" became an admin (account "loopback") (access "abcdefghijklmnopqrstu") (address "loopback")
L 01/10/2022 - 15:41:08: -------- Mapchange to zm_toan --------
L 01/10/2022 - 15:41:10: [admin.amxx] Login: "Toan<15><STEAM_0:0:885463136><>" became an admin (account "loopback") (access "abcdefghijklmnopqrstu") (address "loopback")
L 01/10/2022 - 15:41:10: [admin.amxx] Login: "Toan<15><STEAM_0:0:885463136><>" became an admin (account "loopback") (access "abcdefghijklmnopqrstu") (address "loopback")
L 01/10/2022 - 15:41:28: -------- Mapchange to zm_toan --------
L 01/10/2022 - 15:41:29: [admin.amxx] Login: "Toan<29><STEAM_0:0:885463136><>" became an admin (account "loopback") (access "abcdefghijklmnopqrstu") (address "loopback")
L 01/10/2022 - 15:41:30: [admin.amxx] Login: "Toan<29><STEAM_0:0:885463136><>" became an admin (account "loopback") (access "abcdefghijklmnopqrstu") (address "loopback")
L 01/10/2022 - 15:42:25: -------- Mapchange to zm_toan --------
L 01/10/2022 - 15:42:26: [admin.amxx] Login: "Toan<43><STEAM_0:0:885463136><>" became an admin (account "loopback") (access "abcdefghijklmnopqrstu") (address "loopback")
L 01/10/2022 - 15:42:27: [admin.amxx] Login: "Toan<43><STEAM_0:0:885463136><>" became an admin (account "loopback") (access "abcdefghijklmnopqrstu") (address "loopback")
L 01/10/2022 - 15:42:39: -------- Mapchange to zm_toan --------
L 01/10/2022 - 15:42:40: [admin.amxx] Login: "Toan<57><STEAM_0:0:885463136><>" became an admin (account "loopback") (access "abcdefghijklmnopqrstu") (address "loopback")
L 01/10/2022 - 15:42:41: [admin.amxx] Login: "Toan<57><STEAM_0:0:885463136><>" became an admin (account "loopback") (access "abcdefghijklmnopqrstu") (address "loopback")
L 01/10/2022 - 15:43:09: -------- Mapchange to zm_toan --------
L 01/10/2022 - 15:43:12: [admin.amxx] Login: "Toan<1><STEAM_0:0:885463136><>" became an admin (account "loopback") (access "abcdefghijklmnopqrstu") (address "loopback")
L 01/10/2022 - 15:43:12: [admin.amxx] Login: "Toan<1><STEAM_0:0:885463136><>" became an admin (account "loopback") (access "abcdefghijklmnopqrstu") (address "loopback")
L 01/10/2022 - 15:50:04: -------- Mapchange to zm_toan --------
L 01/10/2022 - 15:50:05: [admin.amxx] Login: "Toan<15><STEAM_0:0:885463136><>" became an admin (account "loopback") (access "abcdefghijklmnopqrstu") (address "loopback")
L 01/10/2022 - 15:50:06: [admin.amxx] Login: "Toan<15><STEAM_0:0:885463136><>" became an admin (account "loopback") (access "abcdefghijklmnopqrstu") (address "loopback")
L 01/10/2022 - 16:07:07: -------- Mapchange to zm_toan --------
L 01/10/2022 - 16:07:08: [admin.amxx] Login: "Toan<29><STEAM_0:0:885463136><>" became an admin (account "loopback") (access "abcdefghijklmnopqrstu") (address "loopback")
L 01/10/2022 - 16:07:10: [admin.amxx] Login: "Toan<29><STEAM_0:0:885463136><>" became an admin (account "loopback") (access "abcdefghijklmnopqrstu") (address "loopback")
L 01/10/2022 - 16:08:12: -------- Mapchange to zm_NTC_Lego_alpha --------
L 01/10/2022 - 16:08:13: [admin.amxx] Login: "Toan<43><STEAM_0:0:885463136><>" became an admin (account "loopback") (access "abcdefghijklmnopqrstu") (address "loopback")
L 01/10/2022 - 16:08:14: [admin.amxx] Login: "Toan<43><STEAM_0:0:885463136><>" became an admin (account "loopback") (access "abcdefghijklmnopqrstu") (address "loopback")
L 01/10/2022 - 16:08:25: -------- Mapchange to zm_toan --------
L 01/10/2022 - 16:08:27: [admin.amxx] Login: "Toan<1><STEAM_0:0:885463136><>" became an admin (account "loopback") (access "abcdefghijklmnopqrstu") (address "loopback")
L 01/10/2022 - 16:08:28: [admin.amxx] Login: "Toan<1><STEAM_0:0:885463136><>" became an admin (account "loopback") (access "abcdefghijklmnopqrstu") (address "loopback")
L 01/10/2022 - 16:08:43: -------- Mapchange to zm_NTC_Lego_alpha --------
L 01/10/2022 - 16:08:44: [admin.amxx] Login: "Toan<15><STEAM_0:0:885463136><>" became an admin (account "loopback") (access "abcdefghijklmnopqrstu") (address "loopback")
L 01/10/2022 - 16:08:45: [admin.amxx] Login: "Toan<15><STEAM_0:0:885463136><>" became an admin (account "loopback") (access "abcdefghijklmnopqrstu") (address "loopback")
L 01/10/2022 - 16:08:50: -------- Mapchange to zm_NTC_Lego_alpha --------
L 01/10/2022 - 16:08:51: [admin.amxx] Login: "Toan<17><STEAM_0:0:885463136><>" became an admin (account "loopback") (access "abcdefghijklmnopqrstu") (address "loopback")
L 01/10/2022 - 16:08:52: [admin.amxx] Login: "Toan<17><STEAM_0:0:885463136><>" became an admin (account "loopback") (access "abcdefghijklmnopqrstu") (address "loopback")
L 01/10/2022 - 16:15:38: -------- Mapchange to zm_toan --------
L 01/10/2022 - 16:15:43: [admin.amxx] Login: "Toan<1><STEAM_0:0:885463136><>" became an admin (account "loopback") (access "abcdefghijklmnopqrstu") (address "loopback")
L 01/10/2022 - 16:15:45: [admin.amxx] Login: "Toan<1><STEAM_0:0:885463136><>" became an admin (account "loopback") (access "abcdefghijklmnopqrstu") (address "loopback")
L 01/10/2022 - 16:35:09: -------- Mapchange to zm_pirates --------
L 01/10/2022 - 16:35:55: [admin.amxx] Login: "Toan<15><STEAM_0:0:885463136><>" became an admin (account "loopback") (access "abcdefghijklmnopqrstu") (address "loopback")
L 01/10/2022 - 16:35:55: [admin.amxx] Login: "Toan<15><STEAM_0:0:885463136><>" became an admin (account "loopback") (access "abcdefghijklmnopqrstu") (address "loopback")
L 01/10/2022 - 16:36:16: -------- Mapchange to zm_pirates --------
L 01/10/2022 - 16:37:25: -------- Mapchange to zm_pirates --------
L 01/10/2022 - 16:38:05: -------- Mapchange to zm_pirates --------
L 01/10/2022 - 16:39:15: [admin.amxx] Login: "Toan<1><STEAM_0:0:885463136><>" became an admin (account "loopback") (access "abcdefghijklmnopqrstu") (address "loopback")
L 01/10/2022 - 16:39:15: [admin.amxx] Login: "Toan<1><STEAM_0:0:885463136><>" became an admin (account "loopback") (access "abcdefghijklmnopqrstu") (address "loopback")
L 01/10/2022 - 16:39:39: -------- Mapchange to zm_toan --------
L 01/10/2022 - 16:39:42: [admin.amxx] Login: "Toan<1><STEAM_0:0:885463136><>" became an admin (account "loopback") (access "abcdefghijklmnopqrstu") (address "loopback")
L 01/10/2022 - 16:39:43: [admin.amxx] Login: "Toan<1><STEAM_0:0:885463136><>" became an admin (account "loopback") (access "abcdefghijklmnopqrstu") (address "loopback")
L 01/10/2022 - 16:40:27: -------- Mapchange to zm_pirates --------
L 01/10/2022 - 16:40:28: [admin.amxx] Login: "Toan<15><STEAM_0:0:885463136><>" became an admin (account "loopback") (access "abcdefghijklmnopqrstu") (address "loopback")
L 01/10/2022 - 16:40:29: [admin.amxx] Login: "Toan<15><STEAM_0:0:885463136><>" became an admin (account "loopback") (access "abcdefghijklmnopqrstu") (address "loopback")
L 01/10/2022 - 16:40:58: -------- Mapchange to zm_pirates --------
L 01/10/2022 - 16:41:00: [admin.amxx] Login: "Toan<17><STEAM_0:0:885463136><>" became an admin (account "loopback") (access "abcdefghijklmnopqrstu") (address "loopback")
L 01/10/2022 - 16:41:01: [admin.amxx] Login: "Toan<17><STEAM_0:0:885463136><>" became an admin (account "loopback") (access "abcdefghijklmnopqrstu") (address "loopback")
L 01/10/2022 - 16:43:49: -------- Mapchange to zm_zHell --------
L 01/10/2022 - 16:43:53: [admin.amxx] Login: "Toan<1><STEAM_0:0:885463136><>" became an admin (account "loopback") (access "abcdefghijklmnopqrstu") (address "loopback")
L 01/10/2022 - 16:43:54: [admin.amxx] Login: "Toan<1><STEAM_0:0:885463136><>" became an admin (account "loopback") (access "abcdefghijklmnopqrstu") (address "loopback")
L 01/10/2022 - 16:44:03: -------- Mapchange to zm_zHell --------
L 01/10/2022 - 16:44:05: [admin.amxx] Login: "Toan<3><STEAM_0:0:885463136><>" became an admin (account "loopback") (access "abcdefghijklmnopqrstu") (address "loopback")
L 01/10/2022 - 16:44:06: [admin.amxx] Login: "Toan<3><STEAM_0:0:885463136><>" became an admin (account "loopback") (access "abcdefghijklmnopqrstu") (address "loopback")
L 01/10/2022 - 16:50:17: -------- Mapchange to zm_toan --------
L 01/10/2022 - 16:50:19: [admin.amxx] Login: "Toan<17><STEAM_0:0:885463136><>" became an admin (account "loopback") (access "abcdefghijklmnopqrstu") (address "loopback")
L 01/10/2022 - 16:50:21: [admin.amxx] Login: "Toan<17><STEAM_0:0:885463136><>" became an admin (account "loopback") (access "abcdefghijklmnopqrstu") (address "loopback")
L 01/10/2022 - 17:44:44: -------- Mapchange to zm_toan --------
L 01/10/2022 - 17:44:47: [admin.amxx] Login: "Toan<1><STEAM_0:0:885463136><>" became an admin (account "loopback") (access "abcdefghijklmnopqrstu") (address "loopback")
L 01/10/2022 - 17:44:48: [admin.amxx] Login: "Toan<1><STEAM_0:0:885463136><>" became an admin (account "loopback") (access "abcdefghijklmnopqrstu") (address "loopback")
L 01/10/2022 - 18:26:21: -------- Mapchange to zm_toan --------
L 01/10/2022 - 18:26:22: [admin.amxx] Login: "Toan<15><STEAM_0:0:885463136><>" became an admin (account "loopback") (access "abcdefghijklmnopqrstu") (address "loopback")
L 01/10/2022 - 18:26:23: [admin.amxx] Login: "Toan<15><STEAM_0:0:885463136><>" became an admin (account "loopback") (access "abcdefghijklmnopqrstu") (address "loopback")
L 01/10/2022 - 18:29:23: -------- Mapchange to zm_toan --------
L 01/10/2022 - 18:29:25: [admin.amxx] Login: "Toan<1><STEAM_0:0:885463136><>" became an admin (account "loopback") (access "abcdefghijklmnopqrstu") (address "loopback")
L 01/10/2022 - 18:29:26: [admin.amxx] Login: "Toan<1><STEAM_0:0:885463136><>" became an admin (account "loopback") (access "abcdefghijklmnopqrstu") (address "loopback")
L 01/10/2022 - 18:29:58: -------- Mapchange to zm_toan --------
L 01/10/2022 - 18:30:02: [admin.amxx] Login: "Toan<1><STEAM_0:0:885463136><>" became an admin (account "loopback") (access "abcdefghijklmnopqrstu") (address "loopback")
L 01/10/2022 - 18:30:05: [admin.amxx] Login: "Toan<1><STEAM_0:0:885463136><>" became an admin (account "loopback") (access "abcdefghijklmnopqrstu") (address "loopback")
L 01/10/2022 - 18:30:42: -------- Mapchange to zm_toan --------
L 01/10/2022 - 18:30:44: [admin.amxx] Login: "Toan<1><STEAM_0:0:885463136><>" became an admin (account "loopback") (access "abcdefghijklmnopqrstu") (address "loopback")
L 01/10/2022 - 18:30:45: [admin.amxx] Login: "Toan<1><STEAM_0:0:885463136><>" became an admin (account "loopback") (access "abcdefghijklmnopqrstu") (address "loopback")
L 01/10/2022 - 18:35:31: -------- Mapchange to zm_toan --------
L 01/10/2022 - 18:35:32: [admin.amxx] Login: "Toan<15><STEAM_0:0:885463136><>" became an admin (account "loopback") (access "abcdefghijklmnopqrstu") (address "loopback")
L 01/10/2022 - 18:35:33: [admin.amxx] Login: "Toan<15><STEAM_0:0:885463136><>" became an admin (account "loopback") (access "abcdefghijklmnopqrstu") (address "loopback")
L 01/10/2022 - 18:37:51: -------- Mapchange to zm_toan --------
L 01/10/2022 - 18:37:52: [admin.amxx] Login: "Toan<29><STEAM_0:0:885463136><>" became an admin (account "loopback") (access "abcdefghijklmnopqrstu") (address "loopback")
L 01/10/2022 - 18:37:52: [admin.amxx] Login: "Toan<29><STEAM_0:0:885463136><>" became an admin (account "loopback") (access "abcdefghijklmnopqrstu") (address "loopback")
L 01/10/2022 - 18:38:49: -------- Mapchange to zm_toan --------
L 01/10/2022 - 18:38:50: [admin.amxx] Login: "Toan<43><STEAM_0:0:885463136><>" became an admin (account "loopback") (access "abcdefghijklmnopqrstu") (address "loopback")
L 01/10/2022 - 18:38:51: [admin.amxx] Login: "Toan<43><STEAM_0:0:885463136><>" became an admin (account "loopback") (access "abcdefghijklmnopqrstu") (address "loopback")
L 01/10/2022 - 18:40:57: -------- Mapchange to zm_toan --------
L 01/10/2022 - 18:41:11: -------- Mapchange to zm_toan --------
L 01/10/2022 - 18:41:14: [admin.amxx] Login: "Toan<1><STEAM_0:0:885463136><>" became an admin (account "loopback") (access "abcdefghijklmnopqrstu") (address "loopback")
L 01/10/2022 - 18:41:15: [admin.amxx] Login: "Toan<1><STEAM_0:0:885463136><>" became an admin (account "loopback") (access "abcdefghijklmnopqrstu") (address "loopback")
L 01/10/2022 - 19:21:41: -------- Mapchange to zm_toan --------
L 01/10/2022 - 19:21:44: [admin.amxx] Login: "Toan<1><STEAM_0:0:885463136><>" became an admin (account "loopback") (access "abcdefghijklmnopqrstu") (address "loopback")
L 01/10/2022 - 19:21:45: [admin.amxx] Login: "Toan<1><STEAM_0:0:885463136><>" became an admin (account "loopback") (access "abcdefghijklmnopqrstu") (address "loopback")
L 01/10/2022 - 19:33:40: -------- Mapchange to zm_toan --------
L 01/10/2022 - 19:33:41: [admin.amxx] Login: "Toan<15><STEAM_0:0:885463136><>" became an admin (account "loopback") (access "abcdefghijklmnopqrstu") (address "loopback")
L 01/10/2022 - 19:33:42: [admin.amxx] Login: "Toan<15><STEAM_0:0:885463136><>" became an admin (account "loopback") (access "abcdefghijklmnopqrstu") (address "loopback")
L 01/10/2022 - 19:35:06: -------- Mapchange to zm_toan --------
L 01/10/2022 - 19:35:07: [admin.amxx] Login: "Toan<29><STEAM_0:0:885463136><>" became an admin (account "loopback") (access "abcdefghijklmnopqrstu") (address "loopback")
L 01/10/2022 - 19:35:08: [admin.amxx] Login: "Toan<29><STEAM_0:0:885463136><>" became an admin (account "loopback") (access "abcdefghijklmnopqrstu") (address "loopback")
L 01/10/2022 - 19:37:04: -------- Mapchange to zm_toan --------
L 01/10/2022 - 19:37:06: [admin.amxx] Login: "Toan<43><STEAM_0:0:885463136><>" became an admin (account "loopback") (access "abcdefghijklmnopqrstu") (address "loopback")
L 01/10/2022 - 19:37:07: [admin.amxx] Login: "Toan<43><STEAM_0:0:885463136><>" became an admin (account "loopback") (access "abcdefghijklmnopqrstu") (address "loopback")
L 01/10/2022 - 19:39:14: -------- Mapchange to zm_toan --------
L 01/10/2022 - 19:39:16: [admin.amxx] Login: "Toan<57><STEAM_0:0:885463136><>" became an admin (account "loopback") (access "abcdefghijklmnopqrstu") (address "loopback")
L 01/10/2022 - 19:39:17: [admin.amxx] Login: "Toan<57><STEAM_0:0:885463136><>" became an admin (account "loopback") (access "abcdefghijklmnopqrstu") (address "loopback")
L 01/10/2022 - 19:41:53: -------- Mapchange to zm_toan --------
L 01/10/2022 - 19:41:54: [admin.amxx] Login: "Toan<71><STEAM_0:0:885463136><>" became an admin (account "loopback") (access "abcdefghijklmnopqrstu") (address "loopback")
L 01/10/2022 - 19:41:56: [admin.amxx] Login: "Toan<71><STEAM_0:0:885463136><>" became an admin (account "loopback") (access "abcdefghijklmnopqrstu") (address "loopback")
L 01/10/2022 - 20:22:53: -------- Mapchange to zm_toan --------
L 01/10/2022 - 20:22:55: [admin.amxx] Login: "Toan<1><STEAM_0:0:885463136><>" became an admin (account "loopback") (access "abcdefghijklmnopqrstu") (address "loopback")
L 01/10/2022 - 20:22:56: [admin.amxx] Login: "Toan<1><STEAM_0:0:885463136><>" became an admin (account "loopback") (access "abcdefghijklmnopqrstu") (address "loopback")
L 01/10/2022 - 20:38:28: -------- Mapchange to zm_toan --------
L 01/10/2022 - 20:38:31: [admin.amxx] Login: "Toan<15><STEAM_0:0:885463136><>" became an admin (account "loopback") (access "abcdefghijklmnopqrstu") (address "loopback")
L 01/10/2022 - 20:38:32: [admin.amxx] Login: "Toan<15><STEAM_0:0:885463136><>" became an admin (account "loopback") (access "abcdefghijklmnopqrstu") (address "loopback")
L 01/10/2022 - 20:40:01: -------- Mapchange to zm_toan --------
L 01/10/2022 - 20:40:03: [admin.amxx] Login: "Toan<29><STEAM_0:0:885463136><>" became an admin (account "loopback") (access "abcdefghijklmnopqrstu") (address "loopback")
L 01/10/2022 - 20:40:04: [admin.amxx] Login: "Toan<29><STEAM_0:0:885463136><>" became an admin (account "loopback") (access "abcdefghijklmnopqrstu") (address "loopback")
L 01/10/2022 - 20:53:57: -------- Mapchange to zm_toan --------
L 01/10/2022 - 20:54:00: [admin.amxx] Login: "Toan<1><STEAM_0:0:885463136><>" became an admin (account "loopback") (access "abcdefghijklmnopqrstu") (address "loopback")
L 01/10/2022 - 20:54:00: [admin.amxx] Login: "Toan<1><STEAM_0:0:885463136><>" became an admin (account "loopback") (access "abcdefghijklmnopqrstu") (address "loopback")
L 01/10/2022 - 20:54:26: -------- Mapchange to zm_toan --------
L 01/10/2022 - 20:54:27: [admin.amxx] Login: "Toan<15><STEAM_0:0:885463136><>" became an admin (account "loopback") (access "abcdefghijklmnopqrstu") (address "loopback")
L 01/10/2022 - 20:54:28: [admin.amxx] Login: "Toan<15><STEAM_0:0:885463136><>" became an admin (account "loopback") (access "abcdefghijklmnopqrstu") (address "loopback")
L 01/10/2022 - 21:15:02: -------- Mapchange to zm_toan --------
L 01/10/2022 - 21:15:03: [admin.amxx] Login: "Toan<29><STEAM_0:0:885463136><>" became an admin (account "loopback") (access "abcdefghijklmnopqrstu") (address "loopback")
L 01/10/2022 - 21:15:05: [admin.amxx] Login: "Toan<29><STEAM_0:0:885463136><>" became an admin (account "loopback") (access "abcdefghijklmnopqrstu") (address "loopback")
L 01/10/2022 - 21:43:25: -------- Mapchange to zm_toan --------
L 01/10/2022 - 21:43:28: [admin.amxx] Login: "Toan<1><STEAM_0:0:885463136><>" became an admin (account "loopback") (access "abcdefghijklmnopqrstu") (address "loopback")
L 01/10/2022 - 21:43:29: [admin.amxx] Login: "Toan<1><STEAM_0:0:885463136><>" became an admin (account "loopback") (access "abcdefghijklmnopqrstu") (address "loopback")
L 01/10/2022 - 21:44:12: -------- Mapchange to zm_toan --------
L 01/10/2022 - 21:44:13: [admin.amxx] Login: "Toan<15><STEAM_0:0:885463136><>" became an admin (account "loopback") (access "abcdefghijklmnopqrstu") (address "loopback")
L 01/10/2022 - 21:44:14: [admin.amxx] Login: "Toan<15><STEAM_0:0:885463136><>" became an admin (account "loopback") (access "abcdefghijklmnopqrstu") (address "loopback")
L 01/10/2022 - 21:45:04: -------- Mapchange to zm_toan --------
L 01/10/2022 - 21:45:05: [admin.amxx] Login: "Toan<29><STEAM_0:0:885463136><>" became an admin (account "loopback") (access "abcdefghijklmnopqrstu") (address "loopback")
L 01/10/2022 - 21:45:06: [admin.amxx] Login: "Toan<29><STEAM_0:0:885463136><>" became an admin (account "loopback") (access "abcdefghijklmnopqrstu") (address "loopback")
L 01/10/2022 - 21:55:03: -------- Mapchange to zm_toan --------
L 01/10/2022 - 21:55:04: [admin.amxx] Login: "Toan<43><STEAM_0:0:885463136><>" became an admin (account "loopback") (access "abcdefghijklmnopqrstu") (address "loopback")
L 01/10/2022 - 21:55:18: -------- Mapchange to zm_toan --------
L 01/10/2022 - 21:55:20: [admin.amxx] Login: "Toan<1><STEAM_0:0:885463136><>" became an admin (account "loopback") (access "abcdefghijklmnopqrstu") (address "loopback")
L 01/10/2022 - 21:55:21: [admin.amxx] Login: "Toan<1><STEAM_0:0:885463136><>" became an admin (account "loopback") (access "abcdefghijklmnopqrstu") (address "loopback")
L 01/10/2022 - 21:56:38: -------- Mapchange to zm_toan --------
L 01/10/2022 - 21:56:40: [admin.amxx] Login: "Toan<15><STEAM_0:0:885463136><>" became an admin (account "loopback") (access "abcdefghijklmnopqrstu") (address "loopback")
L 01/10/2022 - 21:56:40: [admin.amxx] Login: "Toan<15><STEAM_0:0:885463136><>" became an admin (account "loopback") (access "abcdefghijklmnopqrstu") (address "loopback")
L 01/10/2022 - 22:05:38: -------- Mapchange to zm_toan --------
L 01/10/2022 - 22:05:39: [admin.amxx] Login: "Toan<29><STEAM_0:0:885463136><>" became an admin (account "loopback") (access "abcdefghijklmnopqrstu") (address "loopback")
L 01/10/2022 - 22:06:05: -------- Mapchange to zm_toan --------
L 01/10/2022 - 22:06:07: [admin.amxx] Login: "Toan<1><STEAM_0:0:885463136><>" became an admin (account "loopback") (access "abcdefghijklmnopqrstu") (address "loopback")
L 01/10/2022 - 22:06:08: [admin.amxx] Login: "Toan<1><STEAM_0:0:885463136><>" became an admin (account "loopback") (access "abcdefghijklmnopqrstu") (address "loopback")
L 01/10/2022 - 22:06:39: -------- Mapchange to zm_toan --------
L 01/10/2022 - 22:06:40: [admin.amxx] Login: "Toan<15><STEAM_0:0:885463136><>" became an admin (account "loopback") (access "abcdefghijklmnopqrstu") (address "loopback")
L 01/10/2022 - 22:06:41: [admin.amxx] Login: "Toan<15><STEAM_0:0:885463136><>" became an admin (account "loopback") (access "abcdefghijklmnopqrstu") (address "loopback")
L 01/10/2022 - 22:18:24: -------- Mapchange to zm_toan --------
L 01/10/2022 - 22:18:25: [admin.amxx] Login: "Toan<29><STEAM_0:0:885463136><>" became an admin (account "loopback") (access "abcdefghijklmnopqrstu") (address "loopback")
L 01/10/2022 - 22:18:37: -------- Mapchange to zm_toan --------
L 01/10/2022 - 22:18:40: [admin.amxx] Login: "Toan<1><STEAM_0:0:885463136><>" became an admin (account "loopback") (access "abcdefghijklmnopqrstu") (address "loopback")
L 01/10/2022 - 22:18:41: [admin.amxx] Login: "Toan<1><STEAM_0:0:885463136><>" became an admin (account "loopback") (access "abcdefghijklmnopqrstu") (address "loopback")
L 01/10/2022 - 22:20:12: -------- Mapchange to zm_toan --------
L 01/10/2022 - 22:20:14: [admin.amxx] Login: "Toan<15><STEAM_0:0:885463136><>" became an admin (account "loopback") (access "abcdefghijklmnopqrstu") (address "loopback")
L 01/10/2022 - 22:20:15: [admin.amxx] Login: "Toan<15><STEAM_0:0:885463136><>" became an admin (account "loopback") (access "abcdefghijklmnopqrstu") (address "loopback")
L 01/10/2022 - 22:21:26: -------- Mapchange to zm_toan --------
L 01/10/2022 - 22:21:27: [admin.amxx] Login: "Toan<29><STEAM_0:0:885463136><>" became an admin (account "loopback") (access "abcdefghijklmnopqrstu") (address "loopback")
L 01/10/2022 - 22:21:29: [admin.amxx] Login: "Toan<29><STEAM_0:0:885463136><>" became an admin (account "loopback") (access "abcdefghijklmnopqrstu") (address "loopback")
L 01/10/2022 - 22:23:05: -------- Mapchange to zm_toan --------
L 01/10/2022 - 22:23:06: [admin.amxx] Login: "Toan<43><STEAM_0:0:885463136><>" became an admin (account "loopback") (access "abcdefghijklmnopqrstu") (address "loopback")
L 01/10/2022 - 22:23:08: [admin.amxx] Login: "Toan<43><STEAM_0:0:885463136><>" became an admin (account "loopback") (access "abcdefghijklmnopqrstu") (address "loopback")
L 01/10/2022 - 22:24:33: -------- Mapchange to zm_toan --------
L 01/10/2022 - 22:24:34: [admin.amxx] Login: "Toan<57><STEAM_0:0:885463136><>" became an admin (account "loopback") (access "abcdefghijklmnopqrstu") (address "loopback")
L 01/10/2022 - 22:24:35: [admin.amxx] Login: "Toan<57><STEAM_0:0:885463136><>" became an admin (account "loopback") (access "abcdefghijklmnopqrstu") (address "loopback")
L 01/10/2022 - 22:25:14: -------- Mapchange to zm_toan --------
L 01/10/2022 - 22:25:16: [admin.amxx] Login: "Toan<71><STEAM_0:0:885463136><>" became an admin (account "loopback") (access "abcdefghijklmnopqrstu") (address "loopback")
L 01/10/2022 - 22:25:17: [admin.amxx] Login: "Toan<71><STEAM_0:0:885463136><>" became an admin (account "loopback") (access "abcdefghijklmnopqrstu") (address "loopback")
L 01/10/2022 - 22:27:48: -------- Mapchange to zm_toan --------
L 01/10/2022 - 22:27:49: [admin.amxx] Login: "Toan<85><STEAM_0:0:885463136><>" became an admin (account "loopback") (access "abcdefghijklmnopqrstu") (address "loopback")
L 01/10/2022 - 22:27:50: [admin.amxx] Login: "Toan<85><STEAM_0:0:885463136><>" became an admin (account "loopback") (access "abcdefghijklmnopqrstu") (address "loopback")
L 01/10/2022 - 22:27:58: -------- Mapchange to zm_toan --------
L 01/10/2022 - 22:28:01: [admin.amxx] Login: "Toan<1><STEAM_0:0:885463136><>" became an admin (account "loopback") (access "abcdefghijklmnopqrstu") (address "loopback")
L 01/10/2022 - 22:28:02: [admin.amxx] Login: "Toan<1><STEAM_0:0:885463136><>" became an admin (account "loopback") (access "abcdefghijklmnopqrstu") (address "loopback")
L 01/10/2022 - 22:40:05: -------- Mapchange to zm_toan --------
L 01/10/2022 - 22:40:06: [admin.amxx] Login: "Toan<15><STEAM_0:0:885463136><>" became an admin (account "loopback") (access "abcdefghijklmnopqrstu") (address "loopback")
L 01/10/2022 - 22:40:08: [admin.amxx] Login: "Toan<15><STEAM_0:0:885463136><>" became an admin (account "loopback") (access "abcdefghijklmnopqrstu") (address "loopback")
L 01/10/2022 - 22:43:01: -------- Mapchange to zm_toan --------
L 01/10/2022 - 22:43:02: [admin.amxx] Login: "Toan<29><STEAM_0:0:885463136><>" became an admin (account "loopback") (access "abcdefghijklmnopqrstu") (address "loopback")
L 01/10/2022 - 22:43:04: [admin.amxx] Login: "Toan<29><STEAM_0:0:885463136><>" became an admin (account "loopback") (access "abcdefghijklmnopqrstu") (address "loopback")
L 01/10/2022 - 22:45:55: -------- Mapchange to zm_toan --------
L 01/10/2022 - 22:45:56: [admin.amxx] Login: "Toan<43><STEAM_0:0:885463136><>" became an admin (account "loopback") (access "abcdefghijklmnopqrstu") (address "loopback")
L 01/10/2022 - 22:45:57: [admin.amxx] Login: "Toan<43><STEAM_0:0:885463136><>" became an admin (account "loopback") (access "abcdefghijklmnopqrstu") (address "loopback")
L 01/10/2022 - 22:48:31: -------- Mapchange to zm_toan --------
L 01/10/2022 - 22:48:32: [admin.amxx] Login: "Toan<57><STEAM_0:0:885463136><>" became an admin (account "loopback") (access "abcdefghijklmnopqrstu") (address "loopback")
L 01/10/2022 - 22:48:34: [admin.amxx] Login: "Toan<57><STEAM_0:0:885463136><>" became an admin (account "loopback") (access "abcdefghijklmnopqrstu") (address "loopback")
L 01/10/2022 - 22:52:48: -------- Mapchange to zm_toan --------
L 01/10/2022 - 22:52:49: [admin.amxx] Login: "Toan<71><STEAM_0:0:885463136><>" became an admin (account "loopback") (access "abcdefghijklmnopqrstu") (address "loopback")
L 01/10/2022 - 22:52:49: [admin.amxx] Login: "Toan<71><STEAM_0:0:885463136><>" became an admin (account "loopback") (access "abcdefghijklmnopqrstu") (address "loopback")
L 01/10/2022 - 22:55:50: -------- Mapchange to zm_toan --------
L 01/10/2022 - 22:55:51: [admin.amxx] Login: "Toan<85><STEAM_0:0:885463136><>" became an admin (account "loopback") (access "abcdefghijklmnopqrstu") (address "loopback")
L 01/10/2022 - 22:55:53: [admin.amxx] Login: "Toan<85><STEAM_0:0:885463136><>" became an admin (account "loopback") (access "abcdefghijklmnopqrstu") (address "loopback")
L 01/10/2022 - 22:56:25: -------- Mapchange to zm_toan --------
L 01/10/2022 - 22:56:28: [admin.amxx] Login: "Toan<1><STEAM_0:0:885463136><>" became an admin (account "loopback") (access "abcdefghijklmnopqrstu") (address "loopback")
L 01/10/2022 - 22:56:29: [admin.amxx] Login: "Toan<1><STEAM_0:0:885463136><>" became an admin (account "loopback") (access "abcdefghijklmnopqrstu") (address "loopback")
L 01/10/2022 - 22:58:59: -------- Mapchange to zm_toan --------
L 01/10/2022 - 22:59:00: [admin.amxx] Login: "Toan<15><STEAM_0:0:885463136><>" became an admin (account "loopback") (access "abcdefghijklmnopqrstu") (address "loopback")
L 01/10/2022 - 22:59:02: [admin.amxx] Login: "Toan<15><STEAM_0:0:885463136><>" became an admin (account "loopback") (access "abcdefghijklmnopqrstu") (address "loopback")
