L 03/03/2023 - 10:27:59: -------- Mapchange to zm_toan --------
L 03/03/2023 - 10:28:39: [admin.amxx] Login: "Toan<1><STEAM_0:0:1802165859><>" became an admin (account "loopback") (access "abcdefghijklmnopqrstu") (address "loopback")
L 03/03/2023 - 10:28:47: [admin.amxx] Login: "Toan<1><STEAM_0:0:1802165859><>" became an admin (account "loopback") (access "abcdefghijklmnopqrstu") (address "loopback")
L 03/03/2023 - 10:42:00: -------- Mapchange to zm_toan --------
L 03/03/2023 - 10:42:23: [admin.amxx] Login: "Toan<1><STEAM_0:0:1802165859><>" became an admin (account "loopback") (access "abcdefghijklmnopqrstu") (address "loopback")
L 03/03/2023 - 10:49:13: -------- Mapchange to zm_toan --------
L 03/03/2023 - 10:49:24: [admin.amxx] Login: "Toan<1><STEAM_0:0:1802165859><>" became an admin (account "loopback") (access "abcdefghijklmnopqrstu") (address "loopback")
L 03/03/2023 - 10:49:25: [admin.amxx] Login: "Toan<1><STEAM_0:0:1802165859><>" became an admin (account "loopback") (access "abcdefghijklmnopqrstu") (address "loopback")
L 03/03/2023 - 10:50:39: -------- Mapchange to zm_toan --------
L 03/03/2023 - 10:50:40: [AMXX] Plugin "zombie_plague40.amxx" failed to load: Plugin uses an unknown function (name "nav_reset_money") - check your modules.ini.
L 03/03/2023 - 10:50:40: [AMXX] Plugin "zp_zclass_regular.amxx" failed to load: Plugin uses an unknown function (name "md_zb_skill") - check your modules.ini.
L 03/03/2023 - 10:50:40: [AMXX] Plugin "zp_zclass_spitter.amxx" failed to load: Plugin uses an unknown function (name "md_zb_skill") - check your modules.ini.
L 03/03/2023 - 10:50:40: [AMXX] Plugin "zp_zclass_Deimos.amxx" failed to load: Plugin uses an unknown function (name "md_zb_skill") - check your modules.ini.
L 03/03/2023 - 10:50:40: [AMXX] Plugin "zp_zclass_Ganymede.amxx" failed to load: Plugin uses an unknown function (name "md_zb_skill") - check your modules.ini.
L 03/03/2023 - 10:50:40: [AMXX] Plugin "zp_zclass_stingfinger.amxx" failed to load: Plugin uses an unknown function (name "md_zb_skill") - check your modules.ini.
L 03/03/2023 - 10:50:40: [AMXX] Plugin "zp_zclass_banshee.amxx" failed to load: Plugin uses an unknown function (name "md_zb_skill") - check your modules.ini.
L 03/03/2023 - 10:50:40: [AMXX] Plugin "zp_zclass_voodoo.amxx" failed to load: Plugin uses an unknown function (name "md_zb_skill") - check your modules.ini.
L 03/03/2023 - 10:50:40: [AMXX] Plugin "zp_zclass_venom.amxx" failed to load: Plugin uses an unknown function (name "md_zb_skill") - check your modules.ini.
L 03/03/2023 - 10:50:40: [AMXX] Plugin "zp_zclass_Heavy.amxx" failed to load: Plugin uses an unknown function (name "md_zb_skill") - check your modules.ini.
L 03/03/2023 - 10:50:40: [AMXX] Plugin "zp_addon_healing_skill.amxx" failed to load: Plugin uses an unknown function (name "md_zb_skill") - check your modules.ini.
L 03/03/2023 - 10:50:40: [AMXX] Plugin "zp_addon_deadlyshot.amxx" failed to load: Plugin uses an unknown function (name "md_zb_skill") - check your modules.ini.
L 03/03/2023 - 10:50:40: [AMXX] Plugin "zp_extra_m3dragon.amxx" failed to load: Plugin uses an unknown function (name "nav_set_special_ammo") - check your modules.ini.
L 03/03/2023 - 10:50:40: [AMXX] Plugin "zp_extra_magicmg.amxx" failed to load: Plugin uses an unknown function (name "nav_set_special_ammo") - check your modules.ini.
L 03/03/2023 - 10:50:40: [AMXX] Plugin "zp_extra_thanatos5.amxx" failed to load: Plugin uses an unknown function (name "nav_set_special_ammo") - check your modules.ini.
L 03/03/2023 - 10:50:40: [AMXX] Plugin "zp_extra_thanatos7.amxx" failed to load: Plugin uses an unknown function (name "nav_set_special_ammo") - check your modules.ini.
L 03/03/2023 - 10:50:43: [admin.amxx] Login: "Toan<1><STEAM_0:0:1802165859><>" became an admin (account "loopback") (access "abcdefghijklmnopqrstu") (address "loopback")
L 03/03/2023 - 10:50:44: [admin.amxx] Login: "Toan<1><STEAM_0:0:1802165859><>" became an admin (account "loopback") (access "abcdefghijklmnopqrstu") (address "loopback")
L 03/03/2023 - 10:51:09: -------- Mapchange to zm_toan --------
L 03/03/2023 - 10:51:09: [AMXX] Plugin "zombie_plague40.amxx" failed to load: Plugin uses an unknown function (name "nav_reset_money") - check your modules.ini.
L 03/03/2023 - 10:51:09: [AMXX] Plugin "zp_zclass_regular.amxx" failed to load: Plugin uses an unknown function (name "md_zb_skill") - check your modules.ini.
L 03/03/2023 - 10:51:09: [AMXX] Plugin "zp_zclass_spitter.amxx" failed to load: Plugin uses an unknown function (name "md_zb_skill") - check your modules.ini.
L 03/03/2023 - 10:51:09: [AMXX] Plugin "zp_zclass_Deimos.amxx" failed to load: Plugin uses an unknown function (name "md_zb_skill") - check your modules.ini.
L 03/03/2023 - 10:51:09: [AMXX] Plugin "zp_zclass_Ganymede.amxx" failed to load: Plugin uses an unknown function (name "md_zb_skill") - check your modules.ini.
L 03/03/2023 - 10:51:09: [AMXX] Plugin "zp_zclass_stingfinger.amxx" failed to load: Plugin uses an unknown function (name "md_zb_skill") - check your modules.ini.
L 03/03/2023 - 10:51:09: [AMXX] Plugin "zp_zclass_banshee.amxx" failed to load: Plugin uses an unknown function (name "md_zb_skill") - check your modules.ini.
L 03/03/2023 - 10:51:09: [AMXX] Plugin "zp_zclass_voodoo.amxx" failed to load: Plugin uses an unknown function (name "md_zb_skill") - check your modules.ini.
L 03/03/2023 - 10:51:09: [AMXX] Plugin "zp_zclass_venom.amxx" failed to load: Plugin uses an unknown function (name "md_zb_skill") - check your modules.ini.
L 03/03/2023 - 10:51:09: [AMXX] Plugin "zp_zclass_Heavy.amxx" failed to load: Plugin uses an unknown function (name "md_zb_skill") - check your modules.ini.
L 03/03/2023 - 10:51:09: [AMXX] Plugin "zp_addon_healing_skill.amxx" failed to load: Plugin uses an unknown function (name "md_zb_skill") - check your modules.ini.
L 03/03/2023 - 10:51:09: [AMXX] Plugin "zp_addon_deadlyshot.amxx" failed to load: Plugin uses an unknown function (name "md_zb_skill") - check your modules.ini.
L 03/03/2023 - 10:51:09: [AMXX] Plugin "zp_extra_m3dragon.amxx" failed to load: Plugin uses an unknown function (name "nav_set_special_ammo") - check your modules.ini.
L 03/03/2023 - 10:51:09: [AMXX] Plugin "zp_extra_magicmg.amxx" failed to load: Plugin uses an unknown function (name "nav_set_special_ammo") - check your modules.ini.
L 03/03/2023 - 10:51:09: [AMXX] Plugin "zp_extra_thanatos5.amxx" failed to load: Plugin uses an unknown function (name "nav_set_special_ammo") - check your modules.ini.
L 03/03/2023 - 10:51:09: [AMXX] Plugin "zp_extra_thanatos7.amxx" failed to load: Plugin uses an unknown function (name "nav_set_special_ammo") - check your modules.ini.
L 03/03/2023 - 10:51:13: [admin.amxx] Login: "Toan<1><STEAM_0:0:1802165859><>" became an admin (account "loopback") (access "abcdefghijklmnopqrstu") (address "loopback")
L 03/03/2023 - 10:51:14: [admin.amxx] Login: "Toan<1><STEAM_0:0:1802165859><>" became an admin (account "loopback") (access "abcdefghijklmnopqrstu") (address "loopback")
L 03/03/2023 - 12:56:38: -------- Mapchange to zm_toan --------
L 03/03/2023 - 12:56:39: [AMXX] Plugin "zombie_plague40.amxx" failed to load: Plugin uses an unknown function (name "nav_reset_money") - check your modules.ini.
L 03/03/2023 - 12:56:39: [AMXX] Plugin "zp_zclass_regular.amxx" failed to load: Plugin uses an unknown function (name "md_zb_skill") - check your modules.ini.
L 03/03/2023 - 12:56:39: [AMXX] Plugin "zp_zclass_spitter.amxx" failed to load: Plugin uses an unknown function (name "md_zb_skill") - check your modules.ini.
L 03/03/2023 - 12:56:39: [AMXX] Plugin "zp_zclass_Deimos.amxx" failed to load: Plugin uses an unknown function (name "md_zb_skill") - check your modules.ini.
L 03/03/2023 - 12:56:39: [AMXX] Plugin "zp_zclass_Ganymede.amxx" failed to load: Plugin uses an unknown function (name "md_zb_skill") - check your modules.ini.
L 03/03/2023 - 12:56:39: [AMXX] Plugin "zp_zclass_stingfinger.amxx" failed to load: Plugin uses an unknown function (name "md_zb_skill") - check your modules.ini.
L 03/03/2023 - 12:56:39: [AMXX] Plugin "zp_zclass_banshee.amxx" failed to load: Plugin uses an unknown function (name "md_zb_skill") - check your modules.ini.
L 03/03/2023 - 12:56:39: [AMXX] Plugin "zp_zclass_voodoo.amxx" failed to load: Plugin uses an unknown function (name "md_zb_skill") - check your modules.ini.
L 03/03/2023 - 12:56:39: [AMXX] Plugin "zp_zclass_venom.amxx" failed to load: Plugin uses an unknown function (name "md_zb_skill") - check your modules.ini.
L 03/03/2023 - 12:56:39: [AMXX] Plugin "zp_zclass_Heavy.amxx" failed to load: Plugin uses an unknown function (name "md_zb_skill") - check your modules.ini.
L 03/03/2023 - 12:56:39: [AMXX] Plugin "zp_addon_healing_skill.amxx" failed to load: Plugin uses an unknown function (name "md_zb_skill") - check your modules.ini.
L 03/03/2023 - 12:56:39: [AMXX] Plugin "zp_addon_deadlyshot.amxx" failed to load: Plugin uses an unknown function (name "md_zb_skill") - check your modules.ini.
L 03/03/2023 - 12:56:39: [AMXX] Plugin "zp_extra_m3dragon.amxx" failed to load: Plugin uses an unknown function (name "nav_set_special_ammo") - check your modules.ini.
L 03/03/2023 - 12:56:39: [AMXX] Plugin "zp_extra_magicmg.amxx" failed to load: Plugin uses an unknown function (name "nav_set_special_ammo") - check your modules.ini.
L 03/03/2023 - 12:56:39: [AMXX] Plugin "zp_extra_thanatos5.amxx" failed to load: Plugin uses an unknown function (name "nav_set_special_ammo") - check your modules.ini.
L 03/03/2023 - 12:56:39: [AMXX] Plugin "zp_extra_thanatos7.amxx" failed to load: Plugin uses an unknown function (name "nav_set_special_ammo") - check your modules.ini.
L 03/03/2023 - 12:56:53: [admin.amxx] Login: "Toan<1><STEAM_0:0:1802165859><>" became an admin (account "loopback") (access "abcdefghijklmnopqrstu") (address "loopback")
L 03/03/2023 - 12:56:57: [admin.amxx] Login: "Toan<1><STEAM_0:0:1802165859><>" became an admin (account "loopback") (access "abcdefghijklmnopqrstu") (address "loopback")
L 03/03/2023 - 12:59:07: -------- Mapchange to zm_toan --------
L 03/03/2023 - 12:59:17: [admin.amxx] Login: "Toan<15><STEAM_0:0:1802165859><>" became an admin (account "loopback") (access "abcdefghijklmnopqrstu") (address "loopback")
L 03/03/2023 - 12:59:21: [admin.amxx] Login: "Toan<15><STEAM_0:0:1802165859><>" became an admin (account "loopback") (access "abcdefghijklmnopqrstu") (address "loopback")
