==== MetaHook Begin ====
Thu Mar 26 12:40:44 2020

MetaHook Version:2.1 Author Martin ,Modified by Csoldjb
Build:9/28/2011
==== MetaHook Begin ====
Thu Mar 26 12:40:49 2020

MetaHook Version:2.1 Author Martin ,Modified by Csoldjb
Build:9/28/2011
==== MetaHook Begin ====
Thu Mar 26 12:41:01 2020

MetaHook Version:2.1 Author Martin ,Modified by Csoldjb
Build:9/28/2011
==== MetaHook Begin ====
Thu Mar 26 12:41:36 2020

MetaHook Version:2.1 Author Martin ,Modified by Csoldjb
Build:9/28/2011
Initialize Client Engine
Open Tga List Failed
Initialize Engine Studio
==== MetaHook Begin ====
Thu Mar 26 13:37:38 2020

MetaHook Version:2.1 Author Martin ,Modified by Csoldjb
Build:9/28/2011
Initialize Client Engine
Open Tga List Failed
Initialize Engine Studio
==== MetaHook Begin ====
Thu Mar 26 14:16:22 2020

MetaHook Version:2.1 Author Martin ,Modified by Csoldjb
Build:9/28/2011
Initialize Client Engine
Open Tga List Failed
Initialize Engine Studio
==== MetaHook Begin ====
Thu Mar 26 16:14:36 2020

MetaHook Version:2.1 Author Martin ,Modified by Csoldjb
Build:9/28/2011
Initialize Client Engine
Open Tga List Failed
Initialize Engine Studio
==== MetaHook Begin ====
Thu Mar 26 16:21:00 2020

MetaHook Version:2.1 Author Martin ,Modified by Csoldjb
Build:9/28/2011
Initialize Client Engine
Open Tga List Failed
Initialize Engine Studio
==== MetaHook Begin ====
Thu Mar 26 16:21:36 2020

MetaHook Version:2.1 Author Martin ,Modified by Csoldjb
Build:9/28/2011
Initialize Client Engine
Open Tga List Failed
Initialize Engine Studio
==== MetaHook Begin ====
Thu Mar 26 16:23:20 2020

MetaHook Version:2.1 Author Martin ,Modified by Csoldjb
Build:9/28/2011
Initialize Client Engine
Open Tga List Failed
Initialize Engine Studio
==== MetaHook Begin ====
Thu Mar 26 16:23:59 2020

MetaHook Version:2.1 Author Martin ,Modified by Csoldjb
Build:9/28/2011
Initialize Client Engine
Open Tga List Failed
Initialize Engine Studio
==== MetaHook Begin ====
Thu Mar 26 16:25:50 2020

MetaHook Version:2.1 Author Martin ,Modified by Csoldjb
Build:9/28/2011
Initialize Client Engine
Open Tga List Failed
Initialize Engine Studio
==== MetaHook Begin ====
Thu Mar 26 16:52:28 2020

MetaHook Version:2.1 Author Martin ,Modified by Csoldjb
Build:9/28/2011
Initialize Client Engine
Open Tga List Failed
Initialize Engine Studio
==== MetaHook Begin ====
Thu Mar 26 17:04:32 2020

MetaHook Version:2.1 Author Martin ,Modified by Csoldjb
Build:9/28/2011
Initialize Client Engine
Open Tga List Failed
Initialize Engine Studio
==== MetaHook Begin ====
Thu Mar 26 17:05:09 2020

MetaHook Version:2.1 Author Martin ,Modified by Csoldjb
Build:9/28/2011
Initialize Client Engine
Open Tga List Failed
Initialize Engine Studio
==== MetaHook Begin ====
Thu Mar 26 17:10:16 2020

MetaHook Version:2.1 Author Martin ,Modified by Csoldjb
Build:9/28/2011
Initialize Client Engine
Open Tga List Failed
Initialize Engine Studio
==== MetaHook Begin ====
Thu Mar 26 19:05:41 2020

MetaHook Version:2.1 Author Martin ,Modified by Csoldjb
Build:9/28/2011
Initialize Client Engine
Open Tga List Failed
Initialize Engine Studio
==== MetaHook Begin ====
Thu Mar 26 19:25:04 2020

MetaHook Version:2.1 Author Martin ,Modified by Csoldjb
Build:9/28/2011
Initialize Client Engine
Open Tga List Failed
Initialize Engine Studio
==== MetaHook Begin ====
Thu Mar 26 19:26:02 2020

MetaHook Version:2.1 Author Martin ,Modified by Csoldjb
Build:9/28/2011
Initialize Client Engine
Open Tga List Failed
Initialize Engine Studio
==== MetaHook Begin ====
Thu Mar 26 19:28:54 2020

MetaHook Version:2.1 Author Martin ,Modified by Csoldjb
Build:9/28/2011
Initialize Client Engine
Open Tga List Failed
Initialize Engine Studio
==== MetaHook Begin ====
Thu Mar 26 19:31:39 2020

MetaHook Version:2.1 Author Martin ,Modified by Csoldjb
Build:9/28/2011
Initialize Client Engine
Open Tga List Failed
Initialize Engine Studio
==== MetaHook Begin ====
Thu Mar 26 19:34:48 2020

MetaHook Version:2.1 Author Martin ,Modified by Csoldjb
Build:9/28/2011
Initialize Client Engine
Open Tga List Failed
Initialize Engine Studio
==== MetaHook Begin ====
Thu Mar 26 19:36:40 2020

MetaHook Version:2.1 Author Martin ,Modified by Csoldjb
Build:9/28/2011
Initialize Client Engine
Open Tga List Failed
Initialize Engine Studio
==== MetaHook Begin ====
Thu Mar 26 19:38:50 2020

MetaHook Version:2.1 Author Martin ,Modified by Csoldjb
Build:9/28/2011
Initialize Client Engine
Open Tga List Failed
Initialize Engine Studio
==== MetaHook Begin ====
Thu Mar 26 20:39:19 2020

MetaHook Version:2.1 Author Martin ,Modified by Csoldjb
Build:9/28/2011
Initialize Client Engine
Open Tga List Failed
Initialize Engine Studio
==== MetaHook Begin ====
Thu Mar 26 22:04:58 2020

MetaHook Version:2.1 Author Martin ,Modified by Csoldjb
Build:9/28/2011
Initialize Client Engine
Open Tga List Failed
Initialize Engine Studio
==== MetaHook Begin ====
Thu Mar 26 23:49:02 2020

MetaHook Version:2.1 Author Martin ,Modified by Csoldjb
Build:9/28/2011
Initialize Client Engine
Open Tga List Failed
Initialize Engine Studio
==== MetaHook Begin ====
Fri Mar 27 00:00:23 2020

MetaHook Version:2.1 Author Martin ,Modified by Csoldjb
Build:9/28/2011
Initialize Client Engine
Open Tga List Failed
Initialize Engine Studio
==== MetaHook Begin ====
Fri Mar 27 00:01:04 2020

MetaHook Version:2.1 Author Martin ,Modified by Csoldjb
Build:9/28/2011
Initialize Client Engine
Open Tga List Failed
Initialize Engine Studio
==== MetaHook Begin ====
Fri Mar 27 00:14:40 2020

MetaHook Version:2.1 Author Martin ,Modified by Csoldjb
Build:9/28/2011
Initialize Client Engine
Open Tga List Failed
Initialize Engine Studio
==== MetaHook Begin ====
Fri Mar 27 00:14:54 2020

MetaHook Version:2.1 Author Martin ,Modified by Csoldjb
Build:9/28/2011
Initialize Client Engine
Open Tga List Failed
Initialize Engine Studio
==== MetaHook Begin ====
Fri Mar 27 01:27:37 2020

MetaHook Version:2.1 Author Martin ,Modified by Csoldjb
Build:9/28/2011
Initialize Client Engine
Open Tga List Failed
Initialize Engine Studio
==== MetaHook Begin ====
Fri Mar 27 01:36:56 2020

MetaHook Version:2.1 Author Martin ,Modified by Csoldjb
Build:9/28/2011
Initialize Client Engine
Open Tga List Failed
Initialize Engine Studio
==== MetaHook Begin ====
Fri Mar 27 10:12:35 2020

MetaHook Version:2.1 Author Martin ,Modified by Csoldjb
Build:9/28/2011
Initialize Client Engine
Open Tga List Failed
Initialize Engine Studio
==== MetaHook Begin ====
Fri Mar 27 12:24:38 2020

MetaHook Version:2.1 Author Martin ,Modified by Csoldjb
Build:9/28/2011
Initialize Client Engine
Open Tga List Failed
Initialize Engine Studio
==== MetaHook Begin ====
Fri Mar 27 14:16:11 2020

MetaHook Version:2.1 Author Martin ,Modified by Csoldjb
Build:9/28/2011
Initialize Client Engine
Open Tga List Failed
Initialize Engine Studio
==== MetaHook Begin ====
Fri Mar 27 15:31:03 2020

MetaHook Version:2.1 Author Martin ,Modified by Csoldjb
Build:9/28/2011
Initialize Client Engine
Open Tga List Failed
Initialize Engine Studio
==== MetaHook Begin ====
Fri Mar 27 16:02:45 2020

MetaHook Version:2.1 Author Martin ,Modified by Csoldjb
Build:9/28/2011
Initialize Client Engine
Open Tga List Failed
Initialize Engine Studio
==== MetaHook Begin ====
Fri Mar 27 16:04:11 2020

MetaHook Version:2.1 Author Martin ,Modified by Csoldjb
Build:9/28/2011
Initialize Client Engine
Open Tga List Failed
Initialize Engine Studio
==== MetaHook Begin ====
Fri Mar 27 16:04:31 2020

MetaHook Version:2.1 Author Martin ,Modified by Csoldjb
Build:9/28/2011
Initialize Client Engine
Open Tga List Failed
Initialize Engine Studio
==== MetaHook Begin ====
Fri Mar 27 16:07:10 2020

MetaHook Version:2.1 Author Martin ,Modified by Csoldjb
Build:9/28/2011
Initialize Client Engine
Open Tga List Failed
Initialize Engine Studio
==== MetaHook Begin ====
Fri Mar 27 16:07:51 2020

MetaHook Version:2.1 Author Martin ,Modified by Csoldjb
Build:9/28/2011
Initialize Client Engine
Open Tga List Failed
Initialize Engine Studio
==== MetaHook Begin ====
Fri Mar 27 16:26:45 2020

MetaHook Version:2.1 Author Martin ,Modified by Csoldjb
Build:9/28/2011
Initialize Client Engine
Open Tga List Failed
Initialize Engine Studio
==== MetaHook Begin ====
Fri Mar 27 16:30:38 2020

MetaHook Version:2.1 Author Martin ,Modified by Csoldjb
Build:9/28/2011
Initialize Client Engine
Open Tga List Failed
Initialize Engine Studio
==== MetaHook Begin ====
Fri Mar 27 16:46:19 2020

MetaHook Version:2.1 Author Martin ,Modified by Csoldjb
Build:9/28/2011
Initialize Client Engine
Open Tga List Failed
Initialize Engine Studio
==== MetaHook Begin ====
Fri Mar 27 21:30:59 2020

MetaHook Version:2.1 Author Martin ,Modified by Csoldjb
Build:9/28/2011
Initialize Client Engine
Open Tga List Failed
Initialize Engine Studio
==== MetaHook Begin ====
Fri Mar 27 23:23:28 2020

MetaHook Version:2.1 Author Martin ,Modified by Csoldjb
Build:9/28/2011
Initialize Client Engine
Open Tga List Failed
Initialize Engine Studio
==== MetaHook Begin ====
Fri Mar 27 23:40:15 2020

MetaHook Version:2.1 Author Martin ,Modified by Csoldjb
Build:9/28/2011
Initialize Client Engine
Open Tga List Failed
Initialize Engine Studio
==== MetaHook Begin ====
Sat Mar 28 00:02:29 2020

MetaHook Version:2.1 Author Martin ,Modified by Csoldjb
Build:9/28/2011
Initialize Client Engine
Open Tga List Failed
Initialize Engine Studio
==== MetaHook Begin ====
Sat Mar 28 00:03:06 2020

MetaHook Version:2.1 Author Martin ,Modified by Csoldjb
Build:9/28/2011
Initialize Client Engine
Open Tga List Failed
Initialize Engine Studio
==== MetaHook Begin ====
Sat Mar 28 01:01:35 2020

MetaHook Version:2.1 Author Martin ,Modified by Csoldjb
Build:9/28/2011
Initialize Client Engine
Open Tga List Failed
Initialize Engine Studio
==== MetaHook Begin ====
Sat Mar 28 01:24:09 2020

MetaHook Version:2.1 Author Martin ,Modified by Csoldjb
Build:9/28/2011
Initialize Client Engine
Open Tga List Failed
Initialize Engine Studio
==== MetaHook Begin ====
Sat Mar 28 06:52:21 2020

MetaHook Version:2.1 Author Martin ,Modified by Csoldjb
Build:9/28/2011
Initialize Client Engine
Open Tga List Failed
Initialize Engine Studio
==== MetaHook Begin ====
Sat Mar 28 06:56:05 2020

MetaHook Version:2.1 Author Martin ,Modified by Csoldjb
Build:9/28/2011
Initialize Client Engine
Open Tga List Failed
Initialize Engine Studio
==== MetaHook Begin ====
Sat Mar 28 09:04:44 2020

MetaHook Version:2.1 Author Martin ,Modified by Csoldjb
Build:9/28/2011
Initialize Client Engine
Open Tga List Failed
Initialize Engine Studio
==== MetaHook Begin ====
Sat Mar 28 09:13:18 2020

MetaHook Version:2.1 Author Martin ,Modified by Csoldjb
Build:9/28/2011
Initialize Client Engine
Open Tga List Failed
Initialize Engine Studio
==== MetaHook Begin ====
Sat Mar 28 09:18:31 2020

MetaHook Version:2.1 Author Martin ,Modified by Csoldjb
Build:9/28/2011
Initialize Client Engine
Open Tga List Failed
Initialize Engine Studio
==== MetaHook Begin ====
Sat Mar 28 09:22:21 2020

MetaHook Version:2.1 Author Martin ,Modified by Csoldjb
Build:9/28/2011
Initialize Client Engine
Open Tga List Failed
Initialize Engine Studio
==== MetaHook Begin ====
Sat Mar 28 09:37:58 2020

MetaHook Version:2.1 Author Martin ,Modified by Csoldjb
Build:9/28/2011
Initialize Client Engine
Open Tga List Failed
Initialize Engine Studio
==== MetaHook Begin ====
Sat Mar 28 09:44:40 2020

MetaHook Version:2.1 Author Martin ,Modified by Csoldjb
Build:9/28/2011
Initialize Client Engine
Open Tga List Failed
Initialize Engine Studio
==== MetaHook Begin ====
Sat Mar 28 09:48:04 2020

MetaHook Version:2.1 Author Martin ,Modified by Csoldjb
Build:9/28/2011
Initialize Client Engine
Open Tga List Failed
Initialize Engine Studio
==== MetaHook Begin ====
Sat Mar 28 09:56:35 2020

MetaHook Version:2.1 Author Martin ,Modified by Csoldjb
Build:9/28/2011
Initialize Client Engine
Open Tga List Failed
Initialize Engine Studio
==== MetaHook Begin ====
Sat Mar 28 09:58:52 2020

MetaHook Version:2.1 Author Martin ,Modified by Csoldjb
Build:9/28/2011
Initialize Client Engine
Open Tga List Failed
Initialize Engine Studio
==== MetaHook Begin ====
Sat Mar 28 10:24:11 2020

MetaHook Version:2.1 Author Martin ,Modified by Csoldjb
Build:9/28/2011
Initialize Client Engine
Open Tga List Failed
Initialize Engine Studio
==== MetaHook Begin ====
Sat Mar 28 15:49:49 2020

MetaHook Version:2.1 Author Martin ,Modified by Csoldjb
Build:9/28/2011
Initialize Client Engine
Open Tga List Failed
Initialize Engine Studio
==== MetaHook Begin ====
Sat Mar 28 15:54:09 2020

MetaHook Version:2.1 Author Martin ,Modified by Csoldjb
Build:9/28/2011
Initialize Client Engine
Open Tga List Failed
Initialize Engine Studio
==== MetaHook Begin ====
Sat Mar 28 16:35:40 2020

MetaHook Version:2.1 Author Martin ,Modified by Csoldjb
Build:9/28/2011
Initialize Client Engine
Open Tga List Failed
Initialize Engine Studio
==== MetaHook Begin ====
Sat Mar 28 17:37:33 2020

MetaHook Version:2.1 Author Martin ,Modified by Csoldjb
Build:9/28/2011
Initialize Client Engine
Open Tga List Failed
Initialize Engine Studio
==== MetaHook Begin ====
Sat Mar 28 17:38:33 2020

MetaHook Version:2.1 Author Martin ,Modified by Csoldjb
Build:9/28/2011
Initialize Client Engine
Open Tga List Failed
Initialize Engine Studio
==== MetaHook Begin ====
Sat Mar 28 18:13:55 2020

MetaHook Version:2.1 Author Martin ,Modified by Csoldjb
Build:9/28/2011
Initialize Client Engine
Open Tga List Failed
Initialize Engine Studio
==== MetaHook Begin ====
Sat Mar 28 18:14:45 2020

MetaHook Version:2.1 Author Martin ,Modified by Csoldjb
Build:9/28/2011
Initialize Client Engine
Open Tga List Failed
Initialize Engine Studio
==== MetaHook Begin ====
Sat Mar 28 18:35:23 2020

MetaHook Version:2.1 Author Martin ,Modified by Csoldjb
Build:9/28/2011
Initialize Client Engine
Open Tga List Failed
Initialize Engine Studio
==== MetaHook Begin ====
Sat Mar 28 19:07:47 2020

MetaHook Version:2.1 Author Martin ,Modified by Csoldjb
Build:9/28/2011
Initialize Client Engine
Open Tga List Failed
Initialize Engine Studio
==== MetaHook Begin ====
Sat Mar 28 19:49:54 2020

MetaHook Version:2.1 Author Martin ,Modified by Csoldjb
Build:9/28/2011
Initialize Client Engine
Open Tga List Failed
Initialize Engine Studio
==== MetaHook Begin ====
Sat Mar 28 20:25:45 2020

MetaHook Version:2.1 Author Martin ,Modified by Csoldjb
Build:9/28/2011
Initialize Client Engine
Open Tga List Failed
Initialize Engine Studio
==== MetaHook Begin ====
Sat Mar 28 20:30:47 2020

MetaHook Version:2.1 Author Martin ,Modified by Csoldjb
Build:9/28/2011
Initialize Client Engine
Open Tga List Failed
Initialize Engine Studio
==== MetaHook Begin ====
Sat Mar 28 20:33:52 2020

MetaHook Version:2.1 Author Martin ,Modified by Csoldjb
Build:9/28/2011
Initialize Client Engine
Open Tga List Failed
Initialize Engine Studio
==== MetaHook Begin ====
Sat Mar 28 21:16:21 2020

MetaHook Version:2.1 Author Martin ,Modified by Csoldjb
Build:9/28/2011
Initialize Client Engine
Open Tga List Failed
Initialize Engine Studio
==== MetaHook Begin ====
Sat Mar 28 21:37:31 2020

MetaHook Version:2.1 Author Martin ,Modified by Csoldjb
Build:9/28/2011
Initialize Client Engine
Open Tga List Failed
Initialize Engine Studio
==== MetaHook Begin ====
Sat Mar 28 21:49:13 2020

MetaHook Version:2.1 Author Martin ,Modified by Csoldjb
Build:9/28/2011
Initialize Client Engine
Open Tga List Failed
Initialize Engine Studio
==== MetaHook Begin ====
Sat Mar 28 21:50:41 2020

MetaHook Version:2.1 Author Martin ,Modified by Csoldjb
Build:9/28/2011
Initialize Client Engine
Open Tga List Failed
Initialize Engine Studio
==== MetaHook Begin ====
Sat Mar 28 21:52:30 2020

MetaHook Version:2.1 Author Martin ,Modified by Csoldjb
Build:9/28/2011
Initialize Client Engine
Open Tga List Failed
Initialize Engine Studio
==== MetaHook Begin ====
Sat Mar 28 22:00:37 2020

MetaHook Version:2.1 Author Martin ,Modified by Csoldjb
Build:9/28/2011
Initialize Client Engine
Open Tga List Failed
Initialize Engine Studio
==== MetaHook Begin ====
Sun Mar 29 06:50:23 2020

MetaHook Version:2.1 Author Martin ,Modified by Csoldjb
Build:9/28/2011
Initialize Client Engine
Open Tga List Failed
Initialize Engine Studio
==== MetaHook Begin ====
Sun Mar 29 06:55:11 2020

MetaHook Version:2.1 Author Martin ,Modified by Csoldjb
Build:9/28/2011
Initialize Client Engine
Open Tga List Failed
Initialize Engine Studio
==== MetaHook Begin ====
Sun Mar 29 06:56:00 2020

MetaHook Version:2.1 Author Martin ,Modified by Csoldjb
Build:9/28/2011
Initialize Client Engine
Open Tga List Failed
Initialize Engine Studio
==== MetaHook Begin ====
Sun Mar 29 07:20:53 2020

MetaHook Version:2.1 Author Martin ,Modified by Csoldjb
Build:9/28/2011
Initialize Client Engine
Open Tga List Failed
Initialize Engine Studio
==== MetaHook Begin ====
Sun Mar 29 07:21:45 2020

MetaHook Version:2.1 Author Martin ,Modified by Csoldjb
Build:9/28/2011
Initialize Client Engine
Open Tga List Failed
Initialize Engine Studio
==== MetaHook Begin ====
Sun Mar 29 07:22:25 2020

MetaHook Version:2.1 Author Martin ,Modified by Csoldjb
Build:9/28/2011
Initialize Client Engine
Open Tga List Failed
Initialize Engine Studio
==== MetaHook Begin ====
Sun Mar 29 07:23:11 2020

MetaHook Version:2.1 Author Martin ,Modified by Csoldjb
Build:9/28/2011
Initialize Client Engine
Open Tga List Failed
Initialize Engine Studio
==== MetaHook Begin ====
Sun Mar 29 07:23:45 2020

MetaHook Version:2.1 Author Martin ,Modified by Csoldjb
Build:9/28/2011
Initialize Client Engine
Open Tga List Failed
Initialize Engine Studio
==== MetaHook Begin ====
Sun Mar 29 07:24:20 2020

MetaHook Version:2.1 Author Martin ,Modified by Csoldjb
Build:9/28/2011
Initialize Client Engine
Open Tga List Failed
Initialize Engine Studio
==== MetaHook Begin ====
Sun Mar 29 07:26:07 2020

MetaHook Version:2.1 Author Martin ,Modified by Csoldjb
Build:9/28/2011
==== MetaHook Begin ====
Sun Mar 29 07:30:28 2020

MetaHook Version:2.1 Author Martin ,Modified by Csoldjb
Build:9/28/2011
Initialize Client Engine
Open Tga List Failed
Initialize Engine Studio
==== MetaHook Begin ====
Sun Mar 29 07:30:41 2020

MetaHook Version:2.1 Author Martin ,Modified by Csoldjb
Build:9/28/2011
Initialize Client Engine
Open Tga List Failed
Initialize Engine Studio
==== MetaHook Begin ====
Sun Mar 29 07:43:47 2020

MetaHook Version:2.1 Author Martin ,Modified by Csoldjb
Build:9/28/2011
Initialize Client Engine
Open Tga List Failed
Initialize Engine Studio
==== MetaHook Begin ====
Sun Mar 29 09:03:02 2020

MetaHook Version:2.1 Author Martin ,Modified by Csoldjb
Build:9/28/2011
Initialize Client Engine
Open Tga List Failed
Initialize Engine Studio
==== MetaHook Begin ====
Sun Mar 29 09:04:06 2020

MetaHook Version:2.1 Author Martin ,Modified by Csoldjb
Build:9/28/2011
Initialize Client Engine
Open Tga List Failed
Initialize Engine Studio
==== MetaHook Begin ====
Sun Mar 29 09:04:45 2020

MetaHook Version:2.1 Author Martin ,Modified by Csoldjb
Build:9/28/2011
Initialize Client Engine
Open Tga List Failed
Initialize Engine Studio
==== MetaHook Begin ====
Sun Mar 29 09:06:03 2020

MetaHook Version:2.1 Author Martin ,Modified by Csoldjb
Build:9/28/2011
Initialize Client Engine
Open Tga List Failed
Initialize Engine Studio
==== MetaHook Begin ====
Sun Mar 29 09:08:36 2020

MetaHook Version:2.1 Author Martin ,Modified by Csoldjb
Build:9/28/2011
Initialize Client Engine
Open Tga List Failed
Initialize Engine Studio
==== MetaHook Begin ====
Sun Mar 29 09:51:13 2020

MetaHook Version:2.1 Author Martin ,Modified by Csoldjb
Build:9/28/2011
Initialize Client Engine
Open Tga List Failed
Initialize Engine Studio
==== MetaHook Begin ====
Sun Mar 29 10:27:33 2020

MetaHook Version:2.1 Author Martin ,Modified by Csoldjb
Build:9/28/2011
Initialize Client Engine
Open Tga List Failed
Initialize Engine Studio
==== MetaHook Begin ====
Sun Mar 29 11:00:47 2020

MetaHook Version:2.1 Author Martin ,Modified by Csoldjb
Build:9/28/2011
Initialize Client Engine
Open Tga List Failed
Initialize Engine Studio
==== MetaHook Begin ====
Sun Mar 29 11:55:32 2020

MetaHook Version:2.1 Author Martin ,Modified by Csoldjb
Build:9/28/2011
Initialize Client Engine
Open Tga List Failed
Initialize Engine Studio
==== MetaHook Begin ====
Sun Mar 29 12:55:03 2020

MetaHook Version:2.1 Author Martin ,Modified by Csoldjb
Build:9/28/2011
Initialize Client Engine
Open Tga List Failed
Initialize Engine Studio
==== MetaHook Begin ====
Sun Mar 29 14:38:36 2020

MetaHook Version:2.1 Author Martin ,Modified by Csoldjb
Build:9/28/2011
Initialize Client Engine
Open Tga List Failed
Initialize Engine Studio
==== MetaHook Begin ====
Sun Mar 29 19:33:03 2020

MetaHook Version:2.1 Author Martin ,Modified by Csoldjb
Build:9/28/2011
Initialize Client Engine
Open Tga List Failed
Initialize Engine Studio
==== MetaHook Begin ====
Sun Mar 29 19:46:52 2020

MetaHook Version:2.1 Author Martin ,Modified by Csoldjb
Build:9/28/2011
Initialize Client Engine
Open Tga List Failed
Initialize Engine Studio
==== MetaHook Begin ====
Sun Mar 29 21:10:25 2020

MetaHook Version:2.1 Author Martin ,Modified by Csoldjb
Build:9/28/2011
Initialize Client Engine
Open Tga List Failed
Initialize Engine Studio
==== MetaHook Begin ====
Sun Mar 29 21:19:03 2020

MetaHook Version:2.1 Author Martin ,Modified by Csoldjb
Build:9/28/2011
Initialize Client Engine
Open Tga List Failed
Initialize Engine Studio
==== MetaHook Begin ====
Sun Mar 29 21:32:54 2020

MetaHook Version:2.1 Author Martin ,Modified by Csoldjb
Build:9/28/2011
Initialize Client Engine
Open Tga List Failed
Initialize Engine Studio
==== MetaHook Begin ====
Mon Mar 30 10:35:11 2020

MetaHook Version:2.1 Author Martin ,Modified by Csoldjb
Build:9/28/2011
Initialize Client Engine
Open Tga List Failed
Initialize Engine Studio
==== MetaHook Begin ====
Mon Mar 30 11:00:49 2020

MetaHook Version:2.1 Author Martin ,Modified by Csoldjb
Build:9/28/2011
Initialize Client Engine
Open Tga List Failed
Initialize Engine Studio
==== MetaHook Begin ====
Mon Mar 30 11:46:29 2020

MetaHook Version:2.1 Author Martin ,Modified by Csoldjb
Build:9/28/2011
Initialize Client Engine
Open Tga List Failed
Initialize Engine Studio
==== MetaHook Begin ====
Mon Mar 30 12:56:36 2020

MetaHook Version:2.1 Author Martin ,Modified by Csoldjb
Build:9/28/2011
Initialize Client Engine
Open Tga List Failed
Initialize Engine Studio
==== MetaHook Begin ====
Mon Mar 30 16:07:15 2020

MetaHook Version:2.1 Author Martin ,Modified by Csoldjb
Build:9/28/2011
Initialize Client Engine
Open Tga List Failed
Initialize Engine Studio
==== MetaHook Begin ====
Mon Mar 30 16:09:11 2020

MetaHook Version:2.1 Author Martin ,Modified by Csoldjb
Build:9/28/2011
Initialize Client Engine
Open Tga List Failed
Initialize Engine Studio
==== MetaHook Begin ====
Mon Mar 30 16:14:33 2020

MetaHook Version:2.1 Author Martin ,Modified by Csoldjb
Build:9/28/2011
Initialize Client Engine
Open Tga List Failed
Initialize Engine Studio
==== MetaHook Begin ====
Mon Mar 30 16:16:30 2020

MetaHook Version:2.1 Author Martin ,Modified by Csoldjb
Build:9/28/2011
Initialize Client Engine
Open Tga List Failed
Initialize Engine Studio
==== MetaHook Begin ====
Mon Mar 30 16:20:17 2020

MetaHook Version:2.1 Author Martin ,Modified by Csoldjb
Build:9/28/2011
Initialize Client Engine
Open Tga List Failed
Initialize Engine Studio
==== MetaHook Begin ====
Mon Mar 30 16:30:21 2020

MetaHook Version:2.1 Author Martin ,Modified by Csoldjb
Build:9/28/2011
Initialize Client Engine
Open Tga List Failed
Initialize Engine Studio
==== MetaHook Begin ====
Mon Mar 30 16:33:04 2020

MetaHook Version:2.1 Author Martin ,Modified by Csoldjb
Build:9/28/2011
Initialize Client Engine
Open Tga List Failed
Initialize Engine Studio
==== MetaHook Begin ====
Mon Mar 30 16:42:15 2020

MetaHook Version:2.1 Author Martin ,Modified by Csoldjb
Build:9/28/2011
Initialize Client Engine
Open Tga List Failed
Initialize Engine Studio
==== MetaHook Begin ====
Mon Mar 30 17:17:04 2020

MetaHook Version:2.1 Author Martin ,Modified by Csoldjb
Build:9/28/2011
Initialize Client Engine
Open Tga List Failed
Initialize Engine Studio
==== MetaHook Begin ====
Mon Mar 30 17:17:24 2020

MetaHook Version:2.1 Author Martin ,Modified by Csoldjb
Build:9/28/2011
Initialize Client Engine
Open Tga List Failed
Initialize Engine Studio
==== MetaHook Begin ====
Mon Mar 30 18:39:43 2020

MetaHook Version:2.1 Author Martin ,Modified by Csoldjb
Build:9/28/2011
Initialize Client Engine
Open Tga List Failed
Initialize Engine Studio
==== MetaHook Begin ====
Mon Mar 30 19:54:53 2020

MetaHook Version:2.1 Author Martin ,Modified by Csoldjb
Build:9/28/2011
Initialize Client Engine
Open Tga List Failed
Initialize Engine Studio
==== MetaHook Begin ====
Mon Mar 30 19:56:38 2020

MetaHook Version:2.1 Author Martin ,Modified by Csoldjb
Build:9/28/2011
Initialize Client Engine
Open Tga List Failed
Initialize Engine Studio
==== MetaHook Begin ====
Mon Mar 30 20:56:31 2020

MetaHook Version:2.1 Author Martin ,Modified by Csoldjb
Build:9/28/2011
Initialize Client Engine
Open Tga List Failed
Initialize Engine Studio
==== MetaHook Begin ====
Mon Mar 30 21:54:24 2020

MetaHook Version:2.1 Author Martin ,Modified by Csoldjb
Build:9/28/2011
Initialize Client Engine
Open Tga List Failed
Initialize Engine Studio
==== MetaHook Begin ====
Mon Mar 30 21:56:01 2020

MetaHook Version:2.1 Author Martin ,Modified by Csoldjb
Build:9/28/2011
Initialize Client Engine
Open Tga List Failed
Initialize Engine Studio
==== MetaHook Begin ====
Mon Mar 30 22:05:30 2020

MetaHook Version:2.1 Author Martin ,Modified by Csoldjb
Build:9/28/2011
Initialize Client Engine
Open Tga List Failed
Initialize Engine Studio
==== MetaHook Begin ====
Mon Mar 30 22:06:31 2020

MetaHook Version:2.1 Author Martin ,Modified by Csoldjb
Build:9/28/2011
Initialize Client Engine
Open Tga List Failed
Initialize Engine Studio
==== MetaHook Begin ====
Mon Mar 30 23:21:25 2020

MetaHook Version:2.1 Author Martin ,Modified by Csoldjb
Build:9/28/2011
Initialize Client Engine
Open Tga List Failed
Initialize Engine Studio
==== MetaHook Begin ====
Mon Mar 30 23:21:55 2020

MetaHook Version:2.1 Author Martin ,Modified by Csoldjb
Build:9/28/2011
Initialize Client Engine
Open Tga List Failed
Initialize Engine Studio
==== MetaHook Begin ====
Mon Mar 30 23:40:42 2020

MetaHook Version:2.1 Author Martin ,Modified by Csoldjb
Build:9/28/2011
Initialize Client Engine
Open Tga List Failed
Initialize Engine Studio
==== MetaHook Begin ====
Tue Mar 31 00:34:26 2020

MetaHook Version:2.1 Author Martin ,Modified by Csoldjb
Build:9/28/2011
Initialize Client Engine
Open Tga List Failed
Initialize Engine Studio
==== MetaHook Begin ====
Tue Mar 31 00:35:07 2020

MetaHook Version:2.1 Author Martin ,Modified by Csoldjb
Build:9/28/2011
Initialize Client Engine
Open Tga List Failed
Initialize Engine Studio
==== MetaHook Begin ====
Tue Mar 31 00:35:19 2020

MetaHook Version:2.1 Author Martin ,Modified by Csoldjb
Build:9/28/2011
Initialize Client Engine
Open Tga List Failed
Initialize Engine Studio
==== MetaHook Begin ====
Tue Mar 31 00:35:39 2020

MetaHook Version:2.1 Author Martin ,Modified by Csoldjb
Build:9/28/2011
Initialize Client Engine
Open Tga List Failed
Initialize Engine Studio
==== MetaHook Begin ====
Tue Mar 31 00:35:57 2020

MetaHook Version:2.1 Author Martin ,Modified by Csoldjb
Build:9/28/2011
Initialize Client Engine
Open Tga List Failed
Initialize Engine Studio
==== MetaHook Begin ====
Tue Mar 31 00:36:14 2020

MetaHook Version:2.1 Author Martin ,Modified by Csoldjb
Build:9/28/2011
Initialize Client Engine
Open Tga List Failed
Initialize Engine Studio
==== MetaHook Begin ====
Tue Mar 31 00:36:37 2020

MetaHook Version:2.1 Author Martin ,Modified by Csoldjb
Build:9/28/2011
Initialize Client Engine
Open Tga List Failed
Initialize Engine Studio
==== MetaHook Begin ====
Tue Mar 31 00:36:48 2020

MetaHook Version:2.1 Author Martin ,Modified by Csoldjb
Build:9/28/2011
Initialize Client Engine
Open Tga List Failed
Initialize Engine Studio
==== MetaHook Begin ====
Tue Mar 31 00:37:02 2020

MetaHook Version:2.1 Author Martin ,Modified by Csoldjb
Build:9/28/2011
Initialize Client Engine
Open Tga List Failed
Initialize Engine Studio
==== MetaHook Begin ====
Tue Mar 31 00:37:46 2020

MetaHook Version:2.1 Author Martin ,Modified by Csoldjb
Build:9/28/2011
Initialize Client Engine
Open Tga List Failed
Initialize Engine Studio
==== MetaHook Begin ====
Tue Mar 31 00:38:37 2020

MetaHook Version:2.1 Author Martin ,Modified by Csoldjb
Build:9/28/2011
Initialize Client Engine
Open Tga List Failed
Initialize Engine Studio
==== MetaHook Begin ====
Tue Mar 31 00:39:03 2020

MetaHook Version:2.1 Author Martin ,Modified by Csoldjb
Build:9/28/2011
Initialize Client Engine
Open Tga List Failed
Initialize Engine Studio
==== MetaHook Begin ====
Tue Mar 31 00:39:37 2020

MetaHook Version:2.1 Author Martin ,Modified by Csoldjb
Build:9/28/2011
Initialize Client Engine
Open Tga List Failed
Initialize Engine Studio
==== MetaHook Begin ====
Tue Mar 31 00:40:03 2020

MetaHook Version:2.1 Author Martin ,Modified by Csoldjb
Build:9/28/2011
Initialize Client Engine
Open Tga List Failed
Initialize Engine Studio
==== MetaHook Begin ====
Tue Mar 31 00:40:35 2020

MetaHook Version:2.1 Author Martin ,Modified by Csoldjb
Build:9/28/2011
Initialize Client Engine
Open Tga List Failed
Initialize Engine Studio
==== MetaHook Begin ====
Tue Mar 31 00:40:48 2020

MetaHook Version:2.1 Author Martin ,Modified by Csoldjb
Build:9/28/2011
Initialize Client Engine
Open Tga List Failed
Initialize Engine Studio
==== MetaHook Begin ====
Tue Mar 31 00:41:16 2020

MetaHook Version:2.1 Author Martin ,Modified by Csoldjb
Build:9/28/2011
Initialize Client Engine
Open Tga List Failed
Initialize Engine Studio
==== MetaHook Begin ====
Tue Mar 31 00:41:44 2020

MetaHook Version:2.1 Author Martin ,Modified by Csoldjb
Build:9/28/2011
Initialize Client Engine
Open Tga List Failed
Initialize Engine Studio
==== MetaHook Begin ====
Tue Mar 31 00:42:00 2020

MetaHook Version:2.1 Author Martin ,Modified by Csoldjb
Build:9/28/2011
Initialize Client Engine
Open Tga List Failed
Initialize Engine Studio
==== MetaHook Begin ====
Tue Mar 31 00:42:18 2020

MetaHook Version:2.1 Author Martin ,Modified by Csoldjb
Build:9/28/2011
Initialize Client Engine
Open Tga List Failed
Initialize Engine Studio
==== MetaHook Begin ====
Tue Mar 31 00:57:35 2020

MetaHook Version:2.1 Author Martin ,Modified by Csoldjb
Build:9/28/2011
Initialize Client Engine
Open Tga List Failed
Initialize Engine Studio
==== MetaHook Begin ====
Tue Mar 31 01:04:51 2020

MetaHook Version:2.1 Author Martin ,Modified by Csoldjb
Build:9/28/2011
==== MetaHook Begin ====
Tue Mar 31 01:24:54 2020

MetaHook Version:2.1 Author Martin ,Modified by Csoldjb
Build:9/28/2011
Initialize Client Engine
Open Tga List Failed
Initialize Engine Studio
==== MetaHook Begin ====
Tue Mar 31 01:49:49 2020

MetaHook Version:2.1 Author Martin ,Modified by Csoldjb
Build:9/28/2011
Initialize Client Engine
Open Tga List Failed
Initialize Engine Studio
==== MetaHook Begin ====
Tue Mar 31 02:01:44 2020

MetaHook Version:2.1 Author Martin ,Modified by Csoldjb
Build:9/28/2011
Initialize Client Engine
Open Tga List Failed
Initialize Engine Studio
==== MetaHook Begin ====
Tue Mar 31 02:02:07 2020

MetaHook Version:2.1 Author Martin ,Modified by Csoldjb
Build:9/28/2011
Initialize Client Engine
Open Tga List Failed
Initialize Engine Studio
==== MetaHook Begin ====
Tue Mar 31 02:03:39 2020

MetaHook Version:2.1 Author Martin ,Modified by Csoldjb
Build:9/28/2011
Initialize Client Engine
Open Tga List Failed
Initialize Engine Studio
==== MetaHook Begin ====
Tue Mar 31 02:04:06 2020

MetaHook Version:2.1 Author Martin ,Modified by Csoldjb
Build:9/28/2011
Initialize Client Engine
Open Tga List Failed
Initialize Engine Studio
==== MetaHook Begin ====
Tue Mar 31 02:04:29 2020

MetaHook Version:2.1 Author Martin ,Modified by Csoldjb
Build:9/28/2011
Initialize Client Engine
Open Tga List Failed
Initialize Engine Studio
==== MetaHook Begin ====
Tue Mar 31 02:05:34 2020

MetaHook Version:2.1 Author Martin ,Modified by Csoldjb
Build:9/28/2011
Initialize Client Engine
Open Tga List Failed
Initialize Engine Studio
==== MetaHook Begin ====
Tue Mar 31 02:05:57 2020

MetaHook Version:2.1 Author Martin ,Modified by Csoldjb
Build:9/28/2011
Initialize Client Engine
Open Tga List Failed
Initialize Engine Studio
==== MetaHook Begin ====
Tue Mar 31 02:27:05 2020

MetaHook Version:2.1 Author Martin ,Modified by Csoldjb
Build:9/28/2011
Initialize Client Engine
Open Tga List Failed
Initialize Engine Studio
==== MetaHook Begin ====
Tue Mar 31 11:10:35 2020

MetaHook Version:2.1 Author Martin ,Modified by Csoldjb
Build:9/28/2011
Initialize Client Engine
Open Tga List Failed
Initialize Engine Studio
==== MetaHook Begin ====
Tue Mar 31 13:41:28 2020

MetaHook Version:2.1 Author Martin ,Modified by Csoldjb
Build:9/28/2011
Initialize Client Engine
Open Tga List Failed
Initialize Engine Studio
==== MetaHook Begin ====
Tue Mar 31 14:05:15 2020

MetaHook Version:2.1 Author Martin ,Modified by Csoldjb
Build:9/28/2011
Initialize Client Engine
Open Tga List Failed
Initialize Engine Studio
==== MetaHook Begin ====
Tue Mar 31 14:58:28 2020

MetaHook Version:2.1 Author Martin ,Modified by Csoldjb
Build:9/28/2011
Initialize Client Engine
Open Tga List Failed
Initialize Engine Studio
==== MetaHook Begin ====
Tue Mar 31 14:58:59 2020

MetaHook Version:2.1 Author Martin ,Modified by Csoldjb
Build:9/28/2011
Initialize Client Engine
Open Tga List Failed
Initialize Engine Studio
==== MetaHook Begin ====
Tue Mar 31 15:00:02 2020

MetaHook Version:2.1 Author Martin ,Modified by Csoldjb
Build:9/28/2011
Initialize Client Engine
Open Tga List Failed
Initialize Engine Studio
==== MetaHook Begin ====
Tue Mar 31 16:53:22 2020

MetaHook Version:2.1 Author Martin ,Modified by Csoldjb
Build:9/28/2011
Initialize Client Engine
Open Tga List Failed
Initialize Engine Studio
==== MetaHook Begin ====
Tue Mar 31 19:13:05 2020

MetaHook Version:2.1 Author Martin ,Modified by Csoldjb
Build:9/28/2011
Initialize Client Engine
Open Tga List Failed
Initialize Engine Studio
==== MetaHook Begin ====
Tue Mar 31 22:25:20 2020

MetaHook Version:2.1 Author Martin ,Modified by Csoldjb
Build:9/28/2011
Initialize Client Engine
Open Tga List Failed
Initialize Engine Studio
==== MetaHook Begin ====
Tue Mar 31 22:51:53 2020

MetaHook Version:2.1 Author Martin ,Modified by Csoldjb
Build:9/28/2011
Initialize Client Engine
Open Tga List Failed
Initialize Engine Studio
==== MetaHook Begin ====
Tue Mar 31 23:20:29 2020

MetaHook Version:2.1 Author Martin ,Modified by Csoldjb
Build:9/28/2011
Initialize Client Engine
Open Tga List Failed
Initialize Engine Studio
==== MetaHook Begin ====
Wed Apr 01 10:08:00 2020

MetaHook Version:2.1 Author Martin ,Modified by Csoldjb
Build:9/28/2011
Initialize Client Engine
Open Tga List Failed
Initialize Engine Studio
==== MetaHook Begin ====
Wed Apr 01 11:01:13 2020

MetaHook Version:2.1 Author Martin ,Modified by Csoldjb
Build:9/28/2011
Initialize Client Engine
Open Tga List Failed
Initialize Engine Studio
==== MetaHook Begin ====
Wed Apr 01 11:59:54 2020

MetaHook Version:2.1 Author Martin ,Modified by Csoldjb
Build:9/28/2011
Initialize Client Engine
Open Tga List Failed
Initialize Engine Studio
==== MetaHook Begin ====
Wed Apr 01 12:01:44 2020

MetaHook Version:2.1 Author Martin ,Modified by Csoldjb
Build:9/28/2011
Initialize Client Engine
Open Tga List Failed
Initialize Engine Studio
==== MetaHook Begin ====
Wed Apr 01 15:14:53 2020

MetaHook Version:2.1 Author Martin ,Modified by Csoldjb
Build:9/28/2011
Initialize Client Engine
Open Tga List Failed
Initialize Engine Studio
==== MetaHook Begin ====
Wed Apr 01 19:12:19 2020

MetaHook Version:2.1 Author Martin ,Modified by Csoldjb
Build:9/28/2011
Initialize Client Engine
Open Tga List Failed
Initialize Engine Studio
==== MetaHook Begin ====
Wed Apr 01 19:21:44 2020

MetaHook Version:2.1 Author Martin ,Modified by Csoldjb
Build:9/28/2011
Initialize Client Engine
Open Tga List Failed
Initialize Engine Studio
==== MetaHook Begin ====
Wed Apr 01 19:22:00 2020

MetaHook Version:2.1 Author Martin ,Modified by Csoldjb
Build:9/28/2011
Initialize Client Engine
Open Tga List Failed
Initialize Engine Studio
==== MetaHook Begin ====
Wed Apr 01 19:31:51 2020

MetaHook Version:2.1 Author Martin ,Modified by Csoldjb
Build:9/28/2011
Initialize Client Engine
Open Tga List Failed
Initialize Engine Studio
==== MetaHook Begin ====
Wed Apr 01 19:43:20 2020

MetaHook Version:2.1 Author Martin ,Modified by Csoldjb
Build:9/28/2011
Initialize Client Engine
Open Tga List Failed
Initialize Engine Studio
==== MetaHook Begin ====
Wed Apr 01 19:46:03 2020

MetaHook Version:2.1 Author Martin ,Modified by Csoldjb
Build:9/28/2011
Initialize Client Engine
Open Tga List Failed
Initialize Engine Studio
==== MetaHook Begin ====
Wed Apr 01 19:48:24 2020

MetaHook Version:2.1 Author Martin ,Modified by Csoldjb
Build:9/28/2011
Initialize Client Engine
Open Tga List Failed
Initialize Engine Studio
==== MetaHook Begin ====
Wed Apr 01 19:52:45 2020

MetaHook Version:2.1 Author Martin ,Modified by Csoldjb
Build:9/28/2011
Initialize Client Engine
Open Tga List Failed
Initialize Engine Studio
==== MetaHook Begin ====
Wed Apr 01 19:55:26 2020

MetaHook Version:2.1 Author Martin ,Modified by Csoldjb
Build:9/28/2011
Initialize Client Engine
Open Tga List Failed
Initialize Engine Studio
==== MetaHook Begin ====
Wed Apr 01 19:57:33 2020

MetaHook Version:2.1 Author Martin ,Modified by Csoldjb
Build:9/28/2011
Initialize Client Engine
Open Tga List Failed
Initialize Engine Studio
==== MetaHook Begin ====
Wed Apr 01 20:03:41 2020

MetaHook Version:2.1 Author Martin ,Modified by Csoldjb
Build:9/28/2011
Initialize Client Engine
Open Tga List Failed
Initialize Engine Studio
==== MetaHook Begin ====
Wed Apr 01 20:04:55 2020

MetaHook Version:2.1 Author Martin ,Modified by Csoldjb
Build:9/28/2011
Initialize Client Engine
Open Tga List Failed
Initialize Engine Studio
==== MetaHook Begin ====
Wed Apr 01 20:05:11 2020

MetaHook Version:2.1 Author Martin ,Modified by Csoldjb
Build:9/28/2011
Initialize Client Engine
Open Tga List Failed
Initialize Engine Studio
==== MetaHook Begin ====
Wed Apr 01 20:06:29 2020

MetaHook Version:2.1 Author Martin ,Modified by Csoldjb
Build:9/28/2011
Initialize Client Engine
Open Tga List Failed
Initialize Engine Studio
==== MetaHook Begin ====
Wed Apr 01 20:13:38 2020

MetaHook Version:2.1 Author Martin ,Modified by Csoldjb
Build:9/28/2011
Initialize Client Engine
Open Tga List Failed
Initialize Engine Studio
==== MetaHook Begin ====
Wed Apr 01 20:22:06 2020

MetaHook Version:2.1 Author Martin ,Modified by Csoldjb
Build:9/28/2011
Initialize Client Engine
Open Tga List Failed
Initialize Engine Studio
==== MetaHook Begin ====
Wed Apr 01 22:09:27 2020

MetaHook Version:2.1 Author Martin ,Modified by Csoldjb
Build:9/28/2011
Initialize Client Engine
Open Tga List Failed
Initialize Engine Studio
==== MetaHook Begin ====
Wed Apr 01 22:10:27 2020

MetaHook Version:2.1 Author Martin ,Modified by Csoldjb
Build:9/28/2011
Initialize Client Engine
Open Tga List Failed
Initialize Engine Studio
==== MetaHook Begin ====
Wed Apr 01 23:32:23 2020

MetaHook Version:2.1 Author Martin ,Modified by Csoldjb
Build:9/28/2011
Initialize Client Engine
Open Tga List Failed
Initialize Engine Studio
==== MetaHook Begin ====
Thu Apr 02 01:00:16 2020

MetaHook Version:2.1 Author Martin ,Modified by Csoldjb
Build:9/28/2011
Initialize Client Engine
Open Tga List Failed
Initialize Engine Studio
==== MetaHook Begin ====
Thu Apr 02 12:17:44 2020

MetaHook Version:2.1 Author Martin ,Modified by Csoldjb
Build:9/28/2011
Initialize Client Engine
Open Tga List Failed
Initialize Engine Studio
==== MetaHook Begin ====
Thu Apr 02 14:21:50 2020

MetaHook Version:2.1 Author Martin ,Modified by Csoldjb
Build:9/28/2011
Initialize Client Engine
Open Tga List Failed
Initialize Engine Studio
==== MetaHook Begin ====
Thu Apr 02 14:24:35 2020

MetaHook Version:2.1 Author Martin ,Modified by Csoldjb
Build:9/28/2011
Initialize Client Engine
Open Tga List Failed
Initialize Engine Studio
==== MetaHook Begin ====
Thu Apr 02 14:45:00 2020

MetaHook Version:2.1 Author Martin ,Modified by Csoldjb
Build:9/28/2011
Initialize Client Engine
Open Tga List Failed
Initialize Engine Studio
==== MetaHook Begin ====
Thu Apr 02 14:58:29 2020

MetaHook Version:2.1 Author Martin ,Modified by Csoldjb
Build:9/28/2011
Initialize Client Engine
Open Tga List Failed
Initialize Engine Studio
==== MetaHook Begin ====
Thu Apr 02 15:10:23 2020

MetaHook Version:2.1 Author Martin ,Modified by Csoldjb
Build:9/28/2011
Initialize Client Engine
Open Tga List Failed
Initialize Engine Studio
==== MetaHook Begin ====
Thu Apr 02 15:12:33 2020

MetaHook Version:2.1 Author Martin ,Modified by Csoldjb
Build:9/28/2011
Initialize Client Engine
Open Tga List Failed
Initialize Engine Studio
==== MetaHook Begin ====
Thu Apr 02 15:13:46 2020

MetaHook Version:2.1 Author Martin ,Modified by Csoldjb
Build:9/28/2011
Initialize Client Engine
Open Tga List Failed
Initialize Engine Studio
==== MetaHook Begin ====
Thu Apr 02 15:23:33 2020

MetaHook Version:2.1 Author Martin ,Modified by Csoldjb
Build:9/28/2011
Initialize Client Engine
Open Tga List Failed
Initialize Engine Studio
==== MetaHook Begin ====
Thu Apr 02 17:02:37 2020

MetaHook Version:2.1 Author Martin ,Modified by Csoldjb
Build:9/28/2011
Initialize Client Engine
Open Tga List Failed
Initialize Engine Studio
==== MetaHook Begin ====
Thu Apr 02 17:04:33 2020

MetaHook Version:2.1 Author Martin ,Modified by Csoldjb
Build:9/28/2011
Initialize Client Engine
Open Tga List Failed
Initialize Engine Studio
==== MetaHook Begin ====
Thu Apr 02 17:42:06 2020

MetaHook Version:2.1 Author Martin ,Modified by Csoldjb
Build:9/28/2011
Initialize Client Engine
Open Tga List Failed
Initialize Engine Studio
==== MetaHook Begin ====
Thu Apr 02 18:06:02 2020

MetaHook Version:2.1 Author Martin ,Modified by Csoldjb
Build:9/28/2011
Initialize Client Engine
Open Tga List Failed
Initialize Engine Studio
==== MetaHook Begin ====
Thu Apr 02 19:55:44 2020

MetaHook Version:2.1 Author Martin ,Modified by Csoldjb
Build:9/28/2011
Initialize Client Engine
Open Tga List Failed
Initialize Engine Studio
==== MetaHook Begin ====
Thu Apr 02 21:03:09 2020

MetaHook Version:2.1 Author Martin ,Modified by Csoldjb
Build:9/28/2011
Initialize Client Engine
Open Tga List Failed
Initialize Engine Studio
==== MetaHook Begin ====
Thu Apr 02 21:44:35 2020

MetaHook Version:2.1 Author Martin ,Modified by Csoldjb
Build:9/28/2011
Initialize Client Engine
Open Tga List Failed
Initialize Engine Studio
==== MetaHook Begin ====
Thu Apr 02 21:53:49 2020

MetaHook Version:2.1 Author Martin ,Modified by Csoldjb
Build:9/28/2011
Initialize Client Engine
Open Tga List Failed
Initialize Engine Studio
==== MetaHook Begin ====
Thu Apr 02 22:09:13 2020

MetaHook Version:2.1 Author Martin ,Modified by Csoldjb
Build:9/28/2011
Initialize Client Engine
Open Tga List Failed
Initialize Engine Studio
==== MetaHook Begin ====
Thu Apr 02 22:23:33 2020

MetaHook Version:2.1 Author Martin ,Modified by Csoldjb
Build:9/28/2011
Initialize Client Engine
Open Tga List Failed
Initialize Engine Studio
==== MetaHook Begin ====
Thu Apr 02 22:49:44 2020

MetaHook Version:2.1 Author Martin ,Modified by Csoldjb
Build:9/28/2011
Initialize Client Engine
Open Tga List Failed
Initialize Engine Studio
==== MetaHook Begin ====
Thu Apr 02 23:05:39 2020

MetaHook Version:2.1 Author Martin ,Modified by Csoldjb
Build:9/28/2011
Initialize Client Engine
Open Tga List Failed
Initialize Engine Studio
==== MetaHook Begin ====
Thu Apr 02 23:07:13 2020

MetaHook Version:2.1 Author Martin ,Modified by Csoldjb
Build:9/28/2011
Initialize Client Engine
Open Tga List Failed
Initialize Engine Studio
==== MetaHook Begin ====
Thu Apr 02 23:20:28 2020

MetaHook Version:2.1 Author Martin ,Modified by Csoldjb
Build:9/28/2011
Initialize Client Engine
Open Tga List Failed
Initialize Engine Studio
==== MetaHook Begin ====
Fri Apr 03 00:00:17 2020

MetaHook Version:2.1 Author Martin ,Modified by Csoldjb
Build:9/28/2011
Initialize Client Engine
Open Tga List Failed
Initialize Engine Studio
==== MetaHook Begin ====
Fri Apr 03 13:31:47 2020

MetaHook Version:2.1 Author Martin ,Modified by Csoldjb
Build:9/28/2011
Initialize Client Engine
Open Tga List Failed
Initialize Engine Studio
==== MetaHook Begin ====
Fri Apr 03 14:33:52 2020

MetaHook Version:2.1 Author Martin ,Modified by Csoldjb
Build:9/28/2011
Initialize Client Engine
Open Tga List Failed
Initialize Engine Studio
==== MetaHook Begin ====
Fri Apr 03 14:36:25 2020

MetaHook Version:2.1 Author Martin ,Modified by Csoldjb
Build:9/28/2011
Initialize Client Engine
Open Tga List Failed
Initialize Engine Studio
==== MetaHook Begin ====
Fri Apr 03 14:38:01 2020

MetaHook Version:2.1 Author Martin ,Modified by Csoldjb
Build:9/28/2011
Initialize Client Engine
Open Tga List Failed
Initialize Engine Studio
==== MetaHook Begin ====
Fri Apr 03 14:42:11 2020

MetaHook Version:2.1 Author Martin ,Modified by Csoldjb
Build:9/28/2011
Initialize Client Engine
Open Tga List Failed
Initialize Engine Studio
==== MetaHook Begin ====
Fri Apr 03 15:48:47 2020

MetaHook Version:2.1 Author Martin ,Modified by Csoldjb
Build:9/28/2011
Initialize Client Engine
Open Tga List Failed
Initialize Engine Studio
==== MetaHook Begin ====
Fri Apr 03 17:36:02 2020

MetaHook Version:2.1 Author Martin ,Modified by Csoldjb
Build:9/28/2011
Initialize Client Engine
Open Tga List Failed
Initialize Engine Studio
==== MetaHook Begin ====
Fri Apr 03 18:53:21 2020

MetaHook Version:2.1 Author Martin ,Modified by Csoldjb
Build:9/28/2011
Initialize Client Engine
Open Tga List Failed
Initialize Engine Studio
==== MetaHook Begin ====
Fri Apr 03 18:57:42 2020

MetaHook Version:2.1 Author Martin ,Modified by Csoldjb
Build:9/28/2011
Initialize Client Engine
Open Tga List Failed
Initialize Engine Studio
==== MetaHook Begin ====
Fri Apr 03 18:58:37 2020

MetaHook Version:2.1 Author Martin ,Modified by Csoldjb
Build:9/28/2011
Initialize Client Engine
Open Tga List Failed
Initialize Engine Studio
==== MetaHook Begin ====
Fri Apr 03 19:12:31 2020

MetaHook Version:2.1 Author Martin ,Modified by Csoldjb
Build:9/28/2011
Initialize Client Engine
Open Tga List Failed
Initialize Engine Studio
==== MetaHook Begin ====
Fri Apr 03 19:31:23 2020

MetaHook Version:2.1 Author Martin ,Modified by Csoldjb
Build:9/28/2011
Initialize Client Engine
Open Tga List Failed
Initialize Engine Studio
==== MetaHook Begin ====
Fri Apr 03 20:01:06 2020

MetaHook Version:2.1 Author Martin ,Modified by Csoldjb
Build:9/28/2011
Initialize Client Engine
Open Tga List Failed
Initialize Engine Studio
==== MetaHook Begin ====
Fri Apr 03 20:10:15 2020

MetaHook Version:2.1 Author Martin ,Modified by Csoldjb
Build:9/28/2011
Initialize Client Engine
Open Tga List Failed
Initialize Engine Studio
==== MetaHook Begin ====
Fri Apr 03 21:32:42 2020

MetaHook Version:2.1 Author Martin ,Modified by Csoldjb
Build:9/28/2011
Initialize Client Engine
Open Tga List Failed
Initialize Engine Studio
==== MetaHook Begin ====
Fri Apr 03 21:43:59 2020

MetaHook Version:2.1 Author Martin ,Modified by Csoldjb
Build:9/28/2011
Initialize Client Engine
Open Tga List Failed
Initialize Engine Studio
==== MetaHook Begin ====
Fri Apr 03 22:26:13 2020

MetaHook Version:2.1 Author Martin ,Modified by Csoldjb
Build:9/28/2011
Initialize Client Engine
Open Tga List Failed
Initialize Engine Studio
==== MetaHook Begin ====
Fri Apr 03 22:30:49 2020

MetaHook Version:2.1 Author Martin ,Modified by Csoldjb
Build:9/28/2011
Initialize Client Engine
Open Tga List Failed
Initialize Engine Studio
==== MetaHook Begin ====
Fri Apr 03 23:10:12 2020

MetaHook Version:2.1 Author Martin ,Modified by Csoldjb
Build:9/28/2011
Initialize Client Engine
Open Tga List Failed
Initialize Engine Studio
==== MetaHook Begin ====
Fri Apr 03 23:15:09 2020

MetaHook Version:2.1 Author Martin ,Modified by Csoldjb
Build:9/28/2011
Initialize Client Engine
Open Tga List Failed
Initialize Engine Studio
==== MetaHook Begin ====
Sat Apr 04 10:50:34 2020

MetaHook Version:2.1 Author Martin ,Modified by Csoldjb
Build:9/28/2011
Initialize Client Engine
Open Tga List Failed
Initialize Engine Studio
==== MetaHook Begin ====
Sat Apr 04 12:00:33 2020

MetaHook Version:2.1 Author Martin ,Modified by Csoldjb
Build:9/28/2011
Initialize Client Engine
Open Tga List Failed
Initialize Engine Studio
==== MetaHook Begin ====
Sat Apr 04 13:34:44 2020

MetaHook Version:2.1 Author Martin ,Modified by Csoldjb
Build:9/28/2011
Initialize Client Engine
Open Tga List Failed
Initialize Engine Studio
==== MetaHook Begin ====
Sat Apr 04 14:48:28 2020

MetaHook Version:2.1 Author Martin ,Modified by Csoldjb
Build:9/28/2011
Initialize Client Engine
Open Tga List Failed
Initialize Engine Studio
==== MetaHook Begin ====
Sat Apr 04 14:55:38 2020

MetaHook Version:2.1 Author Martin ,Modified by Csoldjb
Build:9/28/2011
Initialize Client Engine
Open Tga List Failed
Initialize Engine Studio
==== MetaHook Begin ====
Sat Apr 04 15:00:40 2020

MetaHook Version:2.1 Author Martin ,Modified by Csoldjb
Build:9/28/2011
Initialize Client Engine
Open Tga List Failed
Initialize Engine Studio
==== MetaHook Begin ====
Sat Apr 04 15:33:06 2020

MetaHook Version:2.1 Author Martin ,Modified by Csoldjb
Build:9/28/2011
Initialize Client Engine
Open Tga List Failed
Initialize Engine Studio
==== MetaHook Begin ====
Sat Apr 04 15:35:44 2020

MetaHook Version:2.1 Author Martin ,Modified by Csoldjb
Build:9/28/2011
Initialize Client Engine
Open Tga List Failed
Initialize Engine Studio
==== MetaHook Begin ====
Sat Apr 04 15:38:13 2020

MetaHook Version:2.1 Author Martin ,Modified by Csoldjb
Build:9/28/2011
==== MetaHook Begin ====
Sat Apr 04 15:38:17 2020

MetaHook Version:2.1 Author Martin ,Modified by Csoldjb
Build:9/28/2011
Initialize Client Engine
Open Tga List Failed
Initialize Engine Studio
==== MetaHook Begin ====
Sat Apr 04 15:38:44 2020

MetaHook Version:2.1 Author Martin ,Modified by Csoldjb
Build:9/28/2011
Initialize Client Engine
Open Tga List Failed
Initialize Engine Studio
==== MetaHook Begin ====
Sat Apr 04 15:39:06 2020

MetaHook Version:2.1 Author Martin ,Modified by Csoldjb
Build:9/28/2011
Initialize Client Engine
Open Tga List Failed
Initialize Engine Studio
==== MetaHook Begin ====
Sat Apr 04 15:58:40 2020

MetaHook Version:2.1 Author Martin ,Modified by Csoldjb
Build:9/28/2011
Initialize Client Engine
Open Tga List Failed
Initialize Engine Studio
==== MetaHook Begin ====
Sat Apr 04 16:21:33 2020

MetaHook Version:2.1 Author Martin ,Modified by Csoldjb
Build:9/28/2011
Initialize Client Engine
Open Tga List Failed
Initialize Engine Studio
==== MetaHook Begin ====
Sat Apr 04 16:46:36 2020

MetaHook Version:2.1 Author Martin ,Modified by Csoldjb
Build:9/28/2011
Initialize Client Engine
Open Tga List Failed
Initialize Engine Studio
==== MetaHook Begin ====
Sat Apr 04 16:47:18 2020

MetaHook Version:2.1 Author Martin ,Modified by Csoldjb
Build:9/28/2011
Initialize Client Engine
Open Tga List Failed
Initialize Engine Studio
==== MetaHook Begin ====
Sat Apr 04 16:48:30 2020

MetaHook Version:2.1 Author Martin ,Modified by Csoldjb
Build:9/28/2011
Initialize Client Engine
Open Tga List Failed
Initialize Engine Studio
==== MetaHook Begin ====
Sat Apr 04 20:09:05 2020

MetaHook Version:2.1 Author Martin ,Modified by Csoldjb
Build:9/28/2011
Initialize Client Engine
Open Tga List Failed
Initialize Engine Studio
==== MetaHook Begin ====
Sat Apr 04 22:19:13 2020

MetaHook Version:2.1 Author Martin ,Modified by Csoldjb
Build:9/28/2011
Initialize Client Engine
Open Tga List Failed
Initialize Engine Studio
==== MetaHook Begin ====
Sat Apr 04 22:20:57 2020

MetaHook Version:2.1 Author Martin ,Modified by Csoldjb
Build:9/28/2011
Initialize Client Engine
Open Tga List Failed
Initialize Engine Studio
==== MetaHook Begin ====
Sun Apr 05 17:57:52 2020

MetaHook Version:2.1 Author Martin ,Modified by Csoldjb
Build:9/28/2011
Initialize Client Engine
Open Tga List Failed
Initialize Engine Studio
==== MetaHook Begin ====
Sun Apr 05 18:16:00 2020

MetaHook Version:2.1 Author Martin ,Modified by Csoldjb
Build:9/28/2011
Initialize Client Engine
Open Tga List Failed
Initialize Engine Studio
==== MetaHook Begin ====
Mon Apr 06 12:29:37 2020

MetaHook Version:2.1 Author Martin ,Modified by Csoldjb
Build:9/28/2011
Initialize Client Engine
Open Tga List Failed
Initialize Engine Studio
==== MetaHook Begin ====
Mon Apr 06 13:33:13 2020

MetaHook Version:2.1 Author Martin ,Modified by Csoldjb
Build:9/28/2011
Initialize Client Engine
Open Tga List Failed
Initialize Engine Studio
==== MetaHook Begin ====
Mon Apr 06 14:58:14 2020

MetaHook Version:2.1 Author Martin ,Modified by Csoldjb
Build:9/28/2011
Initialize Client Engine
Open Tga List Failed
Initialize Engine Studio
==== MetaHook Begin ====
Mon Apr 06 15:00:15 2020

MetaHook Version:2.1 Author Martin ,Modified by Csoldjb
Build:9/28/2011
Initialize Client Engine
Open Tga List Failed
Initialize Engine Studio
==== MetaHook Begin ====
Mon Apr 06 15:01:04 2020

MetaHook Version:2.1 Author Martin ,Modified by Csoldjb
Build:9/28/2011
Initialize Client Engine
Open Tga List Failed
Initialize Engine Studio
==== MetaHook Begin ====
Mon Apr 06 16:48:11 2020

MetaHook Version:2.1 Author Martin ,Modified by Csoldjb
Build:9/28/2011
Initialize Client Engine
Open Tga List Failed
Initialize Engine Studio
==== MetaHook Begin ====
Wed Apr 08 17:09:44 2020

MetaHook Version:2.1 Author Martin ,Modified by Csoldjb
Build:9/28/2011
Initialize Client Engine
Open Tga List Failed
Initialize Engine Studio
==== MetaHook Begin ====
Wed Apr 08 17:11:07 2020

MetaHook Version:2.1 Author Martin ,Modified by Csoldjb
Build:9/28/2011
Initialize Client Engine
Open Tga List Failed
Initialize Engine Studio
==== MetaHook Begin ====
Wed Apr 08 20:47:49 2020

MetaHook Version:2.1 Author Martin ,Modified by Csoldjb
Build:9/28/2011
Initialize Client Engine
Open Tga List Failed
Initialize Engine Studio
==== MetaHook Begin ====
Wed Apr 08 20:48:42 2020

MetaHook Version:2.1 Author Martin ,Modified by Csoldjb
Build:9/28/2011
Initialize Client Engine
Open Tga List Failed
Initialize Engine Studio
==== MetaHook Begin ====
Thu Apr 09 11:12:44 2020

MetaHook Version:2.1 Author Martin ,Modified by Csoldjb
Build:9/28/2011
Initialize Client Engine
Open Tga List Failed
Initialize Engine Studio
==== MetaHook Begin ====
Sun Apr 12 13:58:42 2020

MetaHook Version:2.1 Author Martin ,Modified by Csoldjb
Build:9/28/2011
Initialize Client Engine
Open Tga List Failed
Initialize Engine Studio
==== MetaHook Begin ====
Sun Apr 12 13:59:33 2020

MetaHook Version:2.1 Author Martin ,Modified by Csoldjb
Build:9/28/2011
Initialize Client Engine
Open Tga List Failed
Initialize Engine Studio
==== MetaHook Begin ====
Sun Apr 12 13:59:52 2020

MetaHook Version:2.1 Author Martin ,Modified by Csoldjb
Build:9/28/2011
==== MetaHook Begin ====
Sun Apr 12 13:59:55 2020

MetaHook Version:2.1 Author Martin ,Modified by Csoldjb
Build:9/28/2011
Initialize Client Engine
Open Tga List Failed
Initialize Engine Studio
==== MetaHook Begin ====
Mon Apr 20 16:25:38 2020

MetaHook Version:2.1 Author Martin ,Modified by Csoldjb
Build:9/28/2011
Initialize Client Engine
Open Tga List Failed
Initialize Engine Studio
==== MetaHook Begin ====
Tue Apr 21 23:21:04 2020

MetaHook Version:2.1 Author Martin ,Modified by Csoldjb
Build:9/28/2011
Initialize Client Engine
Open Tga List Failed
Initialize Engine Studio
==== MetaHook Begin ====
Tue Apr 21 23:21:22 2020

MetaHook Version:2.1 Author Martin ,Modified by Csoldjb
Build:9/28/2011
Initialize Client Engine
Open Tga List Failed
Initialize Engine Studio
==== MetaHook Begin ====
Tue Apr 21 23:22:19 2020

MetaHook Version:2.1 Author Martin ,Modified by Csoldjb
Build:9/28/2011
Initialize Client Engine
Open Tga List Failed
Initialize Engine Studio
==== MetaHook Begin ====
Mon Apr 27 00:49:25 2020

MetaHook Version:2.1 Author Martin ,Modified by Csoldjb
Build:9/28/2011
Initialize Client Engine
Open Tga List Failed
Initialize Engine Studio
==== MetaHook Begin ====
Mon Apr 27 00:50:08 2020

MetaHook Version:2.1 Author Martin ,Modified by Csoldjb
Build:9/28/2011
Initialize Client Engine
Open Tga List Failed
Initialize Engine Studio
==== MetaHook Begin ====
Sun Aug 02 12:20:42 2020

MetaHook Version:2.1 Author Martin ,Modified by Csoldjb
Build:9/28/2011
==== MetaHook Begin ====
Sun Aug 02 17:01:21 2020

MetaHook Version:2.1 Author Martin ,Modified by Csoldjb
Build:9/28/2011
==== MetaHook Begin ====
Sun Aug 02 17:02:38 2020

MetaHook Version:2.1 Author Martin ,Modified by Csoldjb
Build:9/28/2011
==== MetaHook Begin ====
Fri Jul 23 01:05:58 2021

MetaHook Version:2.1 Author Martin ,Modified by Csoldjb
Build:9/28/2011
Initialize Client Engine
Open Tga List Failed
Initialize Engine Studio
